________________________________________________________________________________
Miniforge (conda) has been loaded.

- Please create and work in your own conda environments:
    conda create -n myenv python=3.12
    conda activate myenv

- To customize environment or package locations, edit your ~/.condarc:
    envs_dirs:
      - /path/to/your/envs
    pkgs_dirs:
      - /path/to/your/pkgs

  For more information, see:
    https://docs.conda.io/projects/conda/en/latest/configuration.html

- If your personal Conda stops working after unloading this module, try:
    source ~/.bashrc
________________________________________________________________________________

Lmod has detected the following error: Conda is already active (CONDA_PREFIX
is set). Module conda/Miniforge3-25.9.1-0 not loaded. 
While processing the following module(s):
    Module fullname            Module Filename
    ---------------            ---------------
    conda/Miniforge3-25.9.1-0  /sw/klone/conda/Miniforge3-25.9.1-0.lua

Injecting conda environment /mmfs1/gscratch/biology/kerrlab/ESD/PETRI/PETRI_config.yaml.
Assuming unrestricted shared filesystem usage.
host: n3365
Building DAG of jobs...
Using shell: /usr/bin/bash
Provided cores: 39
Rules claiming more threads will be scaled down.
Job stats:
job                   count
------------------  -------
psweep_parameter          6
psweep_sims               6
process_psweep            6
plot_psweep               6
plot_psweep_strain        6
all                       1
total                    31

Select jobs to execute...
Execute 6 jobs...

[Tue Apr 28 22:59:52 2026]
localrule psweep_parameter:
    input: src/generate_parameter_sets.R, input_data/parameter_sweeps/pDim90_E.R1_psweep_settings.csv
    output: results/parameter_sweeps/pDim90_E.R1/pDim90_E.R1_params.csv, results/parameter_sweeps/pDim90_E.R1/pDim90_E.R1_settings.rds
    jobid: 20
    reason: Updated input files: src/generate_parameter_sets.R
    wildcards: psweep=pDim90_E.R1
    resources: tmpdir=/tmp
[Tue Apr 28 22:59:52 2026]
localrule psweep_parameter:
    input: src/generate_parameter_sets.R, input_data/parameter_sweeps/pLFC_S.pB10_psweep_settings.csv
    output: results/parameter_sweeps/pLFC_S.pB10/pLFC_S.pB10_params.csv, results/parameter_sweeps/pLFC_S.pB10/pLFC_S.pB10_settings.rds
    jobid: 8
    reason: Updated input files: src/generate_parameter_sets.R
    wildcards: psweep=pLFC_S.pB10
    resources: tmpdir=/tmp
[Tue Apr 28 22:59:52 2026]
localrule psweep_parameter:
    input: src/generate_parameter_sets.R, input_data/parameter_sweeps/pLFC_S.pB10-A_psweep_settings.csv
    output: results/parameter_sweeps/pLFC_S.pB10-A/pLFC_S.pB10-A_params.csv, results/parameter_sweeps/pLFC_S.pB10-A/pLFC_S.pB10-A_settings.rds
    jobid: 16
    reason: Updated input files: src/generate_parameter_sets.R
    wildcards: psweep=pLFC_S.pB10-A
    resources: tmpdir=/tmp
[Tue Apr 28 22:59:52 2026]
localrule psweep_parameter:
    input: src/generate_parameter_sets.R, input_data/parameter_sweeps/pDim90_E.RP4_psweep_settings.csv
    output: results/parameter_sweeps/pDim90_E.RP4/pDim90_E.RP4_params.csv, results/parameter_sweeps/pDim90_E.RP4/pDim90_E.RP4_settings.rds
    jobid: 24
    reason: Updated input files: src/generate_parameter_sets.R
    wildcards: psweep=pDim90_E.RP4
    resources: tmpdir=/tmp
[Tue Apr 28 22:59:52 2026]
localrule psweep_parameter:
    input: src/generate_parameter_sets.R, input_data/parameter_sweeps/pHFC_S.pB10_psweep_settings.csv
    output: results/parameter_sweeps/pHFC_S.pB10/pHFC_S.pB10_params.csv, results/parameter_sweeps/pHFC_S.pB10/pHFC_S.pB10_settings.rds
    jobid: 4
    reason: Updated input files: src/generate_parameter_sets.R
    wildcards: psweep=pHFC_S.pB10
    resources: tmpdir=/tmp
[Tue Apr 28 22:59:52 2026]
localrule psweep_parameter:
    input: src/generate_parameter_sets.R, input_data/parameter_sweeps/pHFC_S.pB10-A_psweep_settings.csv
    output: results/parameter_sweeps/pHFC_S.pB10-A/pHFC_S.pB10-A_params.csv, results/parameter_sweeps/pHFC_S.pB10-A/pHFC_S.pB10-A_settings.rds
    jobid: 12
    reason: Updated input files: src/generate_parameter_sets.R
    wildcards: psweep=pHFC_S.pB10-A
    resources: tmpdir=/tmp
── Attaching core tidyverse packages ──────────────────────── tidyverse 2.0.0 ──
✔ dplyr     1.2.1     ✔ readr     2.2.0
✔ forcats   1.0.1     ✔ stringr   1.6.0
✔ ggplot2   4.0.3     ✔ tibble    3.3.1
✔ lubridate 1.9.5     ✔ tidyr     1.3.2
✔ purrr     1.2.2     
── Attaching core tidyverse packages ──────────────────────── tidyverse 2.0.0 ──
✔ dplyr     1.2.1     ✔ readr     2.2.0
✔ forcats   1.0.1     ✔ stringr   1.6.0
✔ ggplot2   4.0.3     ✔ tibble    3.3.1
✔ lubridate 1.9.5     ✔ tidyr     1.3.2
✔ purrr     1.2.2     
── Attaching core tidyverse packages ──────────────────────── tidyverse 2.0.0 ──
✔ dplyr     1.2.1     ✔ readr     2.2.0
✔ forcats   1.0.1     ✔ stringr   1.6.0
✔ ggplot2   4.0.3     ✔ tibble    3.3.1
✔ lubridate 1.9.5     ✔ tidyr     1.3.2
✔ purrr     1.2.2     
── Attaching core tidyverse packages ──────────────────────── tidyverse 2.0.0 ──
✔ dplyr     1.2.1     ✔ readr     2.2.0
✔ forcats   1.0.1     ✔ stringr   1.6.0
✔ ggplot2   4.0.3     ✔ tibble    3.3.1
✔ lubridate 1.9.5     ✔ tidyr     1.3.2
✔ purrr     1.2.2     
── Attaching core tidyverse packages ──────────────────────── tidyverse 2.0.0 ──
✔ dplyr     1.2.1     ✔ readr     2.2.0
✔ forcats   1.0.1     ✔ stringr   1.6.0
✔ ggplot2   4.0.3     ✔ tibble    3.3.1
✔ lubridate 1.9.5     ✔ tidyr     1.3.2
✔ purrr     1.2.2     
── Attaching core tidyverse packages ──────────────────────── tidyverse 2.0.0 ──
✔ dplyr     1.2.1     ✔ readr     2.2.0
✔ forcats   1.0.1     ✔ stringr   1.6.0
✔ ggplot2   4.0.3     ✔ tibble    3.3.1
✔ lubridate 1.9.5     ✔ tidyr     1.3.2
✔ purrr     1.2.2     
── Conflicts ────────────────────────────────────────── tidyverse_conflicts() ──
✖ dplyr::filter() masks stats::filter()
✖ dplyr::lag()    masks stats::lag()
ℹ Use the conflicted package (<http://conflicted.r-lib.org/>) to force all conflicts to become errors
── Conflicts ────────────────────────────────────────── tidyverse_conflicts() ──
✖ dplyr::filter() masks stats::filter()
✖ dplyr::lag()    masks stats::lag()
ℹ Use the conflicted package (<http://conflicted.r-lib.org/>) to force all conflicts to become errors
── Conflicts ────────────────────────────────────────── tidyverse_conflicts() ──
✖ dplyr::filter() masks stats::filter()
✖ dplyr::lag()    masks stats::lag()
ℹ Use the conflicted package (<http://conflicted.r-lib.org/>) to force all conflicts to become errors
── Conflicts ────────────────────────────────────────── tidyverse_conflicts() ──
✖ dplyr::filter() masks stats::filter()
✖ dplyr::lag()    masks stats::lag()
ℹ Use the conflicted package (<http://conflicted.r-lib.org/>) to force all conflicts to become errors
── Conflicts ────────────────────────────────────────── tidyverse_conflicts() ──
✖ dplyr::filter() masks stats::filter()
✖ dplyr::lag()    masks stats::lag()
ℹ Use the conflicted package (<http://conflicted.r-lib.org/>) to force all conflicts to become errors
── Conflicts ────────────────────────────────────────── tidyverse_conflicts() ──
✖ dplyr::filter() masks stats::filter()
✖ dplyr::lag()    masks stats::lag()
ℹ Use the conflicted package (<http://conflicted.r-lib.org/>) to force all conflicts to become errors
Rows: 54 Columns: 2
Rows: 54 Columns: 2
── Column specification ────────────────────────────────────────────────────────
Delimiter: ","
chr (2): Treatment_ID, pLFC_S.pB10
Rows: 54 Columns: 2
Rows: 54 Columns: 2
── Column specification ────────────────────────────────────────────────────────
Delimiter: ","
chr (2): Treatment_ID, pHFC_S.pB10

ℹ Use `spec()` to retrieve the full column specification for this data.
ℹ Specify the column types or set `show_col_types = FALSE` to quiet this message.
── Column specification ────────────────────────────────────────────────────────
Delimiter: ","
chr (2): Treatment_ID, pHFC_S.pB10
[1] "Setting pLFC_S.pB10-A folder exists. Rewriting previous run."
[1] "The total number of points for setting pLFC_S.pB10-A is: 22500"
── Column specification ────────────────────────────────────────────────────────
Delimiter: ","
chr (2): Treatment_ID, pLFC_S.pB10

ℹ Use `spec()` to retrieve the full column specification for this data.
ℹ Specify the column types or set `show_col_types = FALSE` to quiet this message.
Rows: 54 Columns: 2

ℹ Use `spec()` to retrieve the full column specification for this data.
ℹ Specify the column types or set `show_col_types = FALSE` to quiet this message.
[1] "Setting pHFC_S.pB10-A folder exists. Rewriting previous run."
[1] "The total number of points for setting pHFC_S.pB10-A is: 22500"
[1] "Setting pHFC_S.pB10 folder exists. Rewriting previous run."
[1] "The total number of points for setting pHFC_S.pB10 is: 22500"

ℹ Use `spec()` to retrieve the full column specification for this data.
ℹ Specify the column types or set `show_col_types = FALSE` to quiet this message.
── Column specification ────────────────────────────────────────────────────────
Delimiter: ","
chr (2): Treatment_ID, pHFC_S.pB10
[1] "Setting pLFC_S.pB10 folder exists. Rewriting previous run."
[1] "The total number of points for setting pLFC_S.pB10 is: 22500"

ℹ Use `spec()` to retrieve the full column specification for this data.
ℹ Specify the column types or set `show_col_types = FALSE` to quiet this message.
[1] "Setting pDim90_E.R1 folder exists. Rewriting previous run."
[1] "The total number of points for setting pDim90_E.R1 is: 10000"
Rows: 54 Columns: 2
── Column specification ────────────────────────────────────────────────────────
Delimiter: ","
chr (2): Treatment_ID, pHFC_S.pB10

ℹ Use `spec()` to retrieve the full column specification for this data.
ℹ Specify the column types or set `show_col_types = FALSE` to quiet this message.
[1] "Setting pDim90_E.RP4 folder exists. Rewriting previous run."
[1] "The total number of points for setting pDim90_E.RP4 is: 10000"
[Tue Apr 28 22:59:56 2026]
Finished jobid: 16 (Rule: psweep_parameter)
1 of 31 steps (3%) done
Select jobs to execute...
Execute 1 jobs...

[Tue Apr 28 22:59:56 2026]
localrule psweep_sims:
    input: src/simrun_psweep.R, results/parameter_sweeps/pLFC_S.pB10-A/pLFC_S.pB10-A_params.csv, results/parameter_sweeps/pLFC_S.pB10-A/pLFC_S.pB10-A_settings.rds
    output: results/parameter_sweeps/pLFC_S.pB10-A/pLFC_S.pB10-A_out.csv
    jobid: 15
    reason: Input files updated by another job: results/parameter_sweeps/pLFC_S.pB10-A/pLFC_S.pB10-A_params.csv, results/parameter_sweeps/pLFC_S.pB10-A/pLFC_S.pB10-A_settings.rds
    wildcards: psweep=pLFC_S.pB10-A
    threads: 19
    resources: tmpdir=/tmp
[Tue Apr 28 22:59:56 2026]
Finished jobid: 8 (Rule: psweep_parameter)
2 of 31 steps (6%) done
Select jobs to execute...
[Tue Apr 28 22:59:56 2026]
Finished jobid: 12 (Rule: psweep_parameter)
3 of 31 steps (10%) done
[Tue Apr 28 22:59:56 2026]
Finished jobid: 4 (Rule: psweep_parameter)
4 of 31 steps (13%) done
[Tue Apr 28 22:59:56 2026]
Finished jobid: 24 (Rule: psweep_parameter)
5 of 31 steps (16%) done
Execute 1 jobs...

[Tue Apr 28 22:59:56 2026]
localrule psweep_sims:
    input: src/simrun_psweep.R, results/parameter_sweeps/pHFC_S.pB10/pHFC_S.pB10_params.csv, results/parameter_sweeps/pHFC_S.pB10/pHFC_S.pB10_settings.rds
    output: results/parameter_sweeps/pHFC_S.pB10/pHFC_S.pB10_out.csv
    jobid: 3
    reason: Input files updated by another job: results/parameter_sweeps/pHFC_S.pB10/pHFC_S.pB10_settings.rds, results/parameter_sweeps/pHFC_S.pB10/pHFC_S.pB10_params.csv
    wildcards: psweep=pHFC_S.pB10
    threads: 19
    resources: tmpdir=/tmp
[Tue Apr 28 22:59:56 2026]
Finished jobid: 20 (Rule: psweep_parameter)
6 of 31 steps (19%) done
Select jobs to execute...
── Attaching core tidyverse packages ──────────────────────── tidyverse 2.0.0 ──
✔ dplyr     1.2.1     ✔ readr     2.2.0
✔ forcats   1.0.1     ✔ stringr   1.6.0
✔ ggplot2   4.0.3     ✔ tibble    3.3.1
✔ lubridate 1.9.5     ✔ tidyr     1.3.2
✔ purrr     1.2.2     
── Conflicts ────────────────────────────────────────── tidyverse_conflicts() ──
✖ dplyr::filter() masks stats::filter()
✖ dplyr::lag()    masks stats::lag()
ℹ Use the conflicted package (<http://conflicted.r-lib.org/>) to force all conflicts to become errors
── Attaching core tidyverse packages ──────────────────────── tidyverse 2.0.0 ──
✔ dplyr     1.2.1     ✔ readr     2.2.0
✔ forcats   1.0.1     ✔ stringr   1.6.0
✔ ggplot2   4.0.3     ✔ tibble    3.3.1
✔ lubridate 1.9.5     ✔ tidyr     1.3.2
✔ purrr     1.2.2     
── Conflicts ────────────────────────────────────────── tidyverse_conflicts() ──
✖ dplyr::filter() masks stats::filter()
✖ dplyr::lag()    masks stats::lag()
ℹ Use the conflicted package (<http://conflicted.r-lib.org/>) to force all conflicts to become errors

Attaching package: ‘foreach’

The following objects are masked from ‘package:purrr’:

    accumulate, when

Loading required package: iterators

Attaching package: ‘foreach’

The following objects are masked from ‘package:purrr’:

    accumulate, when

Loading required package: iterators
Loading required package: parallel
Loading required package: parallel
Rows: 22500 Columns: 4
Rows: 22500 Columns: 4
── Column specification ────────────────────────────────────────────────────────
Delimiter: ","
chr (1): SetID
dbl (3): SweepID, gamma_M, psi_M
── Column specification ────────────────────────────────────────────────────────
Delimiter: ","
chr (1): SetID
dbl (3): SweepID, gamma_M, psi_M

ℹ Use `spec()` to retrieve the full column specification for this data.
ℹ Specify the column types or set `show_col_types = FALSE` to quiet this message.

ℹ Use `spec()` to retrieve the full column specification for this data.
ℹ Specify the column types or set `show_col_types = FALSE` to quiet this message.
[Tue Apr 28 23:06:50 2026]
Finished jobid: 3 (Rule: psweep_sims)
7 of 31 steps (23%) done
Execute 2 jobs...

[Tue Apr 28 23:06:50 2026]
localrule process_psweep:
    input: src/process_psweep.R, results/parameter_sweeps/pHFC_S.pB10/pHFC_S.pB10_out.csv, results/parameter_sweeps/pHFC_S.pB10/pHFC_S.pB10_settings.rds
    output: results/parameter_sweeps/pHFC_S.pB10/pHFC_S.pB10_plot.csv
    jobid: 2
    reason: Input files updated by another job: results/parameter_sweeps/pHFC_S.pB10/pHFC_S.pB10_out.csv, results/parameter_sweeps/pHFC_S.pB10/pHFC_S.pB10_settings.rds
    wildcards: psweep=pHFC_S.pB10
    resources: tmpdir=/tmp
[Tue Apr 28 23:06:50 2026]
localrule psweep_sims:
    input: src/simrun_psweep.R, results/parameter_sweeps/pLFC_S.pB10/pLFC_S.pB10_params.csv, results/parameter_sweeps/pLFC_S.pB10/pLFC_S.pB10_settings.rds
    output: results/parameter_sweeps/pLFC_S.pB10/pLFC_S.pB10_out.csv
    jobid: 7
    reason: Input files updated by another job: results/parameter_sweeps/pLFC_S.pB10/pLFC_S.pB10_settings.rds, results/parameter_sweeps/pLFC_S.pB10/pLFC_S.pB10_params.csv
    wildcards: psweep=pLFC_S.pB10
    threads: 19
    resources: tmpdir=/tmp
Select jobs to execute...
── Attaching core tidyverse packages ──────────────────────── tidyverse 2.0.0 ──
✔ dplyr     1.2.1     ✔ readr     2.2.0
✔ forcats   1.0.1     ✔ stringr   1.6.0
✔ ggplot2   4.0.3     ✔ tibble    3.3.1
✔ lubridate 1.9.5     ✔ tidyr     1.3.2
✔ purrr     1.2.2     
── Attaching core tidyverse packages ──────────────────────── tidyverse 2.0.0 ──
✔ dplyr     1.2.1     ✔ readr     2.2.0
✔ forcats   1.0.1     ✔ stringr   1.6.0
✔ ggplot2   4.0.3     ✔ tibble    3.3.1
✔ lubridate 1.9.5     ✔ tidyr     1.3.2
✔ purrr     1.2.2     
── Conflicts ────────────────────────────────────────── tidyverse_conflicts() ──
✖ dplyr::filter() masks stats::filter()
✖ dplyr::lag()    masks stats::lag()
ℹ Use the conflicted package (<http://conflicted.r-lib.org/>) to force all conflicts to become errors
── Conflicts ────────────────────────────────────────── tidyverse_conflicts() ──
✖ dplyr::filter() masks stats::filter()
✖ dplyr::lag()    masks stats::lag()
ℹ Use the conflicted package (<http://conflicted.r-lib.org/>) to force all conflicts to become errors

Attaching package: ‘foreach’

The following objects are masked from ‘package:purrr’:

    accumulate, when

Loading required package: iterators
Loading required package: parallel
Rows: 22500 Columns: 9
── Column specification ────────────────────────────────────────────────────────
Delimiter: ","
chr (1): SetID
dbl (8): SweepID, gamma_M, psi_M, end_time, A1, M1, A2, M2

ℹ Use `spec()` to retrieve the full column specification for this data.
ℹ Specify the column types or set `show_col_types = FALSE` to quiet this message.
Rows: 22500 Columns: 4
── Column specification ────────────────────────────────────────────────────────
Delimiter: ","
chr (1): SetID
dbl (3): SweepID, gamma_M, psi_M

ℹ Use `spec()` to retrieve the full column specification for this data.
ℹ Specify the column types or set `show_col_types = FALSE` to quiet this message.
[Tue Apr 28 23:06:54 2026]
Finished jobid: 2 (Rule: process_psweep)
8 of 31 steps (26%) done
Execute 1 jobs...

[Tue Apr 28 23:06:54 2026]
localrule plot_psweep:
    input: src/plot_psweep.R, results/parameter_sweeps/pHFC_S.pB10/pHFC_S.pB10_plot.csv
    output: results/parameter_sweeps/pHFC_S.pB10/pHFC_S.pB10_change_plot.pdf, results/parameter_sweeps/pHFC_S.pB10/pHFC_S.pB10_inv_change_plot.pdf, results/parameter_sweeps/pHFC_S.pB10/pHFC_S.pB10_inv_change_plot.rds
    jobid: 1
    reason: Input files updated by another job: results/parameter_sweeps/pHFC_S.pB10/pHFC_S.pB10_plot.csv
    wildcards: psweep=pHFC_S.pB10
    resources: tmpdir=/tmp
Select jobs to execute...
── Attaching core tidyverse packages ──────────────────────── tidyverse 2.0.0 ──
✔ dplyr     1.2.1     ✔ readr     2.2.0
✔ forcats   1.0.1     ✔ stringr   1.6.0
✔ ggplot2   4.0.3     ✔ tibble    3.3.1
✔ lubridate 1.9.5     ✔ tidyr     1.3.2
✔ purrr     1.2.2     
── Conflicts ────────────────────────────────────────── tidyverse_conflicts() ──
✖ dplyr::filter() masks stats::filter()
✖ dplyr::lag()    masks stats::lag()
ℹ Use the conflicted package (<http://conflicted.r-lib.org/>) to force all conflicts to become errors

Attaching package: ‘jsonlite’

The following object is masked from ‘package:purrr’:

    flatten

Rows: 22500 Columns: 17
── Column specification ────────────────────────────────────────────────────────
Delimiter: ","
chr  (2): SetID, Mut_freq_inv
dbl (15): SweepID, gamma_M, psi_M, end_time, A1, M1, A2, M2, log_gamma_M, An...

ℹ Use `spec()` to retrieve the full column specification for this data.
ℹ Specify the column types or set `show_col_types = FALSE` to quiet this message.
Rows: 6 Columns: 4
── Column specification ────────────────────────────────────────────────────────
Delimiter: ","
chr (2): Strain, Source
dbl (2): Growth_rate, Conjugation_rate

ℹ Use `spec()` to retrieve the full column specification for this data.
ℹ Specify the column types or set `show_col_types = FALSE` to quiet this message.
[Tue Apr 28 23:07:00 2026]
Finished jobid: 1 (Rule: plot_psweep)
9 of 31 steps (29%) done
Execute 1 jobs...

[Tue Apr 28 23:07:00 2026]
localrule plot_psweep_strain:
    input: input_data/strain_phenotypes.csv, src/plot_psweep_strain.R, results/parameter_sweeps/pHFC_S.pB10/pHFC_S.pB10_inv_change_plot.rds
    output: results/parameter_sweeps/pHFC_S.pB10/pHFC_S.pB10_inv_change_strain_plot.pdf
    jobid: 25
    reason: Input files updated by another job: results/parameter_sweeps/pHFC_S.pB10/pHFC_S.pB10_inv_change_plot.rds
    wildcards: psweep=pHFC_S.pB10
    resources: tmpdir=/tmp
Select jobs to execute...
── Attaching core tidyverse packages ──────────────────────── tidyverse 2.0.0 ──
✔ dplyr     1.2.1     ✔ readr     2.2.0
✔ forcats   1.0.1     ✔ stringr   1.6.0
✔ ggplot2   4.0.3     ✔ tibble    3.3.1
✔ lubridate 1.9.5     ✔ tidyr     1.3.2
✔ purrr     1.2.2     
── Conflicts ────────────────────────────────────────── tidyverse_conflicts() ──
✖ dplyr::filter() masks stats::filter()
✖ dplyr::lag()    masks stats::lag()
ℹ Use the conflicted package (<http://conflicted.r-lib.org/>) to force all conflicts to become errors

Attaching package: ‘jsonlite’

The following object is masked from ‘package:purrr’:

    flatten

Rows: 6 Columns: 4
── Column specification ────────────────────────────────────────────────────────
Delimiter: ","
chr (2): Strain, Source
dbl (2): Growth_rate, Conjugation_rate

ℹ Use `spec()` to retrieve the full column specification for this data.
ℹ Specify the column types or set `show_col_types = FALSE` to quiet this message.
[Tue Apr 28 23:07:05 2026]
Finished jobid: 25 (Rule: plot_psweep_strain)
10 of 31 steps (32%) done
[Tue Apr 28 23:49:42 2026]
Finished jobid: 15 (Rule: psweep_sims)
11 of 31 steps (35%) done
Execute 2 jobs...

[Tue Apr 28 23:49:42 2026]
localrule psweep_sims:
    input: src/simrun_psweep.R, results/parameter_sweeps/pDim90_E.RP4/pDim90_E.RP4_params.csv, results/parameter_sweeps/pDim90_E.RP4/pDim90_E.RP4_settings.rds
    output: results/parameter_sweeps/pDim90_E.RP4/pDim90_E.RP4_out.csv
    jobid: 23
    reason: Input files updated by another job: results/parameter_sweeps/pDim90_E.RP4/pDim90_E.RP4_params.csv, results/parameter_sweeps/pDim90_E.RP4/pDim90_E.RP4_settings.rds
    wildcards: psweep=pDim90_E.RP4
    threads: 19
    resources: tmpdir=/tmp
[Tue Apr 28 23:49:42 2026]
localrule process_psweep:
    input: src/process_psweep.R, results/parameter_sweeps/pLFC_S.pB10-A/pLFC_S.pB10-A_out.csv, results/parameter_sweeps/pLFC_S.pB10-A/pLFC_S.pB10-A_settings.rds
    output: results/parameter_sweeps/pLFC_S.pB10-A/pLFC_S.pB10-A_plot.csv
    jobid: 14
    reason: Input files updated by another job: results/parameter_sweeps/pLFC_S.pB10-A/pLFC_S.pB10-A_out.csv, results/parameter_sweeps/pLFC_S.pB10-A/pLFC_S.pB10-A_settings.rds
    wildcards: psweep=pLFC_S.pB10-A
    resources: tmpdir=/tmp
Select jobs to execute...
── Attaching core tidyverse packages ──────────────────────── tidyverse 2.0.0 ──
✔ dplyr     1.2.1     ✔ readr     2.2.0
✔ forcats   1.0.1     ✔ stringr   1.6.0
✔ ggplot2   4.0.3     ✔ tibble    3.3.1
✔ lubridate 1.9.5     ✔ tidyr     1.3.2
✔ purrr     1.2.2     
── Attaching core tidyverse packages ──────────────────────── tidyverse 2.0.0 ──
✔ dplyr     1.2.1     ✔ readr     2.2.0
✔ forcats   1.0.1     ✔ stringr   1.6.0
✔ ggplot2   4.0.3     ✔ tibble    3.3.1
✔ lubridate 1.9.5     ✔ tidyr     1.3.2
✔ purrr     1.2.2     
── Conflicts ────────────────────────────────────────── tidyverse_conflicts() ──
✖ dplyr::filter() masks stats::filter()
✖ dplyr::lag()    masks stats::lag()
ℹ Use the conflicted package (<http://conflicted.r-lib.org/>) to force all conflicts to become errors
── Conflicts ────────────────────────────────────────── tidyverse_conflicts() ──
✖ dplyr::filter() masks stats::filter()
✖ dplyr::lag()    masks stats::lag()
ℹ Use the conflicted package (<http://conflicted.r-lib.org/>) to force all conflicts to become errors

Attaching package: ‘foreach’

The following objects are masked from ‘package:purrr’:

    accumulate, when

Loading required package: iterators
Loading required package: parallel
Rows: 22500 Columns: 9
Rows: 10000 Columns: 4
── Column specification ────────────────────────────────────────────────────────
Delimiter: ","
chr (1): SetID
dbl (8): SweepID, gamma_M, psi_M, end_time, A1, M1, A2, M2
── Column specification ────────────────────────────────────────────────────────
Delimiter: ","
chr (1): SetID
dbl (3): SweepID, gamma_M, psi_M

ℹ Use `spec()` to retrieve the full column specification for this data.
ℹ Specify the column types or set `show_col_types = FALSE` to quiet this message.

ℹ Use `spec()` to retrieve the full column specification for this data.
ℹ Specify the column types or set `show_col_types = FALSE` to quiet this message.
[Tue Apr 28 23:49:46 2026]
Finished jobid: 14 (Rule: process_psweep)
12 of 31 steps (39%) done
Execute 1 jobs...

[Tue Apr 28 23:49:46 2026]
localrule plot_psweep:
    input: src/plot_psweep.R, results/parameter_sweeps/pLFC_S.pB10-A/pLFC_S.pB10-A_plot.csv
    output: results/parameter_sweeps/pLFC_S.pB10-A/pLFC_S.pB10-A_change_plot.pdf, results/parameter_sweeps/pLFC_S.pB10-A/pLFC_S.pB10-A_inv_change_plot.pdf, results/parameter_sweeps/pLFC_S.pB10-A/pLFC_S.pB10-A_inv_change_plot.rds
    jobid: 13
    reason: Input files updated by another job: results/parameter_sweeps/pLFC_S.pB10-A/pLFC_S.pB10-A_plot.csv
    wildcards: psweep=pLFC_S.pB10-A
    resources: tmpdir=/tmp
Select jobs to execute...
── Attaching core tidyverse packages ──────────────────────── tidyverse 2.0.0 ──
✔ dplyr     1.2.1     ✔ readr     2.2.0
✔ forcats   1.0.1     ✔ stringr   1.6.0
✔ ggplot2   4.0.3     ✔ tibble    3.3.1
✔ lubridate 1.9.5     ✔ tidyr     1.3.2
✔ purrr     1.2.2     
── Conflicts ────────────────────────────────────────── tidyverse_conflicts() ──
✖ dplyr::filter() masks stats::filter()
✖ dplyr::lag()    masks stats::lag()
ℹ Use the conflicted package (<http://conflicted.r-lib.org/>) to force all conflicts to become errors

Attaching package: ‘jsonlite’

The following object is masked from ‘package:purrr’:

    flatten

Rows: 22500 Columns: 17
── Column specification ────────────────────────────────────────────────────────
Delimiter: ","
chr  (2): SetID, Mut_freq_inv
dbl (15): SweepID, gamma_M, psi_M, end_time, A1, M1, A2, M2, log_gamma_M, An...

ℹ Use `spec()` to retrieve the full column specification for this data.
ℹ Specify the column types or set `show_col_types = FALSE` to quiet this message.
Rows: 6 Columns: 4
── Column specification ────────────────────────────────────────────────────────
Delimiter: ","
chr (2): Strain, Source
dbl (2): Growth_rate, Conjugation_rate

ℹ Use `spec()` to retrieve the full column specification for this data.
ℹ Specify the column types or set `show_col_types = FALSE` to quiet this message.
[Tue Apr 28 23:49:53 2026]
Finished jobid: 13 (Rule: plot_psweep)
13 of 31 steps (42%) done
Execute 1 jobs...

[Tue Apr 28 23:49:53 2026]
localrule plot_psweep_strain:
    input: input_data/strain_phenotypes.csv, src/plot_psweep_strain.R, results/parameter_sweeps/pLFC_S.pB10-A/pLFC_S.pB10-A_inv_change_plot.rds
    output: results/parameter_sweeps/pLFC_S.pB10-A/pLFC_S.pB10-A_inv_change_strain_plot.pdf
    jobid: 28
    reason: Input files updated by another job: results/parameter_sweeps/pLFC_S.pB10-A/pLFC_S.pB10-A_inv_change_plot.rds
    wildcards: psweep=pLFC_S.pB10-A
    resources: tmpdir=/tmp
Select jobs to execute...
── Attaching core tidyverse packages ──────────────────────── tidyverse 2.0.0 ──
✔ dplyr     1.2.1     ✔ readr     2.2.0
✔ forcats   1.0.1     ✔ stringr   1.6.0
✔ ggplot2   4.0.3     ✔ tibble    3.3.1
✔ lubridate 1.9.5     ✔ tidyr     1.3.2
✔ purrr     1.2.2     
── Conflicts ────────────────────────────────────────── tidyverse_conflicts() ──
✖ dplyr::filter() masks stats::filter()
✖ dplyr::lag()    masks stats::lag()
ℹ Use the conflicted package (<http://conflicted.r-lib.org/>) to force all conflicts to become errors

Attaching package: ‘jsonlite’

The following object is masked from ‘package:purrr’:

    flatten

Rows: 6 Columns: 4
── Column specification ────────────────────────────────────────────────────────
Delimiter: ","
chr (2): Strain, Source
dbl (2): Growth_rate, Conjugation_rate

ℹ Use `spec()` to retrieve the full column specification for this data.
ℹ Specify the column types or set `show_col_types = FALSE` to quiet this message.
[Tue Apr 28 23:49:58 2026]
Finished jobid: 28 (Rule: plot_psweep_strain)
14 of 31 steps (45%) done
[Tue Apr 28 23:52:29 2026]
Finished jobid: 23 (Rule: psweep_sims)
15 of 31 steps (48%) done
Execute 2 jobs...

[Tue Apr 28 23:52:29 2026]
localrule psweep_sims:
    input: src/simrun_psweep.R, results/parameter_sweeps/pDim90_E.R1/pDim90_E.R1_params.csv, results/parameter_sweeps/pDim90_E.R1/pDim90_E.R1_settings.rds
    output: results/parameter_sweeps/pDim90_E.R1/pDim90_E.R1_out.csv
    jobid: 19
    reason: Input files updated by another job: results/parameter_sweeps/pDim90_E.R1/pDim90_E.R1_settings.rds, results/parameter_sweeps/pDim90_E.R1/pDim90_E.R1_params.csv
    wildcards: psweep=pDim90_E.R1
    threads: 19
    resources: tmpdir=/tmp
[Tue Apr 28 23:52:29 2026]
localrule process_psweep:
    input: src/process_psweep.R, results/parameter_sweeps/pDim90_E.RP4/pDim90_E.RP4_out.csv, results/parameter_sweeps/pDim90_E.RP4/pDim90_E.RP4_settings.rds
    output: results/parameter_sweeps/pDim90_E.RP4/pDim90_E.RP4_plot.csv
    jobid: 22
    reason: Input files updated by another job: results/parameter_sweeps/pDim90_E.RP4/pDim90_E.RP4_settings.rds, results/parameter_sweeps/pDim90_E.RP4/pDim90_E.RP4_out.csv
    wildcards: psweep=pDim90_E.RP4
    resources: tmpdir=/tmp
Select jobs to execute...
── Attaching core tidyverse packages ──────────────────────── tidyverse 2.0.0 ──
✔ dplyr     1.2.1     ✔ readr     2.2.0
✔ forcats   1.0.1     ✔ stringr   1.6.0
✔ ggplot2   4.0.3     ✔ tibble    3.3.1
✔ lubridate 1.9.5     ✔ tidyr     1.3.2
✔ purrr     1.2.2     
── Attaching core tidyverse packages ──────────────────────── tidyverse 2.0.0 ──
✔ dplyr     1.2.1     ✔ readr     2.2.0
✔ forcats   1.0.1     ✔ stringr   1.6.0
✔ ggplot2   4.0.3     ✔ tibble    3.3.1
✔ lubridate 1.9.5     ✔ tidyr     1.3.2
✔ purrr     1.2.2     
── Conflicts ────────────────────────────────────────── tidyverse_conflicts() ──
✖ dplyr::filter() masks stats::filter()
✖ dplyr::lag()    masks stats::lag()
ℹ Use the conflicted package (<http://conflicted.r-lib.org/>) to force all conflicts to become errors
── Conflicts ────────────────────────────────────────── tidyverse_conflicts() ──
✖ dplyr::filter() masks stats::filter()
✖ dplyr::lag()    masks stats::lag()
ℹ Use the conflicted package (<http://conflicted.r-lib.org/>) to force all conflicts to become errors

Attaching package: ‘foreach’

The following objects are masked from ‘package:purrr’:

    accumulate, when

Loading required package: iterators
Loading required package: parallel
Rows: 10000 Columns: 4
Rows: 10000 Columns: 9
── Column specification ────────────────────────────────────────────────────────
Delimiter: ","
chr (1): SetID
dbl (3): SweepID, gamma_M, psi_M
── Column specification ────────────────────────────────────────────────────────
Delimiter: ","
chr (1): SetID
dbl (8): SweepID, gamma_M, psi_M, end_time, A1, M1, A2, M2

ℹ Use `spec()` to retrieve the full column specification for this data.
ℹ Specify the column types or set `show_col_types = FALSE` to quiet this message.

ℹ Use `spec()` to retrieve the full column specification for this data.
ℹ Specify the column types or set `show_col_types = FALSE` to quiet this message.
[Tue Apr 28 23:52:33 2026]
Finished jobid: 22 (Rule: process_psweep)
16 of 31 steps (52%) done
Execute 1 jobs...

[Tue Apr 28 23:52:33 2026]
localrule plot_psweep:
    input: src/plot_psweep.R, results/parameter_sweeps/pDim90_E.RP4/pDim90_E.RP4_plot.csv
    output: results/parameter_sweeps/pDim90_E.RP4/pDim90_E.RP4_change_plot.pdf, results/parameter_sweeps/pDim90_E.RP4/pDim90_E.RP4_inv_change_plot.pdf, results/parameter_sweeps/pDim90_E.RP4/pDim90_E.RP4_inv_change_plot.rds
    jobid: 21
    reason: Input files updated by another job: results/parameter_sweeps/pDim90_E.RP4/pDim90_E.RP4_plot.csv
    wildcards: psweep=pDim90_E.RP4
    resources: tmpdir=/tmp
Select jobs to execute...
── Attaching core tidyverse packages ──────────────────────── tidyverse 2.0.0 ──
✔ dplyr     1.2.1     ✔ readr     2.2.0
✔ forcats   1.0.1     ✔ stringr   1.6.0
✔ ggplot2   4.0.3     ✔ tibble    3.3.1
✔ lubridate 1.9.5     ✔ tidyr     1.3.2
✔ purrr     1.2.2     
── Conflicts ────────────────────────────────────────── tidyverse_conflicts() ──
✖ dplyr::filter() masks stats::filter()
✖ dplyr::lag()    masks stats::lag()
ℹ Use the conflicted package (<http://conflicted.r-lib.org/>) to force all conflicts to become errors

Attaching package: ‘jsonlite’

The following object is masked from ‘package:purrr’:

    flatten

Rows: 10000 Columns: 17
── Column specification ────────────────────────────────────────────────────────
Delimiter: ","
chr  (2): SetID, Mut_freq_inv
dbl (15): SweepID, gamma_M, psi_M, end_time, A1, M1, A2, M2, log_gamma_M, An...

ℹ Use `spec()` to retrieve the full column specification for this data.
ℹ Specify the column types or set `show_col_types = FALSE` to quiet this message.
Rows: 6 Columns: 4
── Column specification ────────────────────────────────────────────────────────
Delimiter: ","
chr (2): Strain, Source
dbl (2): Growth_rate, Conjugation_rate

ℹ Use `spec()` to retrieve the full column specification for this data.
ℹ Specify the column types or set `show_col_types = FALSE` to quiet this message.
[Tue Apr 28 23:52:39 2026]
Finished jobid: 21 (Rule: plot_psweep)
17 of 31 steps (55%) done
Execute 1 jobs...

[Tue Apr 28 23:52:39 2026]
localrule plot_psweep_strain:
    input: input_data/strain_phenotypes.csv, src/plot_psweep_strain.R, results/parameter_sweeps/pDim90_E.RP4/pDim90_E.RP4_inv_change_plot.rds
    output: results/parameter_sweeps/pDim90_E.RP4/pDim90_E.RP4_inv_change_strain_plot.pdf
    jobid: 30
    reason: Input files updated by another job: results/parameter_sweeps/pDim90_E.RP4/pDim90_E.RP4_inv_change_plot.rds
    wildcards: psweep=pDim90_E.RP4
    resources: tmpdir=/tmp
Select jobs to execute...
── Attaching core tidyverse packages ──────────────────────── tidyverse 2.0.0 ──
✔ dplyr     1.2.1     ✔ readr     2.2.0
✔ forcats   1.0.1     ✔ stringr   1.6.0
✔ ggplot2   4.0.3     ✔ tibble    3.3.1
✔ lubridate 1.9.5     ✔ tidyr     1.3.2
✔ purrr     1.2.2     
── Conflicts ────────────────────────────────────────── tidyverse_conflicts() ──
✖ dplyr::filter() masks stats::filter()
✖ dplyr::lag()    masks stats::lag()
ℹ Use the conflicted package (<http://conflicted.r-lib.org/>) to force all conflicts to become errors

Attaching package: ‘jsonlite’

The following object is masked from ‘package:purrr’:

    flatten

Rows: 6 Columns: 4
── Column specification ────────────────────────────────────────────────────────
Delimiter: ","
chr (2): Strain, Source
dbl (2): Growth_rate, Conjugation_rate

ℹ Use `spec()` to retrieve the full column specification for this data.
ℹ Specify the column types or set `show_col_types = FALSE` to quiet this message.
[Tue Apr 28 23:52:42 2026]
Finished jobid: 30 (Rule: plot_psweep_strain)
18 of 31 steps (58%) done
[Tue Apr 28 23:55:17 2026]
Finished jobid: 19 (Rule: psweep_sims)
19 of 31 steps (61%) done
Execute 2 jobs...

[Tue Apr 28 23:55:17 2026]
localrule process_psweep:
    input: src/process_psweep.R, results/parameter_sweeps/pDim90_E.R1/pDim90_E.R1_out.csv, results/parameter_sweeps/pDim90_E.R1/pDim90_E.R1_settings.rds
    output: results/parameter_sweeps/pDim90_E.R1/pDim90_E.R1_plot.csv
    jobid: 18
    reason: Input files updated by another job: results/parameter_sweeps/pDim90_E.R1/pDim90_E.R1_settings.rds, results/parameter_sweeps/pDim90_E.R1/pDim90_E.R1_out.csv
    wildcards: psweep=pDim90_E.R1
    resources: tmpdir=/tmp
[Tue Apr 28 23:55:17 2026]
localrule psweep_sims:
    input: src/simrun_psweep.R, results/parameter_sweeps/pHFC_S.pB10-A/pHFC_S.pB10-A_params.csv, results/parameter_sweeps/pHFC_S.pB10-A/pHFC_S.pB10-A_settings.rds
    output: results/parameter_sweeps/pHFC_S.pB10-A/pHFC_S.pB10-A_out.csv
    jobid: 11
    reason: Input files updated by another job: results/parameter_sweeps/pHFC_S.pB10-A/pHFC_S.pB10-A_settings.rds, results/parameter_sweeps/pHFC_S.pB10-A/pHFC_S.pB10-A_params.csv
    wildcards: psweep=pHFC_S.pB10-A
    threads: 19
    resources: tmpdir=/tmp
── Attaching core tidyverse packages ──────────────────────── tidyverse 2.0.0 ──
✔ dplyr     1.2.1     ✔ readr     2.2.0
✔ forcats   1.0.1     ✔ stringr   1.6.0
✔ ggplot2   4.0.3     ✔ tibble    3.3.1
✔ lubridate 1.9.5     ✔ tidyr     1.3.2
✔ purrr     1.2.2     
── Attaching core tidyverse packages ──────────────────────── tidyverse 2.0.0 ──
✔ dplyr     1.2.1     ✔ readr     2.2.0
✔ forcats   1.0.1     ✔ stringr   1.6.0
✔ ggplot2   4.0.3     ✔ tibble    3.3.1
✔ lubridate 1.9.5     ✔ tidyr     1.3.2
✔ purrr     1.2.2     
── Conflicts ────────────────────────────────────────── tidyverse_conflicts() ──
✖ dplyr::filter() masks stats::filter()
✖ dplyr::lag()    masks stats::lag()
ℹ Use the conflicted package (<http://conflicted.r-lib.org/>) to force all conflicts to become errors

Attaching package: ‘foreach’

The following objects are masked from ‘package:purrr’:

    accumulate, when

Loading required package: iterators
Loading required package: parallel
── Conflicts ────────────────────────────────────────── tidyverse_conflicts() ──
✖ dplyr::filter() masks stats::filter()
✖ dplyr::lag()    masks stats::lag()
ℹ Use the conflicted package (<http://conflicted.r-lib.org/>) to force all conflicts to become errors
Rows: 10000 Columns: 9
── Column specification ────────────────────────────────────────────────────────
Delimiter: ","
chr (1): SetID
dbl (8): SweepID, gamma_M, psi_M, end_time, A1, M1, A2, M2

ℹ Use `spec()` to retrieve the full column specification for this data.
ℹ Specify the column types or set `show_col_types = FALSE` to quiet this message.
Rows: 22500 Columns: 4
── Column specification ────────────────────────────────────────────────────────
Delimiter: ","
chr (1): SetID
dbl (3): SweepID, gamma_M, psi_M

ℹ Use `spec()` to retrieve the full column specification for this data.
ℹ Specify the column types or set `show_col_types = FALSE` to quiet this message.
[Tue Apr 28 23:55:21 2026]
Finished jobid: 18 (Rule: process_psweep)
20 of 31 steps (65%) done
Select jobs to execute...
Execute 1 jobs...

[Tue Apr 28 23:55:21 2026]
localrule plot_psweep:
    input: src/plot_psweep.R, results/parameter_sweeps/pDim90_E.R1/pDim90_E.R1_plot.csv
    output: results/parameter_sweeps/pDim90_E.R1/pDim90_E.R1_change_plot.pdf, results/parameter_sweeps/pDim90_E.R1/pDim90_E.R1_inv_change_plot.pdf, results/parameter_sweeps/pDim90_E.R1/pDim90_E.R1_inv_change_plot.rds
    jobid: 17
    reason: Input files updated by another job: results/parameter_sweeps/pDim90_E.R1/pDim90_E.R1_plot.csv
    wildcards: psweep=pDim90_E.R1
    resources: tmpdir=/tmp
── Attaching core tidyverse packages ──────────────────────── tidyverse 2.0.0 ──
✔ dplyr     1.2.1     ✔ readr     2.2.0
✔ forcats   1.0.1     ✔ stringr   1.6.0
✔ ggplot2   4.0.3     ✔ tibble    3.3.1
✔ lubridate 1.9.5     ✔ tidyr     1.3.2
✔ purrr     1.2.2     
── Conflicts ────────────────────────────────────────── tidyverse_conflicts() ──
✖ dplyr::filter() masks stats::filter()
✖ dplyr::lag()    masks stats::lag()
ℹ Use the conflicted package (<http://conflicted.r-lib.org/>) to force all conflicts to become errors

Attaching package: ‘jsonlite’

The following object is masked from ‘package:purrr’:

    flatten

Rows: 10000 Columns: 17
── Column specification ────────────────────────────────────────────────────────
Delimiter: ","
chr  (2): SetID, Mut_freq_inv
dbl (15): SweepID, gamma_M, psi_M, end_time, A1, M1, A2, M2, log_gamma_M, An...

ℹ Use `spec()` to retrieve the full column specification for this data.
ℹ Specify the column types or set `show_col_types = FALSE` to quiet this message.
Rows: 6 Columns: 4
── Column specification ────────────────────────────────────────────────────────
Delimiter: ","
chr (2): Strain, Source
dbl (2): Growth_rate, Conjugation_rate

ℹ Use `spec()` to retrieve the full column specification for this data.
ℹ Specify the column types or set `show_col_types = FALSE` to quiet this message.
[Tue Apr 28 23:55:27 2026]
Finished jobid: 17 (Rule: plot_psweep)
21 of 31 steps (68%) done
Select jobs to execute...
Execute 1 jobs...

[Tue Apr 28 23:55:27 2026]
localrule plot_psweep_strain:
    input: input_data/strain_phenotypes.csv, src/plot_psweep_strain.R, results/parameter_sweeps/pDim90_E.R1/pDim90_E.R1_inv_change_plot.rds
    output: results/parameter_sweeps/pDim90_E.R1/pDim90_E.R1_inv_change_strain_plot.pdf
    jobid: 29
    reason: Input files updated by another job: results/parameter_sweeps/pDim90_E.R1/pDim90_E.R1_inv_change_plot.rds
    wildcards: psweep=pDim90_E.R1
    resources: tmpdir=/tmp
── Attaching core tidyverse packages ──────────────────────── tidyverse 2.0.0 ──
✔ dplyr     1.2.1     ✔ readr     2.2.0
✔ forcats   1.0.1     ✔ stringr   1.6.0
✔ ggplot2   4.0.3     ✔ tibble    3.3.1
✔ lubridate 1.9.5     ✔ tidyr     1.3.2
✔ purrr     1.2.2     
── Conflicts ────────────────────────────────────────── tidyverse_conflicts() ──
✖ dplyr::filter() masks stats::filter()
✖ dplyr::lag()    masks stats::lag()
ℹ Use the conflicted package (<http://conflicted.r-lib.org/>) to force all conflicts to become errors

Attaching package: ‘jsonlite’

The following object is masked from ‘package:purrr’:

    flatten

Rows: 6 Columns: 4
── Column specification ────────────────────────────────────────────────────────
Delimiter: ","
chr (2): Strain, Source
dbl (2): Growth_rate, Conjugation_rate

ℹ Use `spec()` to retrieve the full column specification for this data.
ℹ Specify the column types or set `show_col_types = FALSE` to quiet this message.
[Tue Apr 28 23:55:31 2026]
Finished jobid: 29 (Rule: plot_psweep_strain)
22 of 31 steps (71%) done
[Tue Apr 28 23:57:59 2026]
Finished jobid: 7 (Rule: psweep_sims)
23 of 31 steps (74%) done
Select jobs to execute...
Execute 1 jobs...

[Tue Apr 28 23:57:59 2026]
localrule process_psweep:
    input: src/process_psweep.R, results/parameter_sweeps/pLFC_S.pB10/pLFC_S.pB10_out.csv, results/parameter_sweeps/pLFC_S.pB10/pLFC_S.pB10_settings.rds
    output: results/parameter_sweeps/pLFC_S.pB10/pLFC_S.pB10_plot.csv
    jobid: 6
    reason: Input files updated by another job: results/parameter_sweeps/pLFC_S.pB10/pLFC_S.pB10_out.csv, results/parameter_sweeps/pLFC_S.pB10/pLFC_S.pB10_settings.rds
    wildcards: psweep=pLFC_S.pB10
    resources: tmpdir=/tmp
── Attaching core tidyverse packages ──────────────────────── tidyverse 2.0.0 ──
✔ dplyr     1.2.1     ✔ readr     2.2.0
✔ forcats   1.0.1     ✔ stringr   1.6.0
✔ ggplot2   4.0.3     ✔ tibble    3.3.1
✔ lubridate 1.9.5     ✔ tidyr     1.3.2
✔ purrr     1.2.2     
── Conflicts ────────────────────────────────────────── tidyverse_conflicts() ──
✖ dplyr::filter() masks stats::filter()
✖ dplyr::lag()    masks stats::lag()
ℹ Use the conflicted package (<http://conflicted.r-lib.org/>) to force all conflicts to become errors
Rows: 22500 Columns: 9
── Column specification ────────────────────────────────────────────────────────
Delimiter: ","
chr (1): SetID
dbl (8): SweepID, gamma_M, psi_M, end_time, A1, M1, A2, M2

ℹ Use `spec()` to retrieve the full column specification for this data.
ℹ Specify the column types or set `show_col_types = FALSE` to quiet this message.
[Tue Apr 28 23:58:02 2026]
Finished jobid: 6 (Rule: process_psweep)
24 of 31 steps (77%) done
Select jobs to execute...
Execute 1 jobs...

[Tue Apr 28 23:58:02 2026]
localrule plot_psweep:
    input: src/plot_psweep.R, results/parameter_sweeps/pLFC_S.pB10/pLFC_S.pB10_plot.csv
    output: results/parameter_sweeps/pLFC_S.pB10/pLFC_S.pB10_change_plot.pdf, results/parameter_sweeps/pLFC_S.pB10/pLFC_S.pB10_inv_change_plot.pdf, results/parameter_sweeps/pLFC_S.pB10/pLFC_S.pB10_inv_change_plot.rds
    jobid: 5
    reason: Input files updated by another job: results/parameter_sweeps/pLFC_S.pB10/pLFC_S.pB10_plot.csv
    wildcards: psweep=pLFC_S.pB10
    resources: tmpdir=/tmp
── Attaching core tidyverse packages ──────────────────────── tidyverse 2.0.0 ──
✔ dplyr     1.2.1     ✔ readr     2.2.0
✔ forcats   1.0.1     ✔ stringr   1.6.0
✔ ggplot2   4.0.3     ✔ tibble    3.3.1
✔ lubridate 1.9.5     ✔ tidyr     1.3.2
✔ purrr     1.2.2     
── Conflicts ────────────────────────────────────────── tidyverse_conflicts() ──
✖ dplyr::filter() masks stats::filter()
✖ dplyr::lag()    masks stats::lag()
ℹ Use the conflicted package (<http://conflicted.r-lib.org/>) to force all conflicts to become errors

Attaching package: ‘jsonlite’

The following object is masked from ‘package:purrr’:

    flatten

Rows: 22500 Columns: 17
── Column specification ────────────────────────────────────────────────────────
Delimiter: ","
chr  (2): SetID, Mut_freq_inv
dbl (15): SweepID, gamma_M, psi_M, end_time, A1, M1, A2, M2, log_gamma_M, An...

ℹ Use `spec()` to retrieve the full column specification for this data.
ℹ Specify the column types or set `show_col_types = FALSE` to quiet this message.
Rows: 6 Columns: 4
── Column specification ────────────────────────────────────────────────────────
Delimiter: ","
chr (2): Strain, Source
dbl (2): Growth_rate, Conjugation_rate

ℹ Use `spec()` to retrieve the full column specification for this data.
ℹ Specify the column types or set `show_col_types = FALSE` to quiet this message.
[Tue Apr 28 23:58:08 2026]
Finished jobid: 5 (Rule: plot_psweep)
25 of 31 steps (81%) done
Select jobs to execute...
Execute 1 jobs...

[Tue Apr 28 23:58:08 2026]
localrule plot_psweep_strain:
    input: input_data/strain_phenotypes.csv, src/plot_psweep_strain.R, results/parameter_sweeps/pLFC_S.pB10/pLFC_S.pB10_inv_change_plot.rds
    output: results/parameter_sweeps/pLFC_S.pB10/pLFC_S.pB10_inv_change_strain_plot.pdf
    jobid: 26
    reason: Input files updated by another job: results/parameter_sweeps/pLFC_S.pB10/pLFC_S.pB10_inv_change_plot.rds
    wildcards: psweep=pLFC_S.pB10
    resources: tmpdir=/tmp
── Attaching core tidyverse packages ──────────────────────── tidyverse 2.0.0 ──
✔ dplyr     1.2.1     ✔ readr     2.2.0
✔ forcats   1.0.1     ✔ stringr   1.6.0
✔ ggplot2   4.0.3     ✔ tibble    3.3.1
✔ lubridate 1.9.5     ✔ tidyr     1.3.2
✔ purrr     1.2.2     
── Conflicts ────────────────────────────────────────── tidyverse_conflicts() ──
✖ dplyr::filter() masks stats::filter()
✖ dplyr::lag()    masks stats::lag()
ℹ Use the conflicted package (<http://conflicted.r-lib.org/>) to force all conflicts to become errors

Attaching package: ‘jsonlite’

The following object is masked from ‘package:purrr’:

    flatten

Rows: 6 Columns: 4
── Column specification ────────────────────────────────────────────────────────
Delimiter: ","
chr (2): Strain, Source
dbl (2): Growth_rate, Conjugation_rate

ℹ Use `spec()` to retrieve the full column specification for this data.
ℹ Specify the column types or set `show_col_types = FALSE` to quiet this message.
[Tue Apr 28 23:58:11 2026]
Finished jobid: 26 (Rule: plot_psweep_strain)
26 of 31 steps (84%) done
[Wed Apr 29 00:01:29 2026]
Finished jobid: 11 (Rule: psweep_sims)
27 of 31 steps (87%) done
Select jobs to execute...
Execute 1 jobs...

[Wed Apr 29 00:01:29 2026]
localrule process_psweep:
    input: src/process_psweep.R, results/parameter_sweeps/pHFC_S.pB10-A/pHFC_S.pB10-A_out.csv, results/parameter_sweeps/pHFC_S.pB10-A/pHFC_S.pB10-A_settings.rds
    output: results/parameter_sweeps/pHFC_S.pB10-A/pHFC_S.pB10-A_plot.csv
    jobid: 10
    reason: Input files updated by another job: results/parameter_sweeps/pHFC_S.pB10-A/pHFC_S.pB10-A_settings.rds, results/parameter_sweeps/pHFC_S.pB10-A/pHFC_S.pB10-A_out.csv
    wildcards: psweep=pHFC_S.pB10-A
    resources: tmpdir=/tmp
── Attaching core tidyverse packages ──────────────────────── tidyverse 2.0.0 ──
✔ dplyr     1.2.1     ✔ readr     2.2.0
✔ forcats   1.0.1     ✔ stringr   1.6.0
✔ ggplot2   4.0.3     ✔ tibble    3.3.1
✔ lubridate 1.9.5     ✔ tidyr     1.3.2
✔ purrr     1.2.2     
── Conflicts ────────────────────────────────────────── tidyverse_conflicts() ──
✖ dplyr::filter() masks stats::filter()
✖ dplyr::lag()    masks stats::lag()
ℹ Use the conflicted package (<http://conflicted.r-lib.org/>) to force all conflicts to become errors
Rows: 22500 Columns: 9
── Column specification ────────────────────────────────────────────────────────
Delimiter: ","
chr (1): SetID
dbl (8): SweepID, gamma_M, psi_M, end_time, A1, M1, A2, M2

ℹ Use `spec()` to retrieve the full column specification for this data.
ℹ Specify the column types or set `show_col_types = FALSE` to quiet this message.
[Wed Apr 29 00:01:31 2026]
Finished jobid: 10 (Rule: process_psweep)
28 of 31 steps (90%) done
Select jobs to execute...
Execute 1 jobs...

[Wed Apr 29 00:01:31 2026]
localrule plot_psweep:
    input: src/plot_psweep.R, results/parameter_sweeps/pHFC_S.pB10-A/pHFC_S.pB10-A_plot.csv
    output: results/parameter_sweeps/pHFC_S.pB10-A/pHFC_S.pB10-A_change_plot.pdf, results/parameter_sweeps/pHFC_S.pB10-A/pHFC_S.pB10-A_inv_change_plot.pdf, results/parameter_sweeps/pHFC_S.pB10-A/pHFC_S.pB10-A_inv_change_plot.rds
    jobid: 9
    reason: Input files updated by another job: results/parameter_sweeps/pHFC_S.pB10-A/pHFC_S.pB10-A_plot.csv
    wildcards: psweep=pHFC_S.pB10-A
    resources: tmpdir=/tmp
── Attaching core tidyverse packages ──────────────────────── tidyverse 2.0.0 ──
✔ dplyr     1.2.1     ✔ readr     2.2.0
✔ forcats   1.0.1     ✔ stringr   1.6.0
✔ ggplot2   4.0.3     ✔ tibble    3.3.1
✔ lubridate 1.9.5     ✔ tidyr     1.3.2
✔ purrr     1.2.2     
── Conflicts ────────────────────────────────────────── tidyverse_conflicts() ──
✖ dplyr::filter() masks stats::filter()
✖ dplyr::lag()    masks stats::lag()
ℹ Use the conflicted package (<http://conflicted.r-lib.org/>) to force all conflicts to become errors

Attaching package: ‘jsonlite’

The following object is masked from ‘package:purrr’:

    flatten

Rows: 22500 Columns: 17
── Column specification ────────────────────────────────────────────────────────
Delimiter: ","
chr  (2): SetID, Mut_freq_inv
dbl (15): SweepID, gamma_M, psi_M, end_time, A1, M1, A2, M2, log_gamma_M, An...

ℹ Use `spec()` to retrieve the full column specification for this data.
ℹ Specify the column types or set `show_col_types = FALSE` to quiet this message.
Rows: 6 Columns: 4
── Column specification ────────────────────────────────────────────────────────
Delimiter: ","
chr (2): Strain, Source
dbl (2): Growth_rate, Conjugation_rate

ℹ Use `spec()` to retrieve the full column specification for this data.
ℹ Specify the column types or set `show_col_types = FALSE` to quiet this message.
[Wed Apr 29 00:01:37 2026]
Finished jobid: 9 (Rule: plot_psweep)
29 of 31 steps (94%) done
Select jobs to execute...
Execute 1 jobs...

[Wed Apr 29 00:01:37 2026]
localrule plot_psweep_strain:
    input: input_data/strain_phenotypes.csv, src/plot_psweep_strain.R, results/parameter_sweeps/pHFC_S.pB10-A/pHFC_S.pB10-A_inv_change_plot.rds
    output: results/parameter_sweeps/pHFC_S.pB10-A/pHFC_S.pB10-A_inv_change_strain_plot.pdf
    jobid: 27
    reason: Input files updated by another job: results/parameter_sweeps/pHFC_S.pB10-A/pHFC_S.pB10-A_inv_change_plot.rds
    wildcards: psweep=pHFC_S.pB10-A
    resources: tmpdir=/tmp
── Attaching core tidyverse packages ──────────────────────── tidyverse 2.0.0 ──
✔ dplyr     1.2.1     ✔ readr     2.2.0
✔ forcats   1.0.1     ✔ stringr   1.6.0
✔ ggplot2   4.0.3     ✔ tibble    3.3.1
✔ lubridate 1.9.5     ✔ tidyr     1.3.2
✔ purrr     1.2.2     
── Conflicts ────────────────────────────────────────── tidyverse_conflicts() ──
✖ dplyr::filter() masks stats::filter()
✖ dplyr::lag()    masks stats::lag()
ℹ Use the conflicted package (<http://conflicted.r-lib.org/>) to force all conflicts to become errors

Attaching package: ‘jsonlite’

The following object is masked from ‘package:purrr’:

    flatten

Rows: 6 Columns: 4
── Column specification ────────────────────────────────────────────────────────
Delimiter: ","
chr (2): Strain, Source
dbl (2): Growth_rate, Conjugation_rate

ℹ Use `spec()` to retrieve the full column specification for this data.
ℹ Specify the column types or set `show_col_types = FALSE` to quiet this message.
[Wed Apr 29 00:01:40 2026]
Finished jobid: 27 (Rule: plot_psweep_strain)
30 of 31 steps (97%) done
Select jobs to execute...
Execute 1 jobs...

[Wed Apr 29 00:01:40 2026]
localrule all:
    input: results/parameter_sweeps/pHFC_S.pB10/pHFC_S.pB10_change_plot.pdf, results/parameter_sweeps/pLFC_S.pB10/pLFC_S.pB10_change_plot.pdf, results/parameter_sweeps/pHFC_S.pB10-A/pHFC_S.pB10-A_change_plot.pdf, results/parameter_sweeps/pLFC_S.pB10-A/pLFC_S.pB10-A_change_plot.pdf, results/parameter_sweeps/pDim90_E.R1/pDim90_E.R1_change_plot.pdf, results/parameter_sweeps/pDim90_E.RP4/pDim90_E.RP4_change_plot.pdf, results/parameter_sweeps/pHFC_S.pB10/pHFC_S.pB10_inv_change_plot.pdf, results/parameter_sweeps/pLFC_S.pB10/pLFC_S.pB10_inv_change_plot.pdf, results/parameter_sweeps/pHFC_S.pB10-A/pHFC_S.pB10-A_inv_change_plot.pdf, results/parameter_sweeps/pLFC_S.pB10-A/pLFC_S.pB10-A_inv_change_plot.pdf, results/parameter_sweeps/pDim90_E.R1/pDim90_E.R1_inv_change_plot.pdf, results/parameter_sweeps/pDim90_E.RP4/pDim90_E.RP4_inv_change_plot.pdf, results/parameter_sweeps/pHFC_S.pB10/pHFC_S.pB10_inv_change_strain_plot.pdf, results/parameter_sweeps/pLFC_S.pB10/pLFC_S.pB10_inv_change_strain_plot.pdf, results/parameter_sweeps/pHFC_S.pB10-A/pHFC_S.pB10-A_inv_change_strain_plot.pdf, results/parameter_sweeps/pLFC_S.pB10-A/pLFC_S.pB10-A_inv_change_strain_plot.pdf, results/parameter_sweeps/pDim90_E.R1/pDim90_E.R1_inv_change_strain_plot.pdf, results/parameter_sweeps/pDim90_E.RP4/pDim90_E.RP4_inv_change_strain_plot.pdf, figures/panels/fig1a_axes.pdf, figures/fig4_DG_invasion.pdf, figures/fig5_validation.pdf, figures/fig5_validation2.pdf, figures/fig6_psweep.pdf
    jobid: 0
    reason: Input files updated by another job: results/parameter_sweeps/pLFC_S.pB10-A/pLFC_S.pB10-A_change_plot.pdf, results/parameter_sweeps/pLFC_S.pB10-A/pLFC_S.pB10-A_inv_change_plot.pdf, results/parameter_sweeps/pDim90_E.RP4/pDim90_E.RP4_inv_change_strain_plot.pdf, results/parameter_sweeps/pHFC_S.pB10-A/pHFC_S.pB10-A_inv_change_plot.pdf, results/parameter_sweeps/pDim90_E.R1/pDim90_E.R1_inv_change_plot.pdf, results/parameter_sweeps/pHFC_S.pB10-A/pHFC_S.pB10-A_change_plot.pdf, results/parameter_sweeps/pDim90_E.R1/pDim90_E.R1_inv_change_strain_plot.pdf, results/parameter_sweeps/pHFC_S.pB10/pHFC_S.pB10_change_plot.pdf, results/parameter_sweeps/pLFC_S.pB10/pLFC_S.pB10_inv_change_plot.pdf, results/parameter_sweeps/pHFC_S.pB10/pHFC_S.pB10_inv_change_strain_plot.pdf, results/parameter_sweeps/pLFC_S.pB10-A/pLFC_S.pB10-A_inv_change_strain_plot.pdf, results/parameter_sweeps/pHFC_S.pB10/pHFC_S.pB10_inv_change_plot.pdf, results/parameter_sweeps/pLFC_S.pB10/pLFC_S.pB10_inv_change_strain_plot.pdf, results/parameter_sweeps/pLFC_S.pB10/pLFC_S.pB10_change_plot.pdf, results/parameter_sweeps/pDim90_E.RP4/pDim90_E.RP4_inv_change_plot.pdf, results/parameter_sweeps/pDim90_E.R1/pDim90_E.R1_change_plot.pdf, results/parameter_sweeps/pDim90_E.RP4/pDim90_E.RP4_change_plot.pdf, results/parameter_sweeps/pHFC_S.pB10-A/pHFC_S.pB10-A_inv_change_strain_plot.pdf
    resources: tmpdir=/tmp
[Wed Apr 29 00:01:40 2026]
Finished jobid: 0 (Rule: all)
31 of 31 steps (100%) done
Complete log(s): /mmfs1/gscratch/biology/kerrlab/ESD/PETRI/.snakemake/log/2026-04-28T225930.537399.snakemake.log
