Assuming unrestricted shared filesystem usage.
None
host: Lizs-MacBook-Air-7.local
Building DAG of jobs...
Using shell: /bin/bash
Provided cores: 2
Rules claiming more threads will be scaled down.
Job stats:
job                        count
-----------------------  -------
all                            1
case_study_sims                2
plot_case_study_sims           2
process_case_study_sims        2
total                          7

Select jobs to execute...
Execute 2 jobs...
[Wed Jul  2 15:22:19 2025]
localrule case_study_sims:
    input: src/simrun_case_study.R, input_data/Treatments_case_study.csv
    output: results/case_study_sims/A/A_data.csv, results/case_study_sims/A/A_data_long.csv, results/case_study_sims/A/A_sim_plot.pdf
    jobid: 3
    reason: Updated input files: src/simrun_case_study.R
    wildcards: treatment=A
    resources: tmpdir=/var/folders/dw/d0fxdqy942jc3trrhg2gvbnm0000gn/T

[Wed Jul  2 15:22:19 2025]
localrule case_study_sims:
    input: src/simrun_case_study.R, input_data/Treatments_case_study.csv
    output: results/case_study_sims/C/C_data.csv, results/case_study_sims/C/C_data_long.csv, results/case_study_sims/C/C_sim_plot.pdf
    jobid: 6
    reason: Updated input files: src/simrun_case_study.R
    wildcards: treatment=C
    resources: tmpdir=/var/folders/dw/d0fxdqy942jc3trrhg2gvbnm0000gn/T

RuleException:
CalledProcessError in file "/Users/liz/Documents/UW_Bio_PhD/Kerr_Lab/Plasmid_evolution/PETRI/Snakefile", line 42:
Command 'set -euo pipefail;  
    Rscript src/simrun_case_study_snakemake.R       --treatment "A"' returned non-zero exit status 1.
[Wed Jul  2 15:22:24 2025]
Error in rule case_study_sims:
    message: None
    jobid: 3
    input: src/simrun_case_study.R, input_data/Treatments_case_study.csv
    output: results/case_study_sims/A/A_data.csv, results/case_study_sims/A/A_data_long.csv, results/case_study_sims/A/A_sim_plot.pdf
    shell:
        
    Rscript src/simrun_case_study_snakemake.R       --treatment "A"
    
        (command exited with non-zero exit code)
RuleException:
CalledProcessError in file "/Users/liz/Documents/UW_Bio_PhD/Kerr_Lab/Plasmid_evolution/PETRI/Snakefile", line 42:
Command 'set -euo pipefail;  
    Rscript src/simrun_case_study_snakemake.R       --treatment "C"' returned non-zero exit status 1.
[Wed Jul  2 15:22:24 2025]
Error in rule case_study_sims:
    message: None
    jobid: 6
    input: src/simrun_case_study.R, input_data/Treatments_case_study.csv
    output: results/case_study_sims/C/C_data.csv, results/case_study_sims/C/C_data_long.csv, results/case_study_sims/C/C_sim_plot.pdf
    shell:
        
    Rscript src/simrun_case_study_snakemake.R       --treatment "C"
    
        (command exited with non-zero exit code)
Shutting down, this might take some time.
Exiting because a job execution failed. Look below for error messages
[Wed Jul  2 15:22:24 2025]
Error in rule case_study_sims:
    message: None
    jobid: 3
    input: src/simrun_case_study.R, input_data/Treatments_case_study.csv
    output: results/case_study_sims/A/A_data.csv, results/case_study_sims/A/A_data_long.csv, results/case_study_sims/A/A_sim_plot.pdf
    shell:
        
    Rscript src/simrun_case_study_snakemake.R       --treatment "A"
    
        (command exited with non-zero exit code)
[Wed Jul  2 15:22:24 2025]
Error in rule case_study_sims:
    message: None
    jobid: 6
    input: src/simrun_case_study.R, input_data/Treatments_case_study.csv
    output: results/case_study_sims/C/C_data.csv, results/case_study_sims/C/C_data_long.csv, results/case_study_sims/C/C_sim_plot.pdf
    shell:
        
    Rscript src/simrun_case_study_snakemake.R       --treatment "C"
    
        (command exited with non-zero exit code)
Complete log(s): /Users/liz/Documents/UW_Bio_PhD/Kerr_Lab/Plasmid_evolution/PETRI/.snakemake/log/2025-07-02T152219.480110.snakemake.log
WorkflowError:
At least one job did not complete successfully.
