Assuming unrestricted shared filesystem usage.
None
host: Lizs-MacBook-Air-9.local
Building DAG of jobs...
Using shell: /bin/bash
Provided cores: 6
Rules claiming more threads will be scaled down.
Job stats:
job               count
--------------  -------
all                   1
plot_psweep           1
process_psweep        1
psweep_sims           1
total                 4

Select jobs to execute...
Execute 1 jobs...
[Wed Dec  3 11:18:41 2025]
localrule psweep_sims:
    input: src/simrun_psweep.R, input_data/Treatments_parameter_sweep.csv
    output: results/parameter_sweeps/pE_DimF/pE_DimF_out.csv
    jobid: 9
    reason: Missing output files: results/parameter_sweeps/pE_DimF/pE_DimF_out.csv
    wildcards: psweep=pE_DimF
    threads: 5
    resources: tmpdir=/var/folders/dw/d0fxdqy942jc3trrhg2gvbnm0000gn/T

[Wed Dec  3 11:19:53 2025]
Finished jobid: 9 (Rule: psweep_sims)
1 of 4 steps (25%) done
Select jobs to execute...
Execute 1 jobs...
[Wed Dec  3 11:19:53 2025]
localrule process_psweep:
    input: src/process_psweep.R, results/parameter_sweeps/pE_DimF/pE_DimF_out.csv
    output: results/parameter_sweeps/pE_DimF/pE_DimF_plot.csv
    jobid: 8
    reason: Missing output files: results/parameter_sweeps/pE_DimF/pE_DimF_plot.csv; Input files updated by another job: results/parameter_sweeps/pE_DimF/pE_DimF_out.csv
    wildcards: psweep=pE_DimF
    resources: tmpdir=/var/folders/dw/d0fxdqy942jc3trrhg2gvbnm0000gn/T

[Wed Dec  3 11:19:58 2025]
Finished jobid: 8 (Rule: process_psweep)
2 of 4 steps (50%) done
Select jobs to execute...
Execute 1 jobs...
[Wed Dec  3 11:19:58 2025]
localrule plot_psweep:
    input: src/plot_psweep.R, results/parameter_sweeps/pE_DimF/pE_DimF_plot.csv
    output: results/parameter_sweeps/pE_DimF/pE_DimF_change_plot.pdf, results/parameter_sweeps/pE_DimF/pE_DimF_inv_plot.pdf
    jobid: 7
    reason: Missing output files: results/parameter_sweeps/pE_DimF/pE_DimF_change_plot.pdf, results/parameter_sweeps/pE_DimF/pE_DimF_inv_plot.pdf; Input files updated by another job: results/parameter_sweeps/pE_DimF/pE_DimF_plot.csv
    wildcards: psweep=pE_DimF
    resources: tmpdir=/var/folders/dw/d0fxdqy942jc3trrhg2gvbnm0000gn/T

[Wed Dec  3 11:20:02 2025]
Finished jobid: 7 (Rule: plot_psweep)
3 of 4 steps (75%) done
Select jobs to execute...
Execute 1 jobs...
[Wed Dec  3 11:20:02 2025]
localrule all:
    input: results/case_study_sims/A.2/A.2_density_plot.pdf, results/case_study_sims/A.2/A.2_frequency_plot.pdf, results/parameter_sets/test_sweep_param.csv, results/parameter_sets/testmut_sweep_param.csv, results/parameter_sets/DimF_sweep_param.csv, results/parameter_sweeps/pE_DimF/pE_DimF_change_plot.pdf, results/parameter_sweeps/pE_DimF/pE_DimF_inv_plot.pdf
    jobid: 0
    reason: Input files updated by another job: results/parameter_sweeps/pE_DimF/pE_DimF_change_plot.pdf, results/parameter_sweeps/pE_DimF/pE_DimF_inv_plot.pdf
    resources: tmpdir=/var/folders/dw/d0fxdqy942jc3trrhg2gvbnm0000gn/T

[Wed Dec  3 11:20:02 2025]
Finished jobid: 0 (Rule: all)
4 of 4 steps (100%) done
Complete log(s): /Users/liz/Documents/UW_Bio_PhD/Kerr_Lab/Plasmid_evolution/PETRI/.snakemake/log/2025-12-03T111841.274146.snakemake.log
