Assuming unrestricted shared filesystem usage.
None
host: Lizs-MacBook-Air-9.local
Building DAG of jobs...
Using shell: /bin/bash
Provided cores: 7
Rules claiming more threads will be scaled down.
Job stats:
job               count
--------------  -------
all                   1
plot_psweep           5
process_psweep        5
psweep_sims           5
total                16

Select jobs to execute...
Execute 5 jobs...
[Wed Nov 26 20:30:18 2025]
localrule psweep_sims:
    input: src/simrun_psweep.R, input_data/Treatments_parameter_sweep.csv, input_data/Parameter_sweep_settings.csv
    output: results/parameter_sweeps/pO_test/pO_test_out.csv
    jobid: 18
    reason: Missing output files: results/parameter_sweeps/pO_test/pO_test_out.csv; Code has changed since last execution
    wildcards: psweep=pO_test
    resources: tmpdir=/var/folders/dw/d0fxdqy942jc3trrhg2gvbnm0000gn/T

[Wed Nov 26 20:30:18 2025]
localrule psweep_sims:
    input: src/simrun_psweep.R, input_data/Treatments_parameter_sweep.csv, input_data/Parameter_sweep_settings.csv
    output: results/parameter_sweeps/pHFC_test/pHFC_test_out.csv
    jobid: 21
    reason: Missing output files: results/parameter_sweeps/pHFC_test/pHFC_test_out.csv; Code has changed since last execution
    wildcards: psweep=pHFC_test
    resources: tmpdir=/var/folders/dw/d0fxdqy942jc3trrhg2gvbnm0000gn/T

[Wed Nov 26 20:30:18 2025]
localrule psweep_sims:
    input: src/simrun_psweep.R, input_data/Treatments_parameter_sweep.csv, input_data/Parameter_sweep_settings.csv
    output: results/parameter_sweeps/pLFC_test/pLFC_test_out.csv
    jobid: 24
    reason: Updated input files: input_data/Parameter_sweep_settings.csv
    wildcards: psweep=pLFC_test
    resources: tmpdir=/var/folders/dw/d0fxdqy942jc3trrhg2gvbnm0000gn/T

[Wed Nov 26 20:30:18 2025]
localrule psweep_sims:
    input: src/simrun_psweep.R, input_data/Treatments_parameter_sweep.csv, input_data/Parameter_sweep_settings.csv
    output: results/parameter_sweeps/pE_test/pE_test_out.csv
    jobid: 27
    reason: Updated input files: input_data/Parameter_sweep_settings.csv
    wildcards: psweep=pE_test
    resources: tmpdir=/var/folders/dw/d0fxdqy942jc3trrhg2gvbnm0000gn/T

[Wed Nov 26 20:30:18 2025]
localrule psweep_sims:
    input: src/simrun_psweep.R, input_data/Treatments_parameter_sweep.csv, input_data/Parameter_sweep_settings.csv
    output: results/parameter_sweeps/pF_test/pF_test_out.csv
    jobid: 30
    reason: Updated input files: input_data/Parameter_sweep_settings.csv
    wildcards: psweep=pF_test
    resources: tmpdir=/var/folders/dw/d0fxdqy942jc3trrhg2gvbnm0000gn/T

RuleException:
CalledProcessError in file "/Users/liz/Documents/UW_Bio_PhD/Kerr_Lab/Plasmid_evolution/PETRI/Snakefile", line 107:
Command 'set -euo pipefail;  
    Rscript src/simrun_psweep.R       --psweepsetting pLFC_test' returned non-zero exit status 1.
[Wed Nov 26 20:30:25 2025]
Error in rule psweep_sims:
    message: None
    jobid: 24
    input: src/simrun_psweep.R, input_data/Treatments_parameter_sweep.csv, input_data/Parameter_sweep_settings.csv
    output: results/parameter_sweeps/pLFC_test/pLFC_test_out.csv
    shell:
        
    Rscript src/simrun_psweep.R       --psweepsetting pLFC_test 
    
        (command exited with non-zero exit code)
[Wed Nov 26 20:31:21 2025]
Finished jobid: 21 (Rule: psweep_sims)
1 of 16 steps (6%) done
[Wed Nov 26 20:32:09 2025]
Finished jobid: 27 (Rule: psweep_sims)
2 of 16 steps (12%) done
[Wed Nov 26 20:32:36 2025]
Finished jobid: 30 (Rule: psweep_sims)
3 of 16 steps (19%) done
[Wed Nov 26 20:32:46 2025]
Finished jobid: 18 (Rule: psweep_sims)
4 of 16 steps (25%) done
Shutting down, this might take some time.
Exiting because a job execution failed. Look below for error messages
[Wed Nov 26 20:32:46 2025]
Error in rule psweep_sims:
    message: None
    jobid: 24
    input: src/simrun_psweep.R, input_data/Treatments_parameter_sweep.csv, input_data/Parameter_sweep_settings.csv
    output: results/parameter_sweeps/pLFC_test/pLFC_test_out.csv
    shell:
        
    Rscript src/simrun_psweep.R       --psweepsetting pLFC_test 
    
        (command exited with non-zero exit code)
Complete log(s): /Users/liz/Documents/UW_Bio_PhD/Kerr_Lab/Plasmid_evolution/PETRI/.snakemake/log/2025-11-26T203018.097609.snakemake.log
WorkflowError:
At least one job did not complete successfully.
