Assuming unrestricted shared filesystem usage.
None
host: Lizs-MacBook-Air-9.local
Building DAG of jobs...
Using shell: /bin/bash
Provided cores: 3
Rules claiming more threads will be scaled down.
Job stats:
job                        count
-----------------------  -------
all                            1
case_study_sims                2
plot_case_study_sims           2
plot_psweep                    2
process_case_study_sims        2
process_psweep                 2
psweep_sims                    2
total                         13

Select jobs to execute...
Execute 1 jobs...
[Mon Dec  1 17:08:20 2025]
localrule psweep_sims:
    input: src/simrun_psweep.R, input_data/Treatments_parameter_sweep.csv
    output: results/parameter_sweeps/pLFC.inv_test/pLFC.inv_test_out.csv
    jobid: 13
    reason: Updated input files: input_data/Treatments_parameter_sweep.csv
    wildcards: psweep=pLFC.inv_test
    threads: 3
    resources: tmpdir=/var/folders/dw/d0fxdqy942jc3trrhg2gvbnm0000gn/T

Select jobs to execute...
Terminating processes on user request, this might take some time.
RuleException:
CalledProcessError in file "/Users/liz/Documents/UW_Bio_PhD/Kerr_Lab/Plasmid_evolution/PETRI/Snakefile", line 127:
Command 'set -euo pipefail;  
    Rscript src/simrun_psweep.R       --psweepsetting pLFC.inv_test       --threads 3' returned non-zero exit status 1.
[Mon Dec  1 17:08:32 2025]
Error in rule psweep_sims:
    message: None
    jobid: 13
    input: src/simrun_psweep.R, input_data/Treatments_parameter_sweep.csv
    output: results/parameter_sweeps/pLFC.inv_test/pLFC.inv_test_out.csv
    shell:
        
    Rscript src/simrun_psweep.R       --psweepsetting pLFC.inv_test       --threads 3
    
        (command exited with non-zero exit code)
Complete log(s): /Users/liz/Documents/UW_Bio_PhD/Kerr_Lab/Plasmid_evolution/PETRI/.snakemake/log/2025-12-01T170820.588714.snakemake.log
WorkflowError:
At least one job did not complete successfully.
