Assuming unrestricted shared filesystem usage.
None
host: Lizs-MacBook-Air-7.local
Building DAG of jobs...
Using shell: /bin/bash
Provided cores: 2
Rules claiming more threads will be scaled down.
Job stats:
job                        count
-----------------------  -------
all                            1
case_study_sims                2
plot_case_study_sims           2
process_case_study_sims        2
total                          7

Select jobs to execute...
Execute 2 jobs...
[Wed Jul  2 15:24:49 2025]
localrule case_study_sims:
    input: src/simrun_case_study.R, input_data/Treatments_case_study.csv
    output: results/case_study_sims/A/A_data.csv, results/case_study_sims/A/A_data_long.csv, results/case_study_sims/A/A_sim_plot.pdf
    jobid: 3
    reason: Missing output files: results/case_study_sims/A/A_data.csv, results/case_study_sims/A/A_data_long.csv; Code has changed since last execution
    wildcards: treatment=A
    resources: tmpdir=/var/folders/dw/d0fxdqy942jc3trrhg2gvbnm0000gn/T

[Wed Jul  2 15:24:49 2025]
localrule case_study_sims:
    input: src/simrun_case_study.R, input_data/Treatments_case_study.csv
    output: results/case_study_sims/C/C_data.csv, results/case_study_sims/C/C_data_long.csv, results/case_study_sims/C/C_sim_plot.pdf
    jobid: 6
    reason: Missing output files: results/case_study_sims/C/C_data.csv, results/case_study_sims/C/C_data_long.csv; Code has changed since last execution
    wildcards: treatment=C
    resources: tmpdir=/var/folders/dw/d0fxdqy942jc3trrhg2gvbnm0000gn/T

[Wed Jul  2 15:25:02 2025]
Finished jobid: 6 (Rule: case_study_sims)
1 of 7 steps (14%) done
Select jobs to execute...
Execute 1 jobs...
[Wed Jul  2 15:25:02 2025]
localrule process_case_study_sims:
    input: results/case_study_sims/C/C_data.csv, results/case_study_sims/C/C_data_long.csv
    output: results/case_study_sims/C/C_density_plot_df.csv, results/case_study_sims/C/C_frequency_plot_df.csv, results/case_study_sims/C/C_phases_plot_df.csv
    jobid: 5
    reason: Missing output files: results/case_study_sims/C/C_frequency_plot_df.csv, results/case_study_sims/C/C_density_plot_df.csv, results/case_study_sims/C/C_phases_plot_df.csv; Input files updated by another job: results/case_study_sims/C/C_data.csv, results/case_study_sims/C/C_data_long.csv
    wildcards: treatment=C
    resources: tmpdir=/var/folders/dw/d0fxdqy942jc3trrhg2gvbnm0000gn/T

[Wed Jul  2 15:25:07 2025]
Finished jobid: 5 (Rule: process_case_study_sims)
2 of 7 steps (29%) done
Select jobs to execute...
Execute 1 jobs...
[Wed Jul  2 15:25:07 2025]
localrule plot_case_study_sims:
    input: results/case_study_sims/C/C_density_plot_df.csv, results/case_study_sims/C/C_frequency_plot_df.csv, results/case_study_sims/C/C_phases_plot_df.csv
    output: results/case_study_sims/C/C_density_plot.pdf, results/case_study_sims/C/C_frequency_plot.pdf
    jobid: 4
    reason: Missing output files: results/case_study_sims/C/C_density_plot.pdf, results/case_study_sims/C/C_frequency_plot.pdf; Input files updated by another job: results/case_study_sims/C/C_frequency_plot_df.csv, results/case_study_sims/C/C_density_plot_df.csv, results/case_study_sims/C/C_phases_plot_df.csv
    wildcards: treatment=C
    resources: tmpdir=/var/folders/dw/d0fxdqy942jc3trrhg2gvbnm0000gn/T

[Wed Jul  2 15:25:09 2025]
Finished jobid: 3 (Rule: case_study_sims)
3 of 7 steps (43%) done
Select jobs to execute...
Execute 1 jobs...
[Wed Jul  2 15:25:09 2025]
localrule process_case_study_sims:
    input: results/case_study_sims/A/A_data.csv, results/case_study_sims/A/A_data_long.csv
    output: results/case_study_sims/A/A_density_plot_df.csv, results/case_study_sims/A/A_frequency_plot_df.csv, results/case_study_sims/A/A_phases_plot_df.csv
    jobid: 2
    reason: Missing output files: results/case_study_sims/A/A_frequency_plot_df.csv; Input files updated by another job: results/case_study_sims/A/A_data.csv, results/case_study_sims/A/A_data_long.csv
    wildcards: treatment=A
    resources: tmpdir=/var/folders/dw/d0fxdqy942jc3trrhg2gvbnm0000gn/T

RuleException:
CalledProcessError in file "/Users/liz/Documents/UW_Bio_PhD/Kerr_Lab/Plasmid_evolution/PETRI/Snakefile", line 70:
Command 'set -euo pipefail;  
    Rscript src/plot_simrun_snakemake.R       --treatment "C"       --colors '{"p_Anc": "#8394F6", "p_Mut": "#8A407A", "p_F": "gray40", "p_growth": "#FFFBEF", "p_conj": "#D0D9FF", "p_tselect": "#FBE9FF"}'       --lines '{"rifR": "solid", "nalR": "dashed"}'' returned non-zero exit status 1.
[Wed Jul  2 15:25:12 2025]
Error in rule plot_case_study_sims:
    message: None
    jobid: 4
    input: results/case_study_sims/C/C_density_plot_df.csv, results/case_study_sims/C/C_frequency_plot_df.csv, results/case_study_sims/C/C_phases_plot_df.csv
    output: results/case_study_sims/C/C_density_plot.pdf, results/case_study_sims/C/C_frequency_plot.pdf
    shell:
        
    Rscript src/plot_simrun_snakemake.R       --treatment "C"       --colors '{"p_Anc": "#8394F6", "p_Mut": "#8A407A", "p_F": "gray40", "p_growth": "#FFFBEF", "p_conj": "#D0D9FF", "p_tselect": "#FBE9FF"}'       --lines '{"rifR": "solid", "nalR": "dashed"}'
    
        (command exited with non-zero exit code)
[Wed Jul  2 15:25:13 2025]
Finished jobid: 2 (Rule: process_case_study_sims)
4 of 7 steps (57%) done
Shutting down, this might take some time.
Exiting because a job execution failed. Look below for error messages
[Wed Jul  2 15:25:13 2025]
Error in rule plot_case_study_sims:
    message: None
    jobid: 4
    input: results/case_study_sims/C/C_density_plot_df.csv, results/case_study_sims/C/C_frequency_plot_df.csv, results/case_study_sims/C/C_phases_plot_df.csv
    output: results/case_study_sims/C/C_density_plot.pdf, results/case_study_sims/C/C_frequency_plot.pdf
    shell:
        
    Rscript src/plot_simrun_snakemake.R       --treatment "C"       --colors '{"p_Anc": "#8394F6", "p_Mut": "#8A407A", "p_F": "gray40", "p_growth": "#FFFBEF", "p_conj": "#D0D9FF", "p_tselect": "#FBE9FF"}'       --lines '{"rifR": "solid", "nalR": "dashed"}'
    
        (command exited with non-zero exit code)
Complete log(s): /Users/liz/Documents/UW_Bio_PhD/Kerr_Lab/Plasmid_evolution/PETRI/.snakemake/log/2025-07-02T152449.603553.snakemake.log
WorkflowError:
At least one job did not complete successfully.
