Assuming unrestricted shared filesystem usage.
None
host: Lizs-MacBook-Air-8.local
Building DAG of jobs...
Using shell: /bin/bash
Provided cores: 4
Rules claiming more threads will be scaled down.
Job stats:
job                        count
-----------------------  -------
all                            1
case_study_sims                1
plot_case_study_sims           1
process_case_study_sims        1
total                          4

Select jobs to execute...
Execute 1 jobs...
[Wed Nov  5 13:03:38 2025]
localrule case_study_sims:
    input: src/simrun_case_study_snakemake.R, input_data/Treatments_case_study.csv
    output: results/case_study_sims/E/E_data.csv, results/case_study_sims/E/E_data_long.csv, results/case_study_sims/E/E_sim_plot.pdf
    jobid: 3
    reason: Missing output files: results/case_study_sims/E/E_data.csv, results/case_study_sims/E/E_data_long.csv
    wildcards: treatment=E
    resources: tmpdir=/var/folders/dw/d0fxdqy942jc3trrhg2gvbnm0000gn/T

[Wed Nov  5 13:03:47 2025]
Finished jobid: 3 (Rule: case_study_sims)
1 of 4 steps (25%) done
Select jobs to execute...
Execute 1 jobs...
[Wed Nov  5 13:03:47 2025]
localrule process_case_study_sims:
    input: src/process_simrun.R, results/case_study_sims/E/E_data.csv, results/case_study_sims/E/E_data_long.csv
    output: results/case_study_sims/E/E_density_plot_df.csv, results/case_study_sims/E/E_frequency_plot_df.csv, results/case_study_sims/E/E_phases_plot_df.csv
    jobid: 2
    reason: Missing output files: results/case_study_sims/E/E_phases_plot_df.csv, results/case_study_sims/E/E_density_plot_df.csv, results/case_study_sims/E/E_frequency_plot_df.csv; Input files updated by another job: results/case_study_sims/E/E_data.csv, results/case_study_sims/E/E_data_long.csv
    wildcards: treatment=E
    resources: tmpdir=/var/folders/dw/d0fxdqy942jc3trrhg2gvbnm0000gn/T

RuleException:
CalledProcessError in file "/Users/liz/Documents/UW_Bio_PhD/Kerr_Lab/Plasmid_evolution/PETRI/Snakefile", line 63:
Command 'set -euo pipefail;  Rscript src/process_simrun.R --treatment E' returned non-zero exit status 1.
[Wed Nov  5 13:03:52 2025]
Error in rule process_case_study_sims:
    message: None
    jobid: 2
    input: src/process_simrun.R, results/case_study_sims/E/E_data.csv, results/case_study_sims/E/E_data_long.csv
    output: results/case_study_sims/E/E_density_plot_df.csv, results/case_study_sims/E/E_frequency_plot_df.csv, results/case_study_sims/E/E_phases_plot_df.csv
    shell:
        Rscript src/process_simrun.R --treatment E
        (command exited with non-zero exit code)
Shutting down, this might take some time.
Exiting because a job execution failed. Look below for error messages
[Wed Nov  5 13:03:52 2025]
Error in rule process_case_study_sims:
    message: None
    jobid: 2
    input: src/process_simrun.R, results/case_study_sims/E/E_data.csv, results/case_study_sims/E/E_data_long.csv
    output: results/case_study_sims/E/E_density_plot_df.csv, results/case_study_sims/E/E_frequency_plot_df.csv, results/case_study_sims/E/E_phases_plot_df.csv
    shell:
        Rscript src/process_simrun.R --treatment E
        (command exited with non-zero exit code)
Complete log(s): /Users/liz/Documents/UW_Bio_PhD/Kerr_Lab/Plasmid_evolution/PETRI/.snakemake/log/2025-11-05T130338.108993.snakemake.log
WorkflowError:
At least one job did not complete successfully.
