Assuming unrestricted shared filesystem usage.
None
host: Lizs-MacBook-Air-7.local
Building DAG of jobs...
Using shell: /bin/bash
Provided cores: 2
Rules claiming more threads will be scaled down.
Job stats:
job                count
---------------  -------
all                    1
case_study_sims        5
total                  6

Select jobs to execute...
Execute 2 jobs...
[Thu May 29 11:07:59 2025]
localrule case_study_sims:
    input: src/simrun_case_study.R, input_data/Treatments.csv
    output: results/case_study_sims/T2/T2_data.csv, results/case_study_sims/T2/T2_data_long.csv, results/case_study_sims/T2/T2_plot.pdf
    jobid: 2
    reason: Updated input files: src/simrun_case_study.R
    wildcards: treatment=T2
    resources: tmpdir=/var/folders/dw/d0fxdqy942jc3trrhg2gvbnm0000gn/T

[Thu May 29 11:07:59 2025]
localrule case_study_sims:
    input: src/simrun_case_study.R, input_data/Treatments.csv
    output: results/case_study_sims/T3/T3_data.csv, results/case_study_sims/T3/T3_data_long.csv, results/case_study_sims/T3/T3_plot.pdf
    jobid: 3
    reason: Updated input files: src/simrun_case_study.R
    wildcards: treatment=T3
    resources: tmpdir=/var/folders/dw/d0fxdqy942jc3trrhg2gvbnm0000gn/T

Select jobs to execute...
[Thu May 29 11:08:12 2025]
Finished jobid: 3 (Rule: case_study_sims)
1 of 6 steps (17%) done
Execute 1 jobs...
[Thu May 29 11:08:12 2025]
localrule case_study_sims:
    input: src/simrun_case_study.R, input_data/Treatments.csv
    output: results/case_study_sims/T1/T1_data.csv, results/case_study_sims/T1/T1_data_long.csv, results/case_study_sims/T1/T1_plot.pdf
    jobid: 1
    reason: Updated input files: src/simrun_case_study.R
    wildcards: treatment=T1
    resources: tmpdir=/var/folders/dw/d0fxdqy942jc3trrhg2gvbnm0000gn/T

Select jobs to execute...
[Thu May 29 11:08:13 2025]
Finished jobid: 2 (Rule: case_study_sims)
2 of 6 steps (33%) done
Execute 1 jobs...
[Thu May 29 11:08:13 2025]
localrule case_study_sims:
    input: src/simrun_case_study.R, input_data/Treatments.csv
    output: results/case_study_sims/T4/T4_data.csv, results/case_study_sims/T4/T4_data_long.csv, results/case_study_sims/T4/T4_plot.pdf
    jobid: 4
    reason: Updated input files: src/simrun_case_study.R
    wildcards: treatment=T4
    resources: tmpdir=/var/folders/dw/d0fxdqy942jc3trrhg2gvbnm0000gn/T

Select jobs to execute...
[Thu May 29 11:08:39 2025]
Finished jobid: 4 (Rule: case_study_sims)
3 of 6 steps (50%) done
Execute 1 jobs...
[Thu May 29 11:08:39 2025]
localrule case_study_sims:
    input: src/simrun_case_study.R, input_data/Treatments.csv
    output: results/case_study_sims/T5/T5_data.csv, results/case_study_sims/T5/T5_data_long.csv, results/case_study_sims/T5/T5_plot.pdf
    jobid: 5
    reason: Missing output files: results/case_study_sims/T5/T5_data_long.csv, results/case_study_sims/T5/T5_plot.pdf, results/case_study_sims/T5/T5_data.csv
    wildcards: treatment=T5
    resources: tmpdir=/var/folders/dw/d0fxdqy942jc3trrhg2gvbnm0000gn/T

[Thu May 29 11:08:48 2025]
Finished jobid: 1 (Rule: case_study_sims)
4 of 6 steps (67%) done
[Thu May 29 11:09:31 2025]
Finished jobid: 5 (Rule: case_study_sims)
5 of 6 steps (83%) done
Select jobs to execute...
Execute 1 jobs...
[Thu May 29 11:09:31 2025]
localrule all:
    input: results/case_study_sims/T1/T1_data.csv, results/case_study_sims/T2/T2_data.csv, results/case_study_sims/T3/T3_data.csv, results/case_study_sims/T4/T4_data.csv, results/case_study_sims/T5/T5_data.csv, results/case_study_sims/T1/T1_data_long.csv, results/case_study_sims/T2/T2_data_long.csv, results/case_study_sims/T3/T3_data_long.csv, results/case_study_sims/T4/T4_data_long.csv, results/case_study_sims/T5/T5_data_long.csv, results/case_study_sims/T1/T1_plot.pdf, results/case_study_sims/T2/T2_plot.pdf, results/case_study_sims/T3/T3_plot.pdf, results/case_study_sims/T4/T4_plot.pdf, results/case_study_sims/T5/T5_plot.pdf
    jobid: 0
    reason: Input files updated by another job: results/case_study_sims/T5/T5_data_long.csv, results/case_study_sims/T1/T1_data.csv, results/case_study_sims/T4/T4_plot.pdf, results/case_study_sims/T5/T5_plot.pdf, results/case_study_sims/T5/T5_data.csv, results/case_study_sims/T3/T3_plot.pdf, results/case_study_sims/T3/T3_data.csv, results/case_study_sims/T2/T2_data.csv, results/case_study_sims/T2/T2_plot.pdf, results/case_study_sims/T1/T1_plot.pdf, results/case_study_sims/T4/T4_data_long.csv, results/case_study_sims/T3/T3_data_long.csv, results/case_study_sims/T1/T1_data_long.csv, results/case_study_sims/T2/T2_data_long.csv, results/case_study_sims/T4/T4_data.csv
    resources: tmpdir=/var/folders/dw/d0fxdqy942jc3trrhg2gvbnm0000gn/T

[Thu May 29 11:09:31 2025]
Finished jobid: 0 (Rule: all)
6 of 6 steps (100%) done
Complete log(s): /Users/liz/Documents/UW_Bio_PhD/Kerr_Lab/Plasmid_evolution/PETRI/.snakemake/log/2025-05-29T110758.859842.snakemake.log
