Assuming unrestricted shared filesystem usage.
None
host: Lizs-MacBook-Air-9.local
Building DAG of jobs...
Using shell: /bin/bash
Provided cores: 4
Rules claiming more threads will be scaled down.
Job stats:
job                        count
-----------------------  -------
all                            1
case_study_sims                1
plot_case_study_sims           1
process_case_study_sims        1
total                          4

Select jobs to execute...
Execute 1 jobs...
[Thu Nov 20 14:18:43 2025]
localrule case_study_sims:
    input: src/simrun_case_study_snakemake.R, input_data/Treatments_case_study.csv
    output: results/case_study_sims/A.2_full/A.2_full_data.csv, results/case_study_sims/A.2_full/A.2_full_data_long.csv, results/case_study_sims/A.2_full/A.2_full_sim_plot.pdf
    jobid: 3
    reason: Updated input files: input_data/Treatments_case_study.csv
    wildcards: treatment=A.2_full
    resources: tmpdir=/var/folders/dw/d0fxdqy942jc3trrhg2gvbnm0000gn/T

[Thu Nov 20 14:18:50 2025]
Finished jobid: 3 (Rule: case_study_sims)
1 of 4 steps (25%) done
Select jobs to execute...
Execute 1 jobs...
[Thu Nov 20 14:18:50 2025]
localrule process_case_study_sims:
    input: src/process_simrun.R, results/case_study_sims/A.2_full/A.2_full_data.csv, results/case_study_sims/A.2_full/A.2_full_data_long.csv
    output: results/case_study_sims/A.2_full/A.2_full_density_plot_df.csv, results/case_study_sims/A.2_full/A.2_full_frequency_plot_df.csv, results/case_study_sims/A.2_full/A.2_full_phases_plot_df.csv
    jobid: 2
    reason: Input files updated by another job: results/case_study_sims/A.2_full/A.2_full_data.csv, results/case_study_sims/A.2_full/A.2_full_data_long.csv
    wildcards: treatment=A.2_full
    resources: tmpdir=/var/folders/dw/d0fxdqy942jc3trrhg2gvbnm0000gn/T

[Thu Nov 20 14:18:54 2025]
Finished jobid: 2 (Rule: process_case_study_sims)
2 of 4 steps (50%) done
Select jobs to execute...
Execute 1 jobs...
[Thu Nov 20 14:18:54 2025]
localrule plot_case_study_sims:
    input: src/plot_simrun_snakemake.R, results/case_study_sims/A.2_full/A.2_full_density_plot_df.csv, results/case_study_sims/A.2_full/A.2_full_frequency_plot_df.csv, results/case_study_sims/A.2_full/A.2_full_phases_plot_df.csv
    output: results/case_study_sims/A.2_full/A.2_full_density_plot.pdf, results/case_study_sims/A.2_full/A.2_full_frequency_plot.pdf
    jobid: 1
    reason: Input files updated by another job: results/case_study_sims/A.2_full/A.2_full_frequency_plot_df.csv, results/case_study_sims/A.2_full/A.2_full_density_plot_df.csv, results/case_study_sims/A.2_full/A.2_full_phases_plot_df.csv
    wildcards: treatment=A.2_full
    resources: tmpdir=/var/folders/dw/d0fxdqy942jc3trrhg2gvbnm0000gn/T

[Thu Nov 20 14:18:59 2025]
Finished jobid: 1 (Rule: plot_case_study_sims)
3 of 4 steps (75%) done
Select jobs to execute...
Execute 1 jobs...
[Thu Nov 20 14:18:59 2025]
localrule all:
    input: results/case_study_sims/A.2_full/A.2_full_density_plot.pdf, results/case_study_sims/A.2_full/A.2_full_frequency_plot.pdf
    jobid: 0
    reason: Input files updated by another job: results/case_study_sims/A.2_full/A.2_full_density_plot.pdf, results/case_study_sims/A.2_full/A.2_full_frequency_plot.pdf
    resources: tmpdir=/var/folders/dw/d0fxdqy942jc3trrhg2gvbnm0000gn/T

[Thu Nov 20 14:18:59 2025]
Finished jobid: 0 (Rule: all)
4 of 4 steps (100%) done
Complete log(s): /Users/liz/Documents/UW_Bio_PhD/Kerr_Lab/Plasmid_evolution/PETRI/.snakemake/log/2025-11-20T141843.850875.snakemake.log
