Assuming unrestricted shared filesystem usage.
None
host: Lizs-MacBook-Air-7.local
Building DAG of jobs...
Using shell: /bin/bash
Provided cores: 2
Rules claiming more threads will be scaled down.
Job stats:
job                count
---------------  -------
all                    1
case_study_sims        2
total                  3

Select jobs to execute...
Execute 2 jobs...
[Wed Jul  2 12:56:53 2025]
localrule case_study_sims:
    input: src/simrun_case_study.R, input_data/Treatments_case_study.csv
    output: results/case_study_sims/A/A_data.csv, results/case_study_sims/A/A_data_long.csv, results/case_study_sims/A/A_plot.pdf
    jobid: 1
    reason: Missing output files: results/case_study_sims/A/A_plot.pdf; Code has changed since last execution; Params have changed since last execution: Union of exclusive params before and now across all output: before: 'gray40','#8A407A','#8394F6' now: '{"p_Anc": "#8394F6", "p_Mut": "#8A407A", "p_F": "gray40"}' 
    wildcards: treatment=A
    resources: tmpdir=/var/folders/dw/d0fxdqy942jc3trrhg2gvbnm0000gn/T

[Wed Jul  2 12:56:53 2025]
localrule case_study_sims:
    input: src/simrun_case_study.R, input_data/Treatments_case_study.csv
    output: results/case_study_sims/C/C_data.csv, results/case_study_sims/C/C_data_long.csv, results/case_study_sims/C/C_plot.pdf
    jobid: 2
    reason: Missing output files: results/case_study_sims/C/C_plot.pdf; Code has changed since last execution; Params have changed since last execution: Union of exclusive params before and now across all output: before: 'gray40','#8A407A','#8394F6' now: '{"p_Anc": "#8394F6", "p_Mut": "#8A407A", "p_F": "gray40"}' 
    wildcards: treatment=C
    resources: tmpdir=/var/folders/dw/d0fxdqy942jc3trrhg2gvbnm0000gn/T

[Wed Jul  2 12:57:06 2025]
Finished jobid: 2 (Rule: case_study_sims)
1 of 3 steps (33%) done
[Wed Jul  2 12:57:13 2025]
Finished jobid: 1 (Rule: case_study_sims)
2 of 3 steps (67%) done
Select jobs to execute...
Execute 1 jobs...
[Wed Jul  2 12:57:13 2025]
localrule all:
    input: results/case_study_sims/A/A_plot.pdf, results/case_study_sims/C/C_plot.pdf
    jobid: 0
    reason: Input files updated by another job: results/case_study_sims/A/A_plot.pdf, results/case_study_sims/C/C_plot.pdf
    resources: tmpdir=/var/folders/dw/d0fxdqy942jc3trrhg2gvbnm0000gn/T

[Wed Jul  2 12:57:13 2025]
Finished jobid: 0 (Rule: all)
3 of 3 steps (100%) done
Complete log(s): /Users/liz/Documents/UW_Bio_PhD/Kerr_Lab/Plasmid_evolution/PETRI/.snakemake/log/2025-07-02T125652.056499.snakemake.log
