Assuming unrestricted shared filesystem usage.
None
host: Lizs-MacBook-Air-7.local
Building DAG of jobs...
Using shell: /bin/bash
Provided cores: 2
Rules claiming more threads will be scaled down.
Job stats:
job                count
---------------  -------
all                    1
case_study_sims        2
total                  3

Select jobs to execute...
Execute 2 jobs...
[Mon May 12 16:12:16 2025]
localrule case_study_sims:
    input: src/simrun_case_study.R, input_data/Treatments.csv
    output: results/case_study_sims/T1/T1_data.csv, results/case_study_sims/T1/T1_data_long.csv, results/case_study_sims/T1/T1_plot.pdf
    jobid: 1
    reason: Set of input files has changed since last execution
    wildcards: treatment=T1
    resources: tmpdir=/var/folders/dw/d0fxdqy942jc3trrhg2gvbnm0000gn/T

[Mon May 12 16:12:16 2025]
localrule case_study_sims:
    input: src/simrun_case_study.R, input_data/Treatments.csv
    output: results/case_study_sims/T2/T2_data.csv, results/case_study_sims/T2/T2_data_long.csv, results/case_study_sims/T2/T2_plot.pdf
    jobid: 2
    reason: Missing output files: results/case_study_sims/T2/T2_plot.pdf, results/case_study_sims/T2/T2_data_long.csv, results/case_study_sims/T2/T2_data.csv
    wildcards: treatment=T2
    resources: tmpdir=/var/folders/dw/d0fxdqy942jc3trrhg2gvbnm0000gn/T

[Mon May 12 16:12:30 2025]
Finished jobid: 2 (Rule: case_study_sims)
1 of 3 steps (33%) done
[Mon May 12 16:12:35 2025]
Finished jobid: 1 (Rule: case_study_sims)
2 of 3 steps (67%) done
Select jobs to execute...
Execute 1 jobs...
[Mon May 12 16:12:35 2025]
localrule all:
    input: results/case_study_sims/T1/T1_data.csv, results/case_study_sims/T2/T2_data.csv, results/case_study_sims/T1/T1_data_long.csv, results/case_study_sims/T2/T2_data_long.csv, results/case_study_sims/T1/T1_plot.pdf, results/case_study_sims/T2/T2_plot.pdf
    jobid: 0
    reason: Input files updated by another job: results/case_study_sims/T2/T2_plot.pdf, results/case_study_sims/T1/T1_data.csv, results/case_study_sims/T1/T1_data_long.csv, results/case_study_sims/T1/T1_plot.pdf, results/case_study_sims/T2/T2_data_long.csv, results/case_study_sims/T2/T2_data.csv
    resources: tmpdir=/var/folders/dw/d0fxdqy942jc3trrhg2gvbnm0000gn/T

[Mon May 12 16:12:35 2025]
Finished jobid: 0 (Rule: all)
3 of 3 steps (100%) done
Complete log(s): /Users/liz/Documents/UW_Bio_PhD/Kerr_Lab/Plasmid_evolution/PETRI/.snakemake/log/2025-05-12T161202.282112.snakemake.log
