Assuming unrestricted shared filesystem usage.
None
host: Lizs-MacBook-Air-8.local
Building DAG of jobs...
Using shell: /bin/bash
Provided cores: 4
Rules claiming more threads will be scaled down.
Job stats:
job                        count
-----------------------  -------
all                            1
case_study_sims                6
plot_case_study_sims           7
process_case_study_sims        7
total                         21

Select jobs to execute...
Execute 4 jobs...
[Tue Nov  4 20:35:22 2025]
localrule case_study_sims:
    input: src/simrun_case_study_snakemake.R, input_data/Treatments_case_study.csv
    output: results/case_study_sims/A.2/A.2_data.csv, results/case_study_sims/A.2/A.2_data_long.csv, results/case_study_sims/A.2/A.2_sim_plot.pdf
    jobid: 3
    reason: Updated input files: input_data/Treatments_case_study.csv
    wildcards: treatment=A.2
    resources: tmpdir=/var/folders/dw/d0fxdqy942jc3trrhg2gvbnm0000gn/T

[Tue Nov  4 20:35:22 2025]
localrule case_study_sims:
    input: src/simrun_case_study_snakemake.R, input_data/Treatments_case_study.csv
    output: results/case_study_sims/F/F_data.csv, results/case_study_sims/F/F_data_long.csv, results/case_study_sims/F/F_sim_plot.pdf
    jobid: 18
    reason: Updated input files: input_data/Treatments_case_study.csv
    wildcards: treatment=F
    resources: tmpdir=/var/folders/dw/d0fxdqy942jc3trrhg2gvbnm0000gn/T

[Tue Nov  4 20:35:23 2025]
localrule case_study_sims:
    input: src/simrun_case_study_snakemake.R, input_data/Treatments_case_study.csv
    output: results/case_study_sims/E/E_data.csv, results/case_study_sims/E/E_data_long.csv, results/case_study_sims/E/E_sim_plot.pdf
    jobid: 15
    reason: Updated input files: input_data/Treatments_case_study.csv
    wildcards: treatment=E
    resources: tmpdir=/var/folders/dw/d0fxdqy942jc3trrhg2gvbnm0000gn/T

[Tue Nov  4 20:35:23 2025]
localrule case_study_sims:
    input: src/simrun_case_study_snakemake.R, input_data/Treatments_case_study.csv
    output: results/case_study_sims/A.2_full/A.2_full_data.csv, results/case_study_sims/A.2_full/A.2_full_data_long.csv, results/case_study_sims/A.2_full/A.2_full_sim_plot.pdf
    jobid: 6
    reason: Updated input files: input_data/Treatments_case_study.csv
    wildcards: treatment=A.2_full
    resources: tmpdir=/var/folders/dw/d0fxdqy942jc3trrhg2gvbnm0000gn/T

Select jobs to execute...
[Tue Nov  4 20:35:31 2025]
Finished jobid: 3 (Rule: case_study_sims)
1 of 21 steps (5%) done
Execute 1 jobs...
[Tue Nov  4 20:35:31 2025]
localrule case_study_sims:
    input: src/simrun_case_study_snakemake.R, input_data/Treatments_case_study.csv
    output: results/case_study_sims/C.2/C.2_data.csv, results/case_study_sims/C.2/C.2_data_long.csv, results/case_study_sims/C.2/C.2_sim_plot.pdf
    jobid: 9
    reason: Updated input files: input_data/Treatments_case_study.csv
    wildcards: treatment=C.2
    resources: tmpdir=/var/folders/dw/d0fxdqy942jc3trrhg2gvbnm0000gn/T

Select jobs to execute...
[Tue Nov  4 20:35:32 2025]
Finished jobid: 6 (Rule: case_study_sims)
2 of 21 steps (10%) done
Execute 1 jobs...
[Tue Nov  4 20:35:32 2025]
localrule process_case_study_sims:
    input: src/process_simrun.R, results/case_study_sims/A.2/A.2_data.csv, results/case_study_sims/A.2/A.2_data_long.csv
    output: results/case_study_sims/A.2/A.2_density_plot_df.csv, results/case_study_sims/A.2/A.2_frequency_plot_df.csv, results/case_study_sims/A.2/A.2_phases_plot_df.csv
    jobid: 2
    reason: Input files updated by another job: results/case_study_sims/A.2/A.2_data_long.csv, results/case_study_sims/A.2/A.2_data.csv
    wildcards: treatment=A.2
    resources: tmpdir=/var/folders/dw/d0fxdqy942jc3trrhg2gvbnm0000gn/T

Select jobs to execute...
[Tue Nov  4 20:35:36 2025]
Finished jobid: 15 (Rule: case_study_sims)
3 of 21 steps (14%) done
Execute 1 jobs...
[Tue Nov  4 20:35:36 2025]
localrule process_case_study_sims:
    input: src/process_simrun.R, results/case_study_sims/E/E_data.csv, results/case_study_sims/E/E_data_long.csv
    output: results/case_study_sims/E/E_density_plot_df.csv, results/case_study_sims/E/E_frequency_plot_df.csv, results/case_study_sims/E/E_phases_plot_df.csv
    jobid: 14
    reason: Input files updated by another job: results/case_study_sims/E/E_data_long.csv, results/case_study_sims/E/E_data.csv
    wildcards: treatment=E
    resources: tmpdir=/var/folders/dw/d0fxdqy942jc3trrhg2gvbnm0000gn/T

Select jobs to execute...
[Tue Nov  4 20:35:38 2025]
Finished jobid: 2 (Rule: process_case_study_sims)
4 of 21 steps (19%) done
Execute 1 jobs...
[Tue Nov  4 20:35:38 2025]
localrule plot_case_study_sims:
    input: src/plot_simrun_snakemake.R, results/case_study_sims/A.2/A.2_density_plot_df.csv, results/case_study_sims/A.2/A.2_frequency_plot_df.csv, results/case_study_sims/A.2/A.2_phases_plot_df.csv
    output: results/case_study_sims/A.2/A.2_density_plot.pdf, results/case_study_sims/A.2/A.2_frequency_plot.pdf
    jobid: 1
    reason: Input files updated by another job: results/case_study_sims/A.2/A.2_phases_plot_df.csv, results/case_study_sims/A.2/A.2_density_plot_df.csv, results/case_study_sims/A.2/A.2_frequency_plot_df.csv
    wildcards: treatment=A.2
    resources: tmpdir=/var/folders/dw/d0fxdqy942jc3trrhg2gvbnm0000gn/T

Select jobs to execute...
[Tue Nov  4 20:35:40 2025]
Finished jobid: 9 (Rule: case_study_sims)
5 of 21 steps (24%) done
Execute 1 jobs...
[Tue Nov  4 20:35:40 2025]
localrule process_case_study_sims:
    input: src/process_simrun.R, results/case_study_sims/O/O_data.csv, results/case_study_sims/O/O_data_long.csv
    output: results/case_study_sims/O/O_density_plot_df.csv, results/case_study_sims/O/O_frequency_plot_df.csv, results/case_study_sims/O/O_phases_plot_df.csv
    jobid: 20
    reason: Missing output files: results/case_study_sims/O/O_density_plot_df.csv, results/case_study_sims/O/O_frequency_plot_df.csv, results/case_study_sims/O/O_phases_plot_df.csv
    wildcards: treatment=O
    resources: tmpdir=/var/folders/dw/d0fxdqy942jc3trrhg2gvbnm0000gn/T

Select jobs to execute...
[Tue Nov  4 20:35:42 2025]
Finished jobid: 14 (Rule: process_case_study_sims)
6 of 21 steps (29%) done
Execute 1 jobs...
[Tue Nov  4 20:35:42 2025]
localrule case_study_sims:
    input: src/simrun_case_study_snakemake.R, input_data/Treatments_case_study.csv
    output: results/case_study_sims/C.2_full/C.2_full_data.csv, results/case_study_sims/C.2_full/C.2_full_data_long.csv, results/case_study_sims/C.2_full/C.2_full_sim_plot.pdf
    jobid: 12
    reason: Updated input files: input_data/Treatments_case_study.csv
    wildcards: treatment=C.2_full
    resources: tmpdir=/var/folders/dw/d0fxdqy942jc3trrhg2gvbnm0000gn/T

Select jobs to execute...
[Tue Nov  4 20:35:45 2025]
Finished jobid: 1 (Rule: plot_case_study_sims)
7 of 21 steps (33%) done
Execute 1 jobs...
[Tue Nov  4 20:35:45 2025]
localrule process_case_study_sims:
    input: src/process_simrun.R, results/case_study_sims/C.2/C.2_data.csv, results/case_study_sims/C.2/C.2_data_long.csv
    output: results/case_study_sims/C.2/C.2_density_plot_df.csv, results/case_study_sims/C.2/C.2_frequency_plot_df.csv, results/case_study_sims/C.2/C.2_phases_plot_df.csv
    jobid: 8
    reason: Input files updated by another job: results/case_study_sims/C.2/C.2_data.csv, results/case_study_sims/C.2/C.2_data_long.csv
    wildcards: treatment=C.2
    resources: tmpdir=/var/folders/dw/d0fxdqy942jc3trrhg2gvbnm0000gn/T

Select jobs to execute...
[Tue Nov  4 20:35:46 2025]
Finished jobid: 18 (Rule: case_study_sims)
8 of 21 steps (38%) done
Execute 1 jobs...
[Tue Nov  4 20:35:46 2025]
localrule process_case_study_sims:
    input: src/process_simrun.R, results/case_study_sims/F/F_data.csv, results/case_study_sims/F/F_data_long.csv
    output: results/case_study_sims/F/F_density_plot_df.csv, results/case_study_sims/F/F_frequency_plot_df.csv, results/case_study_sims/F/F_phases_plot_df.csv
    jobid: 17
    reason: Input files updated by another job: results/case_study_sims/F/F_data_long.csv, results/case_study_sims/F/F_data.csv
    wildcards: treatment=F
    resources: tmpdir=/var/folders/dw/d0fxdqy942jc3trrhg2gvbnm0000gn/T

Select jobs to execute...
[Tue Nov  4 20:35:48 2025]
Finished jobid: 20 (Rule: process_case_study_sims)
9 of 21 steps (43%) done
Execute 1 jobs...
[Tue Nov  4 20:35:48 2025]
localrule plot_case_study_sims:
    input: src/plot_simrun_snakemake.R, results/case_study_sims/O/O_density_plot_df.csv, results/case_study_sims/O/O_frequency_plot_df.csv, results/case_study_sims/O/O_phases_plot_df.csv
    output: results/case_study_sims/O/O_density_plot.pdf, results/case_study_sims/O/O_frequency_plot.pdf
    jobid: 19
    reason: Missing output files: results/case_study_sims/O/O_density_plot.pdf, results/case_study_sims/O/O_frequency_plot.pdf; Input files updated by another job: results/case_study_sims/O/O_density_plot_df.csv, results/case_study_sims/O/O_frequency_plot_df.csv, results/case_study_sims/O/O_phases_plot_df.csv
    wildcards: treatment=O
    resources: tmpdir=/var/folders/dw/d0fxdqy942jc3trrhg2gvbnm0000gn/T

Select jobs to execute...
[Tue Nov  4 20:35:51 2025]
Finished jobid: 8 (Rule: process_case_study_sims)
10 of 21 steps (48%) done
Execute 1 jobs...
[Tue Nov  4 20:35:51 2025]
localrule process_case_study_sims:
    input: src/process_simrun.R, results/case_study_sims/A.2_full/A.2_full_data.csv, results/case_study_sims/A.2_full/A.2_full_data_long.csv
    output: results/case_study_sims/A.2_full/A.2_full_density_plot_df.csv, results/case_study_sims/A.2_full/A.2_full_frequency_plot_df.csv, results/case_study_sims/A.2_full/A.2_full_phases_plot_df.csv
    jobid: 5
    reason: Input files updated by another job: results/case_study_sims/A.2_full/A.2_full_data_long.csv, results/case_study_sims/A.2_full/A.2_full_data.csv
    wildcards: treatment=A.2_full
    resources: tmpdir=/var/folders/dw/d0fxdqy942jc3trrhg2gvbnm0000gn/T

Select jobs to execute...
[Tue Nov  4 20:35:53 2025]
Finished jobid: 17 (Rule: process_case_study_sims)
11 of 21 steps (52%) done
Execute 1 jobs...
[Tue Nov  4 20:35:53 2025]
localrule plot_case_study_sims:
    input: src/plot_simrun_snakemake.R, results/case_study_sims/C.2/C.2_density_plot_df.csv, results/case_study_sims/C.2/C.2_frequency_plot_df.csv, results/case_study_sims/C.2/C.2_phases_plot_df.csv
    output: results/case_study_sims/C.2/C.2_density_plot.pdf, results/case_study_sims/C.2/C.2_frequency_plot.pdf
    jobid: 7
    reason: Input files updated by another job: results/case_study_sims/C.2/C.2_frequency_plot_df.csv, results/case_study_sims/C.2/C.2_density_plot_df.csv, results/case_study_sims/C.2/C.2_phases_plot_df.csv
    wildcards: treatment=C.2
    resources: tmpdir=/var/folders/dw/d0fxdqy942jc3trrhg2gvbnm0000gn/T

Select jobs to execute...
[Tue Nov  4 20:35:56 2025]
Finished jobid: 19 (Rule: plot_case_study_sims)
12 of 21 steps (57%) done
Execute 1 jobs...
[Tue Nov  4 20:35:56 2025]
localrule plot_case_study_sims:
    input: src/plot_simrun_snakemake.R, results/case_study_sims/F/F_density_plot_df.csv, results/case_study_sims/F/F_frequency_plot_df.csv, results/case_study_sims/F/F_phases_plot_df.csv
    output: results/case_study_sims/F/F_density_plot.pdf, results/case_study_sims/F/F_frequency_plot.pdf
    jobid: 16
    reason: Input files updated by another job: results/case_study_sims/F/F_density_plot_df.csv, results/case_study_sims/F/F_phases_plot_df.csv, results/case_study_sims/F/F_frequency_plot_df.csv
    wildcards: treatment=F
    resources: tmpdir=/var/folders/dw/d0fxdqy942jc3trrhg2gvbnm0000gn/T

Select jobs to execute...
[Tue Nov  4 20:35:57 2025]
Finished jobid: 5 (Rule: process_case_study_sims)
13 of 21 steps (62%) done
Execute 1 jobs...
[Tue Nov  4 20:35:57 2025]
localrule plot_case_study_sims:
    input: src/plot_simrun_snakemake.R, results/case_study_sims/A.2_full/A.2_full_density_plot_df.csv, results/case_study_sims/A.2_full/A.2_full_frequency_plot_df.csv, results/case_study_sims/A.2_full/A.2_full_phases_plot_df.csv
    output: results/case_study_sims/A.2_full/A.2_full_density_plot.pdf, results/case_study_sims/A.2_full/A.2_full_frequency_plot.pdf
    jobid: 4
    reason: Input files updated by another job: results/case_study_sims/A.2_full/A.2_full_density_plot_df.csv, results/case_study_sims/A.2_full/A.2_full_phases_plot_df.csv, results/case_study_sims/A.2_full/A.2_full_frequency_plot_df.csv
    wildcards: treatment=A.2_full
    resources: tmpdir=/var/folders/dw/d0fxdqy942jc3trrhg2gvbnm0000gn/T

Select jobs to execute...
[Tue Nov  4 20:36:00 2025]
Finished jobid: 12 (Rule: case_study_sims)
14 of 21 steps (67%) done
Execute 1 jobs...
[Tue Nov  4 20:36:00 2025]
localrule process_case_study_sims:
    input: src/process_simrun.R, results/case_study_sims/C.2_full/C.2_full_data.csv, results/case_study_sims/C.2_full/C.2_full_data_long.csv
    output: results/case_study_sims/C.2_full/C.2_full_density_plot_df.csv, results/case_study_sims/C.2_full/C.2_full_frequency_plot_df.csv, results/case_study_sims/C.2_full/C.2_full_phases_plot_df.csv
    jobid: 11
    reason: Input files updated by another job: results/case_study_sims/C.2_full/C.2_full_data.csv, results/case_study_sims/C.2_full/C.2_full_data_long.csv
    wildcards: treatment=C.2_full
    resources: tmpdir=/var/folders/dw/d0fxdqy942jc3trrhg2gvbnm0000gn/T

Select jobs to execute...
[Tue Nov  4 20:36:00 2025]
Finished jobid: 7 (Rule: plot_case_study_sims)
15 of 21 steps (71%) done
Execute 1 jobs...
[Tue Nov  4 20:36:00 2025]
localrule plot_case_study_sims:
    input: src/plot_simrun_snakemake.R, results/case_study_sims/E/E_density_plot_df.csv, results/case_study_sims/E/E_frequency_plot_df.csv, results/case_study_sims/E/E_phases_plot_df.csv
    output: results/case_study_sims/E/E_density_plot.pdf, results/case_study_sims/E/E_frequency_plot.pdf
    jobid: 13
    reason: Input files updated by another job: results/case_study_sims/E/E_phases_plot_df.csv, results/case_study_sims/E/E_density_plot_df.csv, results/case_study_sims/E/E_frequency_plot_df.csv
    wildcards: treatment=E
    resources: tmpdir=/var/folders/dw/d0fxdqy942jc3trrhg2gvbnm0000gn/T

[Tue Nov  4 20:36:04 2025]
Finished jobid: 4 (Rule: plot_case_study_sims)
16 of 21 steps (76%) done
[Tue Nov  4 20:36:05 2025]
Finished jobid: 16 (Rule: plot_case_study_sims)
17 of 21 steps (81%) done
[Tue Nov  4 20:36:06 2025]
Finished jobid: 11 (Rule: process_case_study_sims)
18 of 21 steps (86%) done
Select jobs to execute...
Execute 1 jobs...
[Tue Nov  4 20:36:06 2025]
localrule plot_case_study_sims:
    input: src/plot_simrun_snakemake.R, results/case_study_sims/C.2_full/C.2_full_density_plot_df.csv, results/case_study_sims/C.2_full/C.2_full_frequency_plot_df.csv, results/case_study_sims/C.2_full/C.2_full_phases_plot_df.csv
    output: results/case_study_sims/C.2_full/C.2_full_density_plot.pdf, results/case_study_sims/C.2_full/C.2_full_frequency_plot.pdf
    jobid: 10
    reason: Input files updated by another job: results/case_study_sims/C.2_full/C.2_full_frequency_plot_df.csv, results/case_study_sims/C.2_full/C.2_full_phases_plot_df.csv, results/case_study_sims/C.2_full/C.2_full_density_plot_df.csv
    wildcards: treatment=C.2_full
    resources: tmpdir=/var/folders/dw/d0fxdqy942jc3trrhg2gvbnm0000gn/T

[Tue Nov  4 20:36:07 2025]
Finished jobid: 13 (Rule: plot_case_study_sims)
19 of 21 steps (90%) done
[Tue Nov  4 20:36:12 2025]
Finished jobid: 10 (Rule: plot_case_study_sims)
20 of 21 steps (95%) done
Select jobs to execute...
Execute 1 jobs...
[Tue Nov  4 20:36:12 2025]
localrule all:
    input: results/case_study_sims/A.2/A.2_density_plot.pdf, results/case_study_sims/A.2_full/A.2_full_density_plot.pdf, results/case_study_sims/C.2/C.2_density_plot.pdf, results/case_study_sims/C.2_full/C.2_full_density_plot.pdf, results/case_study_sims/E/E_density_plot.pdf, results/case_study_sims/F/F_density_plot.pdf, results/case_study_sims/O/O_density_plot.pdf, results/case_study_sims/A.2/A.2_frequency_plot.pdf, results/case_study_sims/A.2_full/A.2_full_frequency_plot.pdf, results/case_study_sims/C.2/C.2_frequency_plot.pdf, results/case_study_sims/C.2_full/C.2_full_frequency_plot.pdf, results/case_study_sims/E/E_frequency_plot.pdf, results/case_study_sims/F/F_frequency_plot.pdf, results/case_study_sims/O/O_frequency_plot.pdf
    jobid: 0
    reason: Input files updated by another job: results/case_study_sims/F/F_density_plot.pdf, results/case_study_sims/A.2_full/A.2_full_density_plot.pdf, results/case_study_sims/A.2_full/A.2_full_frequency_plot.pdf, results/case_study_sims/C.2/C.2_frequency_plot.pdf, results/case_study_sims/E/E_frequency_plot.pdf, results/case_study_sims/C.2_full/C.2_full_frequency_plot.pdf, results/case_study_sims/O/O_frequency_plot.pdf, results/case_study_sims/C.2_full/C.2_full_density_plot.pdf, results/case_study_sims/F/F_frequency_plot.pdf, results/case_study_sims/O/O_density_plot.pdf, results/case_study_sims/E/E_density_plot.pdf, results/case_study_sims/C.2/C.2_density_plot.pdf, results/case_study_sims/A.2/A.2_density_plot.pdf, results/case_study_sims/A.2/A.2_frequency_plot.pdf
    resources: tmpdir=/var/folders/dw/d0fxdqy942jc3trrhg2gvbnm0000gn/T

[Tue Nov  4 20:36:12 2025]
Finished jobid: 0 (Rule: all)
21 of 21 steps (100%) done
Complete log(s): /Users/liz/Documents/UW_Bio_PhD/Kerr_Lab/Plasmid_evolution/PETRI/.snakemake/log/2025-11-04T203522.773934.snakemake.log
