Assuming unrestricted shared filesystem usage.
None
host: Lizs-MacBook-Air-9.local
Building DAG of jobs...
Using shell: /bin/bash
Provided cores: 6
Rules claiming more threads will be scaled down.
Job stats:
job               count
--------------  -------
all                   1
plot_psweep           1
process_psweep        1
psweep_sims           1
total                 4

Select jobs to execute...
Execute 1 jobs...
[Wed Dec  3 11:20:47 2025]
localrule psweep_sims:
    input: src/simrun_psweep.R, input_data/Treatments_parameter_sweep.csv
    output: results/parameter_sweeps/pHFC.l_DimF/pHFC.l_DimF_out.csv
    jobid: 12
    reason: Missing output files: results/parameter_sweeps/pHFC.l_DimF/pHFC.l_DimF_out.csv
    wildcards: psweep=pHFC.l_DimF
    threads: 5
    resources: tmpdir=/var/folders/dw/d0fxdqy942jc3trrhg2gvbnm0000gn/T

RuleException:
CalledProcessError in file "/Users/liz/Documents/UW_Bio_PhD/Kerr_Lab/Plasmid_evolution/PETRI/Snakefile", line 127:
Command 'set -euo pipefail;  
    Rscript src/simrun_psweep.R       --psweepsetting pHFC.l_DimF       --threads 5' returned non-zero exit status 1.
[Wed Dec  3 11:21:46 2025]
Error in rule psweep_sims:
    message: None
    jobid: 12
    input: src/simrun_psweep.R, input_data/Treatments_parameter_sweep.csv
    output: results/parameter_sweeps/pHFC.l_DimF/pHFC.l_DimF_out.csv
    shell:
        
    Rscript src/simrun_psweep.R       --psweepsetting pHFC.l_DimF       --threads 5
    
        (command exited with non-zero exit code)
Shutting down, this might take some time.
Exiting because a job execution failed. Look below for error messages
[Wed Dec  3 11:21:46 2025]
Error in rule psweep_sims:
    message: None
    jobid: 12
    input: src/simrun_psweep.R, input_data/Treatments_parameter_sweep.csv
    output: results/parameter_sweeps/pHFC.l_DimF/pHFC.l_DimF_out.csv
    shell:
        
    Rscript src/simrun_psweep.R       --psweepsetting pHFC.l_DimF       --threads 5
    
        (command exited with non-zero exit code)
Complete log(s): /Users/liz/Documents/UW_Bio_PhD/Kerr_Lab/Plasmid_evolution/PETRI/.snakemake/log/2025-12-03T112046.922932.snakemake.log
WorkflowError:
At least one job did not complete successfully.
