Assuming unrestricted shared filesystem usage.
None
host: Lizs-MacBook-Air-7.local
Building DAG of jobs...
Using shell: /bin/bash
Provided cores: 2
Rules claiming more threads will be scaled down.
Job stats:
job                count
---------------  -------
all                    1
case_study_sims        4
total                  5

Select jobs to execute...
Execute 2 jobs...
[Wed May 28 13:12:59 2025]
localrule case_study_sims:
    input: src/simrun_case_study.R, input_data/Treatments.csv
    output: results/case_study_sims/T4/T4_data.csv, results/case_study_sims/T4/T4_data_long.csv, results/case_study_sims/T4/T4_plot.pdf
    jobid: 4
    reason: Updated input files: src/simrun_case_study.R
    wildcards: treatment=T4
    resources: tmpdir=/var/folders/dw/d0fxdqy942jc3trrhg2gvbnm0000gn/T

[Wed May 28 13:12:59 2025]
localrule case_study_sims:
    input: src/simrun_case_study.R, input_data/Treatments.csv
    output: results/case_study_sims/T3/T3_data.csv, results/case_study_sims/T3/T3_data_long.csv, results/case_study_sims/T3/T3_plot.pdf
    jobid: 3
    reason: Updated input files: src/simrun_case_study.R
    wildcards: treatment=T3
    resources: tmpdir=/var/folders/dw/d0fxdqy942jc3trrhg2gvbnm0000gn/T

Select jobs to execute...
RuleException:
CalledProcessError in file "/Users/liz/Documents/UW_Bio_PhD/Kerr_Lab/Plasmid_evolution/PETRI/Snakefile", line 21:
Command 'set -euo pipefail;  Rscript src/simrun_case_study.R --treatment T3' returned non-zero exit status 1.
[Wed May 28 13:13:05 2025]
Error in rule case_study_sims:
    message: None
    jobid: 3
    input: src/simrun_case_study.R, input_data/Treatments.csv
    output: results/case_study_sims/T3/T3_data.csv, results/case_study_sims/T3/T3_data_long.csv, results/case_study_sims/T3/T3_plot.pdf
    shell:
        Rscript src/simrun_case_study.R --treatment T3
        (command exited with non-zero exit code)
RuleException:
CalledProcessError in file "/Users/liz/Documents/UW_Bio_PhD/Kerr_Lab/Plasmid_evolution/PETRI/Snakefile", line 21:
Command 'set -euo pipefail;  Rscript src/simrun_case_study.R --treatment T4' returned non-zero exit status 1.
[Wed May 28 13:13:05 2025]
Error in rule case_study_sims:
    message: None
    jobid: 4
    input: src/simrun_case_study.R, input_data/Treatments.csv
    output: results/case_study_sims/T4/T4_data.csv, results/case_study_sims/T4/T4_data_long.csv, results/case_study_sims/T4/T4_plot.pdf
    shell:
        Rscript src/simrun_case_study.R --treatment T4
        (command exited with non-zero exit code)
Shutting down, this might take some time.
Exiting because a job execution failed. Look below for error messages
[Wed May 28 13:13:05 2025]
Error in rule case_study_sims:
    message: None
    jobid: 4
    input: src/simrun_case_study.R, input_data/Treatments.csv
    output: results/case_study_sims/T4/T4_data.csv, results/case_study_sims/T4/T4_data_long.csv, results/case_study_sims/T4/T4_plot.pdf
    shell:
        Rscript src/simrun_case_study.R --treatment T4
        (command exited with non-zero exit code)
[Wed May 28 13:13:05 2025]
Error in rule case_study_sims:
    message: None
    jobid: 3
    input: src/simrun_case_study.R, input_data/Treatments.csv
    output: results/case_study_sims/T3/T3_data.csv, results/case_study_sims/T3/T3_data_long.csv, results/case_study_sims/T3/T3_plot.pdf
    shell:
        Rscript src/simrun_case_study.R --treatment T3
        (command exited with non-zero exit code)
Complete log(s): /Users/liz/Documents/UW_Bio_PhD/Kerr_Lab/Plasmid_evolution/PETRI/.snakemake/log/2025-05-28T131256.142033.snakemake.log
WorkflowError:
At least one job did not complete successfully.
