Assuming unrestricted shared filesystem usage.
None
host: Lizs-MacBook-Air-9.local
Building DAG of jobs...
Using shell: /bin/bash
Provided cores: 7
Rules claiming more threads will be scaled down.
Job stats:
job                 count
----------------  -------
all                     1
plot_psweep             5
process_psweep          1
psweep_parameter        1
total                   8

Select jobs to execute...
Execute 6 jobs...
[Wed Nov 26 21:53:56 2025]
localrule plot_psweep:
    input: src/plot_psweep.R, results/parameter_sweeps/pE_test/pE_test_plot.csv
    output: results/parameter_sweeps/pE_test/pE_test_change_plot.pdf, results/parameter_sweeps/pE_test/pE_test_inv_plot.pdf
    jobid: 26
    reason: Updated input files: src/plot_psweep.R
    wildcards: psweep=pE_test
    resources: tmpdir=/var/folders/dw/d0fxdqy942jc3trrhg2gvbnm0000gn/T

[Wed Nov 26 21:53:56 2025]
localrule plot_psweep:
    input: src/plot_psweep.R, results/parameter_sweeps/pLFC_test/pLFC_test_plot.csv
    output: results/parameter_sweeps/pLFC_test/pLFC_test_change_plot.pdf, results/parameter_sweeps/pLFC_test/pLFC_test_inv_plot.pdf
    jobid: 23
    reason: Updated input files: src/plot_psweep.R
    wildcards: psweep=pLFC_test
    resources: tmpdir=/var/folders/dw/d0fxdqy942jc3trrhg2gvbnm0000gn/T

[Wed Nov 26 21:53:56 2025]
localrule plot_psweep:
    input: src/plot_psweep.R, results/parameter_sweeps/pHFC_test/pHFC_test_plot.csv
    output: results/parameter_sweeps/pHFC_test/pHFC_test_change_plot.pdf, results/parameter_sweeps/pHFC_test/pHFC_test_inv_plot.pdf
    jobid: 20
    reason: Updated input files: src/plot_psweep.R
    wildcards: psweep=pHFC_test
    resources: tmpdir=/var/folders/dw/d0fxdqy942jc3trrhg2gvbnm0000gn/T

[Wed Nov 26 21:53:56 2025]
localrule process_psweep:
    input: src/process_psweep.R, results/parameter_sweeps/pO_test/pO_test_out.csv
    output: results/parameter_sweeps/pO_test/pO_test_plot.csv
    jobid: 18
    reason: Updated input files: results/parameter_sweeps/pO_test/pO_test_out.csv
    wildcards: psweep=pO_test
    resources: tmpdir=/var/folders/dw/d0fxdqy942jc3trrhg2gvbnm0000gn/T

[Wed Nov 26 21:53:56 2025]
localrule plot_psweep:
    input: src/plot_psweep.R, results/parameter_sweeps/pF_test/pF_test_plot.csv
    output: results/parameter_sweeps/pF_test/pF_test_change_plot.pdf, results/parameter_sweeps/pF_test/pF_test_inv_plot.pdf
    jobid: 29
    reason: Updated input files: src/plot_psweep.R
    wildcards: psweep=pF_test
    resources: tmpdir=/var/folders/dw/d0fxdqy942jc3trrhg2gvbnm0000gn/T

[Wed Nov 26 21:53:56 2025]
localrule psweep_parameter:
    input: src/generate_parameter_sets.R
    output: results/parameter_sets/test/test_sweep_param.csv
    jobid: 16
    reason: Missing output files: results/parameter_sets/test/test_sweep_param.csv
    wildcards: parameters=test
    resources: tmpdir=/var/folders/dw/d0fxdqy942jc3trrhg2gvbnm0000gn/T

RuleException:
CalledProcessError in file "/Users/liz/Documents/UW_Bio_PhD/Kerr_Lab/Plasmid_evolution/PETRI/Snakefile", line 106:
Command 'set -euo pipefail;  
    Rscript src/generate_parameter_sets.R       --setting test' returned non-zero exit status 1.
[Wed Nov 26 21:53:59 2025]
Error in rule psweep_parameter:
    message: None
    jobid: 16
    input: src/generate_parameter_sets.R
    output: results/parameter_sets/test/test_sweep_param.csv
    shell:
        
    Rscript src/generate_parameter_sets.R       --setting test 
    
        (command exited with non-zero exit code)
[Wed Nov 26 21:54:02 2025]
Finished jobid: 18 (Rule: process_psweep)
1 of 8 steps (12%) done
[Wed Nov 26 21:54:03 2025]
Finished jobid: 26 (Rule: plot_psweep)
2 of 8 steps (25%) done
[Wed Nov 26 21:54:03 2025]
Finished jobid: 23 (Rule: plot_psweep)
3 of 8 steps (38%) done
[Wed Nov 26 21:54:03 2025]
Finished jobid: 20 (Rule: plot_psweep)
4 of 8 steps (50%) done
[Wed Nov 26 21:54:03 2025]
Finished jobid: 29 (Rule: plot_psweep)
5 of 8 steps (62%) done
Shutting down, this might take some time.
Exiting because a job execution failed. Look below for error messages
[Wed Nov 26 21:54:03 2025]
Error in rule psweep_parameter:
    message: None
    jobid: 16
    input: src/generate_parameter_sets.R
    output: results/parameter_sets/test/test_sweep_param.csv
    shell:
        
    Rscript src/generate_parameter_sets.R       --setting test 
    
        (command exited with non-zero exit code)
Complete log(s): /Users/liz/Documents/UW_Bio_PhD/Kerr_Lab/Plasmid_evolution/PETRI/.snakemake/log/2025-11-26T215355.831327.snakemake.log
WorkflowError:
At least one job did not complete successfully.
