Assuming unrestricted shared filesystem usage.
None
host: Lizs-MacBook-Air-8.local
Building DAG of jobs...
Using shell: /bin/bash
Provided cores: 4
Rules claiming more threads will be scaled down.
Job stats:
job                     count
--------------------  -------
all                         1
plot_case_study_sims        5
total                       6

Select jobs to execute...
Execute 4 jobs...
[Sat Nov  8 13:39:37 2025]
localrule plot_case_study_sims:
    input: src/plot_simrun_snakemake.R, results/case_study_sims/C.2/C.2_density_plot_df.csv, results/case_study_sims/C.2/C.2_frequency_plot_df.csv, results/case_study_sims/C.2/C.2_phases_plot_df.csv
    output: results/case_study_sims/C.2/C.2_density_plot.pdf, results/case_study_sims/C.2/C.2_frequency_plot.pdf
    jobid: 7
    reason: Updated input files: src/plot_simrun_snakemake.R
    wildcards: treatment=C.2
    resources: tmpdir=/var/folders/dw/d0fxdqy942jc3trrhg2gvbnm0000gn/T

[Sat Nov  8 13:39:37 2025]
localrule plot_case_study_sims:
    input: src/plot_simrun_snakemake.R, results/case_study_sims/A.2/A.2_density_plot_df.csv, results/case_study_sims/A.2/A.2_frequency_plot_df.csv, results/case_study_sims/A.2/A.2_phases_plot_df.csv
    output: results/case_study_sims/A.2/A.2_density_plot.pdf, results/case_study_sims/A.2/A.2_frequency_plot.pdf
    jobid: 1
    reason: Updated input files: src/plot_simrun_snakemake.R
    wildcards: treatment=A.2
    resources: tmpdir=/var/folders/dw/d0fxdqy942jc3trrhg2gvbnm0000gn/T

[Sat Nov  8 13:39:37 2025]
localrule plot_case_study_sims:
    input: src/plot_simrun_snakemake.R, results/case_study_sims/A.2_full/A.2_full_density_plot_df.csv, results/case_study_sims/A.2_full/A.2_full_frequency_plot_df.csv, results/case_study_sims/A.2_full/A.2_full_phases_plot_df.csv
    output: results/case_study_sims/A.2_full/A.2_full_density_plot.pdf, results/case_study_sims/A.2_full/A.2_full_frequency_plot.pdf
    jobid: 4
    reason: Updated input files: src/plot_simrun_snakemake.R
    wildcards: treatment=A.2_full
    resources: tmpdir=/var/folders/dw/d0fxdqy942jc3trrhg2gvbnm0000gn/T

[Sat Nov  8 13:39:37 2025]
localrule plot_case_study_sims:
    input: src/plot_simrun_snakemake.R, results/case_study_sims/O/O_density_plot_df.csv, results/case_study_sims/O/O_frequency_plot_df.csv, results/case_study_sims/O/O_phases_plot_df.csv
    output: results/case_study_sims/O/O_density_plot.pdf, results/case_study_sims/O/O_frequency_plot.pdf
    jobid: 13
    reason: Updated input files: src/plot_simrun_snakemake.R
    wildcards: treatment=O
    resources: tmpdir=/var/folders/dw/d0fxdqy942jc3trrhg2gvbnm0000gn/T

Select jobs to execute...
[Sat Nov  8 13:39:45 2025]
Finished jobid: 7 (Rule: plot_case_study_sims)
1 of 6 steps (17%) done
Execute 1 jobs...
[Sat Nov  8 13:39:45 2025]
localrule plot_case_study_sims:
    input: src/plot_simrun_snakemake.R, results/case_study_sims/C.2_full/C.2_full_density_plot_df.csv, results/case_study_sims/C.2_full/C.2_full_frequency_plot_df.csv, results/case_study_sims/C.2_full/C.2_full_phases_plot_df.csv
    output: results/case_study_sims/C.2_full/C.2_full_density_plot.pdf, results/case_study_sims/C.2_full/C.2_full_frequency_plot.pdf
    jobid: 10
    reason: Updated input files: src/plot_simrun_snakemake.R
    wildcards: treatment=C.2_full
    resources: tmpdir=/var/folders/dw/d0fxdqy942jc3trrhg2gvbnm0000gn/T

[Sat Nov  8 13:39:46 2025]
Finished jobid: 1 (Rule: plot_case_study_sims)
2 of 6 steps (33%) done
[Sat Nov  8 13:39:46 2025]
Finished jobid: 4 (Rule: plot_case_study_sims)
3 of 6 steps (50%) done
[Sat Nov  8 13:39:48 2025]
Finished jobid: 13 (Rule: plot_case_study_sims)
4 of 6 steps (67%) done
[Sat Nov  8 13:39:51 2025]
Finished jobid: 10 (Rule: plot_case_study_sims)
5 of 6 steps (83%) done
Select jobs to execute...
Execute 1 jobs...
[Sat Nov  8 13:39:51 2025]
localrule all:
    input: results/case_study_sims/A.2/A.2_density_plot.pdf, results/case_study_sims/A.2_full/A.2_full_density_plot.pdf, results/case_study_sims/C.2/C.2_density_plot.pdf, results/case_study_sims/C.2_full/C.2_full_density_plot.pdf, results/case_study_sims/O/O_density_plot.pdf, results/case_study_sims/E/E_density_plot.pdf, results/case_study_sims/A.2/A.2_frequency_plot.pdf, results/case_study_sims/A.2_full/A.2_full_frequency_plot.pdf, results/case_study_sims/C.2/C.2_frequency_plot.pdf, results/case_study_sims/C.2_full/C.2_full_frequency_plot.pdf, results/case_study_sims/O/O_frequency_plot.pdf, results/case_study_sims/E/E_frequency_plot.pdf
    jobid: 0
    reason: Input files updated by another job: results/case_study_sims/A.2_full/A.2_full_density_plot.pdf, results/case_study_sims/A.2/A.2_frequency_plot.pdf, results/case_study_sims/C.2/C.2_frequency_plot.pdf, results/case_study_sims/C.2_full/C.2_full_frequency_plot.pdf, results/case_study_sims/A.2/A.2_density_plot.pdf, results/case_study_sims/O/O_frequency_plot.pdf, results/case_study_sims/O/O_density_plot.pdf, results/case_study_sims/C.2_full/C.2_full_density_plot.pdf, results/case_study_sims/A.2_full/A.2_full_frequency_plot.pdf, results/case_study_sims/C.2/C.2_density_plot.pdf
    resources: tmpdir=/var/folders/dw/d0fxdqy942jc3trrhg2gvbnm0000gn/T

[Sat Nov  8 13:39:51 2025]
Finished jobid: 0 (Rule: all)
6 of 6 steps (100%) done
Complete log(s): /Users/liz/Documents/UW_Bio_PhD/Kerr_Lab/Plasmid_evolution/PETRI/.snakemake/log/2025-11-08T133936.986331.snakemake.log
