Assuming unrestricted shared filesystem usage.
None
host: Lizs-MacBook-Air-7.local
Building DAG of jobs...
Using shell: /bin/bash
Provided cores: 2
Rules claiming more threads will be scaled down.
Job stats:
job                     count
--------------------  -------
all                         1
plot_case_study_sims        2
total                       3

Select jobs to execute...
Execute 2 jobs...
[Wed Jul  2 16:00:46 2025]
localrule plot_case_study_sims:
    input: src/plot_simrun_snakemake.R, results/case_study_sims/C/C_density_plot_df.csv, results/case_study_sims/C/C_frequency_plot_df.csv, results/case_study_sims/C/C_phases_plot_df.csv
    output: results/case_study_sims/C/C_density_plot.pdf, results/case_study_sims/C/C_frequency_plot.pdf
    jobid: 4
    reason: Missing output files: results/case_study_sims/C/C_frequency_plot.pdf, results/case_study_sims/C/C_density_plot.pdf; Params have changed since last execution: Union of exclusive params before and now across all output: before: '{"rifR": "solid", "nalR": "dashed"}' now: '{"rifR_l": "solid", "nalR_l": "dashed"}' 
    wildcards: treatment=C
    resources: tmpdir=/var/folders/dw/d0fxdqy942jc3trrhg2gvbnm0000gn/T

[Wed Jul  2 16:00:46 2025]
localrule plot_case_study_sims:
    input: src/plot_simrun_snakemake.R, results/case_study_sims/A/A_density_plot_df.csv, results/case_study_sims/A/A_frequency_plot_df.csv, results/case_study_sims/A/A_phases_plot_df.csv
    output: results/case_study_sims/A/A_density_plot.pdf, results/case_study_sims/A/A_frequency_plot.pdf
    jobid: 1
    reason: Missing output files: results/case_study_sims/A/A_frequency_plot.pdf; Params have changed since last execution: Union of exclusive params before and now across all output: before: '{"rifR": "solid", "nalR": "dashed"}' now: '{"rifR_l": "solid", "nalR_l": "dashed"}' 
    wildcards: treatment=A
    resources: tmpdir=/var/folders/dw/d0fxdqy942jc3trrhg2gvbnm0000gn/T

RuleException:
CalledProcessError in file "/Users/liz/Documents/UW_Bio_PhD/Kerr_Lab/Plasmid_evolution/PETRI/Snakefile", line 72:
Command 'set -euo pipefail;  
    Rscript src/plot_simrun_snakemake.R       --treatment A       --colors '{"p_Anc": "#8394F6", "p_Mut": "#8A407A", "p_F": "gray40", "p_growth": "#FFFBEF", "p_conj": "#D0D9FF", "p_tselect": "#FBE9FF"}'       --lines '{"rifR_l": "solid", "nalR_l": "dashed"}'' returned non-zero exit status 1.
[Wed Jul  2 16:00:52 2025]
Error in rule plot_case_study_sims:
    message: None
    jobid: 1
    input: src/plot_simrun_snakemake.R, results/case_study_sims/A/A_density_plot_df.csv, results/case_study_sims/A/A_frequency_plot_df.csv, results/case_study_sims/A/A_phases_plot_df.csv
    output: results/case_study_sims/A/A_density_plot.pdf, results/case_study_sims/A/A_frequency_plot.pdf
    shell:
        
    Rscript src/plot_simrun_snakemake.R       --treatment A       --colors '{"p_Anc": "#8394F6", "p_Mut": "#8A407A", "p_F": "gray40", "p_growth": "#FFFBEF", "p_conj": "#D0D9FF", "p_tselect": "#FBE9FF"}'       --lines '{"rifR_l": "solid", "nalR_l": "dashed"}'
    
        (command exited with non-zero exit code)
RuleException:
CalledProcessError in file "/Users/liz/Documents/UW_Bio_PhD/Kerr_Lab/Plasmid_evolution/PETRI/Snakefile", line 72:
Command 'set -euo pipefail;  
    Rscript src/plot_simrun_snakemake.R       --treatment C       --colors '{"p_Anc": "#8394F6", "p_Mut": "#8A407A", "p_F": "gray40", "p_growth": "#FFFBEF", "p_conj": "#D0D9FF", "p_tselect": "#FBE9FF"}'       --lines '{"rifR_l": "solid", "nalR_l": "dashed"}'' returned non-zero exit status 1.
[Wed Jul  2 16:00:52 2025]
Error in rule plot_case_study_sims:
    message: None
    jobid: 4
    input: src/plot_simrun_snakemake.R, results/case_study_sims/C/C_density_plot_df.csv, results/case_study_sims/C/C_frequency_plot_df.csv, results/case_study_sims/C/C_phases_plot_df.csv
    output: results/case_study_sims/C/C_density_plot.pdf, results/case_study_sims/C/C_frequency_plot.pdf
    shell:
        
    Rscript src/plot_simrun_snakemake.R       --treatment C       --colors '{"p_Anc": "#8394F6", "p_Mut": "#8A407A", "p_F": "gray40", "p_growth": "#FFFBEF", "p_conj": "#D0D9FF", "p_tselect": "#FBE9FF"}'       --lines '{"rifR_l": "solid", "nalR_l": "dashed"}'
    
        (command exited with non-zero exit code)
Removing output files of failed job plot_case_study_sims since they might be corrupted:
results/case_study_sims/A/A_density_plot.pdf
Removing output files of failed job plot_case_study_sims since they might be corrupted:
results/case_study_sims/C/C_density_plot.pdf
Shutting down, this might take some time.
Exiting because a job execution failed. Look below for error messages
[Wed Jul  2 16:00:53 2025]
Error in rule plot_case_study_sims:
    message: None
    jobid: 4
    input: src/plot_simrun_snakemake.R, results/case_study_sims/C/C_density_plot_df.csv, results/case_study_sims/C/C_frequency_plot_df.csv, results/case_study_sims/C/C_phases_plot_df.csv
    output: results/case_study_sims/C/C_density_plot.pdf, results/case_study_sims/C/C_frequency_plot.pdf
    shell:
        
    Rscript src/plot_simrun_snakemake.R       --treatment C       --colors '{"p_Anc": "#8394F6", "p_Mut": "#8A407A", "p_F": "gray40", "p_growth": "#FFFBEF", "p_conj": "#D0D9FF", "p_tselect": "#FBE9FF"}'       --lines '{"rifR_l": "solid", "nalR_l": "dashed"}'
    
        (command exited with non-zero exit code)
[Wed Jul  2 16:00:53 2025]
Error in rule plot_case_study_sims:
    message: None
    jobid: 1
    input: src/plot_simrun_snakemake.R, results/case_study_sims/A/A_density_plot_df.csv, results/case_study_sims/A/A_frequency_plot_df.csv, results/case_study_sims/A/A_phases_plot_df.csv
    output: results/case_study_sims/A/A_density_plot.pdf, results/case_study_sims/A/A_frequency_plot.pdf
    shell:
        
    Rscript src/plot_simrun_snakemake.R       --treatment A       --colors '{"p_Anc": "#8394F6", "p_Mut": "#8A407A", "p_F": "gray40", "p_growth": "#FFFBEF", "p_conj": "#D0D9FF", "p_tselect": "#FBE9FF"}'       --lines '{"rifR_l": "solid", "nalR_l": "dashed"}'
    
        (command exited with non-zero exit code)
Complete log(s): /Users/liz/Documents/UW_Bio_PhD/Kerr_Lab/Plasmid_evolution/PETRI/.snakemake/log/2025-07-02T160046.289322.snakemake.log
WorkflowError:
At least one job did not complete successfully.
