Assuming unrestricted shared filesystem usage.
None
host: Lizs-MacBook-Air-9.local
Building DAG of jobs...
Using shell: /bin/bash
Provided cores: 1 (use --cores to define parallelism)
Rules claiming more threads will be scaled down.
Job stats:
job                        count
-----------------------  -------
all                            1
case_study_sims                1
plot_case_study_sims           1
process_case_study_sims        1
total                          4

Select jobs to execute...
Execute 1 jobs...
[Tue Nov 18 15:41:39 2025]
localrule case_study_sims:
    input: src/simrun_case_study_snakemake.R, input_data/Treatments_case_study.csv
    output: results/case_study_sims/F/F_data.csv, results/case_study_sims/F/F_data_long.csv, results/case_study_sims/F/F_sim_plot.pdf
    jobid: 3
    reason: Missing output files: results/case_study_sims/F/F_data.csv, results/case_study_sims/F/F_data_long.csv; Params have changed since last execution: Union of exclusive params before and now across all output: before: '{"p_Anc": "#8394F6", "p_Mut": "#8A407A", "p_F": "gray40", "p_growth": "#FFFBEF", "p_conj": "#D0D9FF", "p_tselect": "#FBE9FF", "p_imm": "#d0ffeb"}' now: '{"p_Anc": "#8394F6", "p_Mut": "#8A407A", "p_F": "gray40", "p_growth": "#FFFBEF", "p_conj": "#D0D9FF", "p_tselect": "#FBE9FF", "p_imm": "#d0ffeb", "p_select": "#ffe9fc"}' 
    wildcards: treatment=F
    resources: tmpdir=/var/folders/dw/d0fxdqy942jc3trrhg2gvbnm0000gn/T

RuleException:
CalledProcessError in file "/Users/liz/Documents/UW_Bio_PhD/Kerr_Lab/Plasmid_evolution/PETRI/Snakefile", line 47:
Command 'set -euo pipefail;  
    Rscript src/simrun_case_study_snakemake.R       --treatment F       --colors '{"p_Anc": "#8394F6", "p_Mut": "#8A407A", "p_F": "gray40", "p_growth": "#FFFBEF", "p_conj": "#D0D9FF", "p_tselect": "#FBE9FF", "p_imm": "#d0ffeb", "p_select": "#ffe9fc"}'' returned non-zero exit status 1.
[Tue Nov 18 15:41:43 2025]
Error in rule case_study_sims:
    message: None
    jobid: 3
    input: src/simrun_case_study_snakemake.R, input_data/Treatments_case_study.csv
    output: results/case_study_sims/F/F_data.csv, results/case_study_sims/F/F_data_long.csv, results/case_study_sims/F/F_sim_plot.pdf
    shell:
        
    Rscript src/simrun_case_study_snakemake.R       --treatment F       --colors '{"p_Anc": "#8394F6", "p_Mut": "#8A407A", "p_F": "gray40", "p_growth": "#FFFBEF", "p_conj": "#D0D9FF", "p_tselect": "#FBE9FF", "p_imm": "#d0ffeb", "p_select": "#ffe9fc"}'
    
        (command exited with non-zero exit code)
Shutting down, this might take some time.
Exiting because a job execution failed. Look below for error messages
[Tue Nov 18 15:41:43 2025]
Error in rule case_study_sims:
    message: None
    jobid: 3
    input: src/simrun_case_study_snakemake.R, input_data/Treatments_case_study.csv
    output: results/case_study_sims/F/F_data.csv, results/case_study_sims/F/F_data_long.csv, results/case_study_sims/F/F_sim_plot.pdf
    shell:
        
    Rscript src/simrun_case_study_snakemake.R       --treatment F       --colors '{"p_Anc": "#8394F6", "p_Mut": "#8A407A", "p_F": "gray40", "p_growth": "#FFFBEF", "p_conj": "#D0D9FF", "p_tselect": "#FBE9FF", "p_imm": "#d0ffeb", "p_select": "#ffe9fc"}'
    
        (command exited with non-zero exit code)
Complete log(s): /Users/liz/Documents/UW_Bio_PhD/Kerr_Lab/Plasmid_evolution/PETRI/.snakemake/log/2025-11-18T154134.559103.snakemake.log
WorkflowError:
At least one job did not complete successfully.
