Assuming unrestricted shared filesystem usage.
None
host: Lizs-MacBook-Air-9.local
Building DAG of jobs...
Using shell: /bin/bash
Provided cores: 3
Rules claiming more threads will be scaled down.
Job stats:
job                        count
-----------------------  -------
all                            1
case_study_sims                3
plot_case_study_sims           3
process_case_study_sims        3
total                         10

Select jobs to execute...
Execute 3 jobs...
[Mon Dec  1 17:21:20 2025]
localrule case_study_sims:
    input: src/simrun_case_study_snakemake.R, input_data/Treatments_case_study.csv
    output: results/case_study_sims/A.2_full/A.2_full_data.csv, results/case_study_sims/A.2_full/A.2_full_data_long.csv, results/case_study_sims/A.2_full/A.2_full_sim_plot.pdf
    jobid: 3
    reason: Updated input files: input_data/Treatments_case_study.csv, src/simrun_case_study_snakemake.R
    wildcards: treatment=A.2_full
    resources: tmpdir=/var/folders/dw/d0fxdqy942jc3trrhg2gvbnm0000gn/T

[Mon Dec  1 17:21:20 2025]
localrule case_study_sims:
    input: src/simrun_case_study_snakemake.R, input_data/Treatments_case_study.csv
    output: results/case_study_sims/C.2_full/C.2_full_data.csv, results/case_study_sims/C.2_full/C.2_full_data_long.csv, results/case_study_sims/C.2_full/C.2_full_sim_plot.pdf
    jobid: 6
    reason: Updated input files: input_data/Treatments_case_study.csv, src/simrun_case_study_snakemake.R
    wildcards: treatment=C.2_full
    resources: tmpdir=/var/folders/dw/d0fxdqy942jc3trrhg2gvbnm0000gn/T

[Mon Dec  1 17:21:20 2025]
localrule case_study_sims:
    input: src/simrun_case_study_snakemake.R, input_data/Treatments_case_study.csv
    output: results/case_study_sims/A.2/A.2_data.csv, results/case_study_sims/A.2/A.2_data_long.csv, results/case_study_sims/A.2/A.2_sim_plot.pdf
    jobid: 9
    reason: Updated input files: input_data/Treatments_case_study.csv, src/simrun_case_study_snakemake.R
    wildcards: treatment=A.2
    resources: tmpdir=/var/folders/dw/d0fxdqy942jc3trrhg2gvbnm0000gn/T

[Mon Dec  1 17:21:26 2025]
Finished jobid: 9 (Rule: case_study_sims)
1 of 10 steps (10%) done
Select jobs to execute...
Execute 1 jobs...
[Mon Dec  1 17:21:26 2025]
localrule process_case_study_sims:
    input: src/process_simrun.R, results/case_study_sims/A.2/A.2_data.csv, results/case_study_sims/A.2/A.2_data_long.csv
    output: results/case_study_sims/A.2/A.2_density_plot_df.csv, results/case_study_sims/A.2/A.2_frequency_plot_df.csv, results/case_study_sims/A.2/A.2_phases_plot_df.csv
    jobid: 8
    reason: Input files updated by another job: results/case_study_sims/A.2/A.2_data_long.csv, results/case_study_sims/A.2/A.2_data.csv
    wildcards: treatment=A.2
    resources: tmpdir=/var/folders/dw/d0fxdqy942jc3trrhg2gvbnm0000gn/T

[Mon Dec  1 17:21:27 2025]
Finished jobid: 3 (Rule: case_study_sims)
2 of 10 steps (20%) done
Select jobs to execute...
Execute 1 jobs...
[Mon Dec  1 17:21:27 2025]
localrule process_case_study_sims:
    input: src/process_simrun.R, results/case_study_sims/A.2_full/A.2_full_data.csv, results/case_study_sims/A.2_full/A.2_full_data_long.csv
    output: results/case_study_sims/A.2_full/A.2_full_density_plot_df.csv, results/case_study_sims/A.2_full/A.2_full_frequency_plot_df.csv, results/case_study_sims/A.2_full/A.2_full_phases_plot_df.csv
    jobid: 2
    reason: Input files updated by another job: results/case_study_sims/A.2_full/A.2_full_data.csv, results/case_study_sims/A.2_full/A.2_full_data_long.csv
    wildcards: treatment=A.2_full
    resources: tmpdir=/var/folders/dw/d0fxdqy942jc3trrhg2gvbnm0000gn/T

[Mon Dec  1 17:21:31 2025]
Finished jobid: 8 (Rule: process_case_study_sims)
3 of 10 steps (30%) done
Select jobs to execute...
Execute 1 jobs...
[Mon Dec  1 17:21:31 2025]
localrule plot_case_study_sims:
    input: src/plot_simrun_snakemake.R, results/case_study_sims/A.2/A.2_density_plot_df.csv, results/case_study_sims/A.2/A.2_frequency_plot_df.csv, results/case_study_sims/A.2/A.2_phases_plot_df.csv
    output: results/case_study_sims/A.2/A.2_density_plot.pdf, results/case_study_sims/A.2/A.2_frequency_plot.pdf
    jobid: 7
    reason: Input files updated by another job: results/case_study_sims/A.2/A.2_density_plot_df.csv, results/case_study_sims/A.2/A.2_frequency_plot_df.csv, results/case_study_sims/A.2/A.2_phases_plot_df.csv
    wildcards: treatment=A.2
    resources: tmpdir=/var/folders/dw/d0fxdqy942jc3trrhg2gvbnm0000gn/T

[Mon Dec  1 17:21:31 2025]
Finished jobid: 2 (Rule: process_case_study_sims)
4 of 10 steps (40%) done
Select jobs to execute...
Execute 1 jobs...
[Mon Dec  1 17:21:31 2025]
localrule plot_case_study_sims:
    input: src/plot_simrun_snakemake.R, results/case_study_sims/A.2_full/A.2_full_density_plot_df.csv, results/case_study_sims/A.2_full/A.2_full_frequency_plot_df.csv, results/case_study_sims/A.2_full/A.2_full_phases_plot_df.csv
    output: results/case_study_sims/A.2_full/A.2_full_density_plot.pdf, results/case_study_sims/A.2_full/A.2_full_frequency_plot.pdf
    jobid: 1
    reason: Input files updated by another job: results/case_study_sims/A.2_full/A.2_full_phases_plot_df.csv, results/case_study_sims/A.2_full/A.2_full_density_plot_df.csv, results/case_study_sims/A.2_full/A.2_full_frequency_plot_df.csv
    wildcards: treatment=A.2_full
    resources: tmpdir=/var/folders/dw/d0fxdqy942jc3trrhg2gvbnm0000gn/T

[Mon Dec  1 17:21:35 2025]
Finished jobid: 6 (Rule: case_study_sims)
5 of 10 steps (50%) done
Select jobs to execute...
Execute 1 jobs...
[Mon Dec  1 17:21:35 2025]
localrule process_case_study_sims:
    input: src/process_simrun.R, results/case_study_sims/C.2_full/C.2_full_data.csv, results/case_study_sims/C.2_full/C.2_full_data_long.csv
    output: results/case_study_sims/C.2_full/C.2_full_density_plot_df.csv, results/case_study_sims/C.2_full/C.2_full_frequency_plot_df.csv, results/case_study_sims/C.2_full/C.2_full_phases_plot_df.csv
    jobid: 5
    reason: Input files updated by another job: results/case_study_sims/C.2_full/C.2_full_data_long.csv, results/case_study_sims/C.2_full/C.2_full_data.csv
    wildcards: treatment=C.2_full
    resources: tmpdir=/var/folders/dw/d0fxdqy942jc3trrhg2gvbnm0000gn/T

[Mon Dec  1 17:21:36 2025]
Finished jobid: 7 (Rule: plot_case_study_sims)
6 of 10 steps (60%) done
[Mon Dec  1 17:21:37 2025]
Finished jobid: 1 (Rule: plot_case_study_sims)
7 of 10 steps (70%) done
[Mon Dec  1 17:21:39 2025]
Finished jobid: 5 (Rule: process_case_study_sims)
8 of 10 steps (80%) done
Select jobs to execute...
Execute 1 jobs...
[Mon Dec  1 17:21:39 2025]
localrule plot_case_study_sims:
    input: src/plot_simrun_snakemake.R, results/case_study_sims/C.2_full/C.2_full_density_plot_df.csv, results/case_study_sims/C.2_full/C.2_full_frequency_plot_df.csv, results/case_study_sims/C.2_full/C.2_full_phases_plot_df.csv
    output: results/case_study_sims/C.2_full/C.2_full_density_plot.pdf, results/case_study_sims/C.2_full/C.2_full_frequency_plot.pdf
    jobid: 4
    reason: Input files updated by another job: results/case_study_sims/C.2_full/C.2_full_density_plot_df.csv, results/case_study_sims/C.2_full/C.2_full_frequency_plot_df.csv, results/case_study_sims/C.2_full/C.2_full_phases_plot_df.csv
    wildcards: treatment=C.2_full
    resources: tmpdir=/var/folders/dw/d0fxdqy942jc3trrhg2gvbnm0000gn/T

[Mon Dec  1 17:21:45 2025]
Finished jobid: 4 (Rule: plot_case_study_sims)
9 of 10 steps (90%) done
Select jobs to execute...
Execute 1 jobs...
[Mon Dec  1 17:21:45 2025]
localrule all:
    input: results/case_study_sims/A.2_full/A.2_full_density_plot.pdf, results/case_study_sims/C.2_full/C.2_full_density_plot.pdf, results/case_study_sims/A.2/A.2_density_plot.pdf, results/case_study_sims/A.2_full/A.2_full_frequency_plot.pdf, results/case_study_sims/C.2_full/C.2_full_frequency_plot.pdf, results/case_study_sims/A.2/A.2_frequency_plot.pdf, results/parameter_sets/test_sweep_param.csv, results/parameter_sweeps/pHFC.inv_test/pHFC.inv_test_change_plot.pdf, results/parameter_sweeps/pHFC.inv_test/pHFC.inv_test_inv_plot.pdf
    jobid: 0
    reason: Input files updated by another job: results/case_study_sims/A.2_full/A.2_full_frequency_plot.pdf, results/case_study_sims/A.2/A.2_frequency_plot.pdf, results/case_study_sims/A.2_full/A.2_full_density_plot.pdf, results/case_study_sims/A.2/A.2_density_plot.pdf, results/case_study_sims/C.2_full/C.2_full_frequency_plot.pdf, results/case_study_sims/C.2_full/C.2_full_density_plot.pdf
    resources: tmpdir=/var/folders/dw/d0fxdqy942jc3trrhg2gvbnm0000gn/T

[Mon Dec  1 17:21:45 2025]
Finished jobid: 0 (Rule: all)
10 of 10 steps (100%) done
Complete log(s): /Users/liz/Documents/UW_Bio_PhD/Kerr_Lab/Plasmid_evolution/PETRI/.snakemake/log/2025-12-01T172119.831289.snakemake.log
