Assuming unrestricted shared filesystem usage.
None
host: Lizs-MacBook-Air-8.local
Building DAG of jobs...
Using shell: /bin/bash
Provided cores: 2
Rules claiming more threads will be scaled down.
Job stats:
job                        count
-----------------------  -------
all                            1
case_study_sims                1
plot_case_study_sims           1
process_case_study_sims        1
total                          4

Select jobs to execute...
Execute 1 jobs...
[Tue Nov  4 13:22:12 2025]
localrule case_study_sims:
    input: src/simrun_case_study_snakemake.R, input_data/Treatments_case_study.csv
    output: results/case_study_sims/A.2/A.2_data.csv, results/case_study_sims/A.2/A.2_data_long.csv, results/case_study_sims/A.2/A.2_sim_plot.pdf
    jobid: 3
    reason: Missing output files: results/case_study_sims/A.2/A.2_data.csv, results/case_study_sims/A.2/A.2_data_long.csv
    wildcards: treatment=A.2
    resources: tmpdir=/var/folders/dw/d0fxdqy942jc3trrhg2gvbnm0000gn/T

[Tue Nov  4 13:22:17 2025]
Finished jobid: 3 (Rule: case_study_sims)
1 of 4 steps (25%) done
Select jobs to execute...
Execute 1 jobs...
[Tue Nov  4 13:22:17 2025]
localrule process_case_study_sims:
    input: src/process_simrun.R, results/case_study_sims/A.2/A.2_data.csv, results/case_study_sims/A.2/A.2_data_long.csv
    output: results/case_study_sims/A.2/A.2_density_plot_df.csv, results/case_study_sims/A.2/A.2_frequency_plot_df.csv, results/case_study_sims/A.2/A.2_phases_plot_df.csv
    jobid: 2
    reason: Missing output files: results/case_study_sims/A.2/A.2_phases_plot_df.csv, results/case_study_sims/A.2/A.2_density_plot_df.csv, results/case_study_sims/A.2/A.2_frequency_plot_df.csv; Input files updated by another job: results/case_study_sims/A.2/A.2_data.csv, results/case_study_sims/A.2/A.2_data_long.csv
    wildcards: treatment=A.2
    resources: tmpdir=/var/folders/dw/d0fxdqy942jc3trrhg2gvbnm0000gn/T

[Tue Nov  4 13:22:21 2025]
Finished jobid: 2 (Rule: process_case_study_sims)
2 of 4 steps (50%) done
Select jobs to execute...
Execute 1 jobs...
[Tue Nov  4 13:22:21 2025]
localrule plot_case_study_sims:
    input: src/plot_simrun_snakemake.R, results/case_study_sims/A.2/A.2_density_plot_df.csv, results/case_study_sims/A.2/A.2_frequency_plot_df.csv, results/case_study_sims/A.2/A.2_phases_plot_df.csv
    output: results/case_study_sims/A.2/A.2_density_plot.pdf, results/case_study_sims/A.2/A.2_frequency_plot.pdf
    jobid: 1
    reason: Missing output files: results/case_study_sims/A.2/A.2_density_plot.pdf, results/case_study_sims/A.2/A.2_frequency_plot.pdf; Input files updated by another job: results/case_study_sims/A.2/A.2_phases_plot_df.csv, results/case_study_sims/A.2/A.2_density_plot_df.csv, results/case_study_sims/A.2/A.2_frequency_plot_df.csv
    wildcards: treatment=A.2
    resources: tmpdir=/var/folders/dw/d0fxdqy942jc3trrhg2gvbnm0000gn/T

[Tue Nov  4 13:22:26 2025]
Finished jobid: 1 (Rule: plot_case_study_sims)
3 of 4 steps (75%) done
Select jobs to execute...
Execute 1 jobs...
[Tue Nov  4 13:22:26 2025]
localrule all:
    input: results/case_study_sims/A.2/A.2_density_plot.pdf, results/case_study_sims/A.2/A.2_frequency_plot.pdf
    jobid: 0
    reason: Input files updated by another job: results/case_study_sims/A.2/A.2_density_plot.pdf, results/case_study_sims/A.2/A.2_frequency_plot.pdf
    resources: tmpdir=/var/folders/dw/d0fxdqy942jc3trrhg2gvbnm0000gn/T

[Tue Nov  4 13:22:26 2025]
Finished jobid: 0 (Rule: all)
4 of 4 steps (100%) done
Complete log(s): /Users/liz/Documents/UW_Bio_PhD/Kerr_Lab/Plasmid_evolution/PETRI/.snakemake/log/2025-11-04T132212.404787.snakemake.log
