Assuming unrestricted shared filesystem usage.
None
host: Lizs-MacBook-Air-9.local
Building DAG of jobs...
Using shell: /bin/bash
Provided cores: 6
Rules claiming more threads will be scaled down.
Job stats:
job                 count
----------------  -------
all                     1
psweep_parameter        2
total                   3

Select jobs to execute...
Execute 2 jobs...
[Wed Dec  3 09:32:05 2025]
localrule psweep_parameter:
    input: src/generate_parameter_sets.R, input_data/Parameter_sweep_settings.csv
    output: results/parameter_sets/test_sweep_param.csv
    jobid: 4
    reason: Updated input files: input_data/Parameter_sweep_settings.csv
    wildcards: parameters=test
    resources: tmpdir=/var/folders/dw/d0fxdqy942jc3trrhg2gvbnm0000gn/T

[Wed Dec  3 09:32:05 2025]
localrule psweep_parameter:
    input: src/generate_parameter_sets.R, input_data/Parameter_sweep_settings.csv
    output: results/parameter_sets/testmut_sweep_param.csv
    jobid: 5
    reason: Missing output files: results/parameter_sets/testmut_sweep_param.csv
    wildcards: parameters=testmut
    resources: tmpdir=/var/folders/dw/d0fxdqy942jc3trrhg2gvbnm0000gn/T

[Wed Dec  3 09:32:10 2025]
Finished jobid: 5 (Rule: psweep_parameter)
1 of 3 steps (33%) done
[Wed Dec  3 09:32:10 2025]
Finished jobid: 4 (Rule: psweep_parameter)
2 of 3 steps (67%) done
Select jobs to execute...
Execute 1 jobs...
[Wed Dec  3 09:32:10 2025]
localrule all:
    input: results/case_study_sims/A.2/A.2_density_plot.pdf, results/case_study_sims/A.2/A.2_frequency_plot.pdf, results/parameter_sets/test_sweep_param.csv, results/parameter_sets/testmut_sweep_param.csv, results/parameter_sweeps/pHFC_test/pHFC_test_change_plot.pdf, results/parameter_sweeps/pHFC.por_test/pHFC.por_test_change_plot.pdf, results/parameter_sweeps/pHFC_test/pHFC_test_inv_plot.pdf, results/parameter_sweeps/pHFC.por_test/pHFC.por_test_inv_plot.pdf
    jobid: 0
    reason: Input files updated by another job: results/parameter_sets/test_sweep_param.csv, results/parameter_sets/testmut_sweep_param.csv
    resources: tmpdir=/var/folders/dw/d0fxdqy942jc3trrhg2gvbnm0000gn/T

[Wed Dec  3 09:32:10 2025]
Finished jobid: 0 (Rule: all)
3 of 3 steps (100%) done
Complete log(s): /Users/liz/Documents/UW_Bio_PhD/Kerr_Lab/Plasmid_evolution/PETRI/.snakemake/log/2025-12-03T093204.531307.snakemake.log
