Assuming unrestricted shared filesystem usage.
None
host: Lizs-MacBook-Air-8.local
Building DAG of jobs...
Using shell: /bin/bash
Provided cores: 2
Rules claiming more threads will be scaled down.
Job stats:
job                        count
-----------------------  -------
all                            1
case_study_sims                1
plot_case_study_sims           1
process_case_study_sims        1
total                          4

Select jobs to execute...
Execute 1 jobs...
[Tue Nov  4 13:20:45 2025]
localrule case_study_sims:
    input: src/simrun_case_study_snakemake.R, input_data/Treatments_case_study.csv
    output: results/case_study_sims/A.2/A.2_data.csv, results/case_study_sims/A.2/A.2_data_long.csv, results/case_study_sims/A.2/A.2_sim_plot.pdf
    jobid: 3
    reason: Missing output files: results/case_study_sims/A.2/A.2_data_long.csv, results/case_study_sims/A.2/A.2_data.csv; Code has changed since last execution; Params have changed since last execution: Union of exclusive params before and now across all output: before: <nothing exclusive> now: '{"p_Anc": "#8394F6", "p_Mut": "#8A407A", "p_F": "gray40", "p_growth": "#FFFBEF", "p_conj": "#D0D9FF", "p_tselect": "#FBE9FF", "p_imm": "#d0ffeb"}' 
    wildcards: treatment=A.2
    resources: tmpdir=/var/folders/dw/d0fxdqy942jc3trrhg2gvbnm0000gn/T

Waiting at most 5 seconds for missing files:
results/case_study_sims/A.2/A.2_sim_plot.pdf (missing locally)
MissingOutputException in rule case_study_sims in file "/Users/liz/Documents/UW_Bio_PhD/Kerr_Lab/Plasmid_evolution/PETRI/Snakefile", line 34:
Job 3  completed successfully, but some output files are missing. Missing files after 5 seconds. This might be due to filesystem latency. If that is the case, consider to increase the wait time with --latency-wait:
results/case_study_sims/A.2/A.2_sim_plot.pdf (missing locally, parent dir contents: A.2_phases.csv, A.2_data.csv, A.2_data_long.csv, A.2_plot.pdf)
Removing output files of failed job case_study_sims since they might be corrupted:
results/case_study_sims/A.2/A.2_data.csv, results/case_study_sims/A.2/A.2_data_long.csv
Shutting down, this might take some time.
Exiting because a job execution failed. Look below for error messages
[Tue Nov  4 13:20:55 2025]
Error in rule case_study_sims:
    message: None
    jobid: 3
    input: src/simrun_case_study_snakemake.R, input_data/Treatments_case_study.csv
    output: results/case_study_sims/A.2/A.2_data.csv, results/case_study_sims/A.2/A.2_data_long.csv, results/case_study_sims/A.2/A.2_sim_plot.pdf
    shell:
        
    Rscript src/simrun_case_study_snakemake.R       --treatment A.2       --colors '{"p_Anc": "#8394F6", "p_Mut": "#8A407A", "p_F": "gray40", "p_growth": "#FFFBEF", "p_conj": "#D0D9FF", "p_tselect": "#FBE9FF", "p_imm": "#d0ffeb"}'
    
        (command exited with non-zero exit code)
Complete log(s): /Users/liz/Documents/UW_Bio_PhD/Kerr_Lab/Plasmid_evolution/PETRI/.snakemake/log/2025-11-04T132044.701998.snakemake.log
WorkflowError:
At least one job did not complete successfully.
