Assuming unrestricted shared filesystem usage.
None
host: Lizs-MacBook-Air-7.local
Building DAG of jobs...
Using shell: /bin/bash
Provided cores: 4
Rules claiming more threads will be scaled down.
Job stats:
job                        count
-----------------------  -------
all                            1
case_study_sims                4
plot_case_study_sims           4
process_case_study_sims        4
total                         13

Select jobs to execute...
Execute 4 jobs...
[Wed Jul  2 16:04:17 2025]
localrule case_study_sims:
    input: src/simrun_case_study.R, input_data/Treatments_case_study.csv
    output: results/case_study_sims/C/C_data.csv, results/case_study_sims/C/C_data_long.csv, results/case_study_sims/C/C_sim_plot.pdf
    jobid: 9
    reason: Missing output files: results/case_study_sims/C/C_data_long.csv, results/case_study_sims/C/C_data.csv
    wildcards: treatment=C
    resources: tmpdir=/var/folders/dw/d0fxdqy942jc3trrhg2gvbnm0000gn/T

[Wed Jul  2 16:04:17 2025]
localrule case_study_sims:
    input: src/simrun_case_study.R, input_data/Treatments_case_study.csv
    output: results/case_study_sims/D/D_data.csv, results/case_study_sims/D/D_data_long.csv, results/case_study_sims/D/D_sim_plot.pdf
    jobid: 12
    reason: Missing output files: results/case_study_sims/D/D_data.csv, results/case_study_sims/D/D_data_long.csv
    wildcards: treatment=D
    resources: tmpdir=/var/folders/dw/d0fxdqy942jc3trrhg2gvbnm0000gn/T

[Wed Jul  2 16:04:17 2025]
localrule case_study_sims:
    input: src/simrun_case_study.R, input_data/Treatments_case_study.csv
    output: results/case_study_sims/A/A_data.csv, results/case_study_sims/A/A_data_long.csv, results/case_study_sims/A/A_sim_plot.pdf
    jobid: 3
    reason: Missing output files: results/case_study_sims/A/A_data_long.csv, results/case_study_sims/A/A_data.csv
    wildcards: treatment=A
    resources: tmpdir=/var/folders/dw/d0fxdqy942jc3trrhg2gvbnm0000gn/T

[Wed Jul  2 16:04:17 2025]
localrule case_study_sims:
    input: src/simrun_case_study.R, input_data/Treatments_case_study.csv
    output: results/case_study_sims/B/B_data.csv, results/case_study_sims/B/B_data_long.csv, results/case_study_sims/B/B_sim_plot.pdf
    jobid: 6
    reason: Missing output files: results/case_study_sims/B/B_data.csv, results/case_study_sims/B/B_data_long.csv
    wildcards: treatment=B
    resources: tmpdir=/var/folders/dw/d0fxdqy942jc3trrhg2gvbnm0000gn/T

[Wed Jul  2 16:04:32 2025]
Finished jobid: 9 (Rule: case_study_sims)
1 of 13 steps (8%) done
Select jobs to execute...
Execute 1 jobs...
[Wed Jul  2 16:04:32 2025]
localrule process_case_study_sims:
    input: src/process_simrun.R, results/case_study_sims/C/C_data.csv, results/case_study_sims/C/C_data_long.csv
    output: results/case_study_sims/C/C_density_plot_df.csv, results/case_study_sims/C/C_frequency_plot_df.csv, results/case_study_sims/C/C_phases_plot_df.csv
    jobid: 8
    reason: Missing output files: results/case_study_sims/C/C_density_plot_df.csv, results/case_study_sims/C/C_frequency_plot_df.csv, results/case_study_sims/C/C_phases_plot_df.csv; Input files updated by another job: results/case_study_sims/C/C_data_long.csv, results/case_study_sims/C/C_data.csv
    wildcards: treatment=C
    resources: tmpdir=/var/folders/dw/d0fxdqy942jc3trrhg2gvbnm0000gn/T

[Wed Jul  2 16:04:33 2025]
Finished jobid: 12 (Rule: case_study_sims)
2 of 13 steps (15%) done
Select jobs to execute...
Execute 1 jobs...
[Wed Jul  2 16:04:33 2025]
localrule process_case_study_sims:
    input: src/process_simrun.R, results/case_study_sims/D/D_data.csv, results/case_study_sims/D/D_data_long.csv
    output: results/case_study_sims/D/D_density_plot_df.csv, results/case_study_sims/D/D_frequency_plot_df.csv, results/case_study_sims/D/D_phases_plot_df.csv
    jobid: 11
    reason: Missing output files: results/case_study_sims/D/D_phases_plot_df.csv, results/case_study_sims/D/D_frequency_plot_df.csv, results/case_study_sims/D/D_density_plot_df.csv; Input files updated by another job: results/case_study_sims/D/D_data.csv, results/case_study_sims/D/D_data_long.csv
    wildcards: treatment=D
    resources: tmpdir=/var/folders/dw/d0fxdqy942jc3trrhg2gvbnm0000gn/T

[Wed Jul  2 16:04:34 2025]
Finished jobid: 6 (Rule: case_study_sims)
3 of 13 steps (23%) done
Select jobs to execute...
Execute 1 jobs...
[Wed Jul  2 16:04:34 2025]
localrule process_case_study_sims:
    input: src/process_simrun.R, results/case_study_sims/B/B_data.csv, results/case_study_sims/B/B_data_long.csv
    output: results/case_study_sims/B/B_density_plot_df.csv, results/case_study_sims/B/B_frequency_plot_df.csv, results/case_study_sims/B/B_phases_plot_df.csv
    jobid: 5
    reason: Missing output files: results/case_study_sims/B/B_density_plot_df.csv, results/case_study_sims/B/B_frequency_plot_df.csv, results/case_study_sims/B/B_phases_plot_df.csv; Input files updated by another job: results/case_study_sims/B/B_data.csv, results/case_study_sims/B/B_data_long.csv
    wildcards: treatment=B
    resources: tmpdir=/var/folders/dw/d0fxdqy942jc3trrhg2gvbnm0000gn/T

[Wed Jul  2 16:04:38 2025]
Finished jobid: 8 (Rule: process_case_study_sims)
4 of 13 steps (31%) done
Select jobs to execute...
Execute 1 jobs...
[Wed Jul  2 16:04:38 2025]
localrule plot_case_study_sims:
    input: src/plot_simrun_snakemake.R, results/case_study_sims/C/C_density_plot_df.csv, results/case_study_sims/C/C_frequency_plot_df.csv, results/case_study_sims/C/C_phases_plot_df.csv
    output: results/case_study_sims/C/C_density_plot.pdf, results/case_study_sims/C/C_frequency_plot.pdf
    jobid: 7
    reason: Missing output files: results/case_study_sims/C/C_frequency_plot.pdf, results/case_study_sims/C/C_density_plot.pdf; Input files updated by another job: results/case_study_sims/C/C_density_plot_df.csv, results/case_study_sims/C/C_phases_plot_df.csv, results/case_study_sims/C/C_frequency_plot_df.csv
    wildcards: treatment=C
    resources: tmpdir=/var/folders/dw/d0fxdqy942jc3trrhg2gvbnm0000gn/T

[Wed Jul  2 16:04:39 2025]
Finished jobid: 11 (Rule: process_case_study_sims)
5 of 13 steps (38%) done
Select jobs to execute...
Execute 1 jobs...
[Wed Jul  2 16:04:39 2025]
localrule plot_case_study_sims:
    input: src/plot_simrun_snakemake.R, results/case_study_sims/D/D_density_plot_df.csv, results/case_study_sims/D/D_frequency_plot_df.csv, results/case_study_sims/D/D_phases_plot_df.csv
    output: results/case_study_sims/D/D_density_plot.pdf, results/case_study_sims/D/D_frequency_plot.pdf
    jobid: 10
    reason: Missing output files: results/case_study_sims/D/D_frequency_plot.pdf, results/case_study_sims/D/D_density_plot.pdf; Input files updated by another job: results/case_study_sims/D/D_phases_plot_df.csv, results/case_study_sims/D/D_frequency_plot_df.csv, results/case_study_sims/D/D_density_plot_df.csv
    wildcards: treatment=D
    resources: tmpdir=/var/folders/dw/d0fxdqy942jc3trrhg2gvbnm0000gn/T

[Wed Jul  2 16:04:40 2025]
Finished jobid: 5 (Rule: process_case_study_sims)
6 of 13 steps (46%) done
Select jobs to execute...
Execute 1 jobs...
[Wed Jul  2 16:04:40 2025]
localrule plot_case_study_sims:
    input: src/plot_simrun_snakemake.R, results/case_study_sims/B/B_density_plot_df.csv, results/case_study_sims/B/B_frequency_plot_df.csv, results/case_study_sims/B/B_phases_plot_df.csv
    output: results/case_study_sims/B/B_density_plot.pdf, results/case_study_sims/B/B_frequency_plot.pdf
    jobid: 4
    reason: Missing output files: results/case_study_sims/B/B_density_plot.pdf, results/case_study_sims/B/B_frequency_plot.pdf; Input files updated by another job: results/case_study_sims/B/B_phases_plot_df.csv, results/case_study_sims/B/B_frequency_plot_df.csv, results/case_study_sims/B/B_density_plot_df.csv
    wildcards: treatment=B
    resources: tmpdir=/var/folders/dw/d0fxdqy942jc3trrhg2gvbnm0000gn/T

[Wed Jul  2 16:04:41 2025]
Finished jobid: 3 (Rule: case_study_sims)
7 of 13 steps (54%) done
Select jobs to execute...
Execute 1 jobs...
[Wed Jul  2 16:04:41 2025]
localrule process_case_study_sims:
    input: src/process_simrun.R, results/case_study_sims/A/A_data.csv, results/case_study_sims/A/A_data_long.csv
    output: results/case_study_sims/A/A_density_plot_df.csv, results/case_study_sims/A/A_frequency_plot_df.csv, results/case_study_sims/A/A_phases_plot_df.csv
    jobid: 2
    reason: Missing output files: results/case_study_sims/A/A_phases_plot_df.csv, results/case_study_sims/A/A_frequency_plot_df.csv, results/case_study_sims/A/A_density_plot_df.csv; Input files updated by another job: results/case_study_sims/A/A_data_long.csv, results/case_study_sims/A/A_data.csv
    wildcards: treatment=A
    resources: tmpdir=/var/folders/dw/d0fxdqy942jc3trrhg2gvbnm0000gn/T

[Wed Jul  2 16:04:45 2025]
Finished jobid: 7 (Rule: plot_case_study_sims)
8 of 13 steps (62%) done
[Wed Jul  2 16:04:46 2025]
Finished jobid: 10 (Rule: plot_case_study_sims)
9 of 13 steps (69%) done
[Wed Jul  2 16:04:47 2025]
Finished jobid: 4 (Rule: plot_case_study_sims)
10 of 13 steps (77%) done
[Wed Jul  2 16:04:47 2025]
Finished jobid: 2 (Rule: process_case_study_sims)
11 of 13 steps (85%) done
Select jobs to execute...
Execute 1 jobs...
[Wed Jul  2 16:04:47 2025]
localrule plot_case_study_sims:
    input: src/plot_simrun_snakemake.R, results/case_study_sims/A/A_density_plot_df.csv, results/case_study_sims/A/A_frequency_plot_df.csv, results/case_study_sims/A/A_phases_plot_df.csv
    output: results/case_study_sims/A/A_density_plot.pdf, results/case_study_sims/A/A_frequency_plot.pdf
    jobid: 1
    reason: Missing output files: results/case_study_sims/A/A_density_plot.pdf, results/case_study_sims/A/A_frequency_plot.pdf; Input files updated by another job: results/case_study_sims/A/A_phases_plot_df.csv, results/case_study_sims/A/A_frequency_plot_df.csv, results/case_study_sims/A/A_density_plot_df.csv
    wildcards: treatment=A
    resources: tmpdir=/var/folders/dw/d0fxdqy942jc3trrhg2gvbnm0000gn/T

[Wed Jul  2 16:04:51 2025]
Finished jobid: 1 (Rule: plot_case_study_sims)
12 of 13 steps (92%) done
Select jobs to execute...
Execute 1 jobs...
[Wed Jul  2 16:04:51 2025]
localrule all:
    input: results/case_study_sims/A/A_density_plot.pdf, results/case_study_sims/B/B_density_plot.pdf, results/case_study_sims/C/C_density_plot.pdf, results/case_study_sims/D/D_density_plot.pdf, results/case_study_sims/A/A_frequency_plot.pdf, results/case_study_sims/B/B_frequency_plot.pdf, results/case_study_sims/C/C_frequency_plot.pdf, results/case_study_sims/D/D_frequency_plot.pdf
    jobid: 0
    reason: Input files updated by another job: results/case_study_sims/A/A_density_plot.pdf, results/case_study_sims/C/C_frequency_plot.pdf, results/case_study_sims/A/A_frequency_plot.pdf, results/case_study_sims/D/D_density_plot.pdf, results/case_study_sims/B/B_frequency_plot.pdf, results/case_study_sims/D/D_frequency_plot.pdf, results/case_study_sims/C/C_density_plot.pdf, results/case_study_sims/B/B_density_plot.pdf
    resources: tmpdir=/var/folders/dw/d0fxdqy942jc3trrhg2gvbnm0000gn/T

[Wed Jul  2 16:04:51 2025]
Finished jobid: 0 (Rule: all)
13 of 13 steps (100%) done
Complete log(s): /Users/liz/Documents/UW_Bio_PhD/Kerr_Lab/Plasmid_evolution/PETRI/.snakemake/log/2025-07-02T160417.081571.snakemake.log
