Assuming unrestricted shared filesystem usage.
None
host: Lizs-MacBook-Air-9.local
Building DAG of jobs...
Using shell: /bin/bash
Provided cores: 7
Rules claiming more threads will be scaled down.
Job stats:
job                 count
----------------  -------
all                     1
plot_psweep             1
psweep_parameter        1
total                   3

Select jobs to execute...
Execute 2 jobs...
[Wed Nov 26 21:54:48 2025]
localrule plot_psweep:
    input: src/plot_psweep.R, results/parameter_sweeps/pO_test/pO_test_plot.csv
    output: results/parameter_sweeps/pO_test/pO_test_change_plot.pdf, results/parameter_sweeps/pO_test/pO_test_inv_plot.pdf
    jobid: 17
    reason: Updated input files: src/plot_psweep.R
    wildcards: psweep=pO_test
    resources: tmpdir=/var/folders/dw/d0fxdqy942jc3trrhg2gvbnm0000gn/T

[Wed Nov 26 21:54:48 2025]
localrule psweep_parameter:
    input: src/generate_parameter_sets.R
    output: results/parameter_sets/test/test_sweep_param.csv
    jobid: 16
    reason: Missing output files: results/parameter_sets/test/test_sweep_param.csv
    wildcards: parameters=test
    resources: tmpdir=/var/folders/dw/d0fxdqy942jc3trrhg2gvbnm0000gn/T

Waiting at most 5 seconds for missing files:
results/parameter_sets/test/test_sweep_param.csv (missing locally)
MissingOutputException in rule psweep_parameter in file "/Users/liz/Documents/UW_Bio_PhD/Kerr_Lab/Plasmid_evolution/PETRI/Snakefile", line 100:
Job 16  completed successfully, but some output files are missing. Missing files after 5 seconds. This might be due to filesystem latency. If that is the case, consider to increase the wait time with --latency-wait:
results/parameter_sets/test/test_sweep_param.csv (missing locally, parent dir contents: )
[Wed Nov 26 21:54:58 2025]
Finished jobid: 17 (Rule: plot_psweep)
1 of 3 steps (33%) done
Shutting down, this might take some time.
Exiting because a job execution failed. Look below for error messages
[Wed Nov 26 21:54:58 2025]
Error in rule psweep_parameter:
    message: None
    jobid: 16
    input: src/generate_parameter_sets.R
    output: results/parameter_sets/test/test_sweep_param.csv
    shell:
        
    Rscript src/generate_parameter_sets.R       --setting test 
    
        (command exited with non-zero exit code)
Complete log(s): /Users/liz/Documents/UW_Bio_PhD/Kerr_Lab/Plasmid_evolution/PETRI/.snakemake/log/2025-11-26T215447.913243.snakemake.log
WorkflowError:
At least one job did not complete successfully.
