Assuming unrestricted shared filesystem usage.
None
host: Lizs-MacBook-Air-9.local
Building DAG of jobs...
Using shell: /bin/bash
Provided cores: 7
Rules claiming more threads will be scaled down.
Job stats:
job               count
--------------  -------
all                   1
plot_psweep           5
process_psweep        5
psweep_sims           5
total                16

Select jobs to execute...
Execute 2 jobs...
[Mon Dec  1 13:51:55 2025]
localrule psweep_sims:
    input: src/simrun_psweep.R, input_data/Treatments_parameter_sweep.csv
    output: results/parameter_sweeps/pO_test/pO_test_out.csv
    jobid: 10
    reason: Missing output files: results/parameter_sweeps/pO_test/pO_test_out.csv
    wildcards: psweep=pO_test
    threads: 3
    resources: tmpdir=/var/folders/dw/d0fxdqy942jc3trrhg2gvbnm0000gn/T

[Mon Dec  1 13:51:55 2025]
localrule psweep_sims:
    input: src/simrun_psweep.R, input_data/Treatments_parameter_sweep.csv
    output: results/parameter_sweeps/pLFC_test/pLFC_test_out.csv
    jobid: 16
    reason: Missing output files: results/parameter_sweeps/pLFC_test/pLFC_test_out.csv
    wildcards: psweep=pLFC_test
    threads: 3
    resources: tmpdir=/var/folders/dw/d0fxdqy942jc3trrhg2gvbnm0000gn/T

Select jobs to execute...
[Mon Dec  1 13:53:50 2025]
Finished jobid: 16 (Rule: psweep_sims)
1 of 16 steps (6%) done
Execute 2 jobs...
[Mon Dec  1 13:53:50 2025]
localrule process_psweep:
    input: src/process_psweep.R, results/parameter_sweeps/pLFC_test/pLFC_test_out.csv
    output: results/parameter_sweeps/pLFC_test/pLFC_test_plot.csv
    jobid: 15
    reason: Missing output files: results/parameter_sweeps/pLFC_test/pLFC_test_plot.csv; Input files updated by another job: results/parameter_sweeps/pLFC_test/pLFC_test_out.csv
    wildcards: psweep=pLFC_test
    resources: tmpdir=/var/folders/dw/d0fxdqy942jc3trrhg2gvbnm0000gn/T

[Mon Dec  1 13:53:50 2025]
localrule psweep_sims:
    input: src/simrun_psweep.R, input_data/Treatments_parameter_sweep.csv
    output: results/parameter_sweeps/pF_test/pF_test_out.csv
    jobid: 22
    reason: Missing output files: results/parameter_sweeps/pF_test/pF_test_out.csv
    wildcards: psweep=pF_test
    threads: 3
    resources: tmpdir=/var/folders/dw/d0fxdqy942jc3trrhg2gvbnm0000gn/T

Select jobs to execute...
[Mon Dec  1 13:53:56 2025]
Finished jobid: 15 (Rule: process_psweep)
2 of 16 steps (12%) done
Execute 1 jobs...
[Mon Dec  1 13:53:56 2025]
localrule plot_psweep:
    input: src/plot_psweep.R, results/parameter_sweeps/pLFC_test/pLFC_test_plot.csv
    output: results/parameter_sweeps/pLFC_test/pLFC_test_change_plot.pdf, results/parameter_sweeps/pLFC_test/pLFC_test_inv_plot.pdf
    jobid: 14
    reason: Missing output files: results/parameter_sweeps/pLFC_test/pLFC_test_change_plot.pdf, results/parameter_sweeps/pLFC_test/pLFC_test_inv_plot.pdf; Input files updated by another job: results/parameter_sweeps/pLFC_test/pLFC_test_plot.csv
    wildcards: psweep=pLFC_test
    resources: tmpdir=/var/folders/dw/d0fxdqy942jc3trrhg2gvbnm0000gn/T

Select jobs to execute...
[Mon Dec  1 13:54:04 2025]
Finished jobid: 14 (Rule: plot_psweep)
3 of 16 steps (19%) done
Terminating processes on user request, this might take some time.
RuleException:
CalledProcessError in file "/Users/liz/Documents/UW_Bio_PhD/Kerr_Lab/Plasmid_evolution/PETRI/Snakefile", line 126:
Command 'set -euo pipefail;  
    Rscript src/simrun_psweep.R       --psweepsetting pF_test       --threads 3' returned non-zero exit status 1.
[Mon Dec  1 13:57:37 2025]
Error in rule psweep_sims:
    message: None
    jobid: 22
    input: src/simrun_psweep.R, input_data/Treatments_parameter_sweep.csv
    output: results/parameter_sweeps/pF_test/pF_test_out.csv
    shell:
        
    Rscript src/simrun_psweep.R       --psweepsetting pF_test       --threads 3
    
        (command exited with non-zero exit code)
RuleException:
CalledProcessError in file "/Users/liz/Documents/UW_Bio_PhD/Kerr_Lab/Plasmid_evolution/PETRI/Snakefile", line 126:
Command 'set -euo pipefail;  
    Rscript src/simrun_psweep.R       --psweepsetting pO_test       --threads 3' returned non-zero exit status 1.
[Mon Dec  1 13:57:37 2025]
Error in rule psweep_sims:
    message: None
    jobid: 10
    input: src/simrun_psweep.R, input_data/Treatments_parameter_sweep.csv
    output: results/parameter_sweeps/pO_test/pO_test_out.csv
    shell:
        
    Rscript src/simrun_psweep.R       --psweepsetting pO_test       --threads 3
    
        (command exited with non-zero exit code)
Complete log(s): /Users/liz/Documents/UW_Bio_PhD/Kerr_Lab/Plasmid_evolution/PETRI/.snakemake/log/2025-12-01T135155.017175.snakemake.log
WorkflowError:
At least one job did not complete successfully.
