Assuming unrestricted shared filesystem usage.
None
host: Lizs-MacBook-Air-9.local
Building DAG of jobs...
Using shell: /bin/bash
Provided cores: 6
Rules claiming more threads will be scaled down.
Job stats:
job                        count
-----------------------  -------
all                            1
case_study_sims                1
plot_case_study_sims           1
plot_psweep                    2
process_case_study_sims        1
process_psweep                 2
psweep_sims                    2
total                         10

Select jobs to execute...
Execute 2 jobs...
[Tue Dec  2 14:41:49 2025]
localrule case_study_sims:
    input: src/simrun_case_study_snakemake.R, input_data/Treatments_case_study.csv
    output: results/case_study_sims/A.2/A.2_data.csv, results/case_study_sims/A.2/A.2_data_long.csv, results/case_study_sims/A.2/A.2_sim_plot.pdf
    jobid: 3
    reason: Updated input files: src/simrun_case_study_snakemake.R, input_data/Treatments_case_study.csv
    wildcards: treatment=A.2
    resources: tmpdir=/var/folders/dw/d0fxdqy942jc3trrhg2gvbnm0000gn/T

[Tue Dec  2 14:41:49 2025]
localrule psweep_sims:
    input: src/simrun_psweep.R, input_data/Treatments_parameter_sweep.csv
    output: results/parameter_sweeps/pHFC_test/pHFC_test_out.csv
    jobid: 7
    reason: Updated input files: src/simrun_psweep.R, input_data/Treatments_parameter_sweep.csv
    wildcards: psweep=pHFC_test
    threads: 5
    resources: tmpdir=/var/folders/dw/d0fxdqy942jc3trrhg2gvbnm0000gn/T

Select jobs to execute...
[Tue Dec  2 14:41:56 2025]
Finished jobid: 3 (Rule: case_study_sims)
1 of 10 steps (10%) done
Execute 1 jobs...
[Tue Dec  2 14:41:56 2025]
localrule process_case_study_sims:
    input: src/process_simrun.R, results/case_study_sims/A.2/A.2_data.csv, results/case_study_sims/A.2/A.2_data_long.csv
    output: results/case_study_sims/A.2/A.2_density_plot_df.csv, results/case_study_sims/A.2/A.2_frequency_plot_df.csv, results/case_study_sims/A.2/A.2_phases_plot_df.csv
    jobid: 2
    reason: Input files updated by another job: results/case_study_sims/A.2/A.2_data.csv, results/case_study_sims/A.2/A.2_data_long.csv
    wildcards: treatment=A.2
    resources: tmpdir=/var/folders/dw/d0fxdqy942jc3trrhg2gvbnm0000gn/T

Select jobs to execute...
[Tue Dec  2 14:42:03 2025]
Finished jobid: 2 (Rule: process_case_study_sims)
2 of 10 steps (20%) done
Execute 1 jobs...
[Tue Dec  2 14:42:03 2025]
localrule plot_case_study_sims:
    input: src/plot_simrun_snakemake.R, results/case_study_sims/A.2/A.2_density_plot_df.csv, results/case_study_sims/A.2/A.2_frequency_plot_df.csv, results/case_study_sims/A.2/A.2_phases_plot_df.csv
    output: results/case_study_sims/A.2/A.2_density_plot.pdf, results/case_study_sims/A.2/A.2_frequency_plot.pdf
    jobid: 1
    reason: Input files updated by another job: results/case_study_sims/A.2/A.2_frequency_plot_df.csv, results/case_study_sims/A.2/A.2_phases_plot_df.csv, results/case_study_sims/A.2/A.2_density_plot_df.csv
    wildcards: treatment=A.2
    resources: tmpdir=/var/folders/dw/d0fxdqy942jc3trrhg2gvbnm0000gn/T

Select jobs to execute...
[Tue Dec  2 14:42:07 2025]
Finished jobid: 7 (Rule: psweep_sims)
3 of 10 steps (30%) done
Execute 1 jobs...
[Tue Dec  2 14:42:07 2025]
localrule psweep_sims:
    input: src/simrun_psweep.R, input_data/Treatments_parameter_sweep.csv
    output: results/parameter_sweeps/pHFC.por_test/pHFC.por_test_out.csv
    jobid: 10
    reason: Missing output files: results/parameter_sweeps/pHFC.por_test/pHFC.por_test_out.csv
    wildcards: psweep=pHFC.por_test
    threads: 5
    resources: tmpdir=/var/folders/dw/d0fxdqy942jc3trrhg2gvbnm0000gn/T

Select jobs to execute...
[Tue Dec  2 14:42:10 2025]
Finished jobid: 1 (Rule: plot_case_study_sims)
4 of 10 steps (40%) done
Execute 1 jobs...
[Tue Dec  2 14:42:10 2025]
localrule process_psweep:
    input: src/process_psweep.R, results/parameter_sweeps/pHFC_test/pHFC_test_out.csv
    output: results/parameter_sweeps/pHFC_test/pHFC_test_plot.csv
    jobid: 6
    reason: Input files updated by another job: results/parameter_sweeps/pHFC_test/pHFC_test_out.csv
    wildcards: psweep=pHFC_test
    resources: tmpdir=/var/folders/dw/d0fxdqy942jc3trrhg2gvbnm0000gn/T

[Tue Dec  2 14:42:15 2025]
Finished jobid: 6 (Rule: process_psweep)
5 of 10 steps (50%) done
Select jobs to execute...
Execute 1 jobs...
[Tue Dec  2 14:42:15 2025]
localrule plot_psweep:
    input: src/plot_psweep.R, results/parameter_sweeps/pHFC_test/pHFC_test_plot.csv
    output: results/parameter_sweeps/pHFC_test/pHFC_test_change_plot.pdf, results/parameter_sweeps/pHFC_test/pHFC_test_inv_plot.pdf
    jobid: 5
    reason: Input files updated by another job: results/parameter_sweeps/pHFC_test/pHFC_test_plot.csv
    wildcards: psweep=pHFC_test
    resources: tmpdir=/var/folders/dw/d0fxdqy942jc3trrhg2gvbnm0000gn/T

[Tue Dec  2 14:42:17 2025]
Finished jobid: 10 (Rule: psweep_sims)
6 of 10 steps (60%) done
Select jobs to execute...
Execute 1 jobs...
[Tue Dec  2 14:42:17 2025]
localrule process_psweep:
    input: src/process_psweep.R, results/parameter_sweeps/pHFC.por_test/pHFC.por_test_out.csv
    output: results/parameter_sweeps/pHFC.por_test/pHFC.por_test_plot.csv
    jobid: 9
    reason: Missing output files: results/parameter_sweeps/pHFC.por_test/pHFC.por_test_plot.csv; Input files updated by another job: results/parameter_sweeps/pHFC.por_test/pHFC.por_test_out.csv
    wildcards: psweep=pHFC.por_test
    resources: tmpdir=/var/folders/dw/d0fxdqy942jc3trrhg2gvbnm0000gn/T

[Tue Dec  2 14:42:21 2025]
Finished jobid: 5 (Rule: plot_psweep)
7 of 10 steps (70%) done
[Tue Dec  2 14:42:22 2025]
Finished jobid: 9 (Rule: process_psweep)
8 of 10 steps (80%) done
Select jobs to execute...
Execute 1 jobs...
[Tue Dec  2 14:42:22 2025]
localrule plot_psweep:
    input: src/plot_psweep.R, results/parameter_sweeps/pHFC.por_test/pHFC.por_test_plot.csv
    output: results/parameter_sweeps/pHFC.por_test/pHFC.por_test_change_plot.pdf, results/parameter_sweeps/pHFC.por_test/pHFC.por_test_inv_plot.pdf
    jobid: 8
    reason: Missing output files: results/parameter_sweeps/pHFC.por_test/pHFC.por_test_change_plot.pdf, results/parameter_sweeps/pHFC.por_test/pHFC.por_test_inv_plot.pdf; Input files updated by another job: results/parameter_sweeps/pHFC.por_test/pHFC.por_test_plot.csv
    wildcards: psweep=pHFC.por_test
    resources: tmpdir=/var/folders/dw/d0fxdqy942jc3trrhg2gvbnm0000gn/T

[Tue Dec  2 14:42:26 2025]
Finished jobid: 8 (Rule: plot_psweep)
9 of 10 steps (90%) done
Select jobs to execute...
Execute 1 jobs...
[Tue Dec  2 14:42:26 2025]
localrule all:
    input: results/case_study_sims/A.2/A.2_density_plot.pdf, results/case_study_sims/A.2/A.2_frequency_plot.pdf, results/parameter_sets/test_sweep_param.csv, results/parameter_sweeps/pHFC_test/pHFC_test_change_plot.pdf, results/parameter_sweeps/pHFC.por_test/pHFC.por_test_change_plot.pdf, results/parameter_sweeps/pHFC_test/pHFC_test_inv_plot.pdf, results/parameter_sweeps/pHFC.por_test/pHFC.por_test_inv_plot.pdf
    jobid: 0
    reason: Input files updated by another job: results/case_study_sims/A.2/A.2_density_plot.pdf, results/parameter_sweeps/pHFC_test/pHFC_test_inv_plot.pdf, results/parameter_sweeps/pHFC.por_test/pHFC.por_test_change_plot.pdf, results/case_study_sims/A.2/A.2_frequency_plot.pdf, results/parameter_sweeps/pHFC.por_test/pHFC.por_test_inv_plot.pdf, results/parameter_sweeps/pHFC_test/pHFC_test_change_plot.pdf
    resources: tmpdir=/var/folders/dw/d0fxdqy942jc3trrhg2gvbnm0000gn/T

[Tue Dec  2 14:42:26 2025]
Finished jobid: 0 (Rule: all)
10 of 10 steps (100%) done
Complete log(s): /Users/liz/Documents/UW_Bio_PhD/Kerr_Lab/Plasmid_evolution/PETRI/.snakemake/log/2025-12-02T144149.340650.snakemake.log
