Assuming unrestricted shared filesystem usage.
None
host: Lizs-MacBook-Air-9.local
Building DAG of jobs...
Using shell: /bin/bash
Provided cores: 7
Rules claiming more threads will be scaled down.
Job stats:
job                        count
-----------------------  -------
all                            1
case_study_sims                2
plot_case_study_sims           2
plot_psweep                    1
process_case_study_sims        2
process_psweep                 1
psweep_sims                    1
total                         10

Select jobs to execute...
Execute 3 jobs...
[Mon Dec  1 17:09:29 2025]
localrule case_study_sims:
    input: src/simrun_case_study_snakemake.R, input_data/Treatments_case_study.csv
    output: results/case_study_sims/C.2_full/C.2_full_data.csv, results/case_study_sims/C.2_full/C.2_full_data_long.csv, results/case_study_sims/C.2_full/C.2_full_sim_plot.pdf
    jobid: 6
    reason: Updated input files: input_data/Treatments_case_study.csv, src/simrun_case_study_snakemake.R
    wildcards: treatment=C.2_full
    resources: tmpdir=/var/folders/dw/d0fxdqy942jc3trrhg2gvbnm0000gn/T

[Mon Dec  1 17:09:29 2025]
localrule psweep_sims:
    input: src/simrun_psweep.R, input_data/Treatments_parameter_sweep.csv
    output: results/parameter_sweeps/pHFC.inv_test/pHFC.inv_test_out.csv
    jobid: 10
    reason: Updated input files: input_data/Treatments_parameter_sweep.csv
    wildcards: psweep=pHFC.inv_test
    threads: 5
    resources: tmpdir=/var/folders/dw/d0fxdqy942jc3trrhg2gvbnm0000gn/T

[Mon Dec  1 17:09:29 2025]
localrule case_study_sims:
    input: src/simrun_case_study_snakemake.R, input_data/Treatments_case_study.csv
    output: results/case_study_sims/A.2_full/A.2_full_data.csv, results/case_study_sims/A.2_full/A.2_full_data_long.csv, results/case_study_sims/A.2_full/A.2_full_sim_plot.pdf
    jobid: 3
    reason: Updated input files: input_data/Treatments_case_study.csv, src/simrun_case_study_snakemake.R
    wildcards: treatment=A.2_full
    resources: tmpdir=/var/folders/dw/d0fxdqy942jc3trrhg2gvbnm0000gn/T

[Mon Dec  1 17:09:37 2025]
Finished jobid: 3 (Rule: case_study_sims)
1 of 10 steps (10%) done
Select jobs to execute...
Execute 1 jobs...
[Mon Dec  1 17:09:37 2025]
localrule process_case_study_sims:
    input: src/process_simrun.R, results/case_study_sims/A.2_full/A.2_full_data.csv, results/case_study_sims/A.2_full/A.2_full_data_long.csv
    output: results/case_study_sims/A.2_full/A.2_full_density_plot_df.csv, results/case_study_sims/A.2_full/A.2_full_frequency_plot_df.csv, results/case_study_sims/A.2_full/A.2_full_phases_plot_df.csv
    jobid: 2
    reason: Input files updated by another job: results/case_study_sims/A.2_full/A.2_full_data_long.csv, results/case_study_sims/A.2_full/A.2_full_data.csv
    wildcards: treatment=A.2_full
    resources: tmpdir=/var/folders/dw/d0fxdqy942jc3trrhg2gvbnm0000gn/T

[Mon Dec  1 17:09:40 2025]
Finished jobid: 10 (Rule: psweep_sims)
2 of 10 steps (20%) done
Select jobs to execute...
Execute 1 jobs...
[Mon Dec  1 17:09:40 2025]
localrule process_psweep:
    input: src/process_psweep.R, results/parameter_sweeps/pHFC.inv_test/pHFC.inv_test_out.csv
    output: results/parameter_sweeps/pHFC.inv_test/pHFC.inv_test_plot.csv
    jobid: 9
    reason: Input files updated by another job: results/parameter_sweeps/pHFC.inv_test/pHFC.inv_test_out.csv
    wildcards: psweep=pHFC.inv_test
    resources: tmpdir=/var/folders/dw/d0fxdqy942jc3trrhg2gvbnm0000gn/T

[Mon Dec  1 17:09:43 2025]
Finished jobid: 2 (Rule: process_case_study_sims)
3 of 10 steps (30%) done
Select jobs to execute...
Execute 1 jobs...
[Mon Dec  1 17:09:43 2025]
localrule plot_case_study_sims:
    input: src/plot_simrun_snakemake.R, results/case_study_sims/A.2_full/A.2_full_density_plot_df.csv, results/case_study_sims/A.2_full/A.2_full_frequency_plot_df.csv, results/case_study_sims/A.2_full/A.2_full_phases_plot_df.csv
    output: results/case_study_sims/A.2_full/A.2_full_density_plot.pdf, results/case_study_sims/A.2_full/A.2_full_frequency_plot.pdf
    jobid: 1
    reason: Input files updated by another job: results/case_study_sims/A.2_full/A.2_full_phases_plot_df.csv, results/case_study_sims/A.2_full/A.2_full_density_plot_df.csv, results/case_study_sims/A.2_full/A.2_full_frequency_plot_df.csv
    wildcards: treatment=A.2_full
    resources: tmpdir=/var/folders/dw/d0fxdqy942jc3trrhg2gvbnm0000gn/T

[Mon Dec  1 17:09:44 2025]
Finished jobid: 6 (Rule: case_study_sims)
4 of 10 steps (40%) done
Select jobs to execute...
Execute 1 jobs...
[Mon Dec  1 17:09:44 2025]
localrule process_case_study_sims:
    input: src/process_simrun.R, results/case_study_sims/C.2_full/C.2_full_data.csv, results/case_study_sims/C.2_full/C.2_full_data_long.csv
    output: results/case_study_sims/C.2_full/C.2_full_density_plot_df.csv, results/case_study_sims/C.2_full/C.2_full_frequency_plot_df.csv, results/case_study_sims/C.2_full/C.2_full_phases_plot_df.csv
    jobid: 5
    reason: Input files updated by another job: results/case_study_sims/C.2_full/C.2_full_data_long.csv, results/case_study_sims/C.2_full/C.2_full_data.csv
    wildcards: treatment=C.2_full
    resources: tmpdir=/var/folders/dw/d0fxdqy942jc3trrhg2gvbnm0000gn/T

[Mon Dec  1 17:09:45 2025]
Finished jobid: 9 (Rule: process_psweep)
5 of 10 steps (50%) done
Select jobs to execute...
Execute 1 jobs...
[Mon Dec  1 17:09:45 2025]
localrule plot_psweep:
    input: src/plot_psweep.R, results/parameter_sweeps/pHFC.inv_test/pHFC.inv_test_plot.csv
    output: results/parameter_sweeps/pHFC.inv_test/pHFC.inv_test_change_plot.pdf, results/parameter_sweeps/pHFC.inv_test/pHFC.inv_test_inv_plot.pdf
    jobid: 8
    reason: Input files updated by another job: results/parameter_sweeps/pHFC.inv_test/pHFC.inv_test_plot.csv
    wildcards: psweep=pHFC.inv_test
    resources: tmpdir=/var/folders/dw/d0fxdqy942jc3trrhg2gvbnm0000gn/T

[Mon Dec  1 17:09:49 2025]
Finished jobid: 1 (Rule: plot_case_study_sims)
6 of 10 steps (60%) done
[Mon Dec  1 17:09:49 2025]
Finished jobid: 5 (Rule: process_case_study_sims)
7 of 10 steps (70%) done
Select jobs to execute...
Execute 1 jobs...
[Mon Dec  1 17:09:49 2025]
localrule plot_case_study_sims:
    input: src/plot_simrun_snakemake.R, results/case_study_sims/C.2_full/C.2_full_density_plot_df.csv, results/case_study_sims/C.2_full/C.2_full_frequency_plot_df.csv, results/case_study_sims/C.2_full/C.2_full_phases_plot_df.csv
    output: results/case_study_sims/C.2_full/C.2_full_density_plot.pdf, results/case_study_sims/C.2_full/C.2_full_frequency_plot.pdf
    jobid: 4
    reason: Input files updated by another job: results/case_study_sims/C.2_full/C.2_full_frequency_plot_df.csv, results/case_study_sims/C.2_full/C.2_full_density_plot_df.csv, results/case_study_sims/C.2_full/C.2_full_phases_plot_df.csv
    wildcards: treatment=C.2_full
    resources: tmpdir=/var/folders/dw/d0fxdqy942jc3trrhg2gvbnm0000gn/T

[Mon Dec  1 17:09:51 2025]
Finished jobid: 8 (Rule: plot_psweep)
8 of 10 steps (80%) done
[Mon Dec  1 17:09:56 2025]
Finished jobid: 4 (Rule: plot_case_study_sims)
9 of 10 steps (90%) done
Select jobs to execute...
Execute 1 jobs...
[Mon Dec  1 17:09:56 2025]
localrule all:
    input: results/case_study_sims/A.2_full/A.2_full_density_plot.pdf, results/case_study_sims/C.2_full/C.2_full_density_plot.pdf, results/case_study_sims/A.2_full/A.2_full_frequency_plot.pdf, results/case_study_sims/C.2_full/C.2_full_frequency_plot.pdf, results/parameter_sets/test_sweep_param.csv, results/parameter_sweeps/pHFC.inv_test/pHFC.inv_test_change_plot.pdf, results/parameter_sweeps/pHFC.inv_test/pHFC.inv_test_inv_plot.pdf
    jobid: 0
    reason: Input files updated by another job: results/parameter_sweeps/pHFC.inv_test/pHFC.inv_test_inv_plot.pdf, results/case_study_sims/C.2_full/C.2_full_density_plot.pdf, results/case_study_sims/A.2_full/A.2_full_density_plot.pdf, results/case_study_sims/A.2_full/A.2_full_frequency_plot.pdf, results/case_study_sims/C.2_full/C.2_full_frequency_plot.pdf, results/parameter_sweeps/pHFC.inv_test/pHFC.inv_test_change_plot.pdf
    resources: tmpdir=/var/folders/dw/d0fxdqy942jc3trrhg2gvbnm0000gn/T

[Mon Dec  1 17:09:56 2025]
Finished jobid: 0 (Rule: all)
10 of 10 steps (100%) done
Complete log(s): /Users/liz/Documents/UW_Bio_PhD/Kerr_Lab/Plasmid_evolution/PETRI/.snakemake/log/2025-12-01T170929.026451.snakemake.log
