Assuming unrestricted shared filesystem usage.
None
host: Lizs-MacBook-Air-9.local
Building DAG of jobs...
Using shell: /bin/bash
Provided cores: 7
Rules claiming more threads will be scaled down.
Job stats:
job               count
--------------  -------
all                   1
plot_psweep           5
process_psweep        5
psweep_sims           5
total                16

Select jobs to execute...
Execute 2 jobs...
[Wed Nov 26 22:43:12 2025]
localrule psweep_sims:
    input: src/simrun_psweep.R, input_data/Treatments_parameter_sweep.csv
    output: results/parameter_sweeps/pHFC_test/pHFC_test_out.csv
    jobid: 22
    reason: Missing output files: results/parameter_sweeps/pHFC_test/pHFC_test_out.csv; Updated input files: src/simrun_psweep.R
    wildcards: psweep=pHFC_test
    threads: 3
    resources: tmpdir=/var/folders/dw/d0fxdqy942jc3trrhg2gvbnm0000gn/T

[Wed Nov 26 22:43:12 2025]
localrule psweep_sims:
    input: src/simrun_psweep.R, input_data/Treatments_parameter_sweep.csv
    output: results/parameter_sweeps/pE_test/pE_test_out.csv
    jobid: 28
    reason: Missing output files: results/parameter_sweeps/pE_test/pE_test_out.csv; Updated input files: src/simrun_psweep.R
    wildcards: psweep=pE_test
    threads: 3
    resources: tmpdir=/var/folders/dw/d0fxdqy942jc3trrhg2gvbnm0000gn/T

Select jobs to execute...
[Wed Nov 26 22:43:30 2025]
Finished jobid: 22 (Rule: psweep_sims)
1 of 16 steps (6%) done
Execute 2 jobs...
[Wed Nov 26 22:43:30 2025]
localrule process_psweep:
    input: src/process_psweep.R, results/parameter_sweeps/pHFC_test/pHFC_test_out.csv
    output: results/parameter_sweeps/pHFC_test/pHFC_test_plot.csv
    jobid: 21
    reason: Input files updated by another job: results/parameter_sweeps/pHFC_test/pHFC_test_out.csv
    wildcards: psweep=pHFC_test
    resources: tmpdir=/var/folders/dw/d0fxdqy942jc3trrhg2gvbnm0000gn/T

[Wed Nov 26 22:43:30 2025]
localrule psweep_sims:
    input: src/simrun_psweep.R, input_data/Treatments_parameter_sweep.csv
    output: results/parameter_sweeps/pF_test/pF_test_out.csv
    jobid: 31
    reason: Missing output files: results/parameter_sweeps/pF_test/pF_test_out.csv; Updated input files: src/simrun_psweep.R
    wildcards: psweep=pF_test
    threads: 3
    resources: tmpdir=/var/folders/dw/d0fxdqy942jc3trrhg2gvbnm0000gn/T

Select jobs to execute...
[Wed Nov 26 22:43:36 2025]
Finished jobid: 21 (Rule: process_psweep)
2 of 16 steps (12%) done
Execute 1 jobs...
[Wed Nov 26 22:43:36 2025]
localrule plot_psweep:
    input: src/plot_psweep.R, results/parameter_sweeps/pHFC_test/pHFC_test_plot.csv
    output: results/parameter_sweeps/pHFC_test/pHFC_test_change_plot.pdf, results/parameter_sweeps/pHFC_test/pHFC_test_inv_plot.pdf
    jobid: 20
    reason: Input files updated by another job: results/parameter_sweeps/pHFC_test/pHFC_test_plot.csv
    wildcards: psweep=pHFC_test
    resources: tmpdir=/var/folders/dw/d0fxdqy942jc3trrhg2gvbnm0000gn/T

Select jobs to execute...
[Wed Nov 26 22:43:44 2025]
Finished jobid: 20 (Rule: plot_psweep)
3 of 16 steps (19%) done
[Wed Nov 26 22:44:16 2025]
Finished jobid: 28 (Rule: psweep_sims)
4 of 16 steps (25%) done
Execute 2 jobs...
[Wed Nov 26 22:44:16 2025]
localrule psweep_sims:
    input: src/simrun_psweep.R, input_data/Treatments_parameter_sweep.csv
    output: results/parameter_sweeps/pLFC_test/pLFC_test_out.csv
    jobid: 25
    reason: Missing output files: results/parameter_sweeps/pLFC_test/pLFC_test_out.csv; Updated input files: src/simrun_psweep.R
    wildcards: psweep=pLFC_test
    threads: 3
    resources: tmpdir=/var/folders/dw/d0fxdqy942jc3trrhg2gvbnm0000gn/T

[Wed Nov 26 22:44:16 2025]
localrule process_psweep:
    input: src/process_psweep.R, results/parameter_sweeps/pE_test/pE_test_out.csv
    output: results/parameter_sweeps/pE_test/pE_test_plot.csv
    jobid: 27
    reason: Input files updated by another job: results/parameter_sweeps/pE_test/pE_test_out.csv
    wildcards: psweep=pE_test
    resources: tmpdir=/var/folders/dw/d0fxdqy942jc3trrhg2gvbnm0000gn/T

Select jobs to execute...
[Wed Nov 26 22:44:22 2025]
Finished jobid: 27 (Rule: process_psweep)
5 of 16 steps (31%) done
Execute 1 jobs...
[Wed Nov 26 22:44:22 2025]
localrule plot_psweep:
    input: src/plot_psweep.R, results/parameter_sweeps/pE_test/pE_test_plot.csv
    output: results/parameter_sweeps/pE_test/pE_test_change_plot.pdf, results/parameter_sweeps/pE_test/pE_test_inv_plot.pdf
    jobid: 26
    reason: Input files updated by another job: results/parameter_sweeps/pE_test/pE_test_plot.csv
    wildcards: psweep=pE_test
    resources: tmpdir=/var/folders/dw/d0fxdqy942jc3trrhg2gvbnm0000gn/T

Select jobs to execute...
[Wed Nov 26 22:44:30 2025]
Finished jobid: 26 (Rule: plot_psweep)
6 of 16 steps (38%) done
[Wed Nov 26 22:45:41 2025]
Finished jobid: 25 (Rule: psweep_sims)
7 of 16 steps (44%) done
Execute 2 jobs...
[Wed Nov 26 22:45:41 2025]
localrule process_psweep:
    input: src/process_psweep.R, results/parameter_sweeps/pLFC_test/pLFC_test_out.csv
    output: results/parameter_sweeps/pLFC_test/pLFC_test_plot.csv
    jobid: 24
    reason: Input files updated by another job: results/parameter_sweeps/pLFC_test/pLFC_test_out.csv
    wildcards: psweep=pLFC_test
    resources: tmpdir=/var/folders/dw/d0fxdqy942jc3trrhg2gvbnm0000gn/T

[Wed Nov 26 22:45:41 2025]
localrule psweep_sims:
    input: src/simrun_psweep.R, input_data/Treatments_parameter_sweep.csv
    output: results/parameter_sweeps/pO_test/pO_test_out.csv
    jobid: 19
    reason: Missing output files: results/parameter_sweeps/pO_test/pO_test_out.csv; Set of input files has changed since last execution
    wildcards: psweep=pO_test
    threads: 3
    resources: tmpdir=/var/folders/dw/d0fxdqy942jc3trrhg2gvbnm0000gn/T

[Wed Nov 26 22:45:47 2025]
Finished jobid: 24 (Rule: process_psweep)
8 of 16 steps (50%) done
Select jobs to execute...
Execute 1 jobs...
[Wed Nov 26 22:45:47 2025]
localrule plot_psweep:
    input: src/plot_psweep.R, results/parameter_sweeps/pLFC_test/pLFC_test_plot.csv
    output: results/parameter_sweeps/pLFC_test/pLFC_test_change_plot.pdf, results/parameter_sweeps/pLFC_test/pLFC_test_inv_plot.pdf
    jobid: 23
    reason: Input files updated by another job: results/parameter_sweeps/pLFC_test/pLFC_test_plot.csv
    wildcards: psweep=pLFC_test
    resources: tmpdir=/var/folders/dw/d0fxdqy942jc3trrhg2gvbnm0000gn/T

[Wed Nov 26 22:45:55 2025]
Finished jobid: 23 (Rule: plot_psweep)
9 of 16 steps (56%) done
[Wed Nov 26 22:46:11 2025]
Finished jobid: 31 (Rule: psweep_sims)
10 of 16 steps (62%) done
Select jobs to execute...
Execute 1 jobs...
[Wed Nov 26 22:46:11 2025]
localrule process_psweep:
    input: src/process_psweep.R, results/parameter_sweeps/pF_test/pF_test_out.csv
    output: results/parameter_sweeps/pF_test/pF_test_plot.csv
    jobid: 30
    reason: Input files updated by another job: results/parameter_sweeps/pF_test/pF_test_out.csv
    wildcards: psweep=pF_test
    resources: tmpdir=/var/folders/dw/d0fxdqy942jc3trrhg2gvbnm0000gn/T

[Wed Nov 26 22:46:16 2025]
Finished jobid: 30 (Rule: process_psweep)
11 of 16 steps (69%) done
Select jobs to execute...
Execute 1 jobs...
[Wed Nov 26 22:46:16 2025]
localrule plot_psweep:
    input: src/plot_psweep.R, results/parameter_sweeps/pF_test/pF_test_plot.csv
    output: results/parameter_sweeps/pF_test/pF_test_change_plot.pdf, results/parameter_sweeps/pF_test/pF_test_inv_plot.pdf
    jobid: 29
    reason: Input files updated by another job: results/parameter_sweeps/pF_test/pF_test_plot.csv
    wildcards: psweep=pF_test
    resources: tmpdir=/var/folders/dw/d0fxdqy942jc3trrhg2gvbnm0000gn/T

[Wed Nov 26 22:46:22 2025]
Finished jobid: 29 (Rule: plot_psweep)
12 of 16 steps (75%) done
[Wed Nov 26 22:48:35 2025]
Finished jobid: 19 (Rule: psweep_sims)
13 of 16 steps (81%) done
Select jobs to execute...
Execute 1 jobs...
[Wed Nov 26 22:48:35 2025]
localrule process_psweep:
    input: src/process_psweep.R, results/parameter_sweeps/pO_test/pO_test_out.csv
    output: results/parameter_sweeps/pO_test/pO_test_plot.csv
    jobid: 18
    reason: Missing output files: results/parameter_sweeps/pO_test/pO_test_plot.csv; Input files updated by another job: results/parameter_sweeps/pO_test/pO_test_out.csv
    wildcards: psweep=pO_test
    resources: tmpdir=/var/folders/dw/d0fxdqy942jc3trrhg2gvbnm0000gn/T

[Wed Nov 26 22:48:39 2025]
Finished jobid: 18 (Rule: process_psweep)
14 of 16 steps (88%) done
Select jobs to execute...
Execute 1 jobs...
[Wed Nov 26 22:48:39 2025]
localrule plot_psweep:
    input: src/plot_psweep.R, results/parameter_sweeps/pO_test/pO_test_plot.csv
    output: results/parameter_sweeps/pO_test/pO_test_change_plot.pdf, results/parameter_sweeps/pO_test/pO_test_inv_plot.pdf
    jobid: 17
    reason: Missing output files: results/parameter_sweeps/pO_test/pO_test_inv_plot.pdf, results/parameter_sweeps/pO_test/pO_test_change_plot.pdf; Input files updated by another job: results/parameter_sweeps/pO_test/pO_test_plot.csv
    wildcards: psweep=pO_test
    resources: tmpdir=/var/folders/dw/d0fxdqy942jc3trrhg2gvbnm0000gn/T

[Wed Nov 26 22:48:43 2025]
Finished jobid: 17 (Rule: plot_psweep)
15 of 16 steps (94%) done
Select jobs to execute...
Execute 1 jobs...
[Wed Nov 26 22:48:43 2025]
localrule all:
    input: results/case_study_sims/A.2/A.2_density_plot.pdf, results/case_study_sims/C.2/C.2_density_plot.pdf, results/case_study_sims/O/O_density_plot.pdf, results/case_study_sims/E/E_density_plot.pdf, results/case_study_sims/F/F_density_plot.pdf, results/case_study_sims/A.2/A.2_frequency_plot.pdf, results/case_study_sims/C.2/C.2_frequency_plot.pdf, results/case_study_sims/O/O_frequency_plot.pdf, results/case_study_sims/E/E_frequency_plot.pdf, results/case_study_sims/F/F_frequency_plot.pdf, results/parameter_sets/test_sweep_param.csv, results/parameter_sweeps/pO_test/pO_test_change_plot.pdf, results/parameter_sweeps/pHFC_test/pHFC_test_change_plot.pdf, results/parameter_sweeps/pLFC_test/pLFC_test_change_plot.pdf, results/parameter_sweeps/pE_test/pE_test_change_plot.pdf, results/parameter_sweeps/pF_test/pF_test_change_plot.pdf, results/parameter_sweeps/pO_test/pO_test_inv_plot.pdf, results/parameter_sweeps/pHFC_test/pHFC_test_inv_plot.pdf, results/parameter_sweeps/pLFC_test/pLFC_test_inv_plot.pdf, results/parameter_sweeps/pE_test/pE_test_inv_plot.pdf, results/parameter_sweeps/pF_test/pF_test_inv_plot.pdf
    jobid: 0
    reason: Input files updated by another job: results/parameter_sweeps/pF_test/pF_test_change_plot.pdf, results/parameter_sweeps/pHFC_test/pHFC_test_change_plot.pdf, results/parameter_sweeps/pHFC_test/pHFC_test_inv_plot.pdf, results/parameter_sweeps/pLFC_test/pLFC_test_inv_plot.pdf, results/parameter_sweeps/pLFC_test/pLFC_test_change_plot.pdf, results/parameter_sweeps/pE_test/pE_test_change_plot.pdf, results/parameter_sweeps/pF_test/pF_test_inv_plot.pdf, results/parameter_sweeps/pO_test/pO_test_inv_plot.pdf, results/parameter_sweeps/pE_test/pE_test_inv_plot.pdf, results/parameter_sweeps/pO_test/pO_test_change_plot.pdf
    resources: tmpdir=/var/folders/dw/d0fxdqy942jc3trrhg2gvbnm0000gn/T

[Wed Nov 26 22:48:43 2025]
Finished jobid: 0 (Rule: all)
16 of 16 steps (100%) done
Complete log(s): /Users/liz/Documents/UW_Bio_PhD/Kerr_Lab/Plasmid_evolution/PETRI/.snakemake/log/2025-11-26T224311.799489.snakemake.log
