Assuming unrestricted shared filesystem usage.
None
host: Lizs-MacBook-Air-9.local
Building DAG of jobs...
Using shell: /bin/bash
Provided cores: 3
Rules claiming more threads will be scaled down.
Job stats:
job                 count
----------------  -------
all                     1
psweep_parameter        1
total                   2

Select jobs to execute...
Execute 1 jobs...
[Mon Dec  1 13:51:00 2025]
localrule psweep_parameter:
    input: src/generate_parameter_sets.R, input_data/Parameter_sweep_settings.csv
    output: results/parameter_sets/test_sweep_param.csv
    jobid: 7
    reason: Updated input files: input_data/Parameter_sweep_settings.csv
    wildcards: parameters=test
    resources: tmpdir=/var/folders/dw/d0fxdqy942jc3trrhg2gvbnm0000gn/T

[Mon Dec  1 13:51:04 2025]
Finished jobid: 7 (Rule: psweep_parameter)
1 of 2 steps (50%) done
Select jobs to execute...
Execute 1 jobs...
[Mon Dec  1 13:51:04 2025]
localrule all:
    input: results/case_study_sims/A.2_full/A.2_full_density_plot.pdf, results/case_study_sims/C.2_full/C.2_full_density_plot.pdf, results/case_study_sims/A.2_full/A.2_full_frequency_plot.pdf, results/case_study_sims/C.2_full/C.2_full_frequency_plot.pdf, results/parameter_sets/test_sweep_param.csv, results/parameter_sweeps/pO_test/pO_test_change_plot.pdf, results/parameter_sweeps/pHFC_test/pHFC_test_change_plot.pdf, results/parameter_sweeps/pLFC_test/pLFC_test_change_plot.pdf, results/parameter_sweeps/pE_test/pE_test_change_plot.pdf, results/parameter_sweeps/pF_test/pF_test_change_plot.pdf, results/parameter_sweeps/pO_test/pO_test_inv_plot.pdf, results/parameter_sweeps/pHFC_test/pHFC_test_inv_plot.pdf, results/parameter_sweeps/pLFC_test/pLFC_test_inv_plot.pdf, results/parameter_sweeps/pE_test/pE_test_inv_plot.pdf, results/parameter_sweeps/pF_test/pF_test_inv_plot.pdf
    jobid: 0
    reason: Input files updated by another job: results/parameter_sets/test_sweep_param.csv
    resources: tmpdir=/var/folders/dw/d0fxdqy942jc3trrhg2gvbnm0000gn/T

[Mon Dec  1 13:51:04 2025]
Finished jobid: 0 (Rule: all)
2 of 2 steps (100%) done
Complete log(s): /Users/liz/Documents/UW_Bio_PhD/Kerr_Lab/Plasmid_evolution/PETRI/.snakemake/log/2025-12-01T135059.424626.snakemake.log
