Assuming unrestricted shared filesystem usage.
None
host: Lizs-MacBook-Air-9.local
Building DAG of jobs...
Using shell: /bin/bash
Provided cores: 7
Rules claiming more threads will be scaled down.
Job stats:
job                 count
----------------  -------
all                     1
plot_psweep             5
process_psweep          5
psweep_parameter        1
psweep_sims             5
total                  17

Select jobs to execute...
Execute 3 jobs...
[Wed Nov 26 22:00:03 2025]
localrule psweep_sims:
    input: src/simrun_psweep.R, input_data/Treatments_parameter_sweep.csv, input_data/Parameter_sweep_settings.csv
    output: results/parameter_sweeps/pO_test/pO_test_out.csv
    jobid: 19
    reason: Updated input files: src/simrun_psweep.R
    wildcards: psweep=pO_test
    threads: 3
    resources: tmpdir=/var/folders/dw/d0fxdqy942jc3trrhg2gvbnm0000gn/T

[Wed Nov 26 22:00:03 2025]
localrule psweep_sims:
    input: src/simrun_psweep.R, input_data/Treatments_parameter_sweep.csv, input_data/Parameter_sweep_settings.csv
    output: results/parameter_sweeps/pHFC_test/pHFC_test_out.csv
    jobid: 22
    reason: Updated input files: src/simrun_psweep.R
    wildcards: psweep=pHFC_test
    threads: 3
    resources: tmpdir=/var/folders/dw/d0fxdqy942jc3trrhg2gvbnm0000gn/T

[Wed Nov 26 22:00:03 2025]
localrule psweep_parameter:
    input: src/generate_parameter_sets.R
    output: results/parameter_sets/test/test_sweep_param.csv
    jobid: 16
    reason: Missing output files: results/parameter_sets/test/test_sweep_param.csv
    wildcards: parameters=test
    resources: tmpdir=/var/folders/dw/d0fxdqy942jc3trrhg2gvbnm0000gn/T

Select jobs to execute...
RuleException:
CalledProcessError in file "/Users/liz/Documents/UW_Bio_PhD/Kerr_Lab/Plasmid_evolution/PETRI/Snakefile", line 122:
Command 'set -euo pipefail;  
    Rscript src/simrun_psweep.R       --psweepsetting pO_test       --threads 3' returned non-zero exit status 1.
[Wed Nov 26 22:00:08 2025]
Error in rule psweep_sims:
    message: None
    jobid: 19
    input: src/simrun_psweep.R, input_data/Treatments_parameter_sweep.csv, input_data/Parameter_sweep_settings.csv
    output: results/parameter_sweeps/pO_test/pO_test_out.csv
    shell:
        
    Rscript src/simrun_psweep.R       --psweepsetting pO_test       --threads 3
    
        (command exited with non-zero exit code)
RuleException:
CalledProcessError in file "/Users/liz/Documents/UW_Bio_PhD/Kerr_Lab/Plasmid_evolution/PETRI/Snakefile", line 122:
Command 'set -euo pipefail;  
    Rscript src/simrun_psweep.R       --psweepsetting pHFC_test       --threads 3' returned non-zero exit status 1.
[Wed Nov 26 22:00:08 2025]
Error in rule psweep_sims:
    message: None
    jobid: 22
    input: src/simrun_psweep.R, input_data/Treatments_parameter_sweep.csv, input_data/Parameter_sweep_settings.csv
    output: results/parameter_sweeps/pHFC_test/pHFC_test_out.csv
    shell:
        
    Rscript src/simrun_psweep.R       --psweepsetting pHFC_test       --threads 3
    
        (command exited with non-zero exit code)
Waiting at most 5 seconds for missing files:
results/parameter_sets/test/test_sweep_param.csv (missing locally)
MissingOutputException in rule psweep_parameter in file "/Users/liz/Documents/UW_Bio_PhD/Kerr_Lab/Plasmid_evolution/PETRI/Snakefile", line 100:
Job 16  completed successfully, but some output files are missing. Missing files after 5 seconds. This might be due to filesystem latency. If that is the case, consider to increase the wait time with --latency-wait:
results/parameter_sets/test/test_sweep_param.csv (missing locally, parent dir contents: )
Shutting down, this might take some time.
Exiting because a job execution failed. Look below for error messages
[Wed Nov 26 22:00:13 2025]
Error in rule psweep_sims:
    message: None
    jobid: 19
    input: src/simrun_psweep.R, input_data/Treatments_parameter_sweep.csv, input_data/Parameter_sweep_settings.csv
    output: results/parameter_sweeps/pO_test/pO_test_out.csv
    shell:
        
    Rscript src/simrun_psweep.R       --psweepsetting pO_test       --threads 3
    
        (command exited with non-zero exit code)
[Wed Nov 26 22:00:13 2025]
Error in rule psweep_sims:
    message: None
    jobid: 22
    input: src/simrun_psweep.R, input_data/Treatments_parameter_sweep.csv, input_data/Parameter_sweep_settings.csv
    output: results/parameter_sweeps/pHFC_test/pHFC_test_out.csv
    shell:
        
    Rscript src/simrun_psweep.R       --psweepsetting pHFC_test       --threads 3
    
        (command exited with non-zero exit code)
[Wed Nov 26 22:00:13 2025]
Error in rule psweep_parameter:
    message: None
    jobid: 16
    input: src/generate_parameter_sets.R
    output: results/parameter_sets/test/test_sweep_param.csv
    shell:
        
    Rscript src/generate_parameter_sets.R       --setting test 
    
        (command exited with non-zero exit code)
Complete log(s): /Users/liz/Documents/UW_Bio_PhD/Kerr_Lab/Plasmid_evolution/PETRI/.snakemake/log/2025-11-26T220002.563015.snakemake.log
WorkflowError:
At least one job did not complete successfully.
