Assuming unrestricted shared filesystem usage.
None
host: Lizs-MacBook-Air-9.local
Building DAG of jobs...
Using shell: /bin/bash
Provided cores: 7
Rules claiming more threads will be scaled down.
Job stats:
job               count
--------------  -------
all                   1
plot_psweep           4
process_psweep        4
psweep_sims           4
total                13

Select jobs to execute...
Execute 1 jobs...
[Mon Dec  1 13:58:10 2025]
localrule psweep_sims:
    input: src/simrun_psweep.R, input_data/Treatments_parameter_sweep.csv
    output: results/parameter_sweeps/pE_test/pE_test_out.csv
    jobid: 19
    reason: Missing output files: results/parameter_sweeps/pE_test/pE_test_out.csv
    wildcards: psweep=pE_test
    threads: 5
    resources: tmpdir=/var/folders/dw/d0fxdqy942jc3trrhg2gvbnm0000gn/T

Select jobs to execute...
[Mon Dec  1 13:59:03 2025]
Finished jobid: 19 (Rule: psweep_sims)
1 of 13 steps (8%) done
Execute 2 jobs...
[Mon Dec  1 13:59:03 2025]
localrule psweep_sims:
    input: src/simrun_psweep.R, input_data/Treatments_parameter_sweep.csv
    output: results/parameter_sweeps/pF_test/pF_test_out.csv
    jobid: 22
    reason: Missing output files: results/parameter_sweeps/pF_test/pF_test_out.csv
    wildcards: psweep=pF_test
    threads: 5
    resources: tmpdir=/var/folders/dw/d0fxdqy942jc3trrhg2gvbnm0000gn/T

[Mon Dec  1 13:59:03 2025]
localrule process_psweep:
    input: src/process_psweep.R, results/parameter_sweeps/pE_test/pE_test_out.csv
    output: results/parameter_sweeps/pE_test/pE_test_plot.csv
    jobid: 18
    reason: Missing output files: results/parameter_sweeps/pE_test/pE_test_plot.csv; Input files updated by another job: results/parameter_sweeps/pE_test/pE_test_out.csv
    wildcards: psweep=pE_test
    resources: tmpdir=/var/folders/dw/d0fxdqy942jc3trrhg2gvbnm0000gn/T

Select jobs to execute...
[Mon Dec  1 13:59:08 2025]
Finished jobid: 18 (Rule: process_psweep)
2 of 13 steps (15%) done
Execute 1 jobs...
[Mon Dec  1 13:59:08 2025]
localrule plot_psweep:
    input: src/plot_psweep.R, results/parameter_sweeps/pE_test/pE_test_plot.csv
    output: results/parameter_sweeps/pE_test/pE_test_change_plot.pdf, results/parameter_sweeps/pE_test/pE_test_inv_plot.pdf
    jobid: 17
    reason: Missing output files: results/parameter_sweeps/pE_test/pE_test_inv_plot.pdf, results/parameter_sweeps/pE_test/pE_test_change_plot.pdf; Input files updated by another job: results/parameter_sweeps/pE_test/pE_test_plot.csv
    wildcards: psweep=pE_test
    resources: tmpdir=/var/folders/dw/d0fxdqy942jc3trrhg2gvbnm0000gn/T

Select jobs to execute...
[Mon Dec  1 13:59:15 2025]
Finished jobid: 17 (Rule: plot_psweep)
3 of 13 steps (23%) done
[Mon Dec  1 14:01:22 2025]
Finished jobid: 22 (Rule: psweep_sims)
4 of 13 steps (31%) done
Execute 2 jobs...
[Mon Dec  1 14:01:23 2025]
localrule psweep_sims:
    input: src/simrun_psweep.R, input_data/Treatments_parameter_sweep.csv
    output: results/parameter_sweeps/pHFC_test/pHFC_test_out.csv
    jobid: 13
    reason: Missing output files: results/parameter_sweeps/pHFC_test/pHFC_test_out.csv
    wildcards: psweep=pHFC_test
    threads: 5
    resources: tmpdir=/var/folders/dw/d0fxdqy942jc3trrhg2gvbnm0000gn/T

[Mon Dec  1 14:01:23 2025]
localrule process_psweep:
    input: src/process_psweep.R, results/parameter_sweeps/pF_test/pF_test_out.csv
    output: results/parameter_sweeps/pF_test/pF_test_plot.csv
    jobid: 21
    reason: Missing output files: results/parameter_sweeps/pF_test/pF_test_plot.csv; Input files updated by another job: results/parameter_sweeps/pF_test/pF_test_out.csv
    wildcards: psweep=pF_test
    resources: tmpdir=/var/folders/dw/d0fxdqy942jc3trrhg2gvbnm0000gn/T

Select jobs to execute...
[Mon Dec  1 14:01:27 2025]
Finished jobid: 21 (Rule: process_psweep)
5 of 13 steps (38%) done
Execute 1 jobs...
[Mon Dec  1 14:01:28 2025]
localrule plot_psweep:
    input: src/plot_psweep.R, results/parameter_sweeps/pF_test/pF_test_plot.csv
    output: results/parameter_sweeps/pF_test/pF_test_change_plot.pdf, results/parameter_sweeps/pF_test/pF_test_inv_plot.pdf
    jobid: 20
    reason: Missing output files: results/parameter_sweeps/pF_test/pF_test_change_plot.pdf, results/parameter_sweeps/pF_test/pF_test_inv_plot.pdf; Input files updated by another job: results/parameter_sweeps/pF_test/pF_test_plot.csv
    wildcards: psweep=pF_test
    resources: tmpdir=/var/folders/dw/d0fxdqy942jc3trrhg2gvbnm0000gn/T

Select jobs to execute...
[Mon Dec  1 14:01:35 2025]
Finished jobid: 20 (Rule: plot_psweep)
6 of 13 steps (46%) done
[Mon Dec  1 14:01:41 2025]
Finished jobid: 13 (Rule: psweep_sims)
7 of 13 steps (54%) done
Execute 2 jobs...
[Mon Dec  1 14:01:41 2025]
localrule psweep_sims:
    input: src/simrun_psweep.R, input_data/Treatments_parameter_sweep.csv
    output: results/parameter_sweeps/pO_test/pO_test_out.csv
    jobid: 10
    reason: Missing output files: results/parameter_sweeps/pO_test/pO_test_out.csv
    wildcards: psweep=pO_test
    threads: 5
    resources: tmpdir=/var/folders/dw/d0fxdqy942jc3trrhg2gvbnm0000gn/T

[Mon Dec  1 14:01:41 2025]
localrule process_psweep:
    input: src/process_psweep.R, results/parameter_sweeps/pHFC_test/pHFC_test_out.csv
    output: results/parameter_sweeps/pHFC_test/pHFC_test_plot.csv
    jobid: 12
    reason: Missing output files: results/parameter_sweeps/pHFC_test/pHFC_test_plot.csv; Input files updated by another job: results/parameter_sweeps/pHFC_test/pHFC_test_out.csv
    wildcards: psweep=pHFC_test
    resources: tmpdir=/var/folders/dw/d0fxdqy942jc3trrhg2gvbnm0000gn/T

[Mon Dec  1 14:01:46 2025]
Finished jobid: 12 (Rule: process_psweep)
8 of 13 steps (62%) done
Select jobs to execute...
Execute 1 jobs...
[Mon Dec  1 14:01:46 2025]
localrule plot_psweep:
    input: src/plot_psweep.R, results/parameter_sweeps/pHFC_test/pHFC_test_plot.csv
    output: results/parameter_sweeps/pHFC_test/pHFC_test_change_plot.pdf, results/parameter_sweeps/pHFC_test/pHFC_test_inv_plot.pdf
    jobid: 11
    reason: Missing output files: results/parameter_sweeps/pHFC_test/pHFC_test_inv_plot.pdf, results/parameter_sweeps/pHFC_test/pHFC_test_change_plot.pdf; Input files updated by another job: results/parameter_sweeps/pHFC_test/pHFC_test_plot.csv
    wildcards: psweep=pHFC_test
    resources: tmpdir=/var/folders/dw/d0fxdqy942jc3trrhg2gvbnm0000gn/T

[Mon Dec  1 14:01:54 2025]
Finished jobid: 11 (Rule: plot_psweep)
9 of 13 steps (69%) done
[Mon Dec  1 14:05:00 2025]
Finished jobid: 10 (Rule: psweep_sims)
10 of 13 steps (77%) done
Select jobs to execute...
Execute 1 jobs...
[Mon Dec  1 14:05:00 2025]
localrule process_psweep:
    input: src/process_psweep.R, results/parameter_sweeps/pO_test/pO_test_out.csv
    output: results/parameter_sweeps/pO_test/pO_test_plot.csv
    jobid: 9
    reason: Missing output files: results/parameter_sweeps/pO_test/pO_test_plot.csv; Input files updated by another job: results/parameter_sweeps/pO_test/pO_test_out.csv
    wildcards: psweep=pO_test
    resources: tmpdir=/var/folders/dw/d0fxdqy942jc3trrhg2gvbnm0000gn/T

[Mon Dec  1 14:05:05 2025]
Finished jobid: 9 (Rule: process_psweep)
11 of 13 steps (85%) done
Select jobs to execute...
Execute 1 jobs...
[Mon Dec  1 14:05:05 2025]
localrule plot_psweep:
    input: src/plot_psweep.R, results/parameter_sweeps/pO_test/pO_test_plot.csv
    output: results/parameter_sweeps/pO_test/pO_test_change_plot.pdf, results/parameter_sweeps/pO_test/pO_test_inv_plot.pdf
    jobid: 8
    reason: Missing output files: results/parameter_sweeps/pO_test/pO_test_inv_plot.pdf, results/parameter_sweeps/pO_test/pO_test_change_plot.pdf; Input files updated by another job: results/parameter_sweeps/pO_test/pO_test_plot.csv
    wildcards: psweep=pO_test
    resources: tmpdir=/var/folders/dw/d0fxdqy942jc3trrhg2gvbnm0000gn/T

[Mon Dec  1 14:05:09 2025]
Finished jobid: 8 (Rule: plot_psweep)
12 of 13 steps (92%) done
Select jobs to execute...
Execute 1 jobs...
[Mon Dec  1 14:05:09 2025]
localrule all:
    input: results/case_study_sims/A.2_full/A.2_full_density_plot.pdf, results/case_study_sims/C.2_full/C.2_full_density_plot.pdf, results/case_study_sims/A.2_full/A.2_full_frequency_plot.pdf, results/case_study_sims/C.2_full/C.2_full_frequency_plot.pdf, results/parameter_sets/test_sweep_param.csv, results/parameter_sweeps/pO_test/pO_test_change_plot.pdf, results/parameter_sweeps/pHFC_test/pHFC_test_change_plot.pdf, results/parameter_sweeps/pLFC_test/pLFC_test_change_plot.pdf, results/parameter_sweeps/pE_test/pE_test_change_plot.pdf, results/parameter_sweeps/pF_test/pF_test_change_plot.pdf, results/parameter_sweeps/pO_test/pO_test_inv_plot.pdf, results/parameter_sweeps/pHFC_test/pHFC_test_inv_plot.pdf, results/parameter_sweeps/pLFC_test/pLFC_test_inv_plot.pdf, results/parameter_sweeps/pE_test/pE_test_inv_plot.pdf, results/parameter_sweeps/pF_test/pF_test_inv_plot.pdf
    jobid: 0
    reason: Input files updated by another job: results/parameter_sweeps/pF_test/pF_test_change_plot.pdf, results/parameter_sweeps/pE_test/pE_test_change_plot.pdf, results/parameter_sweeps/pHFC_test/pHFC_test_change_plot.pdf, results/parameter_sweeps/pF_test/pF_test_inv_plot.pdf, results/parameter_sweeps/pHFC_test/pHFC_test_inv_plot.pdf, results/parameter_sweeps/pO_test/pO_test_inv_plot.pdf, results/parameter_sweeps/pE_test/pE_test_inv_plot.pdf, results/parameter_sweeps/pO_test/pO_test_change_plot.pdf
    resources: tmpdir=/var/folders/dw/d0fxdqy942jc3trrhg2gvbnm0000gn/T

[Mon Dec  1 14:05:09 2025]
Finished jobid: 0 (Rule: all)
13 of 13 steps (100%) done
Complete log(s): /Users/liz/Documents/UW_Bio_PhD/Kerr_Lab/Plasmid_evolution/PETRI/.snakemake/log/2025-12-01T135810.196831.snakemake.log
