Assuming unrestricted shared filesystem usage.
None
host: Lizs-MacBook-Air-8.local
Building DAG of jobs...
Using shell: /bin/bash
Provided cores: 4
Rules claiming more threads will be scaled down.
Job stats:
job                        count
-----------------------  -------
all                            1
plot_case_study_sims           1
process_case_study_sims        1
total                          3

Select jobs to execute...
Execute 1 jobs...
[Wed Nov  5 13:09:02 2025]
localrule process_case_study_sims:
    input: src/process_simrun.R, results/case_study_sims/E/E_data.csv, results/case_study_sims/E/E_data_long.csv
    output: results/case_study_sims/E/E_density_plot_df.csv, results/case_study_sims/E/E_frequency_plot_df.csv, results/case_study_sims/E/E_phases_plot_df.csv
    jobid: 2
    reason: Missing output files: results/case_study_sims/E/E_density_plot_df.csv, results/case_study_sims/E/E_phases_plot_df.csv, results/case_study_sims/E/E_frequency_plot_df.csv
    wildcards: treatment=E
    resources: tmpdir=/var/folders/dw/d0fxdqy942jc3trrhg2gvbnm0000gn/T

[Wed Nov  5 13:09:07 2025]
Finished jobid: 2 (Rule: process_case_study_sims)
1 of 3 steps (33%) done
Select jobs to execute...
Execute 1 jobs...
[Wed Nov  5 13:09:07 2025]
localrule plot_case_study_sims:
    input: src/plot_simrun_snakemake.R, results/case_study_sims/E/E_density_plot_df.csv, results/case_study_sims/E/E_frequency_plot_df.csv, results/case_study_sims/E/E_phases_plot_df.csv
    output: results/case_study_sims/E/E_density_plot.pdf, results/case_study_sims/E/E_frequency_plot.pdf
    jobid: 1
    reason: Missing output files: results/case_study_sims/E/E_density_plot.pdf, results/case_study_sims/E/E_frequency_plot.pdf; Input files updated by another job: results/case_study_sims/E/E_density_plot_df.csv, results/case_study_sims/E/E_phases_plot_df.csv, results/case_study_sims/E/E_frequency_plot_df.csv
    wildcards: treatment=E
    resources: tmpdir=/var/folders/dw/d0fxdqy942jc3trrhg2gvbnm0000gn/T

[Wed Nov  5 13:09:12 2025]
Finished jobid: 1 (Rule: plot_case_study_sims)
2 of 3 steps (67%) done
Select jobs to execute...
Execute 1 jobs...
[Wed Nov  5 13:09:12 2025]
localrule all:
    input: results/case_study_sims/E/E_density_plot.pdf, results/case_study_sims/E/E_frequency_plot.pdf
    jobid: 0
    reason: Input files updated by another job: results/case_study_sims/E/E_density_plot.pdf, results/case_study_sims/E/E_frequency_plot.pdf
    resources: tmpdir=/var/folders/dw/d0fxdqy942jc3trrhg2gvbnm0000gn/T

[Wed Nov  5 13:09:12 2025]
Finished jobid: 0 (Rule: all)
3 of 3 steps (100%) done
Complete log(s): /Users/liz/Documents/UW_Bio_PhD/Kerr_Lab/Plasmid_evolution/PETRI/.snakemake/log/2025-11-05T130901.719600.snakemake.log
