Assuming unrestricted shared filesystem usage.
None
host: Lizs-MacBook-Air-9.local
Building DAG of jobs...
Using shell: /bin/bash
Provided cores: 6
Rules claiming more threads will be scaled down.
Job stats:
job               count
--------------  -------
all                   1
plot_psweep           1
process_psweep        1
psweep_sims           1
total                 4

Select jobs to execute...
Execute 1 jobs...
[Tue Dec  2 14:43:41 2025]
localrule psweep_sims:
    input: src/simrun_psweep.R, input_data/Treatments_parameter_sweep.csv
    output: results/parameter_sweeps/pHFC.por_test/pHFC.por_test_out.csv
    jobid: 7
    reason: Updated input files: input_data/Treatments_parameter_sweep.csv
    wildcards: psweep=pHFC.por_test
    threads: 5
    resources: tmpdir=/var/folders/dw/d0fxdqy942jc3trrhg2gvbnm0000gn/T

[Tue Dec  2 14:43:51 2025]
Finished jobid: 7 (Rule: psweep_sims)
1 of 4 steps (25%) done
Select jobs to execute...
Execute 1 jobs...
[Tue Dec  2 14:43:51 2025]
localrule process_psweep:
    input: src/process_psweep.R, results/parameter_sweeps/pHFC.por_test/pHFC.por_test_out.csv
    output: results/parameter_sweeps/pHFC.por_test/pHFC.por_test_plot.csv
    jobid: 6
    reason: Input files updated by another job: results/parameter_sweeps/pHFC.por_test/pHFC.por_test_out.csv
    wildcards: psweep=pHFC.por_test
    resources: tmpdir=/var/folders/dw/d0fxdqy942jc3trrhg2gvbnm0000gn/T

[Tue Dec  2 14:43:54 2025]
Finished jobid: 6 (Rule: process_psweep)
2 of 4 steps (50%) done
Select jobs to execute...
Execute 1 jobs...
[Tue Dec  2 14:43:54 2025]
localrule plot_psweep:
    input: src/plot_psweep.R, results/parameter_sweeps/pHFC.por_test/pHFC.por_test_plot.csv
    output: results/parameter_sweeps/pHFC.por_test/pHFC.por_test_change_plot.pdf, results/parameter_sweeps/pHFC.por_test/pHFC.por_test_inv_plot.pdf
    jobid: 5
    reason: Input files updated by another job: results/parameter_sweeps/pHFC.por_test/pHFC.por_test_plot.csv
    wildcards: psweep=pHFC.por_test
    resources: tmpdir=/var/folders/dw/d0fxdqy942jc3trrhg2gvbnm0000gn/T

[Tue Dec  2 14:43:59 2025]
Finished jobid: 5 (Rule: plot_psweep)
3 of 4 steps (75%) done
Select jobs to execute...
Execute 1 jobs...
[Tue Dec  2 14:43:59 2025]
localrule all:
    input: results/case_study_sims/A.2/A.2_density_plot.pdf, results/case_study_sims/A.2/A.2_frequency_plot.pdf, results/parameter_sets/test_sweep_param.csv, results/parameter_sweeps/pHFC.por_test/pHFC.por_test_change_plot.pdf, results/parameter_sweeps/pHFC.por_test/pHFC.por_test_inv_plot.pdf
    jobid: 0
    reason: Input files updated by another job: results/parameter_sweeps/pHFC.por_test/pHFC.por_test_inv_plot.pdf, results/parameter_sweeps/pHFC.por_test/pHFC.por_test_change_plot.pdf
    resources: tmpdir=/var/folders/dw/d0fxdqy942jc3trrhg2gvbnm0000gn/T

[Tue Dec  2 14:43:59 2025]
Finished jobid: 0 (Rule: all)
4 of 4 steps (100%) done
Complete log(s): /Users/liz/Documents/UW_Bio_PhD/Kerr_Lab/Plasmid_evolution/PETRI/.snakemake/log/2025-12-02T144340.898092.snakemake.log
