Assuming unrestricted shared filesystem usage.
None
host: Lizs-MacBook-Air-8.local
Building DAG of jobs...
Using shell: /bin/bash
Provided cores: 4
Rules claiming more threads will be scaled down.
Job stats:
job                        count
-----------------------  -------
all                            1
case_study_sims                6
plot_case_study_sims           6
process_case_study_sims        6
total                         19

Select jobs to execute...
Execute 4 jobs...
[Tue Nov  4 12:18:21 2025]
localrule case_study_sims:
    input: src/simrun_case_study.R, input_data/Treatments_case_study.csv
    output: results/case_study_sims/A.2/A.2_data.csv, results/case_study_sims/A.2/A.2_data_long.csv, results/case_study_sims/A.2/A.2_sim_plot.pdf
    jobid: 3
    reason: Missing output files: results/case_study_sims/A.2/A.2_data_long.csv, results/case_study_sims/A.2/A.2_data.csv
    wildcards: treatment=A.2
    resources: tmpdir=/var/folders/dw/d0fxdqy942jc3trrhg2gvbnm0000gn/T

[Tue Nov  4 12:18:21 2025]
localrule case_study_sims:
    input: src/simrun_case_study.R, input_data/Treatments_case_study.csv
    output: results/case_study_sims/A.2_full/A.2_full_data.csv, results/case_study_sims/A.2_full/A.2_full_data_long.csv, results/case_study_sims/A.2_full/A.2_full_sim_plot.pdf
    jobid: 6
    reason: Missing output files: results/case_study_sims/A.2_full/A.2_full_data_long.csv, results/case_study_sims/A.2_full/A.2_full_data.csv
    wildcards: treatment=A.2_full
    resources: tmpdir=/var/folders/dw/d0fxdqy942jc3trrhg2gvbnm0000gn/T

[Tue Nov  4 12:18:21 2025]
localrule case_study_sims:
    input: src/simrun_case_study.R, input_data/Treatments_case_study.csv
    output: results/case_study_sims/E/E_data.csv, results/case_study_sims/E/E_data_long.csv, results/case_study_sims/E/E_sim_plot.pdf
    jobid: 15
    reason: Missing output files: results/case_study_sims/E/E_data_long.csv, results/case_study_sims/E/E_data.csv
    wildcards: treatment=E
    resources: tmpdir=/var/folders/dw/d0fxdqy942jc3trrhg2gvbnm0000gn/T

[Tue Nov  4 12:18:21 2025]
localrule case_study_sims:
    input: src/simrun_case_study.R, input_data/Treatments_case_study.csv
    output: results/case_study_sims/F/F_data.csv, results/case_study_sims/F/F_data_long.csv, results/case_study_sims/F/F_sim_plot.pdf
    jobid: 18
    reason: Missing output files: results/case_study_sims/F/F_data.csv, results/case_study_sims/F/F_data_long.csv
    wildcards: treatment=F
    resources: tmpdir=/var/folders/dw/d0fxdqy942jc3trrhg2gvbnm0000gn/T

Select jobs to execute...
[Tue Nov  4 12:18:27 2025]
Finished jobid: 3 (Rule: case_study_sims)
1 of 19 steps (5%) done
Execute 1 jobs...
[Tue Nov  4 12:18:27 2025]
localrule case_study_sims:
    input: src/simrun_case_study.R, input_data/Treatments_case_study.csv
    output: results/case_study_sims/C.2_full/C.2_full_data.csv, results/case_study_sims/C.2_full/C.2_full_data_long.csv, results/case_study_sims/C.2_full/C.2_full_sim_plot.pdf
    jobid: 12
    reason: Missing output files: results/case_study_sims/C.2_full/C.2_full_data.csv, results/case_study_sims/C.2_full/C.2_full_data_long.csv
    wildcards: treatment=C.2_full
    resources: tmpdir=/var/folders/dw/d0fxdqy942jc3trrhg2gvbnm0000gn/T

Select jobs to execute...
[Tue Nov  4 12:18:29 2025]
Finished jobid: 6 (Rule: case_study_sims)
2 of 19 steps (11%) done
Execute 1 jobs...
[Tue Nov  4 12:18:29 2025]
localrule process_case_study_sims:
    input: src/process_simrun.R, results/case_study_sims/A.2_full/A.2_full_data.csv, results/case_study_sims/A.2_full/A.2_full_data_long.csv
    output: results/case_study_sims/A.2_full/A.2_full_density_plot_df.csv, results/case_study_sims/A.2_full/A.2_full_frequency_plot_df.csv, results/case_study_sims/A.2_full/A.2_full_phases_plot_df.csv
    jobid: 5
    reason: Missing output files: results/case_study_sims/A.2_full/A.2_full_density_plot_df.csv, results/case_study_sims/A.2_full/A.2_full_phases_plot_df.csv, results/case_study_sims/A.2_full/A.2_full_frequency_plot_df.csv; Input files updated by another job: results/case_study_sims/A.2_full/A.2_full_data_long.csv, results/case_study_sims/A.2_full/A.2_full_data.csv
    wildcards: treatment=A.2_full
    resources: tmpdir=/var/folders/dw/d0fxdqy942jc3trrhg2gvbnm0000gn/T

Select jobs to execute...
[Tue Nov  4 12:18:33 2025]
Finished jobid: 15 (Rule: case_study_sims)
3 of 19 steps (16%) done
Execute 1 jobs...
[Tue Nov  4 12:18:33 2025]
localrule process_case_study_sims:
    input: src/process_simrun.R, results/case_study_sims/A.2/A.2_data.csv, results/case_study_sims/A.2/A.2_data_long.csv
    output: results/case_study_sims/A.2/A.2_density_plot_df.csv, results/case_study_sims/A.2/A.2_frequency_plot_df.csv, results/case_study_sims/A.2/A.2_phases_plot_df.csv
    jobid: 2
    reason: Missing output files: results/case_study_sims/A.2/A.2_density_plot_df.csv, results/case_study_sims/A.2/A.2_frequency_plot_df.csv, results/case_study_sims/A.2/A.2_phases_plot_df.csv; Input files updated by another job: results/case_study_sims/A.2/A.2_data_long.csv, results/case_study_sims/A.2/A.2_data.csv
    wildcards: treatment=A.2
    resources: tmpdir=/var/folders/dw/d0fxdqy942jc3trrhg2gvbnm0000gn/T

Select jobs to execute...
RuleException:
CalledProcessError in file "/Users/liz/Documents/UW_Bio_PhD/Kerr_Lab/Plasmid_evolution/PETRI/Snakefile", line 42:
Command 'set -euo pipefail;  Rscript src/simrun_case_study.R --treatment C.2_full' returned non-zero exit status 1.
[Tue Nov  4 12:18:33 2025]
Error in rule case_study_sims:
    message: None
    jobid: 12
    input: src/simrun_case_study.R, input_data/Treatments_case_study.csv
    output: results/case_study_sims/C.2_full/C.2_full_data.csv, results/case_study_sims/C.2_full/C.2_full_data_long.csv, results/case_study_sims/C.2_full/C.2_full_sim_plot.pdf
    shell:
        Rscript src/simrun_case_study.R --treatment C.2_full
        (command exited with non-zero exit code)
[Tue Nov  4 12:18:35 2025]
Finished jobid: 5 (Rule: process_case_study_sims)
4 of 19 steps (21%) done
[Tue Nov  4 12:18:38 2025]
Finished jobid: 2 (Rule: process_case_study_sims)
5 of 19 steps (26%) done
[Tue Nov  4 12:18:41 2025]
Finished jobid: 18 (Rule: case_study_sims)
6 of 19 steps (32%) done
Shutting down, this might take some time.
Exiting because a job execution failed. Look below for error messages
[Tue Nov  4 12:18:41 2025]
Error in rule case_study_sims:
    message: None
    jobid: 12
    input: src/simrun_case_study.R, input_data/Treatments_case_study.csv
    output: results/case_study_sims/C.2_full/C.2_full_data.csv, results/case_study_sims/C.2_full/C.2_full_data_long.csv, results/case_study_sims/C.2_full/C.2_full_sim_plot.pdf
    shell:
        Rscript src/simrun_case_study.R --treatment C.2_full
        (command exited with non-zero exit code)
Complete log(s): /Users/liz/Documents/UW_Bio_PhD/Kerr_Lab/Plasmid_evolution/PETRI/.snakemake/log/2025-11-04T121817.372871.snakemake.log
WorkflowError:
At least one job did not complete successfully.
