Assuming unrestricted shared filesystem usage.
None
host: Lizs-MacBook-Air-7.local
Building DAG of jobs...
Using shell: /bin/bash
Provided cores: 2
Rules claiming more threads will be scaled down.
Job stats:
job                count
---------------  -------
all                    1
case_study_sims        5
total                  6

Select jobs to execute...
Execute 2 jobs...
[Thu May 29 11:03:05 2025]
localrule case_study_sims:
    input: src/simrun_case_study.R, input_data/Treatments.csv
    output: results/case_study_sims/T2/T2_data.csv, results/case_study_sims/T2/T2_data_long.csv, results/case_study_sims/T2/T2_plot.pdf
    jobid: 2
    reason: Updated input files: input_data/Treatments.csv
    wildcards: treatment=T2
    resources: tmpdir=/var/folders/dw/d0fxdqy942jc3trrhg2gvbnm0000gn/T

[Thu May 29 11:03:05 2025]
localrule case_study_sims:
    input: src/simrun_case_study.R, input_data/Treatments.csv
    output: results/case_study_sims/T3/T3_data.csv, results/case_study_sims/T3/T3_data_long.csv, results/case_study_sims/T3/T3_plot.pdf
    jobid: 3
    reason: Updated input files: input_data/Treatments.csv
    wildcards: treatment=T3
    resources: tmpdir=/var/folders/dw/d0fxdqy942jc3trrhg2gvbnm0000gn/T

Select jobs to execute...
[Thu May 29 11:03:18 2025]
Finished jobid: 3 (Rule: case_study_sims)
1 of 6 steps (17%) done
Execute 1 jobs...
[Thu May 29 11:03:18 2025]
localrule case_study_sims:
    input: src/simrun_case_study.R, input_data/Treatments.csv
    output: results/case_study_sims/T1/T1_data.csv, results/case_study_sims/T1/T1_data_long.csv, results/case_study_sims/T1/T1_plot.pdf
    jobid: 1
    reason: Updated input files: input_data/Treatments.csv
    wildcards: treatment=T1
    resources: tmpdir=/var/folders/dw/d0fxdqy942jc3trrhg2gvbnm0000gn/T

Select jobs to execute...
[Thu May 29 11:03:19 2025]
Finished jobid: 2 (Rule: case_study_sims)
2 of 6 steps (33%) done
Execute 1 jobs...
[Thu May 29 11:03:19 2025]
localrule case_study_sims:
    input: src/simrun_case_study.R, input_data/Treatments.csv
    output: results/case_study_sims/T4/T4_data.csv, results/case_study_sims/T4/T4_data_long.csv, results/case_study_sims/T4/T4_plot.pdf
    jobid: 4
    reason: Updated input files: input_data/Treatments.csv
    wildcards: treatment=T4
    resources: tmpdir=/var/folders/dw/d0fxdqy942jc3trrhg2gvbnm0000gn/T

Select jobs to execute...
[Thu May 29 11:03:32 2025]
Finished jobid: 4 (Rule: case_study_sims)
3 of 6 steps (50%) done
Execute 1 jobs...
[Thu May 29 11:03:32 2025]
localrule case_study_sims:
    input: src/simrun_case_study.R, input_data/Treatments.csv
    output: results/case_study_sims/T5/T5_data.csv, results/case_study_sims/T5/T5_data_long.csv, results/case_study_sims/T5/T5_plot.pdf
    jobid: 5
    reason: Missing output files: results/case_study_sims/T5/T5_data.csv, results/case_study_sims/T5/T5_data_long.csv, results/case_study_sims/T5/T5_plot.pdf
    wildcards: treatment=T5
    resources: tmpdir=/var/folders/dw/d0fxdqy942jc3trrhg2gvbnm0000gn/T

RuleException:
CalledProcessError in file "/Users/liz/Documents/UW_Bio_PhD/Kerr_Lab/Plasmid_evolution/PETRI/Snakefile", line 21:
Command 'set -euo pipefail;  Rscript src/simrun_case_study.R --treatment T5' returned non-zero exit status 1.
[Thu May 29 11:03:36 2025]
Error in rule case_study_sims:
    message: None
    jobid: 5
    input: src/simrun_case_study.R, input_data/Treatments.csv
    output: results/case_study_sims/T5/T5_data.csv, results/case_study_sims/T5/T5_data_long.csv, results/case_study_sims/T5/T5_plot.pdf
    shell:
        Rscript src/simrun_case_study.R --treatment T5
        (command exited with non-zero exit code)
[Thu May 29 11:03:37 2025]
Finished jobid: 1 (Rule: case_study_sims)
4 of 6 steps (67%) done
Shutting down, this might take some time.
Exiting because a job execution failed. Look below for error messages
[Thu May 29 11:03:37 2025]
Error in rule case_study_sims:
    message: None
    jobid: 5
    input: src/simrun_case_study.R, input_data/Treatments.csv
    output: results/case_study_sims/T5/T5_data.csv, results/case_study_sims/T5/T5_data_long.csv, results/case_study_sims/T5/T5_plot.pdf
    shell:
        Rscript src/simrun_case_study.R --treatment T5
        (command exited with non-zero exit code)
Complete log(s): /Users/liz/Documents/UW_Bio_PhD/Kerr_Lab/Plasmid_evolution/PETRI/.snakemake/log/2025-05-29T110304.745873.snakemake.log
WorkflowError:
At least one job did not complete successfully.
