Assuming unrestricted shared filesystem usage.
None
host: Lizs-MacBook-Air-9.local
Building DAG of jobs...
Using shell: /bin/bash
Provided cores: 6
Rules claiming more threads will be scaled down.
Job stats:
job                 count
----------------  -------
all                     1
psweep_parameter        3
total                   4

Select jobs to execute...
Execute 3 jobs...
[Wed Dec  3 11:18:24 2025]
localrule psweep_parameter:
    input: src/generate_parameter_sets.R, input_data/Parameter_sweep_settings.csv
    output: results/parameter_sets/test_sweep_param.csv
    jobid: 4
    reason: Updated input files: input_data/Parameter_sweep_settings.csv
    wildcards: parameters=test
    resources: tmpdir=/var/folders/dw/d0fxdqy942jc3trrhg2gvbnm0000gn/T

[Wed Dec  3 11:18:24 2025]
localrule psweep_parameter:
    input: src/generate_parameter_sets.R, input_data/Parameter_sweep_settings.csv
    output: results/parameter_sets/DimF_sweep_param.csv
    jobid: 6
    reason: Missing output files: results/parameter_sets/DimF_sweep_param.csv
    wildcards: parameters=DimF
    resources: tmpdir=/var/folders/dw/d0fxdqy942jc3trrhg2gvbnm0000gn/T

[Wed Dec  3 11:18:24 2025]
localrule psweep_parameter:
    input: src/generate_parameter_sets.R, input_data/Parameter_sweep_settings.csv
    output: results/parameter_sets/testmut_sweep_param.csv
    jobid: 5
    reason: Updated input files: input_data/Parameter_sweep_settings.csv
    wildcards: parameters=testmut
    resources: tmpdir=/var/folders/dw/d0fxdqy942jc3trrhg2gvbnm0000gn/T

[Wed Dec  3 11:18:29 2025]
Finished jobid: 6 (Rule: psweep_parameter)
1 of 4 steps (25%) done
[Wed Dec  3 11:18:29 2025]
Finished jobid: 5 (Rule: psweep_parameter)
2 of 4 steps (50%) done
[Wed Dec  3 11:18:29 2025]
Finished jobid: 4 (Rule: psweep_parameter)
3 of 4 steps (75%) done
Select jobs to execute...
Execute 1 jobs...
[Wed Dec  3 11:18:29 2025]
localrule all:
    input: results/case_study_sims/A.2/A.2_density_plot.pdf, results/case_study_sims/A.2/A.2_frequency_plot.pdf, results/parameter_sets/test_sweep_param.csv, results/parameter_sets/testmut_sweep_param.csv, results/parameter_sets/DimF_sweep_param.csv, results/parameter_sweeps/pHFC.l_test/pHFC.l_test_change_plot.pdf, results/parameter_sweeps/pHFC.l_test/pHFC.l_test_inv_plot.pdf
    jobid: 0
    reason: Input files updated by another job: results/parameter_sets/testmut_sweep_param.csv, results/parameter_sets/DimF_sweep_param.csv, results/parameter_sets/test_sweep_param.csv
    resources: tmpdir=/var/folders/dw/d0fxdqy942jc3trrhg2gvbnm0000gn/T

[Wed Dec  3 11:18:29 2025]
Finished jobid: 0 (Rule: all)
4 of 4 steps (100%) done
Complete log(s): /Users/liz/Documents/UW_Bio_PhD/Kerr_Lab/Plasmid_evolution/PETRI/.snakemake/log/2025-12-03T111823.548214.snakemake.log
