Assuming unrestricted shared filesystem usage.
None
host: Lizs-MacBook-Air-7.local
Building DAG of jobs...
Using shell: /bin/bash
Provided cores: 2
Rules claiming more threads will be scaled down.
Job stats:
job                        count
-----------------------  -------
all                            1
case_study_sims                6
plot_case_study_sims           6
process_case_study_sims        6
total                         19

Select jobs to execute...
Execute 2 jobs...
[Wed Sep 10 21:40:26 2025]
localrule case_study_sims:
    input: src/simrun_case_study.R, input_data/Treatments_case_study.csv
    output: results/case_study_sims/A/A_data.csv, results/case_study_sims/A/A_data_long.csv, results/case_study_sims/A/A_sim_plot.pdf
    jobid: 3
    reason: Updated input files: input_data/Treatments_case_study.csv
    wildcards: treatment=A
    resources: tmpdir=/var/folders/dw/d0fxdqy942jc3trrhg2gvbnm0000gn/T

[Wed Sep 10 21:40:26 2025]
localrule case_study_sims:
    input: src/simrun_case_study.R, input_data/Treatments_case_study.csv
    output: results/case_study_sims/A_full/A_full_data.csv, results/case_study_sims/A_full/A_full_data_long.csv, results/case_study_sims/A_full/A_full_sim_plot.pdf
    jobid: 15
    reason: Missing output files: results/case_study_sims/A_full/A_full_data.csv, results/case_study_sims/A_full/A_full_data_long.csv
    wildcards: treatment=A_full
    resources: tmpdir=/var/folders/dw/d0fxdqy942jc3trrhg2gvbnm0000gn/T

Select jobs to execute...
[Wed Sep 10 21:40:48 2025]
Finished jobid: 3 (Rule: case_study_sims)
1 of 19 steps (5%) done
Execute 1 jobs...
[Wed Sep 10 21:40:48 2025]
localrule case_study_sims:
    input: src/simrun_case_study.R, input_data/Treatments_case_study.csv
    output: results/case_study_sims/D/D_data.csv, results/case_study_sims/D/D_data_long.csv, results/case_study_sims/D/D_sim_plot.pdf
    jobid: 12
    reason: Updated input files: input_data/Treatments_case_study.csv
    wildcards: treatment=D
    resources: tmpdir=/var/folders/dw/d0fxdqy942jc3trrhg2gvbnm0000gn/T

Select jobs to execute...
[Wed Sep 10 21:41:02 2025]
Finished jobid: 12 (Rule: case_study_sims)
2 of 19 steps (11%) done
Execute 1 jobs...
[Wed Sep 10 21:41:02 2025]
localrule case_study_sims:
    input: src/simrun_case_study.R, input_data/Treatments_case_study.csv
    output: results/case_study_sims/C/C_data.csv, results/case_study_sims/C/C_data_long.csv, results/case_study_sims/C/C_sim_plot.pdf
    jobid: 9
    reason: Updated input files: input_data/Treatments_case_study.csv
    wildcards: treatment=C
    resources: tmpdir=/var/folders/dw/d0fxdqy942jc3trrhg2gvbnm0000gn/T

Select jobs to execute...
[Wed Sep 10 21:41:15 2025]
Finished jobid: 9 (Rule: case_study_sims)
3 of 19 steps (16%) done
Execute 1 jobs...
[Wed Sep 10 21:41:15 2025]
localrule process_case_study_sims:
    input: src/process_simrun.R, results/case_study_sims/C/C_data.csv, results/case_study_sims/C/C_data_long.csv
    output: results/case_study_sims/C/C_density_plot_df.csv, results/case_study_sims/C/C_frequency_plot_df.csv, results/case_study_sims/C/C_phases_plot_df.csv
    jobid: 8
    reason: Input files updated by another job: results/case_study_sims/C/C_data_long.csv, results/case_study_sims/C/C_data.csv
    wildcards: treatment=C
    resources: tmpdir=/var/folders/dw/d0fxdqy942jc3trrhg2gvbnm0000gn/T

Select jobs to execute...
[Wed Sep 10 21:41:17 2025]
Finished jobid: 15 (Rule: case_study_sims)
4 of 19 steps (21%) done
Execute 1 jobs...
[Wed Sep 10 21:41:17 2025]
localrule case_study_sims:
    input: src/simrun_case_study.R, input_data/Treatments_case_study.csv
    output: results/case_study_sims/B/B_data.csv, results/case_study_sims/B/B_data_long.csv, results/case_study_sims/B/B_sim_plot.pdf
    jobid: 6
    reason: Updated input files: input_data/Treatments_case_study.csv
    wildcards: treatment=B
    resources: tmpdir=/var/folders/dw/d0fxdqy942jc3trrhg2gvbnm0000gn/T

Select jobs to execute...
[Wed Sep 10 21:41:20 2025]
Finished jobid: 8 (Rule: process_case_study_sims)
5 of 19 steps (26%) done
Execute 1 jobs...
[Wed Sep 10 21:41:21 2025]
localrule process_case_study_sims:
    input: src/process_simrun.R, results/case_study_sims/A/A_data.csv, results/case_study_sims/A/A_data_long.csv
    output: results/case_study_sims/A/A_density_plot_df.csv, results/case_study_sims/A/A_frequency_plot_df.csv, results/case_study_sims/A/A_phases_plot_df.csv
    jobid: 2
    reason: Input files updated by another job: results/case_study_sims/A/A_data_long.csv, results/case_study_sims/A/A_data.csv
    wildcards: treatment=A
    resources: tmpdir=/var/folders/dw/d0fxdqy942jc3trrhg2gvbnm0000gn/T

Select jobs to execute...
[Wed Sep 10 21:41:25 2025]
Finished jobid: 2 (Rule: process_case_study_sims)
6 of 19 steps (32%) done
Execute 1 jobs...
[Wed Sep 10 21:41:25 2025]
localrule case_study_sims:
    input: src/simrun_case_study.R, input_data/Treatments_case_study.csv
    output: results/case_study_sims/C_full/C_full_data.csv, results/case_study_sims/C_full/C_full_data_long.csv, results/case_study_sims/C_full/C_full_sim_plot.pdf
    jobid: 18
    reason: Missing output files: results/case_study_sims/C_full/C_full_data.csv, results/case_study_sims/C_full/C_full_data_long.csv
    wildcards: treatment=C_full
    resources: tmpdir=/var/folders/dw/d0fxdqy942jc3trrhg2gvbnm0000gn/T

Select jobs to execute...
[Wed Sep 10 21:41:31 2025]
Finished jobid: 6 (Rule: case_study_sims)
7 of 19 steps (37%) done
Execute 1 jobs...
[Wed Sep 10 21:41:31 2025]
localrule process_case_study_sims:
    input: src/process_simrun.R, results/case_study_sims/B/B_data.csv, results/case_study_sims/B/B_data_long.csv
    output: results/case_study_sims/B/B_density_plot_df.csv, results/case_study_sims/B/B_frequency_plot_df.csv, results/case_study_sims/B/B_phases_plot_df.csv
    jobid: 5
    reason: Input files updated by another job: results/case_study_sims/B/B_data.csv, results/case_study_sims/B/B_data_long.csv
    wildcards: treatment=B
    resources: tmpdir=/var/folders/dw/d0fxdqy942jc3trrhg2gvbnm0000gn/T

Select jobs to execute...
[Wed Sep 10 21:41:36 2025]
Finished jobid: 5 (Rule: process_case_study_sims)
8 of 19 steps (42%) done
Execute 1 jobs...
[Wed Sep 10 21:41:36 2025]
localrule plot_case_study_sims:
    input: src/plot_simrun_snakemake.R, results/case_study_sims/A/A_density_plot_df.csv, results/case_study_sims/A/A_frequency_plot_df.csv, results/case_study_sims/A/A_phases_plot_df.csv
    output: results/case_study_sims/A/A_density_plot.pdf, results/case_study_sims/A/A_frequency_plot.pdf
    jobid: 1
    reason: Input files updated by another job: results/case_study_sims/A/A_frequency_plot_df.csv, results/case_study_sims/A/A_density_plot_df.csv, results/case_study_sims/A/A_phases_plot_df.csv
    wildcards: treatment=A
    resources: tmpdir=/var/folders/dw/d0fxdqy942jc3trrhg2gvbnm0000gn/T

Select jobs to execute...
[Wed Sep 10 21:41:43 2025]
Finished jobid: 1 (Rule: plot_case_study_sims)
9 of 19 steps (47%) done
Execute 1 jobs...
[Wed Sep 10 21:41:43 2025]
localrule process_case_study_sims:
    input: src/process_simrun.R, results/case_study_sims/A_full/A_full_data.csv, results/case_study_sims/A_full/A_full_data_long.csv
    output: results/case_study_sims/A_full/A_full_density_plot_df.csv, results/case_study_sims/A_full/A_full_frequency_plot_df.csv, results/case_study_sims/A_full/A_full_phases_plot_df.csv
    jobid: 14
    reason: Missing output files: results/case_study_sims/A_full/A_full_density_plot_df.csv, results/case_study_sims/A_full/A_full_frequency_plot_df.csv, results/case_study_sims/A_full/A_full_phases_plot_df.csv; Input files updated by another job: results/case_study_sims/A_full/A_full_data.csv, results/case_study_sims/A_full/A_full_data_long.csv
    wildcards: treatment=A_full
    resources: tmpdir=/var/folders/dw/d0fxdqy942jc3trrhg2gvbnm0000gn/T

Select jobs to execute...
[Wed Sep 10 21:41:47 2025]
Finished jobid: 14 (Rule: process_case_study_sims)
10 of 19 steps (53%) done
Execute 1 jobs...
[Wed Sep 10 21:41:48 2025]
localrule plot_case_study_sims:
    input: src/plot_simrun_snakemake.R, results/case_study_sims/A_full/A_full_density_plot_df.csv, results/case_study_sims/A_full/A_full_frequency_plot_df.csv, results/case_study_sims/A_full/A_full_phases_plot_df.csv
    output: results/case_study_sims/A_full/A_full_density_plot.pdf, results/case_study_sims/A_full/A_full_frequency_plot.pdf
    jobid: 13
    reason: Missing output files: results/case_study_sims/A_full/A_full_frequency_plot.pdf, results/case_study_sims/A_full/A_full_density_plot.pdf; Input files updated by another job: results/case_study_sims/A_full/A_full_density_plot_df.csv, results/case_study_sims/A_full/A_full_frequency_plot_df.csv, results/case_study_sims/A_full/A_full_phases_plot_df.csv
    wildcards: treatment=A_full
    resources: tmpdir=/var/folders/dw/d0fxdqy942jc3trrhg2gvbnm0000gn/T

Select jobs to execute...
[Wed Sep 10 21:41:53 2025]
Finished jobid: 13 (Rule: plot_case_study_sims)
11 of 19 steps (58%) done
Execute 1 jobs...
[Wed Sep 10 21:41:53 2025]
localrule plot_case_study_sims:
    input: src/plot_simrun_snakemake.R, results/case_study_sims/B/B_density_plot_df.csv, results/case_study_sims/B/B_frequency_plot_df.csv, results/case_study_sims/B/B_phases_plot_df.csv
    output: results/case_study_sims/B/B_density_plot.pdf, results/case_study_sims/B/B_frequency_plot.pdf
    jobid: 4
    reason: Input files updated by another job: results/case_study_sims/B/B_phases_plot_df.csv, results/case_study_sims/B/B_density_plot_df.csv, results/case_study_sims/B/B_frequency_plot_df.csv
    wildcards: treatment=B
    resources: tmpdir=/var/folders/dw/d0fxdqy942jc3trrhg2gvbnm0000gn/T

Select jobs to execute...
[Wed Sep 10 21:41:56 2025]
Finished jobid: 18 (Rule: case_study_sims)
12 of 19 steps (63%) done
Execute 1 jobs...
[Wed Sep 10 21:41:56 2025]
localrule process_case_study_sims:
    input: src/process_simrun.R, results/case_study_sims/C_full/C_full_data.csv, results/case_study_sims/C_full/C_full_data_long.csv
    output: results/case_study_sims/C_full/C_full_density_plot_df.csv, results/case_study_sims/C_full/C_full_frequency_plot_df.csv, results/case_study_sims/C_full/C_full_phases_plot_df.csv
    jobid: 17
    reason: Missing output files: results/case_study_sims/C_full/C_full_frequency_plot_df.csv, results/case_study_sims/C_full/C_full_phases_plot_df.csv, results/case_study_sims/C_full/C_full_density_plot_df.csv; Input files updated by another job: results/case_study_sims/C_full/C_full_data.csv, results/case_study_sims/C_full/C_full_data_long.csv
    wildcards: treatment=C_full
    resources: tmpdir=/var/folders/dw/d0fxdqy942jc3trrhg2gvbnm0000gn/T

Select jobs to execute...
[Wed Sep 10 21:41:58 2025]
Finished jobid: 4 (Rule: plot_case_study_sims)
13 of 19 steps (68%) done
Execute 1 jobs...
[Wed Sep 10 21:41:58 2025]
localrule plot_case_study_sims:
    input: src/plot_simrun_snakemake.R, results/case_study_sims/C/C_density_plot_df.csv, results/case_study_sims/C/C_frequency_plot_df.csv, results/case_study_sims/C/C_phases_plot_df.csv
    output: results/case_study_sims/C/C_density_plot.pdf, results/case_study_sims/C/C_frequency_plot.pdf
    jobid: 7
    reason: Input files updated by another job: results/case_study_sims/C/C_density_plot_df.csv, results/case_study_sims/C/C_phases_plot_df.csv, results/case_study_sims/C/C_frequency_plot_df.csv
    wildcards: treatment=C
    resources: tmpdir=/var/folders/dw/d0fxdqy942jc3trrhg2gvbnm0000gn/T

Select jobs to execute...
[Wed Sep 10 21:42:01 2025]
Finished jobid: 17 (Rule: process_case_study_sims)
14 of 19 steps (74%) done
Execute 1 jobs...
[Wed Sep 10 21:42:01 2025]
localrule process_case_study_sims:
    input: src/process_simrun.R, results/case_study_sims/D/D_data.csv, results/case_study_sims/D/D_data_long.csv
    output: results/case_study_sims/D/D_density_plot_df.csv, results/case_study_sims/D/D_frequency_plot_df.csv, results/case_study_sims/D/D_phases_plot_df.csv
    jobid: 11
    reason: Input files updated by another job: results/case_study_sims/D/D_data.csv, results/case_study_sims/D/D_data_long.csv
    wildcards: treatment=D
    resources: tmpdir=/var/folders/dw/d0fxdqy942jc3trrhg2gvbnm0000gn/T

Select jobs to execute...
[Wed Sep 10 21:42:03 2025]
Finished jobid: 7 (Rule: plot_case_study_sims)
15 of 19 steps (79%) done
Execute 1 jobs...
[Wed Sep 10 21:42:03 2025]
localrule plot_case_study_sims:
    input: src/plot_simrun_snakemake.R, results/case_study_sims/C_full/C_full_density_plot_df.csv, results/case_study_sims/C_full/C_full_frequency_plot_df.csv, results/case_study_sims/C_full/C_full_phases_plot_df.csv
    output: results/case_study_sims/C_full/C_full_density_plot.pdf, results/case_study_sims/C_full/C_full_frequency_plot.pdf
    jobid: 16
    reason: Missing output files: results/case_study_sims/C_full/C_full_frequency_plot.pdf, results/case_study_sims/C_full/C_full_density_plot.pdf; Input files updated by another job: results/case_study_sims/C_full/C_full_phases_plot_df.csv, results/case_study_sims/C_full/C_full_frequency_plot_df.csv, results/case_study_sims/C_full/C_full_density_plot_df.csv
    wildcards: treatment=C_full
    resources: tmpdir=/var/folders/dw/d0fxdqy942jc3trrhg2gvbnm0000gn/T

[Wed Sep 10 21:42:05 2025]
Finished jobid: 11 (Rule: process_case_study_sims)
16 of 19 steps (84%) done
Select jobs to execute...
Execute 1 jobs...
[Wed Sep 10 21:42:05 2025]
localrule plot_case_study_sims:
    input: src/plot_simrun_snakemake.R, results/case_study_sims/D/D_density_plot_df.csv, results/case_study_sims/D/D_frequency_plot_df.csv, results/case_study_sims/D/D_phases_plot_df.csv
    output: results/case_study_sims/D/D_density_plot.pdf, results/case_study_sims/D/D_frequency_plot.pdf
    jobid: 10
    reason: Input files updated by another job: results/case_study_sims/D/D_phases_plot_df.csv, results/case_study_sims/D/D_frequency_plot_df.csv, results/case_study_sims/D/D_density_plot_df.csv
    wildcards: treatment=D
    resources: tmpdir=/var/folders/dw/d0fxdqy942jc3trrhg2gvbnm0000gn/T

[Wed Sep 10 21:42:08 2025]
Finished jobid: 16 (Rule: plot_case_study_sims)
17 of 19 steps (89%) done
[Wed Sep 10 21:42:10 2025]
Finished jobid: 10 (Rule: plot_case_study_sims)
18 of 19 steps (95%) done
Select jobs to execute...
Execute 1 jobs...
[Wed Sep 10 21:42:10 2025]
localrule all:
    input: results/case_study_sims/A/A_density_plot.pdf, results/case_study_sims/B/B_density_plot.pdf, results/case_study_sims/C/C_density_plot.pdf, results/case_study_sims/D/D_density_plot.pdf, results/case_study_sims/A_full/A_full_density_plot.pdf, results/case_study_sims/C_full/C_full_density_plot.pdf, results/case_study_sims/A/A_frequency_plot.pdf, results/case_study_sims/B/B_frequency_plot.pdf, results/case_study_sims/C/C_frequency_plot.pdf, results/case_study_sims/D/D_frequency_plot.pdf, results/case_study_sims/A_full/A_full_frequency_plot.pdf, results/case_study_sims/C_full/C_full_frequency_plot.pdf
    jobid: 0
    reason: Input files updated by another job: results/case_study_sims/C_full/C_full_frequency_plot.pdf, results/case_study_sims/A/A_frequency_plot.pdf, results/case_study_sims/A_full/A_full_density_plot.pdf, results/case_study_sims/B/B_density_plot.pdf, results/case_study_sims/A_full/A_full_frequency_plot.pdf, results/case_study_sims/D/D_density_plot.pdf, results/case_study_sims/C/C_frequency_plot.pdf, results/case_study_sims/C_full/C_full_density_plot.pdf, results/case_study_sims/D/D_frequency_plot.pdf, results/case_study_sims/B/B_frequency_plot.pdf, results/case_study_sims/A/A_density_plot.pdf, results/case_study_sims/C/C_density_plot.pdf
    resources: tmpdir=/var/folders/dw/d0fxdqy942jc3trrhg2gvbnm0000gn/T

[Wed Sep 10 21:42:10 2025]
Finished jobid: 0 (Rule: all)
19 of 19 steps (100%) done
Complete log(s): /Users/liz/Documents/UW_Bio_PhD/Kerr_Lab/Plasmid_evolution/PETRI/.snakemake/log/2025-09-10T214022.559634.snakemake.log
