Assuming unrestricted shared filesystem usage.
None
host: Lizs-MacBook-Air-8.local
Building DAG of jobs...
Using shell: /bin/bash
Provided cores: 4
Rules claiming more threads will be scaled down.
Job stats:
job                        count
-----------------------  -------
all                            1
plot_case_study_sims           6
process_case_study_sims        6
total                         13

Select jobs to execute...
Execute 4 jobs...
[Tue Nov  4 14:33:13 2025]
localrule process_case_study_sims:
    input: src/process_simrun.R, results/case_study_sims/E/E_data.csv, results/case_study_sims/E/E_data_long.csv
    output: results/case_study_sims/E/E_density_plot_df.csv, results/case_study_sims/E/E_frequency_plot_df.csv, results/case_study_sims/E/E_phases_plot_df.csv
    jobid: 14
    reason: Updated input files: src/process_simrun.R
    wildcards: treatment=E
    resources: tmpdir=/var/folders/dw/d0fxdqy942jc3trrhg2gvbnm0000gn/T

[Tue Nov  4 14:33:13 2025]
localrule process_case_study_sims:
    input: src/process_simrun.R, results/case_study_sims/A.2/A.2_data.csv, results/case_study_sims/A.2/A.2_data_long.csv
    output: results/case_study_sims/A.2/A.2_density_plot_df.csv, results/case_study_sims/A.2/A.2_frequency_plot_df.csv, results/case_study_sims/A.2/A.2_phases_plot_df.csv
    jobid: 2
    reason: Updated input files: src/process_simrun.R
    wildcards: treatment=A.2
    resources: tmpdir=/var/folders/dw/d0fxdqy942jc3trrhg2gvbnm0000gn/T

[Tue Nov  4 14:33:13 2025]
localrule process_case_study_sims:
    input: src/process_simrun.R, results/case_study_sims/C.2_full/C.2_full_data.csv, results/case_study_sims/C.2_full/C.2_full_data_long.csv
    output: results/case_study_sims/C.2_full/C.2_full_density_plot_df.csv, results/case_study_sims/C.2_full/C.2_full_frequency_plot_df.csv, results/case_study_sims/C.2_full/C.2_full_phases_plot_df.csv
    jobid: 11
    reason: Updated input files: src/process_simrun.R
    wildcards: treatment=C.2_full
    resources: tmpdir=/var/folders/dw/d0fxdqy942jc3trrhg2gvbnm0000gn/T

[Tue Nov  4 14:33:13 2025]
localrule process_case_study_sims:
    input: src/process_simrun.R, results/case_study_sims/F/F_data.csv, results/case_study_sims/F/F_data_long.csv
    output: results/case_study_sims/F/F_density_plot_df.csv, results/case_study_sims/F/F_frequency_plot_df.csv, results/case_study_sims/F/F_phases_plot_df.csv
    jobid: 17
    reason: Updated input files: src/process_simrun.R
    wildcards: treatment=F
    resources: tmpdir=/var/folders/dw/d0fxdqy942jc3trrhg2gvbnm0000gn/T

Select jobs to execute...
[Tue Nov  4 14:33:19 2025]
Finished jobid: 11 (Rule: process_case_study_sims)
1 of 13 steps (8%) done
Execute 1 jobs...
[Tue Nov  4 14:33:19 2025]
localrule process_case_study_sims:
    input: src/process_simrun.R, results/case_study_sims/A.2_full/A.2_full_data.csv, results/case_study_sims/A.2_full/A.2_full_data_long.csv
    output: results/case_study_sims/A.2_full/A.2_full_density_plot_df.csv, results/case_study_sims/A.2_full/A.2_full_frequency_plot_df.csv, results/case_study_sims/A.2_full/A.2_full_phases_plot_df.csv
    jobid: 5
    reason: Updated input files: src/process_simrun.R
    wildcards: treatment=A.2_full
    resources: tmpdir=/var/folders/dw/d0fxdqy942jc3trrhg2gvbnm0000gn/T

[Tue Nov  4 14:33:19 2025]
Finished jobid: 14 (Rule: process_case_study_sims)
2 of 13 steps (15%) done
Select jobs to execute...
Execute 1 jobs...
[Tue Nov  4 14:33:19 2025]
localrule plot_case_study_sims:
    input: src/plot_simrun_snakemake.R, results/case_study_sims/E/E_density_plot_df.csv, results/case_study_sims/E/E_frequency_plot_df.csv, results/case_study_sims/E/E_phases_plot_df.csv
    output: results/case_study_sims/E/E_density_plot.pdf, results/case_study_sims/E/E_frequency_plot.pdf
    jobid: 13
    reason: Input files updated by another job: results/case_study_sims/E/E_density_plot_df.csv, results/case_study_sims/E/E_frequency_plot_df.csv, results/case_study_sims/E/E_phases_plot_df.csv
    wildcards: treatment=E
    resources: tmpdir=/var/folders/dw/d0fxdqy942jc3trrhg2gvbnm0000gn/T

[Tue Nov  4 14:33:19 2025]
Finished jobid: 2 (Rule: process_case_study_sims)
3 of 13 steps (23%) done
Select jobs to execute...
Execute 1 jobs...
[Tue Nov  4 14:33:20 2025]
localrule process_case_study_sims:
    input: src/process_simrun.R, results/case_study_sims/C.2/C.2_data.csv, results/case_study_sims/C.2/C.2_data_long.csv
    output: results/case_study_sims/C.2/C.2_density_plot_df.csv, results/case_study_sims/C.2/C.2_frequency_plot_df.csv, results/case_study_sims/C.2/C.2_phases_plot_df.csv
    jobid: 8
    reason: Updated input files: src/process_simrun.R
    wildcards: treatment=C.2
    resources: tmpdir=/var/folders/dw/d0fxdqy942jc3trrhg2gvbnm0000gn/T

Select jobs to execute...
[Tue Nov  4 14:33:20 2025]
Finished jobid: 17 (Rule: process_case_study_sims)
4 of 13 steps (31%) done
Execute 1 jobs...
[Tue Nov  4 14:33:20 2025]
localrule plot_case_study_sims:
    input: src/plot_simrun_snakemake.R, results/case_study_sims/F/F_density_plot_df.csv, results/case_study_sims/F/F_frequency_plot_df.csv, results/case_study_sims/F/F_phases_plot_df.csv
    output: results/case_study_sims/F/F_density_plot.pdf, results/case_study_sims/F/F_frequency_plot.pdf
    jobid: 16
    reason: Input files updated by another job: results/case_study_sims/F/F_frequency_plot_df.csv, results/case_study_sims/F/F_phases_plot_df.csv, results/case_study_sims/F/F_density_plot_df.csv
    wildcards: treatment=F
    resources: tmpdir=/var/folders/dw/d0fxdqy942jc3trrhg2gvbnm0000gn/T

Select jobs to execute...
[Tue Nov  4 14:33:24 2025]
Finished jobid: 5 (Rule: process_case_study_sims)
5 of 13 steps (38%) done
Execute 1 jobs...
[Tue Nov  4 14:33:25 2025]
localrule plot_case_study_sims:
    input: src/plot_simrun_snakemake.R, results/case_study_sims/A.2_full/A.2_full_density_plot_df.csv, results/case_study_sims/A.2_full/A.2_full_frequency_plot_df.csv, results/case_study_sims/A.2_full/A.2_full_phases_plot_df.csv
    output: results/case_study_sims/A.2_full/A.2_full_density_plot.pdf, results/case_study_sims/A.2_full/A.2_full_frequency_plot.pdf
    jobid: 4
    reason: Input files updated by another job: results/case_study_sims/A.2_full/A.2_full_density_plot_df.csv, results/case_study_sims/A.2_full/A.2_full_frequency_plot_df.csv, results/case_study_sims/A.2_full/A.2_full_phases_plot_df.csv
    wildcards: treatment=A.2_full
    resources: tmpdir=/var/folders/dw/d0fxdqy942jc3trrhg2gvbnm0000gn/T

Select jobs to execute...
[Tue Nov  4 14:33:26 2025]
Finished jobid: 8 (Rule: process_case_study_sims)
6 of 13 steps (46%) done
Execute 1 jobs...
[Tue Nov  4 14:33:26 2025]
localrule plot_case_study_sims:
    input: src/plot_simrun_snakemake.R, results/case_study_sims/C.2_full/C.2_full_density_plot_df.csv, results/case_study_sims/C.2_full/C.2_full_frequency_plot_df.csv, results/case_study_sims/C.2_full/C.2_full_phases_plot_df.csv
    output: results/case_study_sims/C.2_full/C.2_full_density_plot.pdf, results/case_study_sims/C.2_full/C.2_full_frequency_plot.pdf
    jobid: 10
    reason: Input files updated by another job: results/case_study_sims/C.2_full/C.2_full_density_plot_df.csv, results/case_study_sims/C.2_full/C.2_full_frequency_plot_df.csv, results/case_study_sims/C.2_full/C.2_full_phases_plot_df.csv
    wildcards: treatment=C.2_full
    resources: tmpdir=/var/folders/dw/d0fxdqy942jc3trrhg2gvbnm0000gn/T

Select jobs to execute...
[Tue Nov  4 14:33:27 2025]
Finished jobid: 13 (Rule: plot_case_study_sims)
7 of 13 steps (54%) done
Execute 1 jobs...
[Tue Nov  4 14:33:27 2025]
localrule plot_case_study_sims:
    input: src/plot_simrun_snakemake.R, results/case_study_sims/C.2/C.2_density_plot_df.csv, results/case_study_sims/C.2/C.2_frequency_plot_df.csv, results/case_study_sims/C.2/C.2_phases_plot_df.csv
    output: results/case_study_sims/C.2/C.2_density_plot.pdf, results/case_study_sims/C.2/C.2_frequency_plot.pdf
    jobid: 7
    reason: Input files updated by another job: results/case_study_sims/C.2/C.2_density_plot_df.csv, results/case_study_sims/C.2/C.2_phases_plot_df.csv, results/case_study_sims/C.2/C.2_frequency_plot_df.csv
    wildcards: treatment=C.2
    resources: tmpdir=/var/folders/dw/d0fxdqy942jc3trrhg2gvbnm0000gn/T

Select jobs to execute...
[Tue Nov  4 14:33:29 2025]
Finished jobid: 16 (Rule: plot_case_study_sims)
8 of 13 steps (62%) done
Execute 1 jobs...
[Tue Nov  4 14:33:29 2025]
localrule plot_case_study_sims:
    input: src/plot_simrun_snakemake.R, results/case_study_sims/A.2/A.2_density_plot_df.csv, results/case_study_sims/A.2/A.2_frequency_plot_df.csv, results/case_study_sims/A.2/A.2_phases_plot_df.csv
    output: results/case_study_sims/A.2/A.2_density_plot.pdf, results/case_study_sims/A.2/A.2_frequency_plot.pdf
    jobid: 1
    reason: Input files updated by another job: results/case_study_sims/A.2/A.2_density_plot_df.csv, results/case_study_sims/A.2/A.2_frequency_plot_df.csv, results/case_study_sims/A.2/A.2_phases_plot_df.csv
    wildcards: treatment=A.2
    resources: tmpdir=/var/folders/dw/d0fxdqy942jc3trrhg2gvbnm0000gn/T

[Tue Nov  4 14:33:31 2025]
Finished jobid: 4 (Rule: plot_case_study_sims)
9 of 13 steps (69%) done
[Tue Nov  4 14:33:33 2025]
Finished jobid: 10 (Rule: plot_case_study_sims)
10 of 13 steps (77%) done
[Tue Nov  4 14:33:34 2025]
Finished jobid: 7 (Rule: plot_case_study_sims)
11 of 13 steps (85%) done
[Tue Nov  4 14:33:35 2025]
Finished jobid: 1 (Rule: plot_case_study_sims)
12 of 13 steps (92%) done
Select jobs to execute...
Execute 1 jobs...
[Tue Nov  4 14:33:35 2025]
localrule all:
    input: results/case_study_sims/A.2/A.2_density_plot.pdf, results/case_study_sims/A.2_full/A.2_full_density_plot.pdf, results/case_study_sims/C.2/C.2_density_plot.pdf, results/case_study_sims/C.2_full/C.2_full_density_plot.pdf, results/case_study_sims/E/E_density_plot.pdf, results/case_study_sims/F/F_density_plot.pdf, results/case_study_sims/A.2/A.2_frequency_plot.pdf, results/case_study_sims/A.2_full/A.2_full_frequency_plot.pdf, results/case_study_sims/C.2/C.2_frequency_plot.pdf, results/case_study_sims/C.2_full/C.2_full_frequency_plot.pdf, results/case_study_sims/E/E_frequency_plot.pdf, results/case_study_sims/F/F_frequency_plot.pdf
    jobid: 0
    reason: Input files updated by another job: results/case_study_sims/F/F_frequency_plot.pdf, results/case_study_sims/C.2/C.2_density_plot.pdf, results/case_study_sims/F/F_density_plot.pdf, results/case_study_sims/C.2_full/C.2_full_density_plot.pdf, results/case_study_sims/C.2/C.2_frequency_plot.pdf, results/case_study_sims/A.2/A.2_frequency_plot.pdf, results/case_study_sims/E/E_density_plot.pdf, results/case_study_sims/A.2/A.2_density_plot.pdf, results/case_study_sims/C.2_full/C.2_full_frequency_plot.pdf, results/case_study_sims/E/E_frequency_plot.pdf, results/case_study_sims/A.2_full/A.2_full_frequency_plot.pdf, results/case_study_sims/A.2_full/A.2_full_density_plot.pdf
    resources: tmpdir=/var/folders/dw/d0fxdqy942jc3trrhg2gvbnm0000gn/T

[Tue Nov  4 14:33:35 2025]
Finished jobid: 0 (Rule: all)
13 of 13 steps (100%) done
Complete log(s): /Users/liz/Documents/UW_Bio_PhD/Kerr_Lab/Plasmid_evolution/PETRI/.snakemake/log/2025-11-04T143312.347197.snakemake.log
