Assuming unrestricted shared filesystem usage.
None
host: Lizs-MacBook-Air-8.local
Building DAG of jobs...
Using shell: /bin/bash
Provided cores: 2
Rules claiming more threads will be scaled down.
Job stats:
job                        count
-----------------------  -------
all                            1
plot_case_study_sims           1
process_case_study_sims        1
total                          3

Select jobs to execute...
Execute 1 jobs...
[Tue Nov  4 14:20:48 2025]
localrule process_case_study_sims:
    input: src/process_simrun.R, results/case_study_sims/A.2/A.2_data.csv, results/case_study_sims/A.2/A.2_data_long.csv
    output: results/case_study_sims/A.2/A.2_density_plot_df.csv, results/case_study_sims/A.2/A.2_frequency_plot_df.csv, results/case_study_sims/A.2/A.2_phases_plot_df.csv
    jobid: 2
    reason: Updated input files: src/process_simrun.R
    wildcards: treatment=A.2
    resources: tmpdir=/var/folders/dw/d0fxdqy942jc3trrhg2gvbnm0000gn/T

[Tue Nov  4 14:20:53 2025]
Finished jobid: 2 (Rule: process_case_study_sims)
1 of 3 steps (33%) done
Select jobs to execute...
Execute 1 jobs...
[Tue Nov  4 14:20:53 2025]
localrule plot_case_study_sims:
    input: src/plot_simrun_snakemake.R, results/case_study_sims/A.2/A.2_density_plot_df.csv, results/case_study_sims/A.2/A.2_frequency_plot_df.csv, results/case_study_sims/A.2/A.2_phases_plot_df.csv
    output: results/case_study_sims/A.2/A.2_density_plot.pdf, results/case_study_sims/A.2/A.2_frequency_plot.pdf
    jobid: 1
    reason: Input files updated by another job: results/case_study_sims/A.2/A.2_frequency_plot_df.csv, results/case_study_sims/A.2/A.2_density_plot_df.csv, results/case_study_sims/A.2/A.2_phases_plot_df.csv
    wildcards: treatment=A.2
    resources: tmpdir=/var/folders/dw/d0fxdqy942jc3trrhg2gvbnm0000gn/T

[Tue Nov  4 14:20:58 2025]
Finished jobid: 1 (Rule: plot_case_study_sims)
2 of 3 steps (67%) done
Select jobs to execute...
Execute 1 jobs...
[Tue Nov  4 14:20:58 2025]
localrule all:
    input: results/case_study_sims/A.2/A.2_density_plot.pdf, results/case_study_sims/A.2/A.2_frequency_plot.pdf
    jobid: 0
    reason: Input files updated by another job: results/case_study_sims/A.2/A.2_frequency_plot.pdf, results/case_study_sims/A.2/A.2_density_plot.pdf
    resources: tmpdir=/var/folders/dw/d0fxdqy942jc3trrhg2gvbnm0000gn/T

[Tue Nov  4 14:20:58 2025]
Finished jobid: 0 (Rule: all)
3 of 3 steps (100%) done
Complete log(s): /Users/liz/Documents/UW_Bio_PhD/Kerr_Lab/Plasmid_evolution/PETRI/.snakemake/log/2025-11-04T142048.354421.snakemake.log
