Assuming unrestricted shared filesystem usage.
None
host: Lizs-MacBook-Air-7.local
Building DAG of jobs...
Using shell: /bin/bash
Provided cores: 4
Rules claiming more threads will be scaled down.
Job stats:
job                     count
--------------------  -------
all                         1
plot_case_study_sims        2
total                       3

Select jobs to execute...
Execute 2 jobs...
[Thu Jun  5 21:06:54 2025]
localrule plot_case_study_sims:
    input: results/case_study_sims/T4/T4_data.csv, results/case_study_sims/T4/T4_data_long.csv
    output: results/case_study_sims/T4/T4_density_plot.pdf, results/case_study_sims/T4/T4_ratio_plot.pdf, results/case_study_sims/T4/T4_density_plot_df.csv, results/case_study_sims/T4/T4_ratio_plot_df.csv
    jobid: 7
    reason: Missing output files: results/case_study_sims/T4/T4_density_plot.pdf, results/case_study_sims/T4/T4_ratio_plot.pdf
    wildcards: treatment=T4
    resources: tmpdir=/var/folders/dw/d0fxdqy942jc3trrhg2gvbnm0000gn/T

[Thu Jun  5 21:06:54 2025]
localrule plot_case_study_sims:
    input: results/case_study_sims/T6/T6_data.csv, results/case_study_sims/T6/T6_data_long.csv
    output: results/case_study_sims/T6/T6_density_plot.pdf, results/case_study_sims/T6/T6_ratio_plot.pdf, results/case_study_sims/T6/T6_density_plot_df.csv, results/case_study_sims/T6/T6_ratio_plot_df.csv
    jobid: 11
    reason: Missing output files: results/case_study_sims/T6/T6_density_plot.pdf, results/case_study_sims/T6/T6_ratio_plot.pdf
    wildcards: treatment=T6
    resources: tmpdir=/var/folders/dw/d0fxdqy942jc3trrhg2gvbnm0000gn/T

[Thu Jun  5 21:07:00 2025]
Finished jobid: 7 (Rule: plot_case_study_sims)
1 of 3 steps (33%) done
[Thu Jun  5 21:07:01 2025]
Finished jobid: 11 (Rule: plot_case_study_sims)
2 of 3 steps (67%) done
Select jobs to execute...
Execute 1 jobs...
[Thu Jun  5 21:07:01 2025]
localrule all:
    input: results/case_study_sims/T1/T1_density_plot.pdf, results/case_study_sims/T2/T2_density_plot.pdf, results/case_study_sims/T3/T3_density_plot.pdf, results/case_study_sims/T4/T4_density_plot.pdf, results/case_study_sims/T5/T5_density_plot.pdf, results/case_study_sims/T6/T6_density_plot.pdf, results/case_study_sims/T1/T1_ratio_plot.pdf, results/case_study_sims/T2/T2_ratio_plot.pdf, results/case_study_sims/T3/T3_ratio_plot.pdf, results/case_study_sims/T4/T4_ratio_plot.pdf, results/case_study_sims/T5/T5_ratio_plot.pdf, results/case_study_sims/T6/T6_ratio_plot.pdf
    jobid: 0
    reason: Input files updated by another job: results/case_study_sims/T6/T6_density_plot.pdf, results/case_study_sims/T6/T6_ratio_plot.pdf, results/case_study_sims/T4/T4_density_plot.pdf, results/case_study_sims/T4/T4_ratio_plot.pdf
    resources: tmpdir=/var/folders/dw/d0fxdqy942jc3trrhg2gvbnm0000gn/T

[Thu Jun  5 21:07:01 2025]
Finished jobid: 0 (Rule: all)
3 of 3 steps (100%) done
Complete log(s): /Users/liz/Documents/UW_Bio_PhD/Kerr_Lab/Plasmid_evolution/PETRI/.snakemake/log/2025-06-05T210654.404112.snakemake.log
