Assuming unrestricted shared filesystem usage.
None
host: Lizs-MacBook-Air-9.local
Building DAG of jobs...
Using shell: /bin/bash
Provided cores: 4
Rules claiming more threads will be scaled down.
Job stats:
job            count
-----------  -------
all                1
plot_psweep        5
total              6

Select jobs to execute...
Execute 4 jobs...
[Wed Nov 26 20:22:26 2025]
localrule plot_psweep:
    input: src/plot_psweep.R, results/parameter_sweeps/pO_test/pO_test_plot.csv
    output: results/parameter_sweeps/pO_test/pO_test_change_plot.pdf, results/parameter_sweeps/pO_test/pO_test_inv_plot.pdf
    jobid: 16
    reason: Missing output files: results/parameter_sweeps/pO_test/pO_test_change_plot.pdf, results/parameter_sweeps/pO_test/pO_test_inv_plot.pdf
    wildcards: psweep=pO_test
    resources: tmpdir=/var/folders/dw/d0fxdqy942jc3trrhg2gvbnm0000gn/T

[Wed Nov 26 20:22:26 2025]
localrule plot_psweep:
    input: src/plot_psweep.R, results/parameter_sweeps/pHFC_test/pHFC_test_plot.csv
    output: results/parameter_sweeps/pHFC_test/pHFC_test_change_plot.pdf, results/parameter_sweeps/pHFC_test/pHFC_test_inv_plot.pdf
    jobid: 19
    reason: Missing output files: results/parameter_sweeps/pHFC_test/pHFC_test_change_plot.pdf, results/parameter_sweeps/pHFC_test/pHFC_test_inv_plot.pdf
    wildcards: psweep=pHFC_test
    resources: tmpdir=/var/folders/dw/d0fxdqy942jc3trrhg2gvbnm0000gn/T

[Wed Nov 26 20:22:26 2025]
localrule plot_psweep:
    input: src/plot_psweep.R, results/parameter_sweeps/pE_test/pE_test_plot.csv
    output: results/parameter_sweeps/pE_test/pE_test_change_plot.pdf, results/parameter_sweeps/pE_test/pE_test_inv_plot.pdf
    jobid: 25
    reason: Missing output files: results/parameter_sweeps/pE_test/pE_test_change_plot.pdf, results/parameter_sweeps/pE_test/pE_test_inv_plot.pdf
    wildcards: psweep=pE_test
    resources: tmpdir=/var/folders/dw/d0fxdqy942jc3trrhg2gvbnm0000gn/T

[Wed Nov 26 20:22:26 2025]
localrule plot_psweep:
    input: src/plot_psweep.R, results/parameter_sweeps/pF_test/pF_test_plot.csv
    output: results/parameter_sweeps/pF_test/pF_test_change_plot.pdf, results/parameter_sweeps/pF_test/pF_test_inv_plot.pdf
    jobid: 28
    reason: Missing output files: results/parameter_sweeps/pF_test/pF_test_change_plot.pdf, results/parameter_sweeps/pF_test/pF_test_inv_plot.pdf
    wildcards: psweep=pF_test
    resources: tmpdir=/var/folders/dw/d0fxdqy942jc3trrhg2gvbnm0000gn/T

Select jobs to execute...
[Wed Nov 26 20:22:32 2025]
Finished jobid: 28 (Rule: plot_psweep)
1 of 6 steps (17%) done
Execute 1 jobs...
[Wed Nov 26 20:22:32 2025]
localrule plot_psweep:
    input: src/plot_psweep.R, results/parameter_sweeps/pLFC_test/pLFC_test_plot.csv
    output: results/parameter_sweeps/pLFC_test/pLFC_test_change_plot.pdf, results/parameter_sweeps/pLFC_test/pLFC_test_inv_plot.pdf
    jobid: 22
    reason: Updated input files: src/plot_psweep.R
    wildcards: psweep=pLFC_test
    resources: tmpdir=/var/folders/dw/d0fxdqy942jc3trrhg2gvbnm0000gn/T

[Wed Nov 26 20:22:32 2025]
Finished jobid: 25 (Rule: plot_psweep)
2 of 6 steps (33%) done
[Wed Nov 26 20:22:32 2025]
Finished jobid: 19 (Rule: plot_psweep)
3 of 6 steps (50%) done
[Wed Nov 26 20:22:32 2025]
Finished jobid: 16 (Rule: plot_psweep)
4 of 6 steps (67%) done
[Wed Nov 26 20:22:37 2025]
Finished jobid: 22 (Rule: plot_psweep)
5 of 6 steps (83%) done
Select jobs to execute...
Execute 1 jobs...
[Wed Nov 26 20:22:37 2025]
localrule all:
    input: results/case_study_sims/A.2/A.2_density_plot.pdf, results/case_study_sims/C.2/C.2_density_plot.pdf, results/case_study_sims/O/O_density_plot.pdf, results/case_study_sims/E/E_density_plot.pdf, results/case_study_sims/F/F_density_plot.pdf, results/case_study_sims/A.2/A.2_frequency_plot.pdf, results/case_study_sims/C.2/C.2_frequency_plot.pdf, results/case_study_sims/O/O_frequency_plot.pdf, results/case_study_sims/E/E_frequency_plot.pdf, results/case_study_sims/F/F_frequency_plot.pdf, results/parameter_sweeps/pO_test/pO_test_change_plot.pdf, results/parameter_sweeps/pHFC_test/pHFC_test_change_plot.pdf, results/parameter_sweeps/pLFC_test/pLFC_test_change_plot.pdf, results/parameter_sweeps/pE_test/pE_test_change_plot.pdf, results/parameter_sweeps/pF_test/pF_test_change_plot.pdf, results/parameter_sweeps/pO_test/pO_test_inv_plot.pdf, results/parameter_sweeps/pHFC_test/pHFC_test_inv_plot.pdf, results/parameter_sweeps/pLFC_test/pLFC_test_inv_plot.pdf, results/parameter_sweeps/pE_test/pE_test_inv_plot.pdf, results/parameter_sweeps/pF_test/pF_test_inv_plot.pdf
    jobid: 0
    reason: Input files updated by another job: results/parameter_sweeps/pO_test/pO_test_change_plot.pdf, results/parameter_sweeps/pLFC_test/pLFC_test_inv_plot.pdf, results/parameter_sweeps/pF_test/pF_test_change_plot.pdf, results/parameter_sweeps/pHFC_test/pHFC_test_inv_plot.pdf, results/parameter_sweeps/pLFC_test/pLFC_test_change_plot.pdf, results/parameter_sweeps/pF_test/pF_test_inv_plot.pdf, results/parameter_sweeps/pHFC_test/pHFC_test_change_plot.pdf, results/parameter_sweeps/pE_test/pE_test_inv_plot.pdf, results/parameter_sweeps/pO_test/pO_test_inv_plot.pdf, results/parameter_sweeps/pE_test/pE_test_change_plot.pdf
    resources: tmpdir=/var/folders/dw/d0fxdqy942jc3trrhg2gvbnm0000gn/T

[Wed Nov 26 20:22:37 2025]
Finished jobid: 0 (Rule: all)
6 of 6 steps (100%) done
Complete log(s): /Users/liz/Documents/UW_Bio_PhD/Kerr_Lab/Plasmid_evolution/PETRI/.snakemake/log/2025-11-26T202226.023402.snakemake.log
