Assuming unrestricted shared filesystem usage.
None
host: Lizs-MacBook-Air-9.local
Building DAG of jobs...
Using shell: /bin/bash
Provided cores: 3
Rules claiming more threads will be scaled down.
Job stats:
job                        count
-----------------------  -------
all                            1
case_study_sims                2
plot_case_study_sims           2
plot_psweep                    1
process_case_study_sims        2
process_psweep                 1
psweep_sims                    1
total                         10

Select jobs to execute...
Execute 1 jobs...
[Wed Dec 10 15:34:41 2025]
localrule psweep_sims:
    input: src/simrun_psweep.R, input_data/Treatments_parameter_sweep.csv
    output: results/parameter_sweeps/pHFC.l_DimF/pHFC.l_DimF_out.csv
    jobid: 15
    reason: Missing output files: results/parameter_sweeps/pHFC.l_DimF/pHFC.l_DimF_out.csv
    wildcards: psweep=pHFC.l_DimF
    threads: 3
    resources: tmpdir=/var/folders/dw/d0fxdqy942jc3trrhg2gvbnm0000gn/T

Select jobs to execute...
Terminating processes on user request, this might take some time.
RuleException:
CalledProcessError in file "/Users/liz/Documents/UW_Bio_PhD/Kerr_Lab/Plasmid_evolution/PETRI/Snakefile", line 127:
Command 'set -euo pipefail;  
    Rscript src/simrun_psweep.R       --psweepsetting pHFC.l_DimF       --threads 3' returned non-zero exit status 1.
[Wed Dec 10 15:34:56 2025]
Error in rule psweep_sims:
    message: None
    jobid: 15
    input: src/simrun_psweep.R, input_data/Treatments_parameter_sweep.csv
    output: results/parameter_sweeps/pHFC.l_DimF/pHFC.l_DimF_out.csv
    shell:
        
    Rscript src/simrun_psweep.R       --psweepsetting pHFC.l_DimF       --threads 3
    
        (command exited with non-zero exit code)
Complete log(s): /Users/liz/Documents/UW_Bio_PhD/Kerr_Lab/Plasmid_evolution/PETRI/.snakemake/log/2025-12-10T153440.008568.snakemake.log
WorkflowError:
At least one job did not complete successfully.
