Assuming unrestricted shared filesystem usage.
None
host: Lizs-MacBook-Air-9.local
Building DAG of jobs...
Using shell: /bin/bash
Provided cores: 6
Rules claiming more threads will be scaled down.
Job stats:
job               count
--------------  -------
all                   1
plot_psweep           2
process_psweep        2
psweep_sims           2
total                 7

Select jobs to execute...
Execute 1 jobs...
[Mon Dec  1 14:48:29 2025]
localrule psweep_sims:
    input: src/simrun_psweep.R, input_data/Treatments_parameter_sweep.csv
    output: results/parameter_sweeps/pLFC.inv_test/pLFC.inv_test_out.csv
    jobid: 13
    reason: Missing output files: results/parameter_sweeps/pLFC.inv_test/pLFC.inv_test_out.csv
    wildcards: psweep=pLFC.inv_test
    threads: 5
    resources: tmpdir=/var/folders/dw/d0fxdqy942jc3trrhg2gvbnm0000gn/T

Select jobs to execute...
[Mon Dec  1 14:49:32 2025]
Finished jobid: 13 (Rule: psweep_sims)
1 of 7 steps (14%) done
Execute 2 jobs...
[Mon Dec  1 14:49:32 2025]
localrule process_psweep:
    input: src/process_psweep.R, results/parameter_sweeps/pLFC.inv_test/pLFC.inv_test_out.csv
    output: results/parameter_sweeps/pLFC.inv_test/pLFC.inv_test_plot.csv
    jobid: 12
    reason: Missing output files: results/parameter_sweeps/pLFC.inv_test/pLFC.inv_test_plot.csv; Input files updated by another job: results/parameter_sweeps/pLFC.inv_test/pLFC.inv_test_out.csv
    wildcards: psweep=pLFC.inv_test
    resources: tmpdir=/var/folders/dw/d0fxdqy942jc3trrhg2gvbnm0000gn/T

[Mon Dec  1 14:49:32 2025]
localrule psweep_sims:
    input: src/simrun_psweep.R, input_data/Treatments_parameter_sweep.csv
    output: results/parameter_sweeps/pHFC.inv_test/pHFC.inv_test_out.csv
    jobid: 10
    reason: Missing output files: results/parameter_sweeps/pHFC.inv_test/pHFC.inv_test_out.csv
    wildcards: psweep=pHFC.inv_test
    threads: 5
    resources: tmpdir=/var/folders/dw/d0fxdqy942jc3trrhg2gvbnm0000gn/T

[Mon Dec  1 14:49:36 2025]
Finished jobid: 12 (Rule: process_psweep)
2 of 7 steps (29%) done
Select jobs to execute...
Execute 1 jobs...
[Mon Dec  1 14:49:36 2025]
localrule plot_psweep:
    input: src/plot_psweep.R, results/parameter_sweeps/pLFC.inv_test/pLFC.inv_test_plot.csv
    output: results/parameter_sweeps/pLFC.inv_test/pLFC.inv_test_change_plot.pdf, results/parameter_sweeps/pLFC.inv_test/pLFC.inv_test_inv_plot.pdf
    jobid: 11
    reason: Missing output files: results/parameter_sweeps/pLFC.inv_test/pLFC.inv_test_change_plot.pdf, results/parameter_sweeps/pLFC.inv_test/pLFC.inv_test_inv_plot.pdf; Input files updated by another job: results/parameter_sweeps/pLFC.inv_test/pLFC.inv_test_plot.csv
    wildcards: psweep=pLFC.inv_test
    resources: tmpdir=/var/folders/dw/d0fxdqy942jc3trrhg2gvbnm0000gn/T

[Mon Dec  1 14:49:41 2025]
Finished jobid: 10 (Rule: psweep_sims)
3 of 7 steps (43%) done
Select jobs to execute...
Execute 1 jobs...
[Mon Dec  1 14:49:41 2025]
localrule process_psweep:
    input: src/process_psweep.R, results/parameter_sweeps/pHFC.inv_test/pHFC.inv_test_out.csv
    output: results/parameter_sweeps/pHFC.inv_test/pHFC.inv_test_plot.csv
    jobid: 9
    reason: Missing output files: results/parameter_sweeps/pHFC.inv_test/pHFC.inv_test_plot.csv; Input files updated by another job: results/parameter_sweeps/pHFC.inv_test/pHFC.inv_test_out.csv
    wildcards: psweep=pHFC.inv_test
    resources: tmpdir=/var/folders/dw/d0fxdqy942jc3trrhg2gvbnm0000gn/T

[Mon Dec  1 14:49:43 2025]
Finished jobid: 11 (Rule: plot_psweep)
4 of 7 steps (57%) done
[Mon Dec  1 14:49:45 2025]
Finished jobid: 9 (Rule: process_psweep)
5 of 7 steps (71%) done
Select jobs to execute...
Execute 1 jobs...
[Mon Dec  1 14:49:45 2025]
localrule plot_psweep:
    input: src/plot_psweep.R, results/parameter_sweeps/pHFC.inv_test/pHFC.inv_test_plot.csv
    output: results/parameter_sweeps/pHFC.inv_test/pHFC.inv_test_change_plot.pdf, results/parameter_sweeps/pHFC.inv_test/pHFC.inv_test_inv_plot.pdf
    jobid: 8
    reason: Missing output files: results/parameter_sweeps/pHFC.inv_test/pHFC.inv_test_change_plot.pdf, results/parameter_sweeps/pHFC.inv_test/pHFC.inv_test_inv_plot.pdf; Input files updated by another job: results/parameter_sweeps/pHFC.inv_test/pHFC.inv_test_plot.csv
    wildcards: psweep=pHFC.inv_test
    resources: tmpdir=/var/folders/dw/d0fxdqy942jc3trrhg2gvbnm0000gn/T

[Mon Dec  1 14:49:50 2025]
Finished jobid: 8 (Rule: plot_psweep)
6 of 7 steps (86%) done
Select jobs to execute...
Execute 1 jobs...
[Mon Dec  1 14:49:50 2025]
localrule all:
    input: results/case_study_sims/A.2_full/A.2_full_density_plot.pdf, results/case_study_sims/C.2_full/C.2_full_density_plot.pdf, results/case_study_sims/A.2_full/A.2_full_frequency_plot.pdf, results/case_study_sims/C.2_full/C.2_full_frequency_plot.pdf, results/parameter_sets/test_sweep_param.csv, results/parameter_sweeps/pHFC.inv_test/pHFC.inv_test_change_plot.pdf, results/parameter_sweeps/pLFC.inv_test/pLFC.inv_test_change_plot.pdf, results/parameter_sweeps/pHFC.inv_test/pHFC.inv_test_inv_plot.pdf, results/parameter_sweeps/pLFC.inv_test/pLFC.inv_test_inv_plot.pdf
    jobid: 0
    reason: Input files updated by another job: results/parameter_sweeps/pHFC.inv_test/pHFC.inv_test_change_plot.pdf, results/parameter_sweeps/pLFC.inv_test/pLFC.inv_test_inv_plot.pdf, results/parameter_sweeps/pHFC.inv_test/pHFC.inv_test_inv_plot.pdf, results/parameter_sweeps/pLFC.inv_test/pLFC.inv_test_change_plot.pdf
    resources: tmpdir=/var/folders/dw/d0fxdqy942jc3trrhg2gvbnm0000gn/T

[Mon Dec  1 14:49:50 2025]
Finished jobid: 0 (Rule: all)
7 of 7 steps (100%) done
Complete log(s): /Users/liz/Documents/UW_Bio_PhD/Kerr_Lab/Plasmid_evolution/PETRI/.snakemake/log/2025-12-01T144828.543288.snakemake.log
