Assuming unrestricted shared filesystem usage.
None
host: Lizs-MacBook-Air-7.local
Building DAG of jobs...
Using shell: /bin/bash
Provided cores: 1 (use --cores to define parallelism)
Rules claiming more threads will be scaled down.
Job stats:
job                count
---------------  -------
all                    1
case_study_sims        1
total                  2

Select jobs to execute...
Execute 1 jobs...
[Mon May 12 15:15:48 2025]
localrule case_study_sims:
    input: input_data/Treatments.csv
    output: results/case_study_sims/T1/T1_plot.pdf
    jobid: 1
    reason: Missing output files: results/case_study_sims/T1/T1_plot.pdf
    resources: tmpdir=/var/folders/dw/d0fxdqy942jc3trrhg2gvbnm0000gn/T

[Mon May 12 15:16:06 2025]
Finished jobid: 1 (Rule: case_study_sims)
1 of 2 steps (50%) done
Select jobs to execute...
Execute 1 jobs...
[Mon May 12 15:16:06 2025]
localrule all:
    input: results/case_study_sims/T1/T1_plot.pdf
    jobid: 0
    reason: Input files updated by another job: results/case_study_sims/T1/T1_plot.pdf
    resources: tmpdir=/var/folders/dw/d0fxdqy942jc3trrhg2gvbnm0000gn/T

[Mon May 12 15:16:06 2025]
Finished jobid: 0 (Rule: all)
2 of 2 steps (100%) done
Complete log(s): /Users/liz/Documents/UW_Bio_PhD/Kerr_Lab/Plasmid_evolution/PETRI/.snakemake/log/2025-05-12T151548.044824.snakemake.log
