Assuming unrestricted shared filesystem usage.
None
host: Lizs-MacBook-Air-7.local
Building DAG of jobs...
Using shell: /bin/bash
Provided cores: 2
Rules claiming more threads will be scaled down.
Job stats:
job                count
---------------  -------
all                    1
case_study_sims        4
total                  5

Select jobs to execute...
Execute 2 jobs...
[Wed May 28 13:46:25 2025]
localrule case_study_sims:
    input: src/simrun_case_study.R, input_data/Treatments.csv
    output: results/case_study_sims/T4/T4_data.csv, results/case_study_sims/T4/T4_data_long.csv, results/case_study_sims/T4/T4_plot.pdf
    jobid: 4
    reason: Missing output files: results/case_study_sims/T4/T4_data_long.csv, results/case_study_sims/T4/T4_plot.pdf, results/case_study_sims/T4/T4_data.csv
    wildcards: treatment=T4
    resources: tmpdir=/var/folders/dw/d0fxdqy942jc3trrhg2gvbnm0000gn/T

[Wed May 28 13:46:25 2025]
localrule case_study_sims:
    input: src/simrun_case_study.R, input_data/Treatments.csv
    output: results/case_study_sims/T3/T3_data.csv, results/case_study_sims/T3/T3_data_long.csv, results/case_study_sims/T3/T3_plot.pdf
    jobid: 3
    reason: Missing output files: results/case_study_sims/T3/T3_plot.pdf, results/case_study_sims/T3/T3_data.csv, results/case_study_sims/T3/T3_data_long.csv
    wildcards: treatment=T3
    resources: tmpdir=/var/folders/dw/d0fxdqy942jc3trrhg2gvbnm0000gn/T

Select jobs to execute...
[Wed May 28 13:46:38 2025]
Finished jobid: 4 (Rule: case_study_sims)
1 of 5 steps (20%) done
Execute 1 jobs...
[Wed May 28 13:46:38 2025]
localrule case_study_sims:
    input: src/simrun_case_study.R, input_data/Treatments.csv
    output: results/case_study_sims/T2/T2_data.csv, results/case_study_sims/T2/T2_data_long.csv, results/case_study_sims/T2/T2_plot.pdf
    jobid: 2
    reason: Updated input files: src/simrun_case_study.R, input_data/Treatments.csv
    wildcards: treatment=T2
    resources: tmpdir=/var/folders/dw/d0fxdqy942jc3trrhg2gvbnm0000gn/T

[Wed May 28 13:46:38 2025]
Finished jobid: 3 (Rule: case_study_sims)
2 of 5 steps (40%) done
Select jobs to execute...
Execute 1 jobs...
[Wed May 28 13:46:38 2025]
localrule case_study_sims:
    input: src/simrun_case_study.R, input_data/Treatments.csv
    output: results/case_study_sims/T1/T1_data.csv, results/case_study_sims/T1/T1_data_long.csv, results/case_study_sims/T1/T1_plot.pdf
    jobid: 1
    reason: Updated input files: src/simrun_case_study.R, input_data/Treatments.csv
    wildcards: treatment=T1
    resources: tmpdir=/var/folders/dw/d0fxdqy942jc3trrhg2gvbnm0000gn/T

Terminating processes on user request, this might take some time.
RuleException:
CalledProcessError in file "/Users/liz/Documents/UW_Bio_PhD/Kerr_Lab/Plasmid_evolution/PETRI/Snakefile", line 21:
Command 'set -euo pipefail;  Rscript src/simrun_case_study.R --treatment T1' returned non-zero exit status 1.
[Wed May 28 13:47:23 2025]
Error in rule case_study_sims:
    message: None
    jobid: 1
    input: src/simrun_case_study.R, input_data/Treatments.csv
    output: results/case_study_sims/T1/T1_data.csv, results/case_study_sims/T1/T1_data_long.csv, results/case_study_sims/T1/T1_plot.pdf
    shell:
        Rscript src/simrun_case_study.R --treatment T1
        (command exited with non-zero exit code)
RuleException:
CalledProcessError in file "/Users/liz/Documents/UW_Bio_PhD/Kerr_Lab/Plasmid_evolution/PETRI/Snakefile", line 21:
Command 'set -euo pipefail;  Rscript src/simrun_case_study.R --treatment T2' returned non-zero exit status 1.
[Wed May 28 13:47:23 2025]
Error in rule case_study_sims:
    message: None
    jobid: 2
    input: src/simrun_case_study.R, input_data/Treatments.csv
    output: results/case_study_sims/T2/T2_data.csv, results/case_study_sims/T2/T2_data_long.csv, results/case_study_sims/T2/T2_plot.pdf
    shell:
        Rscript src/simrun_case_study.R --treatment T2
        (command exited with non-zero exit code)
Complete log(s): /Users/liz/Documents/UW_Bio_PhD/Kerr_Lab/Plasmid_evolution/PETRI/.snakemake/log/2025-05-28T134625.123616.snakemake.log
WorkflowError:
At least one job did not complete successfully.
