Assuming unrestricted shared filesystem usage.
None
host: Lizs-MacBook-Air-9.local
Building DAG of jobs...
Using shell: /bin/bash
Conda environments: ignored
Job stats:
job                     count
--------------------  -------
all                         1
fig3b                       1
fig4                        1
fig5                        1
fig5bd                      1
fig6                        1
fig7                        1
plot_case_study_sims        2
plot_experiments            1
plot_phenotyping            1
plot_psweep                10
plot_psweep_strain         10
process_psweep             10
psweep_parameter            4
psweep_sims                10
total                      55

Select jobs to execute...
Execute 16 jobs...
[Thu May 14 08:53:29 2026]
localrule plot_phenotyping:
    input: src/plot_phenotyping.R, results/phenotyping/phenotyping_av.csv
    output: results/phenotyping/pB10_phenotyping.pdf, results/phenotyping/pB10_phenotyping.rds, results/phenotyping/pB10_mut_inv.pdf, results/phenotyping/pB10_mut_inv.rds, results/phenotyping/pB10_anc_inv.pdf, results/phenotyping/pB10_anc_inv.rds
    jobid: 67
    reason: Updated input files: results/phenotyping/phenotyping_av.csv
    resources: tmpdir=/var/folders/dw/d0fxdqy942jc3trrhg2gvbnm0000gn/T

[Thu May 14 08:53:29 2026]
localrule psweep_sims:
    input: src/simrun_psweep.R, results/parameter_sweeps/pLFCi_S.pB10/pLFCi_S.pB10_params.csv, results/parameter_sweeps/pLFCi_S.pB10/pLFCi_S.pB10_settings.rds
    output: results/parameter_sweeps/pLFCi_S.pB10/pLFCi_S.pB10_out.csv
    jobid: 46
    reason: Updated input files: results/parameter_sweeps/pLFCi_S.pB10/pLFCi_S.pB10_params.csv, results/parameter_sweeps/pLFCi_S.pB10/pLFCi_S.pB10_settings.rds
    wildcards: psweep=pLFCi_S.pB10
    threads: 19
    resources: tmpdir=/var/folders/dw/d0fxdqy942jc3trrhg2gvbnm0000gn/T

[Thu May 14 08:53:29 2026]
localrule psweep_sims:
    input: src/simrun_psweep.R, results/parameter_sweeps/pDim90_E.R1/pDim90_E.R1_params.csv, results/parameter_sweeps/pDim90_E.R1/pDim90_E.R1_settings.rds
    output: results/parameter_sweeps/pDim90_E.R1/pDim90_E.R1_out.csv
    jobid: 26
    reason: Updated input files: results/parameter_sweeps/pDim90_E.R1/pDim90_E.R1_params.csv, results/parameter_sweeps/pDim90_E.R1/pDim90_E.R1_settings.rds
    wildcards: psweep=pDim90_E.R1
    threads: 19
    resources: tmpdir=/var/folders/dw/d0fxdqy942jc3trrhg2gvbnm0000gn/T

[Thu May 14 08:53:29 2026]
localrule plot_case_study_sims:
    input: src/plot_simrun.R, results/case_study_sims/HFC_S.pB10_full/HFC_S.pB10_full_density_plot_df.csv, results/case_study_sims/HFC_S.pB10_full/HFC_S.pB10_full_frequency_plot_df.csv, results/case_study_sims/HFC_S.pB10_full/HFC_S.pB10_full_phases_plot_df.csv
    output: results/case_study_sims/HFC_S.pB10_full/HFC_S.pB10_full_density_plot.pdf, results/case_study_sims/HFC_S.pB10_full/HFC_S.pB10_full_frequency_plot.pdf, results/case_study_sims/HFC_S.pB10_full/HFC_S.pB10_full_density_plot.rds, results/case_study_sims/HFC_S.pB10_full/HFC_S.pB10_full_frequency_plot.rds
    jobid: 10
    reason: Updated input files: results/case_study_sims/HFC_S.pB10_full/HFC_S.pB10_full_frequency_plot_df.csv, results/case_study_sims/HFC_S.pB10_full/HFC_S.pB10_full_density_plot_df.csv, results/case_study_sims/HFC_S.pB10_full/HFC_S.pB10_full_phases_plot_df.csv
    wildcards: treatment=HFC_S.pB10_full
    resources: tmpdir=/var/folders/dw/d0fxdqy942jc3trrhg2gvbnm0000gn/T

[Thu May 14 08:53:30 2026]
localrule psweep_parameter:
    input: src/generate_parameter_sets.R, input_data/parameter_sweeps/pHFC_S.pB10-A_psweep_settings.csv
    output: results/parameter_sweeps/pHFC_S.pB10-A/pHFC_S.pB10-A_params.csv, results/parameter_sweeps/pHFC_S.pB10-A/pHFC_S.pB10-A_settings.rds
    jobid: 35
    reason: Updated input files: input_data/parameter_sweeps/pHFC_S.pB10-A_psweep_settings.csv
    wildcards: psweep=pHFC_S.pB10-A
    resources: tmpdir=/var/folders/dw/d0fxdqy942jc3trrhg2gvbnm0000gn/T

[Thu May 14 08:53:30 2026]
localrule plot_experiments:
    input: src/plot_experiments.R, results/experimental_validation/HFC/HFC_plating_processed_av.csv, results/experimental_validation/HFC/HFC_frequency_processed_av.csv, results/experimental_validation/LFC/LFC_plating_processed_av.csv, results/experimental_validation/LFC/LFC_frequency_processed_av.csv
    output: results/experimental_validation/HFC/HFC_density_plot.pdf, results/experimental_validation/HFC/HFC_density_plot.rds, results/experimental_validation/HFC/HFC_frequency_plot.pdf, results/experimental_validation/HFC/HFC_frequency_plot.rds, results/experimental_validation/LFC/LFC_density_plot.pdf, results/experimental_validation/LFC/LFC_density_plot.rds, results/experimental_validation/LFC/LFC_frequency_plot.pdf, results/experimental_validation/LFC/LFC_frequency_plot.rds
    jobid: 72
    reason: Updated input files: results/experimental_validation/LFC/LFC_plating_processed_av.csv, results/experimental_validation/LFC/LFC_frequency_processed_av.csv
    resources: tmpdir=/var/folders/dw/d0fxdqy942jc3trrhg2gvbnm0000gn/T

[Thu May 14 08:53:30 2026]
localrule psweep_parameter:
    input: src/generate_parameter_sets.R, input_data/parameter_sweeps/pLFC_S.pB10_psweep_settings.csv
    output: results/parameter_sweeps/pLFC_S.pB10/pLFC_S.pB10_params.csv, results/parameter_sweeps/pLFC_S.pB10/pLFC_S.pB10_settings.rds
    jobid: 23
    reason: Updated input files: input_data/parameter_sweeps/pLFC_S.pB10_psweep_settings.csv
    wildcards: psweep=pLFC_S.pB10
    resources: tmpdir=/var/folders/dw/d0fxdqy942jc3trrhg2gvbnm0000gn/T

[Thu May 14 08:53:30 2026]
localrule psweep_sims:
    input: src/simrun_psweep.R, results/parameter_sweeps/pHFCi2_S.pB10/pHFCi2_S.pB10_params.csv, results/parameter_sweeps/pHFCi2_S.pB10/pHFCi2_S.pB10_settings.rds
    output: results/parameter_sweeps/pHFCi2_S.pB10/pHFCi2_S.pB10_out.csv
    jobid: 50
    reason: Updated input files: results/parameter_sweeps/pHFCi2_S.pB10/pHFCi2_S.pB10_settings.rds, results/parameter_sweeps/pHFCi2_S.pB10/pHFCi2_S.pB10_params.csv
    wildcards: psweep=pHFCi2_S.pB10
    threads: 19
    resources: tmpdir=/var/folders/dw/d0fxdqy942jc3trrhg2gvbnm0000gn/T

[Thu May 14 08:53:30 2026]
localrule psweep_sims:
    input: src/simrun_psweep.R, results/parameter_sweeps/pDim90_E.RP4/pDim90_E.RP4_params.csv, results/parameter_sweeps/pDim90_E.RP4/pDim90_E.RP4_settings.rds
    output: results/parameter_sweeps/pDim90_E.RP4/pDim90_E.RP4_out.csv
    jobid: 30
    reason: Updated input files: results/parameter_sweeps/pDim90_E.RP4/pDim90_E.RP4_params.csv, results/parameter_sweeps/pDim90_E.RP4/pDim90_E.RP4_settings.rds
    wildcards: psweep=pDim90_E.RP4
    threads: 19
    resources: tmpdir=/var/folders/dw/d0fxdqy942jc3trrhg2gvbnm0000gn/T

[Thu May 14 08:53:30 2026]
localrule plot_case_study_sims:
    input: src/plot_simrun.R, results/case_study_sims/LFC_S.pB10-A_full/LFC_S.pB10-A_full_density_plot_df.csv, results/case_study_sims/LFC_S.pB10-A_full/LFC_S.pB10-A_full_frequency_plot_df.csv, results/case_study_sims/LFC_S.pB10-A_full/LFC_S.pB10-A_full_phases_plot_df.csv
    output: results/case_study_sims/LFC_S.pB10-A_full/LFC_S.pB10-A_full_density_plot.pdf, results/case_study_sims/LFC_S.pB10-A_full/LFC_S.pB10-A_full_frequency_plot.pdf, results/case_study_sims/LFC_S.pB10-A_full/LFC_S.pB10-A_full_density_plot.rds, results/case_study_sims/LFC_S.pB10-A_full/LFC_S.pB10-A_full_frequency_plot.rds
    jobid: 13
    reason: Updated input files: results/case_study_sims/LFC_S.pB10-A_full/LFC_S.pB10-A_full_frequency_plot_df.csv, results/case_study_sims/LFC_S.pB10-A_full/LFC_S.pB10-A_full_density_plot_df.csv, results/case_study_sims/LFC_S.pB10-A_full/LFC_S.pB10-A_full_phases_plot_df.csv
    wildcards: treatment=LFC_S.pB10-A_full
    resources: tmpdir=/var/folders/dw/d0fxdqy942jc3trrhg2gvbnm0000gn/T

[Thu May 14 08:53:30 2026]
localrule psweep_parameter:
    input: src/generate_parameter_sets.R, input_data/parameter_sweeps/pLFC_S.pB10-A_psweep_settings.csv
    output: results/parameter_sweeps/pLFC_S.pB10-A/pLFC_S.pB10-A_params.csv, results/parameter_sweeps/pLFC_S.pB10-A/pLFC_S.pB10-A_settings.rds
    jobid: 39
    reason: Updated input files: input_data/parameter_sweeps/pLFC_S.pB10-A_psweep_settings.csv
    wildcards: psweep=pLFC_S.pB10-A
    resources: tmpdir=/var/folders/dw/d0fxdqy942jc3trrhg2gvbnm0000gn/T

[Thu May 14 08:53:30 2026]
localrule psweep_parameter:
    input: src/generate_parameter_sets.R, input_data/parameter_sweeps/pHFC_S.pB10_psweep_settings.csv
    output: results/parameter_sweeps/pHFC_S.pB10/pHFC_S.pB10_params.csv, results/parameter_sweeps/pHFC_S.pB10/pHFC_S.pB10_settings.rds
    jobid: 19
    reason: Updated input files: input_data/parameter_sweeps/pHFC_S.pB10_psweep_settings.csv
    wildcards: psweep=pHFC_S.pB10
    resources: tmpdir=/var/folders/dw/d0fxdqy942jc3trrhg2gvbnm0000gn/T

[Thu May 14 08:53:30 2026]
localrule psweep_sims:
    input: src/simrun_psweep.R, results/parameter_sweeps/pHFCi_S.pB10/pHFCi_S.pB10_params.csv, results/parameter_sweeps/pHFCi_S.pB10/pHFCi_S.pB10_settings.rds
    output: results/parameter_sweeps/pHFCi_S.pB10/pHFCi_S.pB10_out.csv
    jobid: 42
    reason: Updated input files: results/parameter_sweeps/pHFCi_S.pB10/pHFCi_S.pB10_params.csv, results/parameter_sweeps/pHFCi_S.pB10/pHFCi_S.pB10_settings.rds
    wildcards: psweep=pHFCi_S.pB10
    threads: 19
    resources: tmpdir=/var/folders/dw/d0fxdqy942jc3trrhg2gvbnm0000gn/T

[Thu May 14 08:53:31 2026]
localrule fig5bd:
    input: src/fig_exp_sim.R, src/ggplot_theme.R, results/experimental_validation/HFC/HFC_frequency_processed_av.csv, results/experimental_validation/LFC/LFC_frequency_processed_av.csv, results/case_study_sims/HFC_S.pB10/HFC_S.pB10_frequency_plot_df.csv, results/case_study_sims/LFC_S.pB10-A/LFC_S.pB10-A_frequency_plot_df.csv
    output: figures/panels/fig5d_HFC.pdf, figures/panels/fig5d_HFC.rds, figures/panels/fig5b_LFC.pdf, figures/panels/fig5b_LFC.rds
    jobid: 75
    reason: Updated input files: results/experimental_validation/LFC/LFC_frequency_processed_av.csv
    resources: tmpdir=/var/folders/dw/d0fxdqy942jc3trrhg2gvbnm0000gn/T

[Thu May 14 08:53:31 2026]
localrule fig4:
    input: src/fig_DG.R, results/case_study_sims/DG_S.pB10/DG_S.pB10_density_plot.rds, results/case_study_sims/DG_S.pB10/DG_S.pB10_frequency_plot.rds
    output: figures/fig4_DG_invasion.pdf
    jobid: 70
    reason: Updated input files: results/case_study_sims/DG_S.pB10/DG_S.pB10_density_plot.rds, results/case_study_sims/DG_S.pB10/DG_S.pB10_frequency_plot.rds
    resources: tmpdir=/var/folders/dw/d0fxdqy942jc3trrhg2gvbnm0000gn/T

[Thu May 14 08:53:31 2026]
localrule psweep_sims:
    input: src/simrun_psweep.R, results/parameter_sweeps/pLFCi2_S.pB10/pLFCi2_S.pB10_params.csv, results/parameter_sweeps/pLFCi2_S.pB10/pLFCi2_S.pB10_settings.rds
    output: results/parameter_sweeps/pLFCi2_S.pB10/pLFCi2_S.pB10_out.csv
    jobid: 54
    reason: Updated input files: results/parameter_sweeps/pLFCi2_S.pB10/pLFCi2_S.pB10_settings.rds, results/parameter_sweeps/pLFCi2_S.pB10/pLFCi2_S.pB10_params.csv
    wildcards: psweep=pLFCi2_S.pB10
    threads: 19
    resources: tmpdir=/var/folders/dw/d0fxdqy942jc3trrhg2gvbnm0000gn/T

[Thu May 14 08:53:31 2026]
Finished jobid: 67 (Rule: plot_phenotyping)
1 of 55 steps (2%) done
[Thu May 14 08:53:31 2026]
Finished jobid: 46 (Rule: psweep_sims)
2 of 55 steps (4%) done
[Thu May 14 08:53:31 2026]
Finished jobid: 26 (Rule: psweep_sims)
3 of 55 steps (5%) done
[Thu May 14 08:53:31 2026]
Finished jobid: 10 (Rule: plot_case_study_sims)
4 of 55 steps (7%) done
[Thu May 14 08:53:31 2026]
Finished jobid: 35 (Rule: psweep_parameter)
5 of 55 steps (9%) done
[Thu May 14 08:53:31 2026]
Finished jobid: 72 (Rule: plot_experiments)
6 of 55 steps (11%) done
[Thu May 14 08:53:31 2026]
Finished jobid: 23 (Rule: psweep_parameter)
7 of 55 steps (13%) done
[Thu May 14 08:53:31 2026]
Finished jobid: 50 (Rule: psweep_sims)
8 of 55 steps (15%) done
[Thu May 14 08:53:31 2026]
Finished jobid: 30 (Rule: psweep_sims)
9 of 55 steps (16%) done
[Thu May 14 08:53:31 2026]
Finished jobid: 13 (Rule: plot_case_study_sims)
10 of 55 steps (18%) done
[Thu May 14 08:53:31 2026]
Finished jobid: 39 (Rule: psweep_parameter)
11 of 55 steps (20%) done
[Thu May 14 08:53:31 2026]
Finished jobid: 19 (Rule: psweep_parameter)
12 of 55 steps (22%) done
[Thu May 14 08:53:31 2026]
Finished jobid: 42 (Rule: psweep_sims)
13 of 55 steps (24%) done
[Thu May 14 08:53:31 2026]
Finished jobid: 75 (Rule: fig5bd)
14 of 55 steps (25%) done
[Thu May 14 08:53:31 2026]
Finished jobid: 70 (Rule: fig4)
15 of 55 steps (27%) done
[Thu May 14 08:53:31 2026]
Finished jobid: 54 (Rule: psweep_sims)
16 of 55 steps (29%) done
Select jobs to execute...
Execute 12 jobs...
[Thu May 14 08:53:31 2026]
localrule psweep_sims:
    input: src/simrun_psweep.R, results/parameter_sweeps/pHFC_S.pB10-A/pHFC_S.pB10-A_params.csv, results/parameter_sweeps/pHFC_S.pB10-A/pHFC_S.pB10-A_settings.rds
    output: results/parameter_sweeps/pHFC_S.pB10-A/pHFC_S.pB10-A_out.csv
    jobid: 34
    reason: Input files updated by another job: results/parameter_sweeps/pHFC_S.pB10-A/pHFC_S.pB10-A_params.csv, results/parameter_sweeps/pHFC_S.pB10-A/pHFC_S.pB10-A_settings.rds
    wildcards: psweep=pHFC_S.pB10-A
    threads: 19
    resources: tmpdir=/var/folders/dw/d0fxdqy942jc3trrhg2gvbnm0000gn/T

[Thu May 14 08:53:31 2026]
localrule process_psweep:
    input: src/process_psweep.R, results/parameter_sweeps/pLFCi2_S.pB10/pLFCi2_S.pB10_out.csv, results/parameter_sweeps/pLFCi2_S.pB10/pLFCi2_S.pB10_settings.rds
    output: results/parameter_sweeps/pLFCi2_S.pB10/pLFCi2_S.pB10_plot.csv
    jobid: 53
    reason: Input files updated by another job: results/parameter_sweeps/pLFCi2_S.pB10/pLFCi2_S.pB10_out.csv
    wildcards: psweep=pLFCi2_S.pB10
    resources: tmpdir=/var/folders/dw/d0fxdqy942jc3trrhg2gvbnm0000gn/T

[Thu May 14 08:53:31 2026]
localrule fig5:
    input: src/fig_validation.R, results/case_study_sims/HFC_S.pB10/HFC_S.pB10_frequency_plot.rds, results/case_study_sims/LFC_S.pB10-A/LFC_S.pB10-A_frequency_plot.rds, results/experimental_validation/HFC/HFC_frequency_plot.rds, results/experimental_validation/LFC/LFC_frequency_plot.rds, results/phenotyping/phenotyping_av.csv, results/phenotyping/pB10_anc_inv.rds, results/phenotyping/pB10_mut_inv.rds, figures/panels/fig5d_HFC.rds, figures/panels/fig5b_LFC.rds
    output: figures/fig5_validation.pdf, figures/fig5_validation2.pdf, figures/fig5_validation3.pdf
    jobid: 71
    reason: Input files updated by another job: results/experimental_validation/LFC/LFC_frequency_plot.rds, results/experimental_validation/HFC/HFC_frequency_plot.rds, figures/panels/fig5b_LFC.rds, results/phenotyping/pB10_mut_inv.rds, results/phenotyping/pB10_anc_inv.rds, figures/panels/fig5d_HFC.rds
    resources: tmpdir=/var/folders/dw/d0fxdqy942jc3trrhg2gvbnm0000gn/T

[Thu May 14 08:53:31 2026]
localrule psweep_sims:
    input: src/simrun_psweep.R, results/parameter_sweeps/pLFC_S.pB10-A/pLFC_S.pB10-A_params.csv, results/parameter_sweeps/pLFC_S.pB10-A/pLFC_S.pB10-A_settings.rds
    output: results/parameter_sweeps/pLFC_S.pB10-A/pLFC_S.pB10-A_out.csv
    jobid: 38
    reason: Input files updated by another job: results/parameter_sweeps/pLFC_S.pB10-A/pLFC_S.pB10-A_settings.rds, results/parameter_sweeps/pLFC_S.pB10-A/pLFC_S.pB10-A_params.csv
    wildcards: psweep=pLFC_S.pB10-A
    threads: 19
    resources: tmpdir=/var/folders/dw/d0fxdqy942jc3trrhg2gvbnm0000gn/T

[Thu May 14 08:53:31 2026]
localrule process_psweep:
    input: src/process_psweep.R, results/parameter_sweeps/pLFCi_S.pB10/pLFCi_S.pB10_out.csv, results/parameter_sweeps/pLFCi_S.pB10/pLFCi_S.pB10_settings.rds
    output: results/parameter_sweeps/pLFCi_S.pB10/pLFCi_S.pB10_plot.csv
    jobid: 45
    reason: Input files updated by another job: results/parameter_sweeps/pLFCi_S.pB10/pLFCi_S.pB10_out.csv
    wildcards: psweep=pLFCi_S.pB10
    resources: tmpdir=/var/folders/dw/d0fxdqy942jc3trrhg2gvbnm0000gn/T

[Thu May 14 08:53:31 2026]
localrule process_psweep:
    input: src/process_psweep.R, results/parameter_sweeps/pDim90_E.R1/pDim90_E.R1_out.csv, results/parameter_sweeps/pDim90_E.R1/pDim90_E.R1_settings.rds
    output: results/parameter_sweeps/pDim90_E.R1/pDim90_E.R1_plot.csv
    jobid: 25
    reason: Input files updated by another job: results/parameter_sweeps/pDim90_E.R1/pDim90_E.R1_out.csv
    wildcards: psweep=pDim90_E.R1
    resources: tmpdir=/var/folders/dw/d0fxdqy942jc3trrhg2gvbnm0000gn/T

[Thu May 14 08:53:32 2026]
localrule psweep_sims:
    input: src/simrun_psweep.R, results/parameter_sweeps/pHFC_S.pB10/pHFC_S.pB10_params.csv, results/parameter_sweeps/pHFC_S.pB10/pHFC_S.pB10_settings.rds
    output: results/parameter_sweeps/pHFC_S.pB10/pHFC_S.pB10_out.csv
    jobid: 18
    reason: Input files updated by another job: results/parameter_sweeps/pHFC_S.pB10/pHFC_S.pB10_settings.rds, results/parameter_sweeps/pHFC_S.pB10/pHFC_S.pB10_params.csv
    wildcards: psweep=pHFC_S.pB10
    threads: 19
    resources: tmpdir=/var/folders/dw/d0fxdqy942jc3trrhg2gvbnm0000gn/T

[Thu May 14 08:53:32 2026]
localrule process_psweep:
    input: src/process_psweep.R, results/parameter_sweeps/pHFCi2_S.pB10/pHFCi2_S.pB10_out.csv, results/parameter_sweeps/pHFCi2_S.pB10/pHFCi2_S.pB10_settings.rds
    output: results/parameter_sweeps/pHFCi2_S.pB10/pHFCi2_S.pB10_plot.csv
    jobid: 49
    reason: Input files updated by another job: results/parameter_sweeps/pHFCi2_S.pB10/pHFCi2_S.pB10_out.csv
    wildcards: psweep=pHFCi2_S.pB10
    resources: tmpdir=/var/folders/dw/d0fxdqy942jc3trrhg2gvbnm0000gn/T

[Thu May 14 08:53:32 2026]
localrule fig3b:
    input: src/fig_phenotyping_labeled.R, results/phenotyping/pB10_phenotyping.rds, results/phenotyping/phenotyping_av.csv, results/phenotyping/growth_rate/growthratemax_tt.csv, results/phenotyping/LDM_conjugation/LDM_conjugation_tt.csv
    output: figures/panels/fig3b_phenotyping.pdf, figures/panels/fig3b_phenotyping.rds
    jobid: 66
    reason: Input files updated by another job: results/phenotyping/pB10_phenotyping.rds
    resources: tmpdir=/var/folders/dw/d0fxdqy942jc3trrhg2gvbnm0000gn/T

[Thu May 14 08:53:32 2026]
localrule psweep_sims:
    input: src/simrun_psweep.R, results/parameter_sweeps/pLFC_S.pB10/pLFC_S.pB10_params.csv, results/parameter_sweeps/pLFC_S.pB10/pLFC_S.pB10_settings.rds
    output: results/parameter_sweeps/pLFC_S.pB10/pLFC_S.pB10_out.csv
    jobid: 22
    reason: Input files updated by another job: results/parameter_sweeps/pLFC_S.pB10/pLFC_S.pB10_params.csv, results/parameter_sweeps/pLFC_S.pB10/pLFC_S.pB10_settings.rds
    wildcards: psweep=pLFC_S.pB10
    threads: 19
    resources: tmpdir=/var/folders/dw/d0fxdqy942jc3trrhg2gvbnm0000gn/T

[Thu May 14 08:53:32 2026]
localrule process_psweep:
    input: src/process_psweep.R, results/parameter_sweeps/pDim90_E.RP4/pDim90_E.RP4_out.csv, results/parameter_sweeps/pDim90_E.RP4/pDim90_E.RP4_settings.rds
    output: results/parameter_sweeps/pDim90_E.RP4/pDim90_E.RP4_plot.csv
    jobid: 29
    reason: Input files updated by another job: results/parameter_sweeps/pDim90_E.RP4/pDim90_E.RP4_out.csv
    wildcards: psweep=pDim90_E.RP4
    resources: tmpdir=/var/folders/dw/d0fxdqy942jc3trrhg2gvbnm0000gn/T

[Thu May 14 08:53:32 2026]
localrule process_psweep:
    input: src/process_psweep.R, results/parameter_sweeps/pHFCi_S.pB10/pHFCi_S.pB10_out.csv, results/parameter_sweeps/pHFCi_S.pB10/pHFCi_S.pB10_settings.rds
    output: results/parameter_sweeps/pHFCi_S.pB10/pHFCi_S.pB10_plot.csv
    jobid: 41
    reason: Input files updated by another job: results/parameter_sweeps/pHFCi_S.pB10/pHFCi_S.pB10_out.csv
    wildcards: psweep=pHFCi_S.pB10
    resources: tmpdir=/var/folders/dw/d0fxdqy942jc3trrhg2gvbnm0000gn/T

[Thu May 14 08:53:32 2026]
Finished jobid: 34 (Rule: psweep_sims)
17 of 55 steps (31%) done
[Thu May 14 08:53:32 2026]
Finished jobid: 53 (Rule: process_psweep)
18 of 55 steps (33%) done
[Thu May 14 08:53:32 2026]
Finished jobid: 71 (Rule: fig5)
19 of 55 steps (35%) done
[Thu May 14 08:53:32 2026]
Finished jobid: 38 (Rule: psweep_sims)
20 of 55 steps (36%) done
[Thu May 14 08:53:32 2026]
Finished jobid: 45 (Rule: process_psweep)
21 of 55 steps (38%) done
[Thu May 14 08:53:32 2026]
Finished jobid: 25 (Rule: process_psweep)
22 of 55 steps (40%) done
[Thu May 14 08:53:32 2026]
Finished jobid: 18 (Rule: psweep_sims)
23 of 55 steps (42%) done
[Thu May 14 08:53:32 2026]
Finished jobid: 49 (Rule: process_psweep)
24 of 55 steps (44%) done
[Thu May 14 08:53:32 2026]
Finished jobid: 66 (Rule: fig3b)
25 of 55 steps (45%) done
[Thu May 14 08:53:32 2026]
Finished jobid: 22 (Rule: psweep_sims)
26 of 55 steps (47%) done
[Thu May 14 08:53:32 2026]
Finished jobid: 29 (Rule: process_psweep)
27 of 55 steps (49%) done
[Thu May 14 08:53:32 2026]
Finished jobid: 41 (Rule: process_psweep)
28 of 55 steps (51%) done
Select jobs to execute...
Execute 10 jobs...
[Thu May 14 08:53:32 2026]
localrule plot_psweep:
    input: src/plot_psweep.R, results/parameter_sweeps/pHFCi_S.pB10/pHFCi_S.pB10_plot.csv
    output: results/parameter_sweeps/pHFCi_S.pB10/pHFCi_S.pB10_change_plot.pdf, results/parameter_sweeps/pHFCi_S.pB10/pHFCi_S.pB10_inv_change_plot.pdf, results/parameter_sweeps/pHFCi_S.pB10/pHFCi_S.pB10_inv_change_plot.rds, results/parameter_sweeps/pHFCi_S.pB10/pHFCi_S.pB10_inv_change_plot2.pdf, results/parameter_sweeps/pHFCi_S.pB10/pHFCi_S.pB10_inv_change_plot2.rds
    jobid: 40
    reason: Input files updated by another job: results/parameter_sweeps/pHFCi_S.pB10/pHFCi_S.pB10_plot.csv
    wildcards: psweep=pHFCi_S.pB10
    resources: tmpdir=/var/folders/dw/d0fxdqy942jc3trrhg2gvbnm0000gn/T

[Thu May 14 08:53:32 2026]
localrule plot_psweep:
    input: src/plot_psweep.R, results/parameter_sweeps/pLFCi2_S.pB10/pLFCi2_S.pB10_plot.csv
    output: results/parameter_sweeps/pLFCi2_S.pB10/pLFCi2_S.pB10_change_plot.pdf, results/parameter_sweeps/pLFCi2_S.pB10/pLFCi2_S.pB10_inv_change_plot.pdf, results/parameter_sweeps/pLFCi2_S.pB10/pLFCi2_S.pB10_inv_change_plot.rds, results/parameter_sweeps/pLFCi2_S.pB10/pLFCi2_S.pB10_inv_change_plot2.pdf, results/parameter_sweeps/pLFCi2_S.pB10/pLFCi2_S.pB10_inv_change_plot2.rds
    jobid: 52
    reason: Input files updated by another job: results/parameter_sweeps/pLFCi2_S.pB10/pLFCi2_S.pB10_plot.csv
    wildcards: psweep=pLFCi2_S.pB10
    resources: tmpdir=/var/folders/dw/d0fxdqy942jc3trrhg2gvbnm0000gn/T

[Thu May 14 08:53:33 2026]
localrule process_psweep:
    input: src/process_psweep.R, results/parameter_sweeps/pHFC_S.pB10-A/pHFC_S.pB10-A_out.csv, results/parameter_sweeps/pHFC_S.pB10-A/pHFC_S.pB10-A_settings.rds
    output: results/parameter_sweeps/pHFC_S.pB10-A/pHFC_S.pB10-A_plot.csv
    jobid: 33
    reason: Input files updated by another job: results/parameter_sweeps/pHFC_S.pB10-A/pHFC_S.pB10-A_settings.rds, results/parameter_sweeps/pHFC_S.pB10-A/pHFC_S.pB10-A_out.csv
    wildcards: psweep=pHFC_S.pB10-A
    resources: tmpdir=/var/folders/dw/d0fxdqy942jc3trrhg2gvbnm0000gn/T

[Thu May 14 08:53:33 2026]
localrule plot_psweep:
    input: src/plot_psweep.R, results/parameter_sweeps/pDim90_E.RP4/pDim90_E.RP4_plot.csv
    output: results/parameter_sweeps/pDim90_E.RP4/pDim90_E.RP4_change_plot.pdf, results/parameter_sweeps/pDim90_E.RP4/pDim90_E.RP4_inv_change_plot.pdf, results/parameter_sweeps/pDim90_E.RP4/pDim90_E.RP4_inv_change_plot.rds, results/parameter_sweeps/pDim90_E.RP4/pDim90_E.RP4_inv_change_plot2.pdf, results/parameter_sweeps/pDim90_E.RP4/pDim90_E.RP4_inv_change_plot2.rds
    jobid: 28
    reason: Input files updated by another job: results/parameter_sweeps/pDim90_E.RP4/pDim90_E.RP4_plot.csv
    wildcards: psweep=pDim90_E.RP4
    resources: tmpdir=/var/folders/dw/d0fxdqy942jc3trrhg2gvbnm0000gn/T

[Thu May 14 08:53:33 2026]
localrule plot_psweep:
    input: src/plot_psweep.R, results/parameter_sweeps/pLFCi_S.pB10/pLFCi_S.pB10_plot.csv
    output: results/parameter_sweeps/pLFCi_S.pB10/pLFCi_S.pB10_change_plot.pdf, results/parameter_sweeps/pLFCi_S.pB10/pLFCi_S.pB10_inv_change_plot.pdf, results/parameter_sweeps/pLFCi_S.pB10/pLFCi_S.pB10_inv_change_plot.rds, results/parameter_sweeps/pLFCi_S.pB10/pLFCi_S.pB10_inv_change_plot2.pdf, results/parameter_sweeps/pLFCi_S.pB10/pLFCi_S.pB10_inv_change_plot2.rds
    jobid: 44
    reason: Input files updated by another job: results/parameter_sweeps/pLFCi_S.pB10/pLFCi_S.pB10_plot.csv
    wildcards: psweep=pLFCi_S.pB10
    resources: tmpdir=/var/folders/dw/d0fxdqy942jc3trrhg2gvbnm0000gn/T

[Thu May 14 08:53:33 2026]
localrule plot_psweep:
    input: src/plot_psweep.R, results/parameter_sweeps/pDim90_E.R1/pDim90_E.R1_plot.csv
    output: results/parameter_sweeps/pDim90_E.R1/pDim90_E.R1_change_plot.pdf, results/parameter_sweeps/pDim90_E.R1/pDim90_E.R1_inv_change_plot.pdf, results/parameter_sweeps/pDim90_E.R1/pDim90_E.R1_inv_change_plot.rds, results/parameter_sweeps/pDim90_E.R1/pDim90_E.R1_inv_change_plot2.pdf, results/parameter_sweeps/pDim90_E.R1/pDim90_E.R1_inv_change_plot2.rds
    jobid: 24
    reason: Input files updated by another job: results/parameter_sweeps/pDim90_E.R1/pDim90_E.R1_plot.csv
    wildcards: psweep=pDim90_E.R1
    resources: tmpdir=/var/folders/dw/d0fxdqy942jc3trrhg2gvbnm0000gn/T

[Thu May 14 08:53:33 2026]
localrule process_psweep:
    input: src/process_psweep.R, results/parameter_sweeps/pLFC_S.pB10-A/pLFC_S.pB10-A_out.csv, results/parameter_sweeps/pLFC_S.pB10-A/pLFC_S.pB10-A_settings.rds
    output: results/parameter_sweeps/pLFC_S.pB10-A/pLFC_S.pB10-A_plot.csv
    jobid: 37
    reason: Input files updated by another job: results/parameter_sweeps/pLFC_S.pB10-A/pLFC_S.pB10-A_out.csv, results/parameter_sweeps/pLFC_S.pB10-A/pLFC_S.pB10-A_settings.rds
    wildcards: psweep=pLFC_S.pB10-A
    resources: tmpdir=/var/folders/dw/d0fxdqy942jc3trrhg2gvbnm0000gn/T

[Thu May 14 08:53:33 2026]
localrule process_psweep:
    input: src/process_psweep.R, results/parameter_sweeps/pHFC_S.pB10/pHFC_S.pB10_out.csv, results/parameter_sweeps/pHFC_S.pB10/pHFC_S.pB10_settings.rds
    output: results/parameter_sweeps/pHFC_S.pB10/pHFC_S.pB10_plot.csv
    jobid: 17
    reason: Input files updated by another job: results/parameter_sweeps/pHFC_S.pB10/pHFC_S.pB10_settings.rds, results/parameter_sweeps/pHFC_S.pB10/pHFC_S.pB10_out.csv
    wildcards: psweep=pHFC_S.pB10
    resources: tmpdir=/var/folders/dw/d0fxdqy942jc3trrhg2gvbnm0000gn/T

[Thu May 14 08:53:33 2026]
localrule plot_psweep:
    input: src/plot_psweep.R, results/parameter_sweeps/pHFCi2_S.pB10/pHFCi2_S.pB10_plot.csv
    output: results/parameter_sweeps/pHFCi2_S.pB10/pHFCi2_S.pB10_change_plot.pdf, results/parameter_sweeps/pHFCi2_S.pB10/pHFCi2_S.pB10_inv_change_plot.pdf, results/parameter_sweeps/pHFCi2_S.pB10/pHFCi2_S.pB10_inv_change_plot.rds, results/parameter_sweeps/pHFCi2_S.pB10/pHFCi2_S.pB10_inv_change_plot2.pdf, results/parameter_sweeps/pHFCi2_S.pB10/pHFCi2_S.pB10_inv_change_plot2.rds
    jobid: 48
    reason: Input files updated by another job: results/parameter_sweeps/pHFCi2_S.pB10/pHFCi2_S.pB10_plot.csv
    wildcards: psweep=pHFCi2_S.pB10
    resources: tmpdir=/var/folders/dw/d0fxdqy942jc3trrhg2gvbnm0000gn/T

[Thu May 14 08:53:33 2026]
localrule process_psweep:
    input: src/process_psweep.R, results/parameter_sweeps/pLFC_S.pB10/pLFC_S.pB10_out.csv, results/parameter_sweeps/pLFC_S.pB10/pLFC_S.pB10_settings.rds
    output: results/parameter_sweeps/pLFC_S.pB10/pLFC_S.pB10_plot.csv
    jobid: 21
    reason: Input files updated by another job: results/parameter_sweeps/pLFC_S.pB10/pLFC_S.pB10_out.csv, results/parameter_sweeps/pLFC_S.pB10/pLFC_S.pB10_settings.rds
    wildcards: psweep=pLFC_S.pB10
    resources: tmpdir=/var/folders/dw/d0fxdqy942jc3trrhg2gvbnm0000gn/T

[Thu May 14 08:53:33 2026]
Finished jobid: 40 (Rule: plot_psweep)
29 of 55 steps (53%) done
[Thu May 14 08:53:33 2026]
Finished jobid: 52 (Rule: plot_psweep)
30 of 55 steps (55%) done
[Thu May 14 08:53:33 2026]
Finished jobid: 33 (Rule: process_psweep)
31 of 55 steps (56%) done
[Thu May 14 08:53:33 2026]
Finished jobid: 28 (Rule: plot_psweep)
32 of 55 steps (58%) done
[Thu May 14 08:53:33 2026]
Finished jobid: 44 (Rule: plot_psweep)
33 of 55 steps (60%) done
[Thu May 14 08:53:33 2026]
Finished jobid: 24 (Rule: plot_psweep)
34 of 55 steps (62%) done
[Thu May 14 08:53:33 2026]
Finished jobid: 37 (Rule: process_psweep)
35 of 55 steps (64%) done
[Thu May 14 08:53:33 2026]
Finished jobid: 17 (Rule: process_psweep)
36 of 55 steps (65%) done
[Thu May 14 08:53:33 2026]
Finished jobid: 48 (Rule: plot_psweep)
37 of 55 steps (67%) done
[Thu May 14 08:53:33 2026]
Finished jobid: 21 (Rule: process_psweep)
38 of 55 steps (69%) done
Select jobs to execute...
Execute 11 jobs...
[Thu May 14 08:53:34 2026]
localrule plot_psweep_strain:
    input: input_data/strain_phenotypes.csv, src/plot_psweep_strain.R, results/parameter_sweeps/pHFCi2_S.pB10/pHFCi2_S.pB10_inv_change_plot.rds
    output: results/parameter_sweeps/pHFCi2_S.pB10/pHFCi2_S.pB10_inv_change_strain_plot.pdf
    jobid: 64
    reason: Input files updated by another job: results/parameter_sweeps/pHFCi2_S.pB10/pHFCi2_S.pB10_inv_change_plot.rds
    wildcards: psweep=pHFCi2_S.pB10
    resources: tmpdir=/var/folders/dw/d0fxdqy942jc3trrhg2gvbnm0000gn/T

[Thu May 14 08:53:34 2026]
localrule plot_psweep:
    input: src/plot_psweep.R, results/parameter_sweeps/pLFC_S.pB10/pLFC_S.pB10_plot.csv
    output: results/parameter_sweeps/pLFC_S.pB10/pLFC_S.pB10_change_plot.pdf, results/parameter_sweeps/pLFC_S.pB10/pLFC_S.pB10_inv_change_plot.pdf, results/parameter_sweeps/pLFC_S.pB10/pLFC_S.pB10_inv_change_plot.rds, results/parameter_sweeps/pLFC_S.pB10/pLFC_S.pB10_inv_change_plot2.pdf, results/parameter_sweeps/pLFC_S.pB10/pLFC_S.pB10_inv_change_plot2.rds
    jobid: 20
    reason: Input files updated by another job: results/parameter_sweeps/pLFC_S.pB10/pLFC_S.pB10_plot.csv
    wildcards: psweep=pLFC_S.pB10
    resources: tmpdir=/var/folders/dw/d0fxdqy942jc3trrhg2gvbnm0000gn/T

[Thu May 14 08:53:34 2026]
localrule plot_psweep:
    input: src/plot_psweep.R, results/parameter_sweeps/pHFC_S.pB10-A/pHFC_S.pB10-A_plot.csv
    output: results/parameter_sweeps/pHFC_S.pB10-A/pHFC_S.pB10-A_change_plot.pdf, results/parameter_sweeps/pHFC_S.pB10-A/pHFC_S.pB10-A_inv_change_plot.pdf, results/parameter_sweeps/pHFC_S.pB10-A/pHFC_S.pB10-A_inv_change_plot.rds, results/parameter_sweeps/pHFC_S.pB10-A/pHFC_S.pB10-A_inv_change_plot2.pdf, results/parameter_sweeps/pHFC_S.pB10-A/pHFC_S.pB10-A_inv_change_plot2.rds
    jobid: 32
    reason: Input files updated by another job: results/parameter_sweeps/pHFC_S.pB10-A/pHFC_S.pB10-A_plot.csv
    wildcards: psweep=pHFC_S.pB10-A
    resources: tmpdir=/var/folders/dw/d0fxdqy942jc3trrhg2gvbnm0000gn/T

[Thu May 14 08:53:34 2026]
localrule plot_psweep_strain:
    input: input_data/strain_phenotypes.csv, src/plot_psweep_strain.R, results/parameter_sweeps/pDim90_E.R1/pDim90_E.R1_inv_change_plot.rds
    output: results/parameter_sweeps/pDim90_E.R1/pDim90_E.R1_inv_change_strain_plot.pdf
    jobid: 58
    reason: Input files updated by another job: results/parameter_sweeps/pDim90_E.R1/pDim90_E.R1_inv_change_plot.rds
    wildcards: psweep=pDim90_E.R1
    resources: tmpdir=/var/folders/dw/d0fxdqy942jc3trrhg2gvbnm0000gn/T

[Thu May 14 08:53:34 2026]
localrule plot_psweep_strain:
    input: input_data/strain_phenotypes.csv, src/plot_psweep_strain.R, results/parameter_sweeps/pLFCi_S.pB10/pLFCi_S.pB10_inv_change_plot.rds
    output: results/parameter_sweeps/pLFCi_S.pB10/pLFCi_S.pB10_inv_change_strain_plot.pdf
    jobid: 63
    reason: Input files updated by another job: results/parameter_sweeps/pLFCi_S.pB10/pLFCi_S.pB10_inv_change_plot.rds
    wildcards: psweep=pLFCi_S.pB10
    resources: tmpdir=/var/folders/dw/d0fxdqy942jc3trrhg2gvbnm0000gn/T

[Thu May 14 08:53:34 2026]
localrule fig7:
    input: src/fig_Dim_psweep.R, input_data/strain_phenotypes.csv, results/parameter_sweeps/pDim90_E.R1/pDim90_E.R1_inv_change_plot.rds
    output: figures/fig7_Dim_psweep.pdf
    jobid: 77
    reason: Input files updated by another job: results/parameter_sweeps/pDim90_E.R1/pDim90_E.R1_inv_change_plot.rds
    resources: tmpdir=/var/folders/dw/d0fxdqy942jc3trrhg2gvbnm0000gn/T

[Thu May 14 08:53:34 2026]
localrule plot_psweep_strain:
    input: input_data/strain_phenotypes.csv, src/plot_psweep_strain.R, results/parameter_sweeps/pHFCi_S.pB10/pHFCi_S.pB10_inv_change_plot.rds
    output: results/parameter_sweeps/pHFCi_S.pB10/pHFCi_S.pB10_inv_change_strain_plot.pdf
    jobid: 62
    reason: Input files updated by another job: results/parameter_sweeps/pHFCi_S.pB10/pHFCi_S.pB10_inv_change_plot.rds
    wildcards: psweep=pHFCi_S.pB10
    resources: tmpdir=/var/folders/dw/d0fxdqy942jc3trrhg2gvbnm0000gn/T

[Thu May 14 08:53:34 2026]
localrule plot_psweep:
    input: src/plot_psweep.R, results/parameter_sweeps/pLFC_S.pB10-A/pLFC_S.pB10-A_plot.csv
    output: results/parameter_sweeps/pLFC_S.pB10-A/pLFC_S.pB10-A_change_plot.pdf, results/parameter_sweeps/pLFC_S.pB10-A/pLFC_S.pB10-A_inv_change_plot.pdf, results/parameter_sweeps/pLFC_S.pB10-A/pLFC_S.pB10-A_inv_change_plot.rds, results/parameter_sweeps/pLFC_S.pB10-A/pLFC_S.pB10-A_inv_change_plot2.pdf, results/parameter_sweeps/pLFC_S.pB10-A/pLFC_S.pB10-A_inv_change_plot2.rds
    jobid: 36
    reason: Input files updated by another job: results/parameter_sweeps/pLFC_S.pB10-A/pLFC_S.pB10-A_plot.csv
    wildcards: psweep=pLFC_S.pB10-A
    resources: tmpdir=/var/folders/dw/d0fxdqy942jc3trrhg2gvbnm0000gn/T

[Thu May 14 08:53:34 2026]
localrule plot_psweep:
    input: src/plot_psweep.R, results/parameter_sweeps/pHFC_S.pB10/pHFC_S.pB10_plot.csv
    output: results/parameter_sweeps/pHFC_S.pB10/pHFC_S.pB10_change_plot.pdf, results/parameter_sweeps/pHFC_S.pB10/pHFC_S.pB10_inv_change_plot.pdf, results/parameter_sweeps/pHFC_S.pB10/pHFC_S.pB10_inv_change_plot.rds, results/parameter_sweeps/pHFC_S.pB10/pHFC_S.pB10_inv_change_plot2.pdf, results/parameter_sweeps/pHFC_S.pB10/pHFC_S.pB10_inv_change_plot2.rds
    jobid: 16
    reason: Input files updated by another job: results/parameter_sweeps/pHFC_S.pB10/pHFC_S.pB10_plot.csv
    wildcards: psweep=pHFC_S.pB10
    resources: tmpdir=/var/folders/dw/d0fxdqy942jc3trrhg2gvbnm0000gn/T

[Thu May 14 08:53:35 2026]
localrule plot_psweep_strain:
    input: input_data/strain_phenotypes.csv, src/plot_psweep_strain.R, results/parameter_sweeps/pLFCi2_S.pB10/pLFCi2_S.pB10_inv_change_plot.rds
    output: results/parameter_sweeps/pLFCi2_S.pB10/pLFCi2_S.pB10_inv_change_strain_plot.pdf
    jobid: 65
    reason: Input files updated by another job: results/parameter_sweeps/pLFCi2_S.pB10/pLFCi2_S.pB10_inv_change_plot.rds
    wildcards: psweep=pLFCi2_S.pB10
    resources: tmpdir=/var/folders/dw/d0fxdqy942jc3trrhg2gvbnm0000gn/T

[Thu May 14 08:53:35 2026]
localrule plot_psweep_strain:
    input: input_data/strain_phenotypes.csv, src/plot_psweep_strain.R, results/parameter_sweeps/pDim90_E.RP4/pDim90_E.RP4_inv_change_plot.rds
    output: results/parameter_sweeps/pDim90_E.RP4/pDim90_E.RP4_inv_change_strain_plot.pdf
    jobid: 59
    reason: Input files updated by another job: results/parameter_sweeps/pDim90_E.RP4/pDim90_E.RP4_inv_change_plot.rds
    wildcards: psweep=pDim90_E.RP4
    resources: tmpdir=/var/folders/dw/d0fxdqy942jc3trrhg2gvbnm0000gn/T

[Thu May 14 08:53:35 2026]
Finished jobid: 64 (Rule: plot_psweep_strain)
39 of 55 steps (71%) done
[Thu May 14 08:53:35 2026]
Finished jobid: 20 (Rule: plot_psweep)
40 of 55 steps (73%) done
[Thu May 14 08:53:35 2026]
Finished jobid: 32 (Rule: plot_psweep)
41 of 55 steps (75%) done
[Thu May 14 08:53:35 2026]
Finished jobid: 58 (Rule: plot_psweep_strain)
42 of 55 steps (76%) done
[Thu May 14 08:53:35 2026]
Finished jobid: 63 (Rule: plot_psweep_strain)
43 of 55 steps (78%) done
[Thu May 14 08:53:35 2026]
Finished jobid: 77 (Rule: fig7)
44 of 55 steps (80%) done
[Thu May 14 08:53:35 2026]
Finished jobid: 62 (Rule: plot_psweep_strain)
45 of 55 steps (82%) done
[Thu May 14 08:53:35 2026]
Finished jobid: 36 (Rule: plot_psweep)
46 of 55 steps (84%) done
[Thu May 14 08:53:35 2026]
Finished jobid: 16 (Rule: plot_psweep)
47 of 55 steps (85%) done
[Thu May 14 08:53:35 2026]
Finished jobid: 65 (Rule: plot_psweep_strain)
48 of 55 steps (87%) done
[Thu May 14 08:53:35 2026]
Finished jobid: 59 (Rule: plot_psweep_strain)
49 of 55 steps (89%) done
Select jobs to execute...
Execute 5 jobs...
[Thu May 14 08:53:35 2026]
localrule fig6:
    input: src/fig_psweep.R, results/parameter_sweeps/pHFC_S.pB10/pHFC_S.pB10_inv_change_plot2.rds, results/parameter_sweeps/pLFC_S.pB10/pLFC_S.pB10_inv_change_plot2.rds, results/parameter_sweeps/pHFC_S.pB10-A/pHFC_S.pB10-A_inv_change_plot2.rds, results/parameter_sweeps/pLFC_S.pB10-A/pLFC_S.pB10-A_inv_change_plot2.rds, input_data/strain_phenotypes.csv
    output: figures/fig6_psweep.pdf
    jobid: 76
    reason: Input files updated by another job: results/parameter_sweeps/pHFC_S.pB10-A/pHFC_S.pB10-A_inv_change_plot2.rds, results/parameter_sweeps/pLFC_S.pB10/pLFC_S.pB10_inv_change_plot2.rds, results/parameter_sweeps/pLFC_S.pB10-A/pLFC_S.pB10-A_inv_change_plot2.rds, results/parameter_sweeps/pHFC_S.pB10/pHFC_S.pB10_inv_change_plot2.rds
    resources: tmpdir=/var/folders/dw/d0fxdqy942jc3trrhg2gvbnm0000gn/T

[Thu May 14 08:53:35 2026]
localrule plot_psweep_strain:
    input: input_data/strain_phenotypes.csv, src/plot_psweep_strain.R, results/parameter_sweeps/pLFC_S.pB10/pLFC_S.pB10_inv_change_plot.rds
    output: results/parameter_sweeps/pLFC_S.pB10/pLFC_S.pB10_inv_change_strain_plot.pdf
    jobid: 57
    reason: Input files updated by another job: results/parameter_sweeps/pLFC_S.pB10/pLFC_S.pB10_inv_change_plot.rds
    wildcards: psweep=pLFC_S.pB10
    resources: tmpdir=/var/folders/dw/d0fxdqy942jc3trrhg2gvbnm0000gn/T

[Thu May 14 08:53:35 2026]
localrule plot_psweep_strain:
    input: input_data/strain_phenotypes.csv, src/plot_psweep_strain.R, results/parameter_sweeps/pHFC_S.pB10/pHFC_S.pB10_inv_change_plot.rds
    output: results/parameter_sweeps/pHFC_S.pB10/pHFC_S.pB10_inv_change_strain_plot.pdf
    jobid: 56
    reason: Input files updated by another job: results/parameter_sweeps/pHFC_S.pB10/pHFC_S.pB10_inv_change_plot.rds
    wildcards: psweep=pHFC_S.pB10
    resources: tmpdir=/var/folders/dw/d0fxdqy942jc3trrhg2gvbnm0000gn/T

[Thu May 14 08:53:35 2026]
localrule plot_psweep_strain:
    input: input_data/strain_phenotypes.csv, src/plot_psweep_strain.R, results/parameter_sweeps/pLFC_S.pB10-A/pLFC_S.pB10-A_inv_change_plot.rds
    output: results/parameter_sweeps/pLFC_S.pB10-A/pLFC_S.pB10-A_inv_change_strain_plot.pdf
    jobid: 61
    reason: Input files updated by another job: results/parameter_sweeps/pLFC_S.pB10-A/pLFC_S.pB10-A_inv_change_plot.rds
    wildcards: psweep=pLFC_S.pB10-A
    resources: tmpdir=/var/folders/dw/d0fxdqy942jc3trrhg2gvbnm0000gn/T

[Thu May 14 08:53:35 2026]
localrule plot_psweep_strain:
    input: input_data/strain_phenotypes.csv, src/plot_psweep_strain.R, results/parameter_sweeps/pHFC_S.pB10-A/pHFC_S.pB10-A_inv_change_plot.rds
    output: results/parameter_sweeps/pHFC_S.pB10-A/pHFC_S.pB10-A_inv_change_strain_plot.pdf
    jobid: 60
    reason: Input files updated by another job: results/parameter_sweeps/pHFC_S.pB10-A/pHFC_S.pB10-A_inv_change_plot.rds
    wildcards: psweep=pHFC_S.pB10-A
    resources: tmpdir=/var/folders/dw/d0fxdqy942jc3trrhg2gvbnm0000gn/T

[Thu May 14 08:53:35 2026]
Finished jobid: 76 (Rule: fig6)
50 of 55 steps (91%) done
[Thu May 14 08:53:35 2026]
Finished jobid: 57 (Rule: plot_psweep_strain)
51 of 55 steps (93%) done
[Thu May 14 08:53:35 2026]
Finished jobid: 56 (Rule: plot_psweep_strain)
52 of 55 steps (95%) done
[Thu May 14 08:53:35 2026]
Finished jobid: 61 (Rule: plot_psweep_strain)
53 of 55 steps (96%) done
[Thu May 14 08:53:35 2026]
Finished jobid: 60 (Rule: plot_psweep_strain)
54 of 55 steps (98%) done
Select jobs to execute...
Execute 1 jobs...
[Thu May 14 08:53:36 2026]
localrule all:
    input: results/case_study_sims/DG_S.pB10/DG_S.pB10_frequency_plot.pdf, results/case_study_sims/HFC_S.pB10/HFC_S.pB10_frequency_plot.pdf, results/case_study_sims/LFC_S.pB10-A/LFC_S.pB10-A_frequency_plot.pdf, results/case_study_sims/HFC_S.pB10_full/HFC_S.pB10_full_frequency_plot.pdf, results/case_study_sims/LFC_S.pB10-A_full/LFC_S.pB10-A_full_frequency_plot.pdf, results/parameter_sweeps/pHFC_S.pB10/pHFC_S.pB10_change_plot.pdf, results/parameter_sweeps/pLFC_S.pB10/pLFC_S.pB10_change_plot.pdf, results/parameter_sweeps/pDim90_E.R1/pDim90_E.R1_change_plot.pdf, results/parameter_sweeps/pDim90_E.RP4/pDim90_E.RP4_change_plot.pdf, results/parameter_sweeps/pHFC_S.pB10-A/pHFC_S.pB10-A_change_plot.pdf, results/parameter_sweeps/pLFC_S.pB10-A/pLFC_S.pB10-A_change_plot.pdf, results/parameter_sweeps/pHFCi_S.pB10/pHFCi_S.pB10_change_plot.pdf, results/parameter_sweeps/pLFCi_S.pB10/pLFCi_S.pB10_change_plot.pdf, results/parameter_sweeps/pHFCi2_S.pB10/pHFCi2_S.pB10_change_plot.pdf, results/parameter_sweeps/pLFCi2_S.pB10/pLFCi2_S.pB10_change_plot.pdf, results/parameter_sweeps/pHFC_S.pB10/pHFC_S.pB10_inv_change_plot.pdf, results/parameter_sweeps/pLFC_S.pB10/pLFC_S.pB10_inv_change_plot.pdf, results/parameter_sweeps/pDim90_E.R1/pDim90_E.R1_inv_change_plot.pdf, results/parameter_sweeps/pDim90_E.RP4/pDim90_E.RP4_inv_change_plot.pdf, results/parameter_sweeps/pHFC_S.pB10-A/pHFC_S.pB10-A_inv_change_plot.pdf, results/parameter_sweeps/pLFC_S.pB10-A/pLFC_S.pB10-A_inv_change_plot.pdf, results/parameter_sweeps/pHFCi_S.pB10/pHFCi_S.pB10_inv_change_plot.pdf, results/parameter_sweeps/pLFCi_S.pB10/pLFCi_S.pB10_inv_change_plot.pdf, results/parameter_sweeps/pHFCi2_S.pB10/pHFCi2_S.pB10_inv_change_plot.pdf, results/parameter_sweeps/pLFCi2_S.pB10/pLFCi2_S.pB10_inv_change_plot.pdf, results/parameter_sweeps/pHFC_S.pB10/pHFC_S.pB10_inv_change_strain_plot.pdf, results/parameter_sweeps/pLFC_S.pB10/pLFC_S.pB10_inv_change_strain_plot.pdf, results/parameter_sweeps/pDim90_E.R1/pDim90_E.R1_inv_change_strain_plot.pdf, results/parameter_sweeps/pDim90_E.RP4/pDim90_E.RP4_inv_change_strain_plot.pdf, results/parameter_sweeps/pHFC_S.pB10-A/pHFC_S.pB10-A_inv_change_strain_plot.pdf, results/parameter_sweeps/pLFC_S.pB10-A/pLFC_S.pB10-A_inv_change_strain_plot.pdf, results/parameter_sweeps/pHFCi_S.pB10/pHFCi_S.pB10_inv_change_strain_plot.pdf, results/parameter_sweeps/pLFCi_S.pB10/pLFCi_S.pB10_inv_change_strain_plot.pdf, results/parameter_sweeps/pHFCi2_S.pB10/pHFCi2_S.pB10_inv_change_strain_plot.pdf, results/parameter_sweeps/pLFCi2_S.pB10/pLFCi2_S.pB10_inv_change_strain_plot.pdf, figures/panels/fig3b_phenotyping.pdf, figures/fig4_DG_invasion.pdf, figures/fig5_validation2.pdf, figures/fig5_validation3.pdf, figures/fig6_psweep.pdf, figures/fig7_Dim_psweep.pdf
    jobid: 0
    reason: Input files updated by another job: results/parameter_sweeps/pDim90_E.RP4/pDim90_E.RP4_change_plot.pdf, results/parameter_sweeps/pHFC_S.pB10-A/pHFC_S.pB10-A_change_plot.pdf, figures/panels/fig3b_phenotyping.pdf, results/parameter_sweeps/pDim90_E.R1/pDim90_E.R1_change_plot.pdf, results/parameter_sweeps/pLFC_S.pB10-A/pLFC_S.pB10-A_change_plot.pdf, results/parameter_sweeps/pLFC_S.pB10-A/pLFC_S.pB10-A_inv_change_plot.pdf, results/case_study_sims/HFC_S.pB10_full/HFC_S.pB10_full_frequency_plot.pdf, results/parameter_sweeps/pLFC_S.pB10/pLFC_S.pB10_inv_change_plot.pdf, results/parameter_sweeps/pHFCi2_S.pB10/pHFCi2_S.pB10_change_plot.pdf, results/parameter_sweeps/pLFC_S.pB10-A/pLFC_S.pB10-A_inv_change_strain_plot.pdf, results/parameter_sweeps/pLFCi_S.pB10/pLFCi_S.pB10_inv_change_plot.pdf, results/parameter_sweeps/pHFCi_S.pB10/pHFCi_S.pB10_change_plot.pdf, results/parameter_sweeps/pLFC_S.pB10/pLFC_S.pB10_change_plot.pdf, results/parameter_sweeps/pHFC_S.pB10-A/pHFC_S.pB10-A_inv_change_plot.pdf, results/parameter_sweeps/pHFC_S.pB10/pHFC_S.pB10_inv_change_plot.pdf, results/parameter_sweeps/pLFCi2_S.pB10/pLFCi2_S.pB10_inv_change_strain_plot.pdf, results/parameter_sweeps/pHFC_S.pB10/pHFC_S.pB10_change_plot.pdf, results/parameter_sweeps/pHFCi2_S.pB10/pHFCi2_S.pB10_inv_change_strain_plot.pdf, results/parameter_sweeps/pHFCi_S.pB10/pHFCi_S.pB10_inv_change_strain_plot.pdf, results/parameter_sweeps/pHFC_S.pB10/pHFC_S.pB10_inv_change_strain_plot.pdf, results/case_study_sims/LFC_S.pB10-A_full/LFC_S.pB10-A_full_frequency_plot.pdf, figures/fig4_DG_invasion.pdf, results/parameter_sweeps/pHFC_S.pB10-A/pHFC_S.pB10-A_inv_change_strain_plot.pdf, results/parameter_sweeps/pLFCi_S.pB10/pLFCi_S.pB10_inv_change_strain_plot.pdf, figures/fig5_validation3.pdf, results/parameter_sweeps/pLFCi_S.pB10/pLFCi_S.pB10_change_plot.pdf, results/parameter_sweeps/pLFCi2_S.pB10/pLFCi2_S.pB10_change_plot.pdf, results/parameter_sweeps/pLFCi2_S.pB10/pLFCi2_S.pB10_inv_change_plot.pdf, results/parameter_sweeps/pDim90_E.RP4/pDim90_E.RP4_inv_change_strain_plot.pdf, results/parameter_sweeps/pDim90_E.RP4/pDim90_E.RP4_inv_change_plot.pdf, figures/fig6_psweep.pdf, results/parameter_sweeps/pHFCi_S.pB10/pHFCi_S.pB10_inv_change_plot.pdf, results/parameter_sweeps/pLFC_S.pB10/pLFC_S.pB10_inv_change_strain_plot.pdf, figures/fig7_Dim_psweep.pdf, figures/fig5_validation2.pdf, results/parameter_sweeps/pDim90_E.R1/pDim90_E.R1_inv_change_strain_plot.pdf, results/parameter_sweeps/pHFCi2_S.pB10/pHFCi2_S.pB10_inv_change_plot.pdf, results/parameter_sweeps/pDim90_E.R1/pDim90_E.R1_inv_change_plot.pdf
    resources: tmpdir=/var/folders/dw/d0fxdqy942jc3trrhg2gvbnm0000gn/T

[Thu May 14 08:53:36 2026]
Finished jobid: 0 (Rule: all)
55 of 55 steps (100%) done
Complete log(s): /Users/liz/Documents/UW_Bio_PhD/Kerr_Lab/Plasmid_evolution/PETRI/.snakemake/log/2026-05-14T085328.759235.snakemake.log
