Assuming unrestricted shared filesystem usage.
None
host: Lizs-MacBook-Air-9.local
Building DAG of jobs...
Using shell: /bin/bash
Provided cores: 7
Rules claiming more threads will be scaled down.
Job stats:
job               count
--------------  -------
all                   1
plot_psweep           1
process_psweep        1
psweep_sims           1
total                 4

Select jobs to execute...
Execute 1 jobs...
[Thu Feb  5 13:07:10 2026]
localrule psweep_sims:
    input: src/simrun_psweep.R, input_data/Treatments_parameter_sweep.csv
    output: results/parameter_sweeps/pE_DimR1/pE_DimR1_out.csv
    jobid: 10
    reason: Updated input files: src/simrun_psweep.R
    wildcards: psweep=pE_DimR1
    threads: 5
    resources: tmpdir=/var/folders/dw/d0fxdqy942jc3trrhg2gvbnm0000gn/T

RuleException:
CalledProcessError in file "/Users/liz/Documents/UW_Bio_PhD/Kerr_Lab/Plasmid_evolution/PETRI/Snakefile", line 135:
Command 'set -euo pipefail;  
    Rscript src/simrun_psweep.R       --psweepsetting pE_DimR1       --threads 5' returned non-zero exit status 1.
[Thu Feb  5 13:07:22 2026]
Error in rule psweep_sims:
    message: None
    jobid: 10
    input: src/simrun_psweep.R, input_data/Treatments_parameter_sweep.csv
    output: results/parameter_sweeps/pE_DimR1/pE_DimR1_out.csv
    shell:
        
    Rscript src/simrun_psweep.R       --psweepsetting pE_DimR1       --threads 5
    
        (command exited with non-zero exit code)
Shutting down, this might take some time.
Exiting because a job execution failed. Look below for error messages
[Thu Feb  5 13:07:22 2026]
Error in rule psweep_sims:
    message: None
    jobid: 10
    input: src/simrun_psweep.R, input_data/Treatments_parameter_sweep.csv
    output: results/parameter_sweeps/pE_DimR1/pE_DimR1_out.csv
    shell:
        
    Rscript src/simrun_psweep.R       --psweepsetting pE_DimR1       --threads 5
    
        (command exited with non-zero exit code)
Complete log(s): /Users/liz/Documents/UW_Bio_PhD/Kerr_Lab/Plasmid_evolution/PETRI/.snakemake/log/2026-02-05T130709.836549.snakemake.log
WorkflowError:
At least one job did not complete successfully.
