Assuming unrestricted shared filesystem usage.
None
host: Lizs-MacBook-Air-9.local
Building DAG of jobs...
Using shell: /bin/bash
Provided cores: 7
Rules claiming more threads will be scaled down.
Job stats:
job                 count
----------------  -------
all                     1
plot_psweep             1
process_psweep          1
psweep_parameter        1
psweep_sims             1
total                   5

Select jobs to execute...
Execute 1 jobs...
[Tue Feb 10 10:13:42 2026]
localrule psweep_parameter:
    input: src/generate_parameter_sets.R, input_data/parameter_sweeps/pHFCi_S.pB10_psweep_settings.csv
    output: results/parameter_sweeps/pHFCi_S.pB10/pHFCi_S.pB10_params.csv, results/parameter_sweeps/pHFCi_S.pB10/pHFCi_S.pB10_settings.rds
    jobid: 11
    reason: Missing output files: results/parameter_sweeps/pHFCi_S.pB10/pHFCi_S.pB10_params.csv, results/parameter_sweeps/pHFCi_S.pB10/pHFCi_S.pB10_settings.rds
    wildcards: psweep=pHFCi_S.pB10
    resources: tmpdir=/var/folders/dw/d0fxdqy942jc3trrhg2gvbnm0000gn/T

[Tue Feb 10 10:13:48 2026]
Finished jobid: 11 (Rule: psweep_parameter)
1 of 5 steps (20%) done
Select jobs to execute...
Execute 1 jobs...
[Tue Feb 10 10:13:48 2026]
localrule psweep_sims:
    input: src/simrun_psweep.R, results/parameter_sweeps/pHFCi_S.pB10/pHFCi_S.pB10_params.csv, results/parameter_sweeps/pHFCi_S.pB10/pHFCi_S.pB10_settings.rds
    output: results/parameter_sweeps/pHFCi_S.pB10/pHFCi_S.pB10_out.csv
    jobid: 10
    reason: Missing output files: results/parameter_sweeps/pHFCi_S.pB10/pHFCi_S.pB10_out.csv; Input files updated by another job: results/parameter_sweeps/pHFCi_S.pB10/pHFCi_S.pB10_params.csv, results/parameter_sweeps/pHFCi_S.pB10/pHFCi_S.pB10_settings.rds
    wildcards: psweep=pHFCi_S.pB10
    threads: 5
    resources: tmpdir=/var/folders/dw/d0fxdqy942jc3trrhg2gvbnm0000gn/T

[Tue Feb 10 10:14:14 2026]
Finished jobid: 10 (Rule: psweep_sims)
2 of 5 steps (40%) done
Select jobs to execute...
Execute 1 jobs...
[Tue Feb 10 10:14:14 2026]
localrule process_psweep:
    input: src/process_psweep.R, results/parameter_sweeps/pHFCi_S.pB10/pHFCi_S.pB10_out.csv, results/parameter_sweeps/pHFCi_S.pB10/pHFCi_S.pB10_settings.rds
    output: results/parameter_sweeps/pHFCi_S.pB10/pHFCi_S.pB10_plot.csv
    jobid: 9
    reason: Missing output files: results/parameter_sweeps/pHFCi_S.pB10/pHFCi_S.pB10_plot.csv; Input files updated by another job: results/parameter_sweeps/pHFCi_S.pB10/pHFCi_S.pB10_settings.rds, results/parameter_sweeps/pHFCi_S.pB10/pHFCi_S.pB10_out.csv
    wildcards: psweep=pHFCi_S.pB10
    resources: tmpdir=/var/folders/dw/d0fxdqy942jc3trrhg2gvbnm0000gn/T

[Tue Feb 10 10:14:19 2026]
Finished jobid: 9 (Rule: process_psweep)
3 of 5 steps (60%) done
Select jobs to execute...
Execute 1 jobs...
[Tue Feb 10 10:14:19 2026]
localrule plot_psweep:
    input: src/plot_psweep.R, results/parameter_sweeps/pHFCi_S.pB10/pHFCi_S.pB10_plot.csv
    output: results/parameter_sweeps/pHFCi_S.pB10/pHFCi_S.pB10_change_plot.pdf, results/parameter_sweeps/pHFCi_S.pB10/pHFCi_S.pB10_inv_change_plot.pdf
    jobid: 8
    reason: Missing output files: results/parameter_sweeps/pHFCi_S.pB10/pHFCi_S.pB10_change_plot.pdf, results/parameter_sweeps/pHFCi_S.pB10/pHFCi_S.pB10_inv_change_plot.pdf; Input files updated by another job: results/parameter_sweeps/pHFCi_S.pB10/pHFCi_S.pB10_plot.csv
    wildcards: psweep=pHFCi_S.pB10
    resources: tmpdir=/var/folders/dw/d0fxdqy942jc3trrhg2gvbnm0000gn/T

[Tue Feb 10 10:14:23 2026]
Finished jobid: 8 (Rule: plot_psweep)
4 of 5 steps (80%) done
Select jobs to execute...
Execute 1 jobs...
[Tue Feb 10 10:14:23 2026]
localrule all:
    input: results/case_study_sims/E.R1/E.R1_density_plot.pdf, results/case_study_sims/E.R1/E.R1_frequency_plot.pdf, results/parameter_sweeps/pHFC_S.pB10/pHFC_S.pB10_change_plot.pdf, results/parameter_sweeps/pHFCi_S.pB10/pHFCi_S.pB10_change_plot.pdf, results/parameter_sweeps/pLFC_S.pB10/pLFC_S.pB10_change_plot.pdf, results/parameter_sweeps/pDim90_E.R1/pDim90_E.R1_change_plot.pdf, results/parameter_sweeps/pDim68_E.R1/pDim68_E.R1_change_plot.pdf, results/parameter_sweeps/pDim90_E.RP4/pDim90_E.RP4_change_plot.pdf, results/parameter_sweeps/pDim68_E.RP4/pDim68_E.RP4_change_plot.pdf, results/parameter_sweeps/pHFC_S.pB10/pHFC_S.pB10_inv_change_plot.pdf, results/parameter_sweeps/pHFCi_S.pB10/pHFCi_S.pB10_inv_change_plot.pdf, results/parameter_sweeps/pLFC_S.pB10/pLFC_S.pB10_inv_change_plot.pdf, results/parameter_sweeps/pDim90_E.R1/pDim90_E.R1_inv_change_plot.pdf, results/parameter_sweeps/pDim68_E.R1/pDim68_E.R1_inv_change_plot.pdf, results/parameter_sweeps/pDim90_E.RP4/pDim90_E.RP4_inv_change_plot.pdf, results/parameter_sweeps/pDim68_E.RP4/pDim68_E.RP4_inv_change_plot.pdf
    jobid: 0
    reason: Input files updated by another job: results/parameter_sweeps/pHFCi_S.pB10/pHFCi_S.pB10_change_plot.pdf, results/parameter_sweeps/pHFCi_S.pB10/pHFCi_S.pB10_inv_change_plot.pdf
    resources: tmpdir=/var/folders/dw/d0fxdqy942jc3trrhg2gvbnm0000gn/T

[Tue Feb 10 10:14:23 2026]
Finished jobid: 0 (Rule: all)
5 of 5 steps (100%) done
Complete log(s): /Users/liz/Documents/UW_Bio_PhD/Kerr_Lab/Plasmid_evolution/PETRI/.snakemake/log/2026-02-10T101341.984596.snakemake.log
