Assuming unrestricted shared filesystem usage.
None
host: Lizs-MacBook-Air-9.local
Building DAG of jobs...
Using shell: /bin/bash
Provided cores: 7
Rules claiming more threads will be scaled down.
Job stats:
job                 count
----------------  -------
all                     1
plot_psweep             4
process_psweep          4
psweep_parameter        4
psweep_sims             4
total                  17

Select jobs to execute...
Execute 4 jobs...
[Mon Feb  9 11:57:17 2026]
localrule psweep_parameter:
    input: src/generate_parameter_sets.R, input_data/parameter_sweeps/pDim90_E.R1_psweep_settings.csv
    output: results/parameter_sweeps/pDim90_E.R1/pDim90_E.R1_params.csv, results/parameter_sweeps/pDim90_E.R1/pDim90_E.R1_settings.rds
    jobid: 15
    reason: Missing output files: results/parameter_sweeps/pDim90_E.R1/pDim90_E.R1_settings.rds, results/parameter_sweeps/pDim90_E.R1/pDim90_E.R1_params.csv
    wildcards: psweep=pDim90_E.R1
    resources: tmpdir=/var/folders/dw/d0fxdqy942jc3trrhg2gvbnm0000gn/T

[Mon Feb  9 11:57:17 2026]
localrule psweep_parameter:
    input: src/generate_parameter_sets.R, input_data/parameter_sweeps/pDim68_E.R1_psweep_settings.csv
    output: results/parameter_sweeps/pDim68_E.R1/pDim68_E.R1_params.csv, results/parameter_sweeps/pDim68_E.R1/pDim68_E.R1_settings.rds
    jobid: 19
    reason: Missing output files: results/parameter_sweeps/pDim68_E.R1/pDim68_E.R1_params.csv, results/parameter_sweeps/pDim68_E.R1/pDim68_E.R1_settings.rds
    wildcards: psweep=pDim68_E.R1
    resources: tmpdir=/var/folders/dw/d0fxdqy942jc3trrhg2gvbnm0000gn/T

[Mon Feb  9 11:57:17 2026]
localrule psweep_parameter:
    input: src/generate_parameter_sets.R, input_data/parameter_sweeps/pDim68_E.RP4_psweep_settings.csv
    output: results/parameter_sweeps/pDim68_E.RP4/pDim68_E.RP4_params.csv, results/parameter_sweeps/pDim68_E.RP4/pDim68_E.RP4_settings.rds
    jobid: 27
    reason: Missing output files: results/parameter_sweeps/pDim68_E.RP4/pDim68_E.RP4_params.csv, results/parameter_sweeps/pDim68_E.RP4/pDim68_E.RP4_settings.rds
    wildcards: psweep=pDim68_E.RP4
    resources: tmpdir=/var/folders/dw/d0fxdqy942jc3trrhg2gvbnm0000gn/T

[Mon Feb  9 11:57:17 2026]
localrule psweep_parameter:
    input: src/generate_parameter_sets.R, input_data/parameter_sweeps/pDim90_E.RP4_psweep_settings.csv
    output: results/parameter_sweeps/pDim90_E.RP4/pDim90_E.RP4_params.csv, results/parameter_sweeps/pDim90_E.RP4/pDim90_E.RP4_settings.rds
    jobid: 23
    reason: Missing output files: results/parameter_sweeps/pDim90_E.RP4/pDim90_E.RP4_settings.rds, results/parameter_sweeps/pDim90_E.RP4/pDim90_E.RP4_params.csv
    wildcards: psweep=pDim90_E.RP4
    resources: tmpdir=/var/folders/dw/d0fxdqy942jc3trrhg2gvbnm0000gn/T

[Mon Feb  9 11:57:22 2026]
Finished jobid: 19 (Rule: psweep_parameter)
1 of 17 steps (6%) done
Select jobs to execute...
[Mon Feb  9 11:57:22 2026]
Finished jobid: 15 (Rule: psweep_parameter)
2 of 17 steps (12%) done
Execute 1 jobs...
[Mon Feb  9 11:57:22 2026]
localrule psweep_sims:
    input: src/simrun_psweep.R, results/parameter_sweeps/pDim68_E.R1/pDim68_E.R1_params.csv, results/parameter_sweeps/pDim68_E.R1/pDim68_E.R1_settings.rds
    output: results/parameter_sweeps/pDim68_E.R1/pDim68_E.R1_out.csv
    jobid: 18
    reason: Missing output files: results/parameter_sweeps/pDim68_E.R1/pDim68_E.R1_out.csv; Input files updated by another job: results/parameter_sweeps/pDim68_E.R1/pDim68_E.R1_params.csv, results/parameter_sweeps/pDim68_E.R1/pDim68_E.R1_settings.rds
    wildcards: psweep=pDim68_E.R1
    threads: 5
    resources: tmpdir=/var/folders/dw/d0fxdqy942jc3trrhg2gvbnm0000gn/T

[Mon Feb  9 11:57:22 2026]
Finished jobid: 27 (Rule: psweep_parameter)
3 of 17 steps (18%) done
Select jobs to execute...
[Mon Feb  9 11:57:22 2026]
Finished jobid: 23 (Rule: psweep_parameter)
4 of 17 steps (24%) done
[Mon Feb  9 11:57:50 2026]
Finished jobid: 18 (Rule: psweep_sims)
5 of 17 steps (29%) done
Execute 2 jobs...
[Mon Feb  9 11:57:50 2026]
localrule process_psweep:
    input: src/process_psweep.R, results/parameter_sweeps/pDim68_E.R1/pDim68_E.R1_out.csv, results/parameter_sweeps/pDim68_E.R1/pDim68_E.R1_settings.rds
    output: results/parameter_sweeps/pDim68_E.R1/pDim68_E.R1_plot.csv
    jobid: 17
    reason: Missing output files: results/parameter_sweeps/pDim68_E.R1/pDim68_E.R1_plot.csv; Input files updated by another job: results/parameter_sweeps/pDim68_E.R1/pDim68_E.R1_settings.rds, results/parameter_sweeps/pDim68_E.R1/pDim68_E.R1_out.csv
    wildcards: psweep=pDim68_E.R1
    resources: tmpdir=/var/folders/dw/d0fxdqy942jc3trrhg2gvbnm0000gn/T

[Mon Feb  9 11:57:50 2026]
localrule psweep_sims:
    input: src/simrun_psweep.R, results/parameter_sweeps/pDim90_E.RP4/pDim90_E.RP4_params.csv, results/parameter_sweeps/pDim90_E.RP4/pDim90_E.RP4_settings.rds
    output: results/parameter_sweeps/pDim90_E.RP4/pDim90_E.RP4_out.csv
    jobid: 22
    reason: Missing output files: results/parameter_sweeps/pDim90_E.RP4/pDim90_E.RP4_out.csv; Input files updated by another job: results/parameter_sweeps/pDim90_E.RP4/pDim90_E.RP4_settings.rds, results/parameter_sweeps/pDim90_E.RP4/pDim90_E.RP4_params.csv
    wildcards: psweep=pDim90_E.RP4
    threads: 5
    resources: tmpdir=/var/folders/dw/d0fxdqy942jc3trrhg2gvbnm0000gn/T

Select jobs to execute...
[Mon Feb  9 11:57:55 2026]
Finished jobid: 17 (Rule: process_psweep)
6 of 17 steps (35%) done
Execute 1 jobs...
[Mon Feb  9 11:57:55 2026]
localrule plot_psweep:
    input: src/plot_psweep.R, results/parameter_sweeps/pDim68_E.R1/pDim68_E.R1_plot.csv
    output: results/parameter_sweeps/pDim68_E.R1/pDim68_E.R1_change_plot.pdf, results/parameter_sweeps/pDim68_E.R1/pDim68_E.R1_inv_change_plot.pdf
    jobid: 16
    reason: Missing output files: results/parameter_sweeps/pDim68_E.R1/pDim68_E.R1_change_plot.pdf, results/parameter_sweeps/pDim68_E.R1/pDim68_E.R1_inv_change_plot.pdf; Input files updated by another job: results/parameter_sweeps/pDim68_E.R1/pDim68_E.R1_plot.csv
    wildcards: psweep=pDim68_E.R1
    resources: tmpdir=/var/folders/dw/d0fxdqy942jc3trrhg2gvbnm0000gn/T

Select jobs to execute...
[Mon Feb  9 11:58:02 2026]
Finished jobid: 16 (Rule: plot_psweep)
7 of 17 steps (41%) done
[Mon Feb  9 11:58:20 2026]
Finished jobid: 22 (Rule: psweep_sims)
8 of 17 steps (47%) done
Execute 2 jobs...
[Mon Feb  9 11:58:20 2026]
localrule psweep_sims:
    input: src/simrun_psweep.R, results/parameter_sweeps/pDim90_E.R1/pDim90_E.R1_params.csv, results/parameter_sweeps/pDim90_E.R1/pDim90_E.R1_settings.rds
    output: results/parameter_sweeps/pDim90_E.R1/pDim90_E.R1_out.csv
    jobid: 14
    reason: Missing output files: results/parameter_sweeps/pDim90_E.R1/pDim90_E.R1_out.csv; Input files updated by another job: results/parameter_sweeps/pDim90_E.R1/pDim90_E.R1_settings.rds, results/parameter_sweeps/pDim90_E.R1/pDim90_E.R1_params.csv
    wildcards: psweep=pDim90_E.R1
    threads: 5
    resources: tmpdir=/var/folders/dw/d0fxdqy942jc3trrhg2gvbnm0000gn/T

[Mon Feb  9 11:58:20 2026]
localrule process_psweep:
    input: src/process_psweep.R, results/parameter_sweeps/pDim90_E.RP4/pDim90_E.RP4_out.csv, results/parameter_sweeps/pDim90_E.RP4/pDim90_E.RP4_settings.rds
    output: results/parameter_sweeps/pDim90_E.RP4/pDim90_E.RP4_plot.csv
    jobid: 21
    reason: Missing output files: results/parameter_sweeps/pDim90_E.RP4/pDim90_E.RP4_plot.csv; Input files updated by another job: results/parameter_sweeps/pDim90_E.RP4/pDim90_E.RP4_settings.rds, results/parameter_sweeps/pDim90_E.RP4/pDim90_E.RP4_out.csv
    wildcards: psweep=pDim90_E.RP4
    resources: tmpdir=/var/folders/dw/d0fxdqy942jc3trrhg2gvbnm0000gn/T

Select jobs to execute...
[Mon Feb  9 11:58:24 2026]
Finished jobid: 21 (Rule: process_psweep)
9 of 17 steps (53%) done
Execute 1 jobs...
[Mon Feb  9 11:58:24 2026]
localrule plot_psweep:
    input: src/plot_psweep.R, results/parameter_sweeps/pDim90_E.RP4/pDim90_E.RP4_plot.csv
    output: results/parameter_sweeps/pDim90_E.RP4/pDim90_E.RP4_change_plot.pdf, results/parameter_sweeps/pDim90_E.RP4/pDim90_E.RP4_inv_change_plot.pdf
    jobid: 20
    reason: Missing output files: results/parameter_sweeps/pDim90_E.RP4/pDim90_E.RP4_change_plot.pdf, results/parameter_sweeps/pDim90_E.RP4/pDim90_E.RP4_inv_change_plot.pdf; Input files updated by another job: results/parameter_sweeps/pDim90_E.RP4/pDim90_E.RP4_plot.csv
    wildcards: psweep=pDim90_E.RP4
    resources: tmpdir=/var/folders/dw/d0fxdqy942jc3trrhg2gvbnm0000gn/T

Select jobs to execute...
[Mon Feb  9 11:58:32 2026]
Finished jobid: 20 (Rule: plot_psweep)
10 of 17 steps (59%) done
[Mon Feb  9 11:58:51 2026]
Finished jobid: 14 (Rule: psweep_sims)
11 of 17 steps (65%) done
Execute 2 jobs...
[Mon Feb  9 11:58:51 2026]
localrule process_psweep:
    input: src/process_psweep.R, results/parameter_sweeps/pDim90_E.R1/pDim90_E.R1_out.csv, results/parameter_sweeps/pDim90_E.R1/pDim90_E.R1_settings.rds
    output: results/parameter_sweeps/pDim90_E.R1/pDim90_E.R1_plot.csv
    jobid: 13
    reason: Missing output files: results/parameter_sweeps/pDim90_E.R1/pDim90_E.R1_plot.csv; Input files updated by another job: results/parameter_sweeps/pDim90_E.R1/pDim90_E.R1_settings.rds, results/parameter_sweeps/pDim90_E.R1/pDim90_E.R1_out.csv
    wildcards: psweep=pDim90_E.R1
    resources: tmpdir=/var/folders/dw/d0fxdqy942jc3trrhg2gvbnm0000gn/T

[Mon Feb  9 11:58:51 2026]
localrule psweep_sims:
    input: src/simrun_psweep.R, results/parameter_sweeps/pDim68_E.RP4/pDim68_E.RP4_params.csv, results/parameter_sweeps/pDim68_E.RP4/pDim68_E.RP4_settings.rds
    output: results/parameter_sweeps/pDim68_E.RP4/pDim68_E.RP4_out.csv
    jobid: 26
    reason: Missing output files: results/parameter_sweeps/pDim68_E.RP4/pDim68_E.RP4_out.csv; Input files updated by another job: results/parameter_sweeps/pDim68_E.RP4/pDim68_E.RP4_params.csv, results/parameter_sweeps/pDim68_E.RP4/pDim68_E.RP4_settings.rds
    wildcards: psweep=pDim68_E.RP4
    threads: 5
    resources: tmpdir=/var/folders/dw/d0fxdqy942jc3trrhg2gvbnm0000gn/T

[Mon Feb  9 11:58:56 2026]
Finished jobid: 13 (Rule: process_psweep)
12 of 17 steps (71%) done
Select jobs to execute...
Execute 1 jobs...
[Mon Feb  9 11:58:56 2026]
localrule plot_psweep:
    input: src/plot_psweep.R, results/parameter_sweeps/pDim90_E.R1/pDim90_E.R1_plot.csv
    output: results/parameter_sweeps/pDim90_E.R1/pDim90_E.R1_change_plot.pdf, results/parameter_sweeps/pDim90_E.R1/pDim90_E.R1_inv_change_plot.pdf
    jobid: 12
    reason: Missing output files: results/parameter_sweeps/pDim90_E.R1/pDim90_E.R1_change_plot.pdf, results/parameter_sweeps/pDim90_E.R1/pDim90_E.R1_inv_change_plot.pdf; Input files updated by another job: results/parameter_sweeps/pDim90_E.R1/pDim90_E.R1_plot.csv
    wildcards: psweep=pDim90_E.R1
    resources: tmpdir=/var/folders/dw/d0fxdqy942jc3trrhg2gvbnm0000gn/T

[Mon Feb  9 11:59:03 2026]
Finished jobid: 12 (Rule: plot_psweep)
13 of 17 steps (76%) done
[Mon Feb  9 11:59:21 2026]
Finished jobid: 26 (Rule: psweep_sims)
14 of 17 steps (82%) done
Select jobs to execute...
Execute 1 jobs...
[Mon Feb  9 11:59:21 2026]
localrule process_psweep:
    input: src/process_psweep.R, results/parameter_sweeps/pDim68_E.RP4/pDim68_E.RP4_out.csv, results/parameter_sweeps/pDim68_E.RP4/pDim68_E.RP4_settings.rds
    output: results/parameter_sweeps/pDim68_E.RP4/pDim68_E.RP4_plot.csv
    jobid: 25
    reason: Missing output files: results/parameter_sweeps/pDim68_E.RP4/pDim68_E.RP4_plot.csv; Input files updated by another job: results/parameter_sweeps/pDim68_E.RP4/pDim68_E.RP4_settings.rds, results/parameter_sweeps/pDim68_E.RP4/pDim68_E.RP4_out.csv
    wildcards: psweep=pDim68_E.RP4
    resources: tmpdir=/var/folders/dw/d0fxdqy942jc3trrhg2gvbnm0000gn/T

[Mon Feb  9 11:59:25 2026]
Finished jobid: 25 (Rule: process_psweep)
15 of 17 steps (88%) done
Select jobs to execute...
Execute 1 jobs...
[Mon Feb  9 11:59:25 2026]
localrule plot_psweep:
    input: src/plot_psweep.R, results/parameter_sweeps/pDim68_E.RP4/pDim68_E.RP4_plot.csv
    output: results/parameter_sweeps/pDim68_E.RP4/pDim68_E.RP4_change_plot.pdf, results/parameter_sweeps/pDim68_E.RP4/pDim68_E.RP4_inv_change_plot.pdf
    jobid: 24
    reason: Missing output files: results/parameter_sweeps/pDim68_E.RP4/pDim68_E.RP4_change_plot.pdf, results/parameter_sweeps/pDim68_E.RP4/pDim68_E.RP4_inv_change_plot.pdf; Input files updated by another job: results/parameter_sweeps/pDim68_E.RP4/pDim68_E.RP4_plot.csv
    wildcards: psweep=pDim68_E.RP4
    resources: tmpdir=/var/folders/dw/d0fxdqy942jc3trrhg2gvbnm0000gn/T

[Mon Feb  9 11:59:30 2026]
Finished jobid: 24 (Rule: plot_psweep)
16 of 17 steps (94%) done
Select jobs to execute...
Execute 1 jobs...
[Mon Feb  9 11:59:30 2026]
localrule all:
    input: results/case_study_sims/E.R1/E.R1_density_plot.pdf, results/case_study_sims/E.R1/E.R1_frequency_plot.pdf, results/parameter_sweeps/pHFC_S.pB10/pHFC_S.pB10_change_plot.pdf, results/parameter_sweeps/pLFC_S.pB10/pLFC_S.pB10_change_plot.pdf, results/parameter_sweeps/pDim90_E.R1/pDim90_E.R1_change_plot.pdf, results/parameter_sweeps/pDim68_E.R1/pDim68_E.R1_change_plot.pdf, results/parameter_sweeps/pDim90_E.RP4/pDim90_E.RP4_change_plot.pdf, results/parameter_sweeps/pDim68_E.RP4/pDim68_E.RP4_change_plot.pdf, results/parameter_sweeps/pHFC_S.pB10/pHFC_S.pB10_inv_change_plot.pdf, results/parameter_sweeps/pLFC_S.pB10/pLFC_S.pB10_inv_change_plot.pdf, results/parameter_sweeps/pDim90_E.R1/pDim90_E.R1_inv_change_plot.pdf, results/parameter_sweeps/pDim68_E.R1/pDim68_E.R1_inv_change_plot.pdf, results/parameter_sweeps/pDim90_E.RP4/pDim90_E.RP4_inv_change_plot.pdf, results/parameter_sweeps/pDim68_E.RP4/pDim68_E.RP4_inv_change_plot.pdf
    jobid: 0
    reason: Input files updated by another job: results/parameter_sweeps/pDim68_E.R1/pDim68_E.R1_change_plot.pdf, results/parameter_sweeps/pDim68_E.RP4/pDim68_E.RP4_change_plot.pdf, results/parameter_sweeps/pDim90_E.RP4/pDim90_E.RP4_change_plot.pdf, results/parameter_sweeps/pDim68_E.RP4/pDim68_E.RP4_inv_change_plot.pdf, results/parameter_sweeps/pDim90_E.R1/pDim90_E.R1_inv_change_plot.pdf, results/parameter_sweeps/pDim90_E.R1/pDim90_E.R1_change_plot.pdf, results/parameter_sweeps/pDim90_E.RP4/pDim90_E.RP4_inv_change_plot.pdf, results/parameter_sweeps/pDim68_E.R1/pDim68_E.R1_inv_change_plot.pdf
    resources: tmpdir=/var/folders/dw/d0fxdqy942jc3trrhg2gvbnm0000gn/T

[Mon Feb  9 11:59:30 2026]
Finished jobid: 0 (Rule: all)
17 of 17 steps (100%) done
Complete log(s): /Users/liz/Documents/UW_Bio_PhD/Kerr_Lab/Plasmid_evolution/PETRI/.snakemake/log/2026-02-09T115716.330149.snakemake.log
