Assuming unrestricted shared filesystem usage.
None
host: Lizs-MacBook-Air-9.local
Building DAG of jobs...
Using shell: /bin/bash
Provided cores: 7
Rules claiming more threads will be scaled down.
Conda environments: ignored
Job stats:
job                        count
-----------------------  -------
all                            1
case_study_sims                5
fig4                           1
fig5                           1
fig5bd                         1
fig6                           1
fig7                           1
plot_case_study_sims           5
plot_psweep_strain            12
process_case_study_sims        5
total                         33

Select jobs to execute...
Execute 7 jobs...
[Wed May 27 19:20:13 2026]
localrule fig7:
    input: src/fig7_Dim_psweep.R, input_data/strain_phenotypes.csv, results/parameter_sweeps/pDim90_E.R1/pDim90_E.R1_inv_change_plot.rds
    output: figures/fig7_Dim_psweep.pdf
    jobid: 90
    reason: Updated input files: input_data/strain_phenotypes.csv
    resources: tmpdir=/var/folders/dw/d0fxdqy942jc3trrhg2gvbnm0000gn/T

[Wed May 27 19:20:13 2026]
localrule plot_psweep_strain:
    input: input_data/strain_phenotypes.csv, src/plot_psweep_strain.R, results/parameter_sweeps/pLFCi2_S.pB10/pLFCi2_S.pB10_inv_change_plot.rds, src/ggplot_theme.R
    output: results/parameter_sweeps/pLFCi2_S.pB10/pLFCi2_S.pB10_inv_change_strain_plot.pdf
    jobid: 73
    reason: Updated input files: input_data/strain_phenotypes.csv
    wildcards: psweep=pLFCi2_S.pB10
    resources: tmpdir=/var/folders/dw/d0fxdqy942jc3trrhg2gvbnm0000gn/T

[Wed May 27 19:20:13 2026]
localrule plot_psweep_strain:
    input: input_data/strain_phenotypes.csv, src/plot_psweep_strain.R, results/parameter_sweeps/pDim90_E.RP4/pDim90_E.RP4_inv_change_plot.rds, src/ggplot_theme.R
    output: results/parameter_sweeps/pDim90_E.RP4/pDim90_E.RP4_inv_change_strain_plot.pdf
    jobid: 67
    reason: Updated input files: input_data/strain_phenotypes.csv
    wildcards: psweep=pDim90_E.RP4
    resources: tmpdir=/var/folders/dw/d0fxdqy942jc3trrhg2gvbnm0000gn/T

[Wed May 27 19:20:13 2026]
localrule case_study_sims:
    input: src/simrun_case_study.R, input_data/case_study_sims/HFC_S.pB10_full_inv_settings.csv
    output: results/case_study_sims/HFC_S.pB10_full/HFC_S.pB10_full_data.csv, results/case_study_sims/HFC_S.pB10_full/HFC_S.pB10_full_data_long.csv, results/case_study_sims/HFC_S.pB10_full/HFC_S.pB10_full_sim_plot.pdf
    jobid: 12
    reason: Updated input files: input_data/case_study_sims/HFC_S.pB10_full_inv_settings.csv
    wildcards: treatment=HFC_S.pB10_full
    resources: tmpdir=/var/folders/dw/d0fxdqy942jc3trrhg2gvbnm0000gn/T

[Wed May 27 19:20:13 2026]
localrule plot_psweep_strain:
    input: input_data/strain_phenotypes.csv, src/plot_psweep_strain.R, results/parameter_sweeps/pLFC_S.pB10-A/pLFC_S.pB10-A_inv_change_plot.rds, src/ggplot_theme.R
    output: results/parameter_sweeps/pLFC_S.pB10-A/pLFC_S.pB10-A_inv_change_strain_plot.pdf
    jobid: 69
    reason: Updated input files: input_data/strain_phenotypes.csv
    wildcards: psweep=pLFC_S.pB10-A
    resources: tmpdir=/var/folders/dw/d0fxdqy942jc3trrhg2gvbnm0000gn/T

[Wed May 27 19:20:13 2026]
localrule plot_psweep_strain:
    input: input_data/strain_phenotypes.csv, src/plot_psweep_strain.R, results/parameter_sweeps/pDGs_S.pB10/pDGs_S.pB10_inv_change_plot.rds, src/ggplot_theme.R
    output: results/parameter_sweeps/pDGs_S.pB10/pDGs_S.pB10_inv_change_strain_plot.pdf
    jobid: 75
    reason: Updated input files: input_data/strain_phenotypes.csv
    wildcards: psweep=pDGs_S.pB10
    resources: tmpdir=/var/folders/dw/d0fxdqy942jc3trrhg2gvbnm0000gn/T

[Wed May 27 19:20:13 2026]
localrule plot_psweep_strain:
    input: input_data/strain_phenotypes.csv, src/plot_psweep_strain.R, results/parameter_sweeps/pHFCi2_S.pB10/pHFCi2_S.pB10_inv_change_plot.rds, src/ggplot_theme.R
    output: results/parameter_sweeps/pHFCi2_S.pB10/pHFCi2_S.pB10_inv_change_strain_plot.pdf
    jobid: 72
    reason: Updated input files: input_data/strain_phenotypes.csv
    wildcards: psweep=pHFCi2_S.pB10
    resources: tmpdir=/var/folders/dw/d0fxdqy942jc3trrhg2gvbnm0000gn/T

Select jobs to execute...
[Wed May 27 19:20:20 2026]
Finished jobid: 75 (Rule: plot_psweep_strain)
1 of 33 steps (3%) done
Execute 1 jobs...
[Wed May 27 19:20:21 2026]
localrule case_study_sims:
    input: src/simrun_case_study.R, input_data/case_study_sims/HFC_S.pB10_inv_settings.csv
    output: results/case_study_sims/HFC_S.pB10/HFC_S.pB10_data.csv, results/case_study_sims/HFC_S.pB10/HFC_S.pB10_data_long.csv, results/case_study_sims/HFC_S.pB10/HFC_S.pB10_sim_plot.pdf
    jobid: 6
    reason: Updated input files: input_data/case_study_sims/HFC_S.pB10_inv_settings.csv
    wildcards: treatment=HFC_S.pB10
    resources: tmpdir=/var/folders/dw/d0fxdqy942jc3trrhg2gvbnm0000gn/T

[Wed May 27 19:20:21 2026]
Finished jobid: 67 (Rule: plot_psweep_strain)
2 of 33 steps (6%) done
Select jobs to execute...
Execute 1 jobs...
[Wed May 27 19:20:21 2026]
localrule case_study_sims:
    input: src/simrun_case_study.R, input_data/case_study_sims/DG_S.pB10_inv_settings.csv
    output: results/case_study_sims/DG_S.pB10/DG_S.pB10_data.csv, results/case_study_sims/DG_S.pB10/DG_S.pB10_data_long.csv, results/case_study_sims/DG_S.pB10/DG_S.pB10_sim_plot.pdf
    jobid: 3
    reason: Updated input files: input_data/case_study_sims/DG_S.pB10_inv_settings.csv
    wildcards: treatment=DG_S.pB10
    resources: tmpdir=/var/folders/dw/d0fxdqy942jc3trrhg2gvbnm0000gn/T

[Wed May 27 19:20:21 2026]
Finished jobid: 69 (Rule: plot_psweep_strain)
3 of 33 steps (9%) done
Select jobs to execute...
Execute 1 jobs...
[Wed May 27 19:20:21 2026]
localrule plot_psweep_strain:
    input: input_data/strain_phenotypes.csv, src/plot_psweep_strain.R, results/parameter_sweeps/pDim90_E.R1/pDim90_E.R1_inv_change_plot.rds, src/ggplot_theme.R
    output: results/parameter_sweeps/pDim90_E.R1/pDim90_E.R1_inv_change_strain_plot.pdf
    jobid: 66
    reason: Updated input files: input_data/strain_phenotypes.csv
    wildcards: psweep=pDim90_E.R1
    resources: tmpdir=/var/folders/dw/d0fxdqy942jc3trrhg2gvbnm0000gn/T

[Wed May 27 19:20:21 2026]
Finished jobid: 72 (Rule: plot_psweep_strain)
4 of 33 steps (12%) done
[Wed May 27 19:20:21 2026]
Finished jobid: 73 (Rule: plot_psweep_strain)
5 of 33 steps (15%) done
Select jobs to execute...
Execute 2 jobs...
[Wed May 27 19:20:21 2026]
localrule case_study_sims:
    input: src/simrun_case_study.R, input_data/case_study_sims/LFC_S.pB10-A_inv_settings.csv
    output: results/case_study_sims/LFC_S.pB10-A/LFC_S.pB10-A_data.csv, results/case_study_sims/LFC_S.pB10-A/LFC_S.pB10-A_data_long.csv, results/case_study_sims/LFC_S.pB10-A/LFC_S.pB10-A_sim_plot.pdf
    jobid: 9
    reason: Updated input files: input_data/case_study_sims/LFC_S.pB10-A_inv_settings.csv
    wildcards: treatment=LFC_S.pB10-A
    resources: tmpdir=/var/folders/dw/d0fxdqy942jc3trrhg2gvbnm0000gn/T

[Wed May 27 19:20:21 2026]
localrule plot_psweep_strain:
    input: input_data/strain_phenotypes.csv, src/plot_psweep_strain.R, results/parameter_sweeps/pHFC_S.pB10/pHFC_S.pB10_inv_change_plot.rds, src/ggplot_theme.R
    output: results/parameter_sweeps/pHFC_S.pB10/pHFC_S.pB10_inv_change_strain_plot.pdf
    jobid: 64
    reason: Updated input files: input_data/strain_phenotypes.csv
    wildcards: psweep=pHFC_S.pB10
    resources: tmpdir=/var/folders/dw/d0fxdqy942jc3trrhg2gvbnm0000gn/T

[Wed May 27 19:20:21 2026]
Finished jobid: 90 (Rule: fig7)
6 of 33 steps (18%) done
Select jobs to execute...
Execute 1 jobs...
[Wed May 27 19:20:21 2026]
localrule fig6:
    input: src/fig6_psweep.R, results/parameter_sweeps/pHFC_S.pB10/pHFC_S.pB10_inv_change_plot2.rds, results/parameter_sweeps/pLFC_S.pB10/pLFC_S.pB10_inv_change_plot2.rds, results/parameter_sweeps/pHFC_S.pB10-A/pHFC_S.pB10-A_inv_change_plot2.rds, results/parameter_sweeps/pLFC_S.pB10-A/pLFC_S.pB10-A_inv_change_plot2.rds, input_data/strain_phenotypes.csv
    output: figures/fig6_psweep.pdf
    jobid: 89
    reason: Updated input files: input_data/strain_phenotypes.csv
    resources: tmpdir=/var/folders/dw/d0fxdqy942jc3trrhg2gvbnm0000gn/T

Select jobs to execute...
[Wed May 27 19:20:21 2026]
Finished jobid: 12 (Rule: case_study_sims)
7 of 33 steps (21%) done
Execute 1 jobs...
[Wed May 27 19:20:22 2026]
localrule plot_psweep_strain:
    input: input_data/strain_phenotypes.csv, src/plot_psweep_strain.R, results/parameter_sweeps/pLFC_S.pB10/pLFC_S.pB10_inv_change_plot.rds, src/ggplot_theme.R
    output: results/parameter_sweeps/pLFC_S.pB10/pLFC_S.pB10_inv_change_strain_plot.pdf
    jobid: 65
    reason: Updated input files: input_data/strain_phenotypes.csv
    wildcards: psweep=pLFC_S.pB10
    resources: tmpdir=/var/folders/dw/d0fxdqy942jc3trrhg2gvbnm0000gn/T

Select jobs to execute...
[Wed May 27 19:20:29 2026]
Finished jobid: 6 (Rule: case_study_sims)
8 of 33 steps (24%) done
Execute 1 jobs...
[Wed May 27 19:20:29 2026]
localrule process_case_study_sims:
    input: src/process_simrun.R, results/case_study_sims/HFC_S.pB10/HFC_S.pB10_data.csv, results/case_study_sims/HFC_S.pB10/HFC_S.pB10_data_long.csv
    output: results/case_study_sims/HFC_S.pB10/HFC_S.pB10_density_plot_df.csv, results/case_study_sims/HFC_S.pB10/HFC_S.pB10_frequency_plot_df.csv, results/case_study_sims/HFC_S.pB10/HFC_S.pB10_phases_plot_df.csv
    jobid: 5
    reason: Input files updated by another job: results/case_study_sims/HFC_S.pB10/HFC_S.pB10_data_long.csv, results/case_study_sims/HFC_S.pB10/HFC_S.pB10_data.csv
    wildcards: treatment=HFC_S.pB10
    resources: tmpdir=/var/folders/dw/d0fxdqy942jc3trrhg2gvbnm0000gn/T

Select jobs to execute...
[Wed May 27 19:20:30 2026]
Finished jobid: 66 (Rule: plot_psweep_strain)
9 of 33 steps (27%) done
Execute 1 jobs...
[Wed May 27 19:20:30 2026]
localrule plot_psweep_strain:
    input: input_data/strain_phenotypes.csv, src/plot_psweep_strain.R, results/parameter_sweeps/pLFCi_S.pB10/pLFCi_S.pB10_inv_change_plot.rds, src/ggplot_theme.R
    output: results/parameter_sweeps/pLFCi_S.pB10/pLFCi_S.pB10_inv_change_strain_plot.pdf
    jobid: 71
    reason: Updated input files: input_data/strain_phenotypes.csv
    wildcards: psweep=pLFCi_S.pB10
    resources: tmpdir=/var/folders/dw/d0fxdqy942jc3trrhg2gvbnm0000gn/T

[Wed May 27 19:20:30 2026]
Finished jobid: 64 (Rule: plot_psweep_strain)
10 of 33 steps (30%) done
Select jobs to execute...
Execute 1 jobs...
[Wed May 27 19:20:30 2026]
localrule plot_psweep_strain:
    input: input_data/strain_phenotypes.csv, src/plot_psweep_strain.R, results/parameter_sweeps/pHFC_S.pB10-A/pHFC_S.pB10-A_inv_change_plot.rds, src/ggplot_theme.R
    output: results/parameter_sweeps/pHFC_S.pB10-A/pHFC_S.pB10-A_inv_change_strain_plot.pdf
    jobid: 68
    reason: Updated input files: input_data/strain_phenotypes.csv
    wildcards: psweep=pHFC_S.pB10-A
    resources: tmpdir=/var/folders/dw/d0fxdqy942jc3trrhg2gvbnm0000gn/T

Select jobs to execute...
[Wed May 27 19:20:30 2026]
Finished jobid: 65 (Rule: plot_psweep_strain)
11 of 33 steps (33%) done
Execute 1 jobs...
[Wed May 27 19:20:30 2026]
localrule plot_psweep_strain:
    input: input_data/strain_phenotypes.csv, src/plot_psweep_strain.R, results/parameter_sweeps/pDG_S.pB10/pDG_S.pB10_inv_change_plot.rds, src/ggplot_theme.R
    output: results/parameter_sweeps/pDG_S.pB10/pDG_S.pB10_inv_change_strain_plot.pdf
    jobid: 74
    reason: Updated input files: input_data/strain_phenotypes.csv
    wildcards: psweep=pDG_S.pB10
    resources: tmpdir=/var/folders/dw/d0fxdqy942jc3trrhg2gvbnm0000gn/T

Select jobs to execute...
[Wed May 27 19:20:34 2026]
Finished jobid: 89 (Rule: fig6)
12 of 33 steps (36%) done
Execute 1 jobs...
[Wed May 27 19:20:34 2026]
localrule plot_psweep_strain:
    input: input_data/strain_phenotypes.csv, src/plot_psweep_strain.R, results/parameter_sweeps/pHFCi_S.pB10/pHFCi_S.pB10_inv_change_plot.rds, src/ggplot_theme.R
    output: results/parameter_sweeps/pHFCi_S.pB10/pHFCi_S.pB10_inv_change_strain_plot.pdf
    jobid: 70
    reason: Updated input files: input_data/strain_phenotypes.csv
    wildcards: psweep=pHFCi_S.pB10
    resources: tmpdir=/var/folders/dw/d0fxdqy942jc3trrhg2gvbnm0000gn/T

[Wed May 27 19:20:34 2026]
Finished jobid: 9 (Rule: case_study_sims)
13 of 33 steps (39%) done
Select jobs to execute...
Execute 1 jobs...
[Wed May 27 19:20:34 2026]
localrule process_case_study_sims:
    input: src/process_simrun.R, results/case_study_sims/LFC_S.pB10-A/LFC_S.pB10-A_data.csv, results/case_study_sims/LFC_S.pB10-A/LFC_S.pB10-A_data_long.csv
    output: results/case_study_sims/LFC_S.pB10-A/LFC_S.pB10-A_density_plot_df.csv, results/case_study_sims/LFC_S.pB10-A/LFC_S.pB10-A_frequency_plot_df.csv, results/case_study_sims/LFC_S.pB10-A/LFC_S.pB10-A_phases_plot_df.csv
    jobid: 8
    reason: Input files updated by another job: results/case_study_sims/LFC_S.pB10-A/LFC_S.pB10-A_data.csv, results/case_study_sims/LFC_S.pB10-A/LFC_S.pB10-A_data_long.csv
    wildcards: treatment=LFC_S.pB10-A
    resources: tmpdir=/var/folders/dw/d0fxdqy942jc3trrhg2gvbnm0000gn/T

Select jobs to execute...
[Wed May 27 19:20:37 2026]
Finished jobid: 3 (Rule: case_study_sims)
14 of 33 steps (42%) done
Execute 1 jobs...
[Wed May 27 19:20:38 2026]
localrule process_case_study_sims:
    input: src/process_simrun.R, results/case_study_sims/HFC_S.pB10_full/HFC_S.pB10_full_data.csv, results/case_study_sims/HFC_S.pB10_full/HFC_S.pB10_full_data_long.csv
    output: results/case_study_sims/HFC_S.pB10_full/HFC_S.pB10_full_density_plot_df.csv, results/case_study_sims/HFC_S.pB10_full/HFC_S.pB10_full_frequency_plot_df.csv, results/case_study_sims/HFC_S.pB10_full/HFC_S.pB10_full_phases_plot_df.csv
    jobid: 11
    reason: Input files updated by another job: results/case_study_sims/HFC_S.pB10_full/HFC_S.pB10_full_data.csv, results/case_study_sims/HFC_S.pB10_full/HFC_S.pB10_full_data_long.csv
    wildcards: treatment=HFC_S.pB10_full
    resources: tmpdir=/var/folders/dw/d0fxdqy942jc3trrhg2gvbnm0000gn/T

Select jobs to execute...
[Wed May 27 19:20:38 2026]
Finished jobid: 5 (Rule: process_case_study_sims)
15 of 33 steps (45%) done
Execute 1 jobs...
[Wed May 27 19:20:38 2026]
localrule plot_case_study_sims:
    input: src/plot_simrun.R, results/case_study_sims/HFC_S.pB10/HFC_S.pB10_density_plot_df.csv, results/case_study_sims/HFC_S.pB10/HFC_S.pB10_frequency_plot_df.csv, results/case_study_sims/HFC_S.pB10/HFC_S.pB10_phases_plot_df.csv, src/ggplot_theme.R
    output: results/case_study_sims/HFC_S.pB10/HFC_S.pB10_density_plot.pdf, results/case_study_sims/HFC_S.pB10/HFC_S.pB10_frequency_plot.pdf, results/case_study_sims/HFC_S.pB10/HFC_S.pB10_density_plot.rds, results/case_study_sims/HFC_S.pB10/HFC_S.pB10_frequency_plot.rds
    jobid: 4
    reason: Input files updated by another job: results/case_study_sims/HFC_S.pB10/HFC_S.pB10_frequency_plot_df.csv, results/case_study_sims/HFC_S.pB10/HFC_S.pB10_density_plot_df.csv, results/case_study_sims/HFC_S.pB10/HFC_S.pB10_phases_plot_df.csv
    wildcards: treatment=HFC_S.pB10
    resources: tmpdir=/var/folders/dw/d0fxdqy942jc3trrhg2gvbnm0000gn/T

Select jobs to execute...
[Wed May 27 19:20:39 2026]
Finished jobid: 71 (Rule: plot_psweep_strain)
16 of 33 steps (48%) done
Execute 1 jobs...
[Wed May 27 19:20:39 2026]
localrule process_case_study_sims:
    input: src/process_simrun.R, results/case_study_sims/DG_S.pB10/DG_S.pB10_data.csv, results/case_study_sims/DG_S.pB10/DG_S.pB10_data_long.csv
    output: results/case_study_sims/DG_S.pB10/DG_S.pB10_density_plot_df.csv, results/case_study_sims/DG_S.pB10/DG_S.pB10_frequency_plot_df.csv, results/case_study_sims/DG_S.pB10/DG_S.pB10_phases_plot_df.csv
    jobid: 2
    reason: Input files updated by another job: results/case_study_sims/DG_S.pB10/DG_S.pB10_data.csv, results/case_study_sims/DG_S.pB10/DG_S.pB10_data_long.csv
    wildcards: treatment=DG_S.pB10
    resources: tmpdir=/var/folders/dw/d0fxdqy942jc3trrhg2gvbnm0000gn/T

Select jobs to execute...
[Wed May 27 19:20:39 2026]
Finished jobid: 68 (Rule: plot_psweep_strain)
17 of 33 steps (52%) done
Execute 1 jobs...
[Wed May 27 19:20:39 2026]
localrule case_study_sims:
    input: src/simrun_case_study.R, input_data/case_study_sims/LFC_S.pB10-A_full_inv_settings.csv
    output: results/case_study_sims/LFC_S.pB10-A_full/LFC_S.pB10-A_full_data.csv, results/case_study_sims/LFC_S.pB10-A_full/LFC_S.pB10-A_full_data_long.csv, results/case_study_sims/LFC_S.pB10-A_full/LFC_S.pB10-A_full_sim_plot.pdf
    jobid: 15
    reason: Updated input files: input_data/case_study_sims/LFC_S.pB10-A_full_inv_settings.csv
    wildcards: treatment=LFC_S.pB10-A_full
    resources: tmpdir=/var/folders/dw/d0fxdqy942jc3trrhg2gvbnm0000gn/T

[Wed May 27 19:20:39 2026]
Finished jobid: 74 (Rule: plot_psweep_strain)
18 of 33 steps (55%) done
[Wed May 27 19:20:41 2026]
Finished jobid: 8 (Rule: process_case_study_sims)
19 of 33 steps (58%) done
Select jobs to execute...
Execute 2 jobs...
[Wed May 27 19:20:41 2026]
localrule fig5bd:
    input: src/plot_exp_sim.R, src/ggplot_theme.R, results/experimental_validation/HFC/HFC_frequency_processed_av.csv, results/experimental_validation/LFC/LFC_frequency_processed_av.csv, results/case_study_sims/HFC_S.pB10/HFC_S.pB10_frequency_plot_df.csv, results/case_study_sims/LFC_S.pB10-A/LFC_S.pB10-A_frequency_plot_df.csv
    output: figures/panels/fig5d_HFC.pdf, figures/panels/fig5d_HFC.rds, figures/panels/fig5b_LFC.pdf, figures/panels/fig5b_LFC.rds
    jobid: 88
    reason: Input files updated by another job: results/case_study_sims/LFC_S.pB10-A/LFC_S.pB10-A_frequency_plot_df.csv, results/case_study_sims/HFC_S.pB10/HFC_S.pB10_frequency_plot_df.csv
    resources: tmpdir=/var/folders/dw/d0fxdqy942jc3trrhg2gvbnm0000gn/T

[Wed May 27 19:20:42 2026]
localrule plot_case_study_sims:
    input: src/plot_simrun.R, results/case_study_sims/LFC_S.pB10-A/LFC_S.pB10-A_density_plot_df.csv, results/case_study_sims/LFC_S.pB10-A/LFC_S.pB10-A_frequency_plot_df.csv, results/case_study_sims/LFC_S.pB10-A/LFC_S.pB10-A_phases_plot_df.csv, src/ggplot_theme.R
    output: results/case_study_sims/LFC_S.pB10-A/LFC_S.pB10-A_density_plot.pdf, results/case_study_sims/LFC_S.pB10-A/LFC_S.pB10-A_frequency_plot.pdf, results/case_study_sims/LFC_S.pB10-A/LFC_S.pB10-A_density_plot.rds, results/case_study_sims/LFC_S.pB10-A/LFC_S.pB10-A_frequency_plot.rds
    jobid: 7
    reason: Input files updated by another job: results/case_study_sims/LFC_S.pB10-A/LFC_S.pB10-A_frequency_plot_df.csv, results/case_study_sims/LFC_S.pB10-A/LFC_S.pB10-A_phases_plot_df.csv, results/case_study_sims/LFC_S.pB10-A/LFC_S.pB10-A_density_plot_df.csv
    wildcards: treatment=LFC_S.pB10-A
    resources: tmpdir=/var/folders/dw/d0fxdqy942jc3trrhg2gvbnm0000gn/T

[Wed May 27 19:20:42 2026]
Finished jobid: 70 (Rule: plot_psweep_strain)
20 of 33 steps (61%) done
[Wed May 27 19:20:44 2026]
Finished jobid: 11 (Rule: process_case_study_sims)
21 of 33 steps (64%) done
Select jobs to execute...
Execute 1 jobs...
[Wed May 27 19:20:44 2026]
localrule plot_case_study_sims:
    input: src/plot_simrun.R, results/case_study_sims/HFC_S.pB10_full/HFC_S.pB10_full_density_plot_df.csv, results/case_study_sims/HFC_S.pB10_full/HFC_S.pB10_full_frequency_plot_df.csv, results/case_study_sims/HFC_S.pB10_full/HFC_S.pB10_full_phases_plot_df.csv, src/ggplot_theme.R
    output: results/case_study_sims/HFC_S.pB10_full/HFC_S.pB10_full_density_plot.pdf, results/case_study_sims/HFC_S.pB10_full/HFC_S.pB10_full_frequency_plot.pdf, results/case_study_sims/HFC_S.pB10_full/HFC_S.pB10_full_density_plot.rds, results/case_study_sims/HFC_S.pB10_full/HFC_S.pB10_full_frequency_plot.rds
    jobid: 10
    reason: Input files updated by another job: results/case_study_sims/HFC_S.pB10_full/HFC_S.pB10_full_density_plot_df.csv, results/case_study_sims/HFC_S.pB10_full/HFC_S.pB10_full_phases_plot_df.csv, results/case_study_sims/HFC_S.pB10_full/HFC_S.pB10_full_frequency_plot_df.csv
    wildcards: treatment=HFC_S.pB10_full
    resources: tmpdir=/var/folders/dw/d0fxdqy942jc3trrhg2gvbnm0000gn/T

[Wed May 27 19:20:46 2026]
Finished jobid: 4 (Rule: plot_case_study_sims)
22 of 33 steps (67%) done
[Wed May 27 19:20:46 2026]
Finished jobid: 2 (Rule: process_case_study_sims)
23 of 33 steps (70%) done
Select jobs to execute...
Execute 1 jobs...
[Wed May 27 19:20:46 2026]
localrule plot_case_study_sims:
    input: src/plot_simrun.R, results/case_study_sims/DG_S.pB10/DG_S.pB10_density_plot_df.csv, results/case_study_sims/DG_S.pB10/DG_S.pB10_frequency_plot_df.csv, results/case_study_sims/DG_S.pB10/DG_S.pB10_phases_plot_df.csv, src/ggplot_theme.R
    output: results/case_study_sims/DG_S.pB10/DG_S.pB10_density_plot.pdf, results/case_study_sims/DG_S.pB10/DG_S.pB10_frequency_plot.pdf, results/case_study_sims/DG_S.pB10/DG_S.pB10_density_plot.rds, results/case_study_sims/DG_S.pB10/DG_S.pB10_frequency_plot.rds
    jobid: 1
    reason: Input files updated by another job: results/case_study_sims/DG_S.pB10/DG_S.pB10_frequency_plot_df.csv, results/case_study_sims/DG_S.pB10/DG_S.pB10_phases_plot_df.csv, results/case_study_sims/DG_S.pB10/DG_S.pB10_density_plot_df.csv
    wildcards: treatment=DG_S.pB10
    resources: tmpdir=/var/folders/dw/d0fxdqy942jc3trrhg2gvbnm0000gn/T

[Wed May 27 19:20:49 2026]
Finished jobid: 7 (Rule: plot_case_study_sims)
24 of 33 steps (73%) done
[Wed May 27 19:20:50 2026]
Finished jobid: 88 (Rule: fig5bd)
25 of 33 steps (76%) done
Select jobs to execute...
Execute 1 jobs...
[Wed May 27 19:20:50 2026]
localrule fig5:
    input: src/fig5_validation.R, results/case_study_sims/HFC_S.pB10/HFC_S.pB10_frequency_plot.rds, results/case_study_sims/LFC_S.pB10-A/LFC_S.pB10-A_frequency_plot.rds, results/experimental_validation/HFC/HFC_frequency_plot.rds, results/experimental_validation/LFC/LFC_frequency_plot.rds, results/phenotyping/phenotyping_av.csv, results/phenotyping/pB10_anc_inv.rds, results/phenotyping/pB10_mut_inv.rds, figures/panels/fig5d_HFC.rds, figures/panels/fig5b_LFC.rds
    output: figures/fig5_validation.pdf
    jobid: 84
    reason: Input files updated by another job: results/case_study_sims/LFC_S.pB10-A/LFC_S.pB10-A_frequency_plot.rds, figures/panels/fig5d_HFC.rds, results/case_study_sims/HFC_S.pB10/HFC_S.pB10_frequency_plot.rds, figures/panels/fig5b_LFC.rds
    resources: tmpdir=/var/folders/dw/d0fxdqy942jc3trrhg2gvbnm0000gn/T

[Wed May 27 19:20:51 2026]
Finished jobid: 15 (Rule: case_study_sims)
26 of 33 steps (79%) done
Select jobs to execute...
Execute 1 jobs...
[Wed May 27 19:20:51 2026]
localrule process_case_study_sims:
    input: src/process_simrun.R, results/case_study_sims/LFC_S.pB10-A_full/LFC_S.pB10-A_full_data.csv, results/case_study_sims/LFC_S.pB10-A_full/LFC_S.pB10-A_full_data_long.csv
    output: results/case_study_sims/LFC_S.pB10-A_full/LFC_S.pB10-A_full_density_plot_df.csv, results/case_study_sims/LFC_S.pB10-A_full/LFC_S.pB10-A_full_frequency_plot_df.csv, results/case_study_sims/LFC_S.pB10-A_full/LFC_S.pB10-A_full_phases_plot_df.csv
    jobid: 14
    reason: Input files updated by another job: results/case_study_sims/LFC_S.pB10-A_full/LFC_S.pB10-A_full_data.csv, results/case_study_sims/LFC_S.pB10-A_full/LFC_S.pB10-A_full_data_long.csv
    wildcards: treatment=LFC_S.pB10-A_full
    resources: tmpdir=/var/folders/dw/d0fxdqy942jc3trrhg2gvbnm0000gn/T

[Wed May 27 19:20:51 2026]
Finished jobid: 10 (Rule: plot_case_study_sims)
27 of 33 steps (82%) done
[Wed May 27 19:20:52 2026]
Finished jobid: 1 (Rule: plot_case_study_sims)
28 of 33 steps (85%) done
Select jobs to execute...
Execute 1 jobs...
[Wed May 27 19:20:52 2026]
localrule fig4:
    input: src/fig4_DG.R, results/case_study_sims/DG_S.pB10/DG_S.pB10_density_plot.rds, results/case_study_sims/DG_S.pB10/DG_S.pB10_frequency_plot.rds
    output: figures/fig4_DG_invasion.pdf
    jobid: 83
    reason: Input files updated by another job: results/case_study_sims/DG_S.pB10/DG_S.pB10_frequency_plot.rds, results/case_study_sims/DG_S.pB10/DG_S.pB10_density_plot.rds
    resources: tmpdir=/var/folders/dw/d0fxdqy942jc3trrhg2gvbnm0000gn/T

[Wed May 27 19:20:53 2026]
Finished jobid: 84 (Rule: fig5)
29 of 33 steps (88%) done
[Wed May 27 19:20:54 2026]
Finished jobid: 83 (Rule: fig4)
30 of 33 steps (91%) done
[Wed May 27 19:20:55 2026]
Finished jobid: 14 (Rule: process_case_study_sims)
31 of 33 steps (94%) done
Select jobs to execute...
Execute 1 jobs...
[Wed May 27 19:20:55 2026]
localrule plot_case_study_sims:
    input: src/plot_simrun.R, results/case_study_sims/LFC_S.pB10-A_full/LFC_S.pB10-A_full_density_plot_df.csv, results/case_study_sims/LFC_S.pB10-A_full/LFC_S.pB10-A_full_frequency_plot_df.csv, results/case_study_sims/LFC_S.pB10-A_full/LFC_S.pB10-A_full_phases_plot_df.csv, src/ggplot_theme.R
    output: results/case_study_sims/LFC_S.pB10-A_full/LFC_S.pB10-A_full_density_plot.pdf, results/case_study_sims/LFC_S.pB10-A_full/LFC_S.pB10-A_full_frequency_plot.pdf, results/case_study_sims/LFC_S.pB10-A_full/LFC_S.pB10-A_full_density_plot.rds, results/case_study_sims/LFC_S.pB10-A_full/LFC_S.pB10-A_full_frequency_plot.rds
    jobid: 13
    reason: Input files updated by another job: results/case_study_sims/LFC_S.pB10-A_full/LFC_S.pB10-A_full_frequency_plot_df.csv, results/case_study_sims/LFC_S.pB10-A_full/LFC_S.pB10-A_full_phases_plot_df.csv, results/case_study_sims/LFC_S.pB10-A_full/LFC_S.pB10-A_full_density_plot_df.csv
    wildcards: treatment=LFC_S.pB10-A_full
    resources: tmpdir=/var/folders/dw/d0fxdqy942jc3trrhg2gvbnm0000gn/T

[Wed May 27 19:21:00 2026]
Finished jobid: 13 (Rule: plot_case_study_sims)
32 of 33 steps (97%) done
Select jobs to execute...
Execute 1 jobs...
[Wed May 27 19:21:00 2026]
localrule all:
    input: results/case_study_sims/DG_S.pB10/DG_S.pB10_frequency_plot.pdf, results/case_study_sims/HFC_S.pB10/HFC_S.pB10_frequency_plot.pdf, results/case_study_sims/LFC_S.pB10-A/LFC_S.pB10-A_frequency_plot.pdf, results/case_study_sims/HFC_S.pB10_full/HFC_S.pB10_full_frequency_plot.pdf, results/case_study_sims/LFC_S.pB10-A_full/LFC_S.pB10-A_full_frequency_plot.pdf, results/parameter_sweeps/pHFC_S.pB10/pHFC_S.pB10_change_plot.pdf, results/parameter_sweeps/pLFC_S.pB10/pLFC_S.pB10_change_plot.pdf, results/parameter_sweeps/pDim90_E.R1/pDim90_E.R1_change_plot.pdf, results/parameter_sweeps/pDim90_E.RP4/pDim90_E.RP4_change_plot.pdf, results/parameter_sweeps/pHFC_S.pB10-A/pHFC_S.pB10-A_change_plot.pdf, results/parameter_sweeps/pLFC_S.pB10-A/pLFC_S.pB10-A_change_plot.pdf, results/parameter_sweeps/pHFCi_S.pB10/pHFCi_S.pB10_change_plot.pdf, results/parameter_sweeps/pLFCi_S.pB10/pLFCi_S.pB10_change_plot.pdf, results/parameter_sweeps/pHFCi2_S.pB10/pHFCi2_S.pB10_change_plot.pdf, results/parameter_sweeps/pLFCi2_S.pB10/pLFCi2_S.pB10_change_plot.pdf, results/parameter_sweeps/pDG_S.pB10/pDG_S.pB10_change_plot.pdf, results/parameter_sweeps/pDGs_S.pB10/pDGs_S.pB10_change_plot.pdf, results/parameter_sweeps/pHFC_S.pB10/pHFC_S.pB10_inv_change_plot.pdf, results/parameter_sweeps/pLFC_S.pB10/pLFC_S.pB10_inv_change_plot.pdf, results/parameter_sweeps/pDim90_E.R1/pDim90_E.R1_inv_change_plot.pdf, results/parameter_sweeps/pDim90_E.RP4/pDim90_E.RP4_inv_change_plot.pdf, results/parameter_sweeps/pHFC_S.pB10-A/pHFC_S.pB10-A_inv_change_plot.pdf, results/parameter_sweeps/pLFC_S.pB10-A/pLFC_S.pB10-A_inv_change_plot.pdf, results/parameter_sweeps/pHFCi_S.pB10/pHFCi_S.pB10_inv_change_plot.pdf, results/parameter_sweeps/pLFCi_S.pB10/pLFCi_S.pB10_inv_change_plot.pdf, results/parameter_sweeps/pHFCi2_S.pB10/pHFCi2_S.pB10_inv_change_plot.pdf, results/parameter_sweeps/pLFCi2_S.pB10/pLFCi2_S.pB10_inv_change_plot.pdf, results/parameter_sweeps/pDG_S.pB10/pDG_S.pB10_inv_change_plot.pdf, results/parameter_sweeps/pDGs_S.pB10/pDGs_S.pB10_inv_change_plot.pdf, results/parameter_sweeps/pHFC_S.pB10/pHFC_S.pB10_inv_change_strain_plot.pdf, results/parameter_sweeps/pLFC_S.pB10/pLFC_S.pB10_inv_change_strain_plot.pdf, results/parameter_sweeps/pDim90_E.R1/pDim90_E.R1_inv_change_strain_plot.pdf, results/parameter_sweeps/pDim90_E.RP4/pDim90_E.RP4_inv_change_strain_plot.pdf, results/parameter_sweeps/pHFC_S.pB10-A/pHFC_S.pB10-A_inv_change_strain_plot.pdf, results/parameter_sweeps/pLFC_S.pB10-A/pLFC_S.pB10-A_inv_change_strain_plot.pdf, results/parameter_sweeps/pHFCi_S.pB10/pHFCi_S.pB10_inv_change_strain_plot.pdf, results/parameter_sweeps/pLFCi_S.pB10/pLFCi_S.pB10_inv_change_strain_plot.pdf, results/parameter_sweeps/pHFCi2_S.pB10/pHFCi2_S.pB10_inv_change_strain_plot.pdf, results/parameter_sweeps/pLFCi2_S.pB10/pLFCi2_S.pB10_inv_change_strain_plot.pdf, results/parameter_sweeps/pDG_S.pB10/pDG_S.pB10_inv_change_strain_plot.pdf, results/parameter_sweeps/pDGs_S.pB10/pDGs_S.pB10_inv_change_strain_plot.pdf, results/phenotyping/growth_rate/OD/growthrate_av.pdf, figures/panels/fig2bc_criterion.pdf, figures/panels/fig3b_phenotyping.pdf, figures/fig4_DG_invasion.pdf, figures/fig5_validation.pdf, figures/fig6_psweep.pdf, figures/fig7_Dim_psweep.pdf
    jobid: 0
    reason: Input files updated by another job: results/parameter_sweeps/pHFCi_S.pB10/pHFCi_S.pB10_inv_change_strain_plot.pdf, results/parameter_sweeps/pLFC_S.pB10/pLFC_S.pB10_inv_change_strain_plot.pdf, results/parameter_sweeps/pDGs_S.pB10/pDGs_S.pB10_inv_change_strain_plot.pdf, results/parameter_sweeps/pDim90_E.R1/pDim90_E.R1_inv_change_strain_plot.pdf, results/case_study_sims/HFC_S.pB10_full/HFC_S.pB10_full_frequency_plot.pdf, results/case_study_sims/LFC_S.pB10-A_full/LFC_S.pB10-A_full_frequency_plot.pdf, results/parameter_sweeps/pLFCi2_S.pB10/pLFCi2_S.pB10_inv_change_strain_plot.pdf, results/parameter_sweeps/pDG_S.pB10/pDG_S.pB10_inv_change_strain_plot.pdf, figures/fig6_psweep.pdf, results/case_study_sims/DG_S.pB10/DG_S.pB10_frequency_plot.pdf, figures/fig7_Dim_psweep.pdf, results/case_study_sims/LFC_S.pB10-A/LFC_S.pB10-A_frequency_plot.pdf, figures/fig5_validation.pdf, figures/fig4_DG_invasion.pdf, results/parameter_sweeps/pHFC_S.pB10/pHFC_S.pB10_inv_change_strain_plot.pdf, results/parameter_sweeps/pLFC_S.pB10-A/pLFC_S.pB10-A_inv_change_strain_plot.pdf, results/parameter_sweeps/pLFCi_S.pB10/pLFCi_S.pB10_inv_change_strain_plot.pdf, results/parameter_sweeps/pDim90_E.RP4/pDim90_E.RP4_inv_change_strain_plot.pdf, results/parameter_sweeps/pHFCi2_S.pB10/pHFCi2_S.pB10_inv_change_strain_plot.pdf, results/parameter_sweeps/pHFC_S.pB10-A/pHFC_S.pB10-A_inv_change_strain_plot.pdf, results/case_study_sims/HFC_S.pB10/HFC_S.pB10_frequency_plot.pdf
    resources: tmpdir=/var/folders/dw/d0fxdqy942jc3trrhg2gvbnm0000gn/T

[Wed May 27 19:21:00 2026]
Finished jobid: 0 (Rule: all)
33 of 33 steps (100%) done
Complete log(s): /Users/liz/Documents/UW_Bio_PhD/Kerr_Lab/Plasmid_evolution/PETRI/.snakemake/log/2026-05-27T192012.344180.snakemake.log
