Assuming unrestricted shared filesystem usage.
None
host: Lizs-MacBook-Air-9.local
Building DAG of jobs...
Using shell: /bin/bash
Provided cores: 7
Rules claiming more threads will be scaled down.
Job stats:
job               count
--------------  -------
all                   1
plot_psweep           2
process_psweep        2
psweep_sims           2
total                 7

Select jobs to execute...
Execute 1 jobs...
[Fri Jan 30 13:41:44 2026]
localrule psweep_sims:
    input: src/simrun_psweep.R, input_data/Treatments_parameter_sweep.csv
    output: results/parameter_sweeps/pE_DimR1finO/pE_DimR1finO_out.csv
    jobid: 16
    reason: Missing output files: results/parameter_sweeps/pE_DimR1finO/pE_DimR1finO_out.csv
    wildcards: psweep=pE_DimR1finO
    threads: 5
    resources: tmpdir=/var/folders/dw/d0fxdqy942jc3trrhg2gvbnm0000gn/T

Select jobs to execute...
RuleException:
CalledProcessError in file "/Users/liz/Documents/UW_Bio_PhD/Kerr_Lab/Plasmid_evolution/PETRI/Snakefile", line 127:
Command 'set -euo pipefail;  
    Rscript src/simrun_psweep.R       --psweepsetting pE_DimR1finO       --threads 5' returned non-zero exit status 1.
[Fri Jan 30 13:42:48 2026]
Error in rule psweep_sims:
    message: None
    jobid: 16
    input: src/simrun_psweep.R, input_data/Treatments_parameter_sweep.csv
    output: results/parameter_sweeps/pE_DimR1finO/pE_DimR1finO_out.csv
    shell:
        
    Rscript src/simrun_psweep.R       --psweepsetting pE_DimR1finO       --threads 5
    
        (command exited with non-zero exit code)
Shutting down, this might take some time.
Exiting because a job execution failed. Look below for error messages
[Fri Jan 30 13:42:48 2026]
Error in rule psweep_sims:
    message: None
    jobid: 16
    input: src/simrun_psweep.R, input_data/Treatments_parameter_sweep.csv
    output: results/parameter_sweeps/pE_DimR1finO/pE_DimR1finO_out.csv
    shell:
        
    Rscript src/simrun_psweep.R       --psweepsetting pE_DimR1finO       --threads 5
    
        (command exited with non-zero exit code)
Complete log(s): /Users/liz/Documents/UW_Bio_PhD/Kerr_Lab/Plasmid_evolution/PETRI/.snakemake/log/2026-01-30T134143.948646.snakemake.log
WorkflowError:
At least one job did not complete successfully.
