Assuming unrestricted shared filesystem usage.
None
host: Lizs-MacBook-Air-9.local
Building DAG of jobs...
Using shell: /bin/bash
Provided cores: 7
Rules claiming more threads will be scaled down.
Job stats:
job                        count
-----------------------  -------
all                            1
case_study_sims                3
plot_case_study_sims           3
process_case_study_sims        3
total                         10

Select jobs to execute...
Execute 3 jobs...
[Sun Apr 19 11:41:36 2026]
localrule case_study_sims:
    input: src/simrun_case_study.R, input_data/case_study_sims/HFC_S.pB10_inv_settings.csv
    output: results/case_study_sims/HFC_S.pB10/HFC_S.pB10_data.csv, results/case_study_sims/HFC_S.pB10/HFC_S.pB10_data_long.csv, results/case_study_sims/HFC_S.pB10/HFC_S.pB10_sim_plot.pdf
    jobid: 6
    reason: Updated input files: input_data/case_study_sims/HFC_S.pB10_inv_settings.csv
    wildcards: treatment=HFC_S.pB10
    resources: tmpdir=/var/folders/dw/d0fxdqy942jc3trrhg2gvbnm0000gn/T

[Sun Apr 19 11:41:36 2026]
localrule case_study_sims:
    input: src/simrun_case_study.R, input_data/case_study_sims/LFC_S.pB10-A_inv_settings.csv
    output: results/case_study_sims/LFC_S.pB10-A/LFC_S.pB10-A_data.csv, results/case_study_sims/LFC_S.pB10-A/LFC_S.pB10-A_data_long.csv, results/case_study_sims/LFC_S.pB10-A/LFC_S.pB10-A_sim_plot.pdf
    jobid: 9
    reason: Updated input files: input_data/case_study_sims/LFC_S.pB10-A_inv_settings.csv
    wildcards: treatment=LFC_S.pB10-A
    resources: tmpdir=/var/folders/dw/d0fxdqy942jc3trrhg2gvbnm0000gn/T

[Sun Apr 19 11:41:36 2026]
localrule case_study_sims:
    input: src/simrun_case_study.R, input_data/case_study_sims/DG_S.pB10_inv_settings.csv
    output: results/case_study_sims/DG_S.pB10/DG_S.pB10_data.csv, results/case_study_sims/DG_S.pB10/DG_S.pB10_data_long.csv, results/case_study_sims/DG_S.pB10/DG_S.pB10_sim_plot.pdf
    jobid: 3
    reason: Params have changed since last execution: Union of exclusive params before and now across all output: before: '{"p_Anc": "#8394F6", "p_Mut": "#8A407A", "p_F": "gray40", "p_growth": "#FFFBEF", "p_conj": "#D0D9FF", "p_tselect": "#FBE9FF", "p_imm": "#d0ffeb"}' now: '{"p_Anc": "#8A407A", "p_Mut": "#8394F6", "p_F": "gray40", "p_growth": "#e7e9fd", "p_conj": "#d8aace", "p_tselect": "#a69ae0", "p_imm": "#d0ffeb"}' 
    wildcards: treatment=DG_S.pB10
    resources: tmpdir=/var/folders/dw/d0fxdqy942jc3trrhg2gvbnm0000gn/T

[Sun Apr 19 11:41:42 2026]
Finished jobid: 6 (Rule: case_study_sims)
1 of 10 steps (10%) done
Select jobs to execute...
Execute 1 jobs...
[Sun Apr 19 11:41:42 2026]
localrule process_case_study_sims:
    input: src/process_simrun.R, results/case_study_sims/HFC_S.pB10/HFC_S.pB10_data.csv, results/case_study_sims/HFC_S.pB10/HFC_S.pB10_data_long.csv
    output: results/case_study_sims/HFC_S.pB10/HFC_S.pB10_density_plot_df.csv, results/case_study_sims/HFC_S.pB10/HFC_S.pB10_frequency_plot_df.csv, results/case_study_sims/HFC_S.pB10/HFC_S.pB10_phases_plot_df.csv
    jobid: 5
    reason: Input files updated by another job: results/case_study_sims/HFC_S.pB10/HFC_S.pB10_data_long.csv, results/case_study_sims/HFC_S.pB10/HFC_S.pB10_data.csv
    wildcards: treatment=HFC_S.pB10
    resources: tmpdir=/var/folders/dw/d0fxdqy942jc3trrhg2gvbnm0000gn/T

[Sun Apr 19 11:41:43 2026]
Finished jobid: 9 (Rule: case_study_sims)
2 of 10 steps (20%) done
Select jobs to execute...
Execute 1 jobs...
[Sun Apr 19 11:41:43 2026]
localrule process_case_study_sims:
    input: src/process_simrun.R, results/case_study_sims/LFC_S.pB10-A/LFC_S.pB10-A_data.csv, results/case_study_sims/LFC_S.pB10-A/LFC_S.pB10-A_data_long.csv
    output: results/case_study_sims/LFC_S.pB10-A/LFC_S.pB10-A_density_plot_df.csv, results/case_study_sims/LFC_S.pB10-A/LFC_S.pB10-A_frequency_plot_df.csv, results/case_study_sims/LFC_S.pB10-A/LFC_S.pB10-A_phases_plot_df.csv
    jobid: 8
    reason: Input files updated by another job: results/case_study_sims/LFC_S.pB10-A/LFC_S.pB10-A_data_long.csv, results/case_study_sims/LFC_S.pB10-A/LFC_S.pB10-A_data.csv
    wildcards: treatment=LFC_S.pB10-A
    resources: tmpdir=/var/folders/dw/d0fxdqy942jc3trrhg2gvbnm0000gn/T

[Sun Apr 19 11:41:46 2026]
Finished jobid: 5 (Rule: process_case_study_sims)
3 of 10 steps (30%) done
Select jobs to execute...
Execute 1 jobs...
[Sun Apr 19 11:41:46 2026]
localrule plot_case_study_sims:
    input: src/plot_simrun.R, results/case_study_sims/HFC_S.pB10/HFC_S.pB10_density_plot_df.csv, results/case_study_sims/HFC_S.pB10/HFC_S.pB10_frequency_plot_df.csv, results/case_study_sims/HFC_S.pB10/HFC_S.pB10_phases_plot_df.csv
    output: results/case_study_sims/HFC_S.pB10/HFC_S.pB10_density_plot.pdf, results/case_study_sims/HFC_S.pB10/HFC_S.pB10_frequency_plot.pdf, results/case_study_sims/HFC_S.pB10/HFC_S.pB10_density_plot.rds, results/case_study_sims/HFC_S.pB10/HFC_S.pB10_frequency_plot.rds
    jobid: 4
    reason: Input files updated by another job: results/case_study_sims/HFC_S.pB10/HFC_S.pB10_density_plot_df.csv, results/case_study_sims/HFC_S.pB10/HFC_S.pB10_frequency_plot_df.csv, results/case_study_sims/HFC_S.pB10/HFC_S.pB10_phases_plot_df.csv
    wildcards: treatment=HFC_S.pB10
    resources: tmpdir=/var/folders/dw/d0fxdqy942jc3trrhg2gvbnm0000gn/T

[Sun Apr 19 11:41:48 2026]
Finished jobid: 8 (Rule: process_case_study_sims)
4 of 10 steps (40%) done
Select jobs to execute...
Execute 1 jobs...
[Sun Apr 19 11:41:48 2026]
localrule plot_case_study_sims:
    input: src/plot_simrun.R, results/case_study_sims/LFC_S.pB10-A/LFC_S.pB10-A_density_plot_df.csv, results/case_study_sims/LFC_S.pB10-A/LFC_S.pB10-A_frequency_plot_df.csv, results/case_study_sims/LFC_S.pB10-A/LFC_S.pB10-A_phases_plot_df.csv
    output: results/case_study_sims/LFC_S.pB10-A/LFC_S.pB10-A_density_plot.pdf, results/case_study_sims/LFC_S.pB10-A/LFC_S.pB10-A_frequency_plot.pdf, results/case_study_sims/LFC_S.pB10-A/LFC_S.pB10-A_density_plot.rds, results/case_study_sims/LFC_S.pB10-A/LFC_S.pB10-A_frequency_plot.rds
    jobid: 7
    reason: Input files updated by another job: results/case_study_sims/LFC_S.pB10-A/LFC_S.pB10-A_density_plot_df.csv, results/case_study_sims/LFC_S.pB10-A/LFC_S.pB10-A_frequency_plot_df.csv, results/case_study_sims/LFC_S.pB10-A/LFC_S.pB10-A_phases_plot_df.csv
    wildcards: treatment=LFC_S.pB10-A
    resources: tmpdir=/var/folders/dw/d0fxdqy942jc3trrhg2gvbnm0000gn/T

[Sun Apr 19 11:41:49 2026]
Finished jobid: 3 (Rule: case_study_sims)
5 of 10 steps (50%) done
Select jobs to execute...
Execute 1 jobs...
[Sun Apr 19 11:41:49 2026]
localrule process_case_study_sims:
    input: src/process_simrun.R, results/case_study_sims/DG_S.pB10/DG_S.pB10_data.csv, results/case_study_sims/DG_S.pB10/DG_S.pB10_data_long.csv
    output: results/case_study_sims/DG_S.pB10/DG_S.pB10_density_plot_df.csv, results/case_study_sims/DG_S.pB10/DG_S.pB10_frequency_plot_df.csv, results/case_study_sims/DG_S.pB10/DG_S.pB10_phases_plot_df.csv
    jobid: 2
    reason: Input files updated by another job: results/case_study_sims/DG_S.pB10/DG_S.pB10_data.csv, results/case_study_sims/DG_S.pB10/DG_S.pB10_data_long.csv
    wildcards: treatment=DG_S.pB10
    resources: tmpdir=/var/folders/dw/d0fxdqy942jc3trrhg2gvbnm0000gn/T

[Sun Apr 19 11:41:52 2026]
Finished jobid: 4 (Rule: plot_case_study_sims)
6 of 10 steps (60%) done
[Sun Apr 19 11:41:53 2026]
Finished jobid: 7 (Rule: plot_case_study_sims)
7 of 10 steps (70%) done
[Sun Apr 19 11:41:53 2026]
Finished jobid: 2 (Rule: process_case_study_sims)
8 of 10 steps (80%) done
Select jobs to execute...
Execute 1 jobs...
[Sun Apr 19 11:41:54 2026]
localrule plot_case_study_sims:
    input: src/plot_simrun.R, results/case_study_sims/DG_S.pB10/DG_S.pB10_density_plot_df.csv, results/case_study_sims/DG_S.pB10/DG_S.pB10_frequency_plot_df.csv, results/case_study_sims/DG_S.pB10/DG_S.pB10_phases_plot_df.csv
    output: results/case_study_sims/DG_S.pB10/DG_S.pB10_density_plot.pdf, results/case_study_sims/DG_S.pB10/DG_S.pB10_frequency_plot.pdf, results/case_study_sims/DG_S.pB10/DG_S.pB10_density_plot.rds, results/case_study_sims/DG_S.pB10/DG_S.pB10_frequency_plot.rds
    jobid: 1
    reason: Input files updated by another job: results/case_study_sims/DG_S.pB10/DG_S.pB10_frequency_plot_df.csv, results/case_study_sims/DG_S.pB10/DG_S.pB10_density_plot_df.csv, results/case_study_sims/DG_S.pB10/DG_S.pB10_phases_plot_df.csv
    wildcards: treatment=DG_S.pB10
    resources: tmpdir=/var/folders/dw/d0fxdqy942jc3trrhg2gvbnm0000gn/T

[Sun Apr 19 11:41:58 2026]
Finished jobid: 1 (Rule: plot_case_study_sims)
9 of 10 steps (90%) done
Select jobs to execute...
Execute 1 jobs...
[Sun Apr 19 11:41:58 2026]
localrule all:
    input: results/case_study_sims/DG_S.pB10/DG_S.pB10_density_plot.pdf, results/case_study_sims/HFC_S.pB10/HFC_S.pB10_density_plot.pdf, results/case_study_sims/LFC_S.pB10-A/LFC_S.pB10-A_density_plot.pdf, results/case_study_sims/DG_S.pB10/DG_S.pB10_frequency_plot.pdf, results/case_study_sims/HFC_S.pB10/HFC_S.pB10_frequency_plot.pdf, results/case_study_sims/LFC_S.pB10-A/LFC_S.pB10-A_frequency_plot.pdf, results/parameter_sweeps/pHFC_S.pB10-high/pHFC_S.pB10-high_change_plot.pdf, results/parameter_sweeps/pHFC_S.pB10-low/pHFC_S.pB10-low_change_plot.pdf, results/parameter_sweeps/pHFC_S.pB10/pHFC_S.pB10_change_plot.pdf, results/parameter_sweeps/pLFC_S.pB10/pLFC_S.pB10_change_plot.pdf, results/parameter_sweeps/pDim90_E.R1/pDim90_E.R1_change_plot.pdf, results/parameter_sweeps/pDim90_E.RP4/pDim90_E.RP4_change_plot.pdf, results/parameter_sweeps/pHFCi_S.pB10/pHFCi_S.pB10_change_plot.pdf, results/parameter_sweeps/pLFCi_S.pB10/pLFCi_S.pB10_change_plot.pdf, results/parameter_sweeps/pHFC_S.pB10-A/pHFC_S.pB10-A_change_plot.pdf, results/parameter_sweeps/pLFC_S.pB10-A/pLFC_S.pB10-A_change_plot.pdf, results/parameter_sweeps/pHFC_S.pB10-high/pHFC_S.pB10-high_inv_change_plot.pdf, results/parameter_sweeps/pHFC_S.pB10-low/pHFC_S.pB10-low_inv_change_plot.pdf, results/parameter_sweeps/pHFC_S.pB10/pHFC_S.pB10_inv_change_plot.pdf, results/parameter_sweeps/pLFC_S.pB10/pLFC_S.pB10_inv_change_plot.pdf, results/parameter_sweeps/pDim90_E.R1/pDim90_E.R1_inv_change_plot.pdf, results/parameter_sweeps/pDim90_E.RP4/pDim90_E.RP4_inv_change_plot.pdf, results/parameter_sweeps/pHFCi_S.pB10/pHFCi_S.pB10_inv_change_plot.pdf, results/parameter_sweeps/pLFCi_S.pB10/pLFCi_S.pB10_inv_change_plot.pdf, results/parameter_sweeps/pHFC_S.pB10-A/pHFC_S.pB10-A_inv_change_plot.pdf, results/parameter_sweeps/pLFC_S.pB10-A/pLFC_S.pB10-A_inv_change_plot.pdf, results/parameter_sweeps/pHFC_S.pB10-high/pHFC_S.pB10-high_inv_change_strain_plot.pdf, results/parameter_sweeps/pHFC_S.pB10-low/pHFC_S.pB10-low_inv_change_strain_plot.pdf, results/parameter_sweeps/pHFC_S.pB10/pHFC_S.pB10_inv_change_strain_plot.pdf, results/parameter_sweeps/pLFC_S.pB10/pLFC_S.pB10_inv_change_strain_plot.pdf, results/parameter_sweeps/pDim90_E.R1/pDim90_E.R1_inv_change_strain_plot.pdf, results/parameter_sweeps/pDim90_E.RP4/pDim90_E.RP4_inv_change_strain_plot.pdf, results/parameter_sweeps/pHFCi_S.pB10/pHFCi_S.pB10_inv_change_strain_plot.pdf, results/parameter_sweeps/pLFCi_S.pB10/pLFCi_S.pB10_inv_change_strain_plot.pdf, results/parameter_sweeps/pHFC_S.pB10-A/pHFC_S.pB10-A_inv_change_strain_plot.pdf, results/parameter_sweeps/pLFC_S.pB10-A/pLFC_S.pB10-A_inv_change_strain_plot.pdf
    jobid: 0
    reason: Input files updated by another job: results/case_study_sims/LFC_S.pB10-A/LFC_S.pB10-A_frequency_plot.pdf, results/case_study_sims/DG_S.pB10/DG_S.pB10_frequency_plot.pdf, results/case_study_sims/LFC_S.pB10-A/LFC_S.pB10-A_density_plot.pdf, results/case_study_sims/DG_S.pB10/DG_S.pB10_density_plot.pdf, results/case_study_sims/HFC_S.pB10/HFC_S.pB10_frequency_plot.pdf, results/case_study_sims/HFC_S.pB10/HFC_S.pB10_density_plot.pdf
    resources: tmpdir=/var/folders/dw/d0fxdqy942jc3trrhg2gvbnm0000gn/T

[Sun Apr 19 11:41:58 2026]
Finished jobid: 0 (Rule: all)
10 of 10 steps (100%) done
Complete log(s): /Users/liz/Documents/UW_Bio_PhD/Kerr_Lab/Plasmid_evolution/PETRI/.snakemake/log/2026-04-19T114134.875823.snakemake.log
