Assuming unrestricted shared filesystem usage.
None
host: Lizs-MacBook-Air-9.local
Building DAG of jobs...
Using shell: /bin/bash
Provided cores: 3
Rules claiming more threads will be scaled down.
Conda environments: ignored
Job stats:
job                    count
-------------------  -------
all                        1
fig5                       1
plot_phenotyping           1
process_phenotyping        1
total                      4

Select jobs to execute...
Execute 1 jobs...
[Mon May 11 13:23:00 2026]
localrule process_phenotyping:
    input: src/process_phenotyping.R, results/phenotyping/growth_rate/growthratemax_av.csv
    output: results/phenotyping/phenotyping_av.csv
    jobid: 47
    reason: Updated input files: src/process_phenotyping.R
    resources: tmpdir=/var/folders/dw/d0fxdqy942jc3trrhg2gvbnm0000gn/T

[Mon May 11 13:23:02 2026]
Finished jobid: 47 (Rule: process_phenotyping)
1 of 4 steps (25%) done
Select jobs to execute...
Execute 1 jobs...
[Mon May 11 13:23:02 2026]
localrule plot_phenotyping:
    input: src/plot_phenotyping.R, results/phenotyping/phenotyping_av.csv
    output: results/phenotyping/pB10_phenotyping.pdf, results/phenotyping/pB10_phenotyping.rds, results/phenotyping/pB10_mut_inv.pdf, results/phenotyping/pB10_mut_inv.rds, results/phenotyping/pB10_anc_inv.pdf, results/phenotyping/pB10_anc_inv.rds
    jobid: 49
    reason: Missing output files: results/phenotyping/pB10_anc_inv.rds, results/phenotyping/pB10_mut_inv.rds; Input files updated by another job: results/phenotyping/phenotyping_av.csv
    resources: tmpdir=/var/folders/dw/d0fxdqy942jc3trrhg2gvbnm0000gn/T

[Mon May 11 13:23:06 2026]
Finished jobid: 49 (Rule: plot_phenotyping)
2 of 4 steps (50%) done
Select jobs to execute...
Execute 1 jobs...
[Mon May 11 13:23:06 2026]
localrule fig5:
    input: src/fig_validation.R, results/case_study_sims/HFC_S.pB10/HFC_S.pB10_frequency_plot.rds, results/case_study_sims/LFC_S.pB10-A/LFC_S.pB10-A_frequency_plot.rds, results/experimental_validation/HFC/HFC_frequency_plot.rds, results/experimental_validation/LFC/LFC_frequency_plot.rds, results/phenotyping/phenotyping_av.csv, results/phenotyping/pB10_anc_inv.rds, results/phenotyping/pB10_mut_inv.rds
    output: figures/fig5_validation.pdf, figures/fig5_validation2.pdf
    jobid: 37
    reason: Input files updated by another job: results/phenotyping/pB10_anc_inv.rds, results/phenotyping/phenotyping_av.csv, results/phenotyping/pB10_mut_inv.rds
    resources: tmpdir=/var/folders/dw/d0fxdqy942jc3trrhg2gvbnm0000gn/T

[Mon May 11 13:23:08 2026]
Finished jobid: 37 (Rule: fig5)
3 of 4 steps (75%) done
Select jobs to execute...
Execute 1 jobs...
[Mon May 11 13:23:08 2026]
localrule all:
    input: results/parameter_sweeps/pHFC_S.pB10/pHFC_S.pB10_change_plot.pdf, results/parameter_sweeps/pLFC_S.pB10/pLFC_S.pB10_change_plot.pdf, results/parameter_sweeps/pHFC_S.pB10-A/pHFC_S.pB10-A_change_plot.pdf, results/parameter_sweeps/pLFC_S.pB10-A/pLFC_S.pB10-A_change_plot.pdf, results/parameter_sweeps/pDim90_E.R1/pDim90_E.R1_change_plot.pdf, results/parameter_sweeps/pDim90_E.RP4/pDim90_E.RP4_change_plot.pdf, results/parameter_sweeps/pHFC_S.pB10/pHFC_S.pB10_inv_change_plot.pdf, results/parameter_sweeps/pLFC_S.pB10/pLFC_S.pB10_inv_change_plot.pdf, results/parameter_sweeps/pHFC_S.pB10-A/pHFC_S.pB10-A_inv_change_plot.pdf, results/parameter_sweeps/pLFC_S.pB10-A/pLFC_S.pB10-A_inv_change_plot.pdf, results/parameter_sweeps/pDim90_E.R1/pDim90_E.R1_inv_change_plot.pdf, results/parameter_sweeps/pDim90_E.RP4/pDim90_E.RP4_inv_change_plot.pdf, results/parameter_sweeps/pHFC_S.pB10/pHFC_S.pB10_inv_change_strain_plot.pdf, results/parameter_sweeps/pLFC_S.pB10/pLFC_S.pB10_inv_change_strain_plot.pdf, results/parameter_sweeps/pHFC_S.pB10-A/pHFC_S.pB10-A_inv_change_strain_plot.pdf, results/parameter_sweeps/pLFC_S.pB10-A/pLFC_S.pB10-A_inv_change_strain_plot.pdf, results/parameter_sweeps/pDim90_E.R1/pDim90_E.R1_inv_change_strain_plot.pdf, results/parameter_sweeps/pDim90_E.RP4/pDim90_E.RP4_inv_change_strain_plot.pdf, figures/panels/fig1a_axes.pdf, figures/fig4_DG_invasion.pdf, figures/fig5_validation.pdf, figures/fig5_validation2.pdf, figures/fig6_psweep.pdf, figures/fig7_Dim_psweep.pdf
    jobid: 0
    reason: Input files updated by another job: figures/fig5_validation2.pdf, figures/fig5_validation.pdf
    resources: tmpdir=/var/folders/dw/d0fxdqy942jc3trrhg2gvbnm0000gn/T

[Mon May 11 13:23:08 2026]
Finished jobid: 0 (Rule: all)
4 of 4 steps (100%) done
Complete log(s): /Users/liz/Documents/UW_Bio_PhD/Kerr_Lab/Plasmid_evolution/PETRI/.snakemake/log/2026-05-11T132300.336439.snakemake.log
