Assuming unrestricted shared filesystem usage.
None
host: Lizs-MacBook-Air-9.local
Building DAG of jobs...
Using shell: /bin/bash
Provided cores: 7
Rules claiming more threads will be scaled down.
Job stats:
job                    count
-------------------  -------
all                        1
fig5                       1
plot_experiments           1
plot_phenotyping           1
process_experiments        1
process_extinction         1
total                      6

Select jobs to execute...
Execute 2 jobs...
[Wed Apr 22 15:24:07 2026]
localrule process_extinction:
    input: src/process_extinction.R, input_data/experimental_data/2026-01-27_T_extinction_plating.csv, input_data/experimental_data/2026-01-27_DR_extinction_plating.csv
    output: results/experimental_validation/extinction_cell_counts/extinction_size_av.csv, results/experimental_validation/extinction_cell_counts/colony_size_T_out.pdf, results/experimental_validation/extinction_cell_counts/extinction_all_out.pdf
    jobid: 65
    reason: Updated input files: src/process_extinction.R
    resources: tmpdir=/var/folders/dw/d0fxdqy942jc3trrhg2gvbnm0000gn/T

[Wed Apr 22 15:24:07 2026]
localrule plot_phenotyping:
    input: src/plot_phenotyping.R, results/phenotyping/phenotyping_av.csv
    output: results/phenotyping/pB10_phenotyping.pdf, results/phenotyping/pB10_phenotyping.rds, results/phenotyping/pB10_mut_inv.pdf, results/phenotyping/pB10_mut_inv.rds, results/phenotyping/pB10_anc_inv.pdf, results/phenotyping/pB10_anc_inv.rds
    jobid: 66
    reason: Updated input files: src/plot_phenotyping.R
    resources: tmpdir=/var/folders/dw/d0fxdqy942jc3trrhg2gvbnm0000gn/T

[Wed Apr 22 15:24:12 2026]
Finished jobid: 66 (Rule: plot_phenotyping)
1 of 6 steps (17%) done
[Wed Apr 22 15:24:12 2026]
Finished jobid: 65 (Rule: process_extinction)
2 of 6 steps (33%) done
Select jobs to execute...
Execute 1 jobs...
[Wed Apr 22 15:24:12 2026]
localrule process_experiments:
    input: src/process_experiments.R, results/experimental_validation/extinction_cell_counts/extinction_size_av.csv, input_data/experimental_data/2026-01-27_HFC_plating.csv, input_data/experimental_data/2026-01-27_LFC_plating.csv
    output: results/experimental_validation/HFC/HFC_plating_processed_av.csv, results/experimental_validation/HFC/HFC_frequency_processed_av.csv, results/experimental_validation/HFC/HFC_ttest.csv, results/experimental_validation/LFC/LFC_plating_processed_av.csv, results/experimental_validation/LFC/LFC_frequency_processed_av.csv, results/experimental_validation/LFC/LFC_ttest.csv
    jobid: 64
    reason: Input files updated by another job: results/experimental_validation/extinction_cell_counts/extinction_size_av.csv
    resources: tmpdir=/var/folders/dw/d0fxdqy942jc3trrhg2gvbnm0000gn/T

[Wed Apr 22 15:24:13 2026]
Finished jobid: 64 (Rule: process_experiments)
3 of 6 steps (50%) done
Select jobs to execute...
Execute 1 jobs...
[Wed Apr 22 15:24:13 2026]
localrule plot_experiments:
    input: src/plot_experiments.R, results/experimental_validation/HFC/HFC_plating_processed_av.csv, results/experimental_validation/HFC/HFC_frequency_processed_av.csv, results/experimental_validation/LFC/LFC_plating_processed_av.csv, results/experimental_validation/LFC/LFC_frequency_processed_av.csv
    output: results/experimental_validation/HFC/HFC_density_plot.pdf, results/experimental_validation/HFC/HFC_density_plot.rds, results/experimental_validation/HFC/HFC_frequency_plot.pdf, results/experimental_validation/HFC/HFC_frequency_plot.rds, results/experimental_validation/LFC/LFC_density_plot.pdf, results/experimental_validation/LFC/LFC_density_plot.rds, results/experimental_validation/LFC/LFC_frequency_plot.pdf, results/experimental_validation/LFC/LFC_frequency_plot.rds
    jobid: 63
    reason: Input files updated by another job: results/experimental_validation/LFC/LFC_plating_processed_av.csv, results/experimental_validation/LFC/LFC_frequency_processed_av.csv, results/experimental_validation/HFC/HFC_frequency_processed_av.csv, results/experimental_validation/HFC/HFC_plating_processed_av.csv
    resources: tmpdir=/var/folders/dw/d0fxdqy942jc3trrhg2gvbnm0000gn/T

[Wed Apr 22 15:24:18 2026]
Finished jobid: 63 (Rule: plot_experiments)
4 of 6 steps (67%) done
Select jobs to execute...
Execute 1 jobs...
[Wed Apr 22 15:24:18 2026]
localrule fig5:
    input: src/fig_validation.R, results/case_study_sims/HFC_S.pB10/HFC_S.pB10_frequency_plot.rds, results/case_study_sims/LFC_S.pB10-A/LFC_S.pB10-A_frequency_plot.rds, results/experimental_validation/HFC/HFC_frequency_plot.rds, results/experimental_validation/LFC/LFC_frequency_plot.rds, results/phenotyping/pB10_anc_inv.rds, results/phenotyping/pB10_mut_inv.rds
    output: figures/fig5_validation.pdf, figures/fig5_validation2.pdf
    jobid: 62
    reason: Missing output files: figures/fig5_validation.pdf, figures/fig5_validation2.pdf; Input files updated by another job: results/experimental_validation/LFC/LFC_frequency_plot.rds, results/phenotyping/pB10_anc_inv.rds, results/phenotyping/pB10_mut_inv.rds, results/experimental_validation/HFC/HFC_frequency_plot.rds
    resources: tmpdir=/var/folders/dw/d0fxdqy942jc3trrhg2gvbnm0000gn/T

RuleException:
CalledProcessError in file "/Users/liz/Documents/UW_Bio_PhD/Kerr_Lab/Plasmid_evolution/PETRI/Snakefile", line 318:
Command 'set -euo pipefail;  
    Rscript src/fig_validation.R' returned non-zero exit status 1.
[Wed Apr 22 15:24:20 2026]
Error in rule fig5:
    message: None
    jobid: 62
    input: src/fig_validation.R, results/case_study_sims/HFC_S.pB10/HFC_S.pB10_frequency_plot.rds, results/case_study_sims/LFC_S.pB10-A/LFC_S.pB10-A_frequency_plot.rds, results/experimental_validation/HFC/HFC_frequency_plot.rds, results/experimental_validation/LFC/LFC_frequency_plot.rds, results/phenotyping/pB10_anc_inv.rds, results/phenotyping/pB10_mut_inv.rds
    output: figures/fig5_validation.pdf, figures/fig5_validation2.pdf
    shell:
        
    Rscript src/fig_validation.R 
    
        (command exited with non-zero exit code)
Removing output files of failed job fig5 since they might be corrupted:
figures/fig5_validation.pdf
Shutting down, this might take some time.
Exiting because a job execution failed. Look below for error messages
[Wed Apr 22 15:24:20 2026]
Error in rule fig5:
    message: None
    jobid: 62
    input: src/fig_validation.R, results/case_study_sims/HFC_S.pB10/HFC_S.pB10_frequency_plot.rds, results/case_study_sims/LFC_S.pB10-A/LFC_S.pB10-A_frequency_plot.rds, results/experimental_validation/HFC/HFC_frequency_plot.rds, results/experimental_validation/LFC/LFC_frequency_plot.rds, results/phenotyping/pB10_anc_inv.rds, results/phenotyping/pB10_mut_inv.rds
    output: figures/fig5_validation.pdf, figures/fig5_validation2.pdf
    shell:
        
    Rscript src/fig_validation.R 
    
        (command exited with non-zero exit code)
Complete log(s): /Users/liz/Documents/UW_Bio_PhD/Kerr_Lab/Plasmid_evolution/PETRI/.snakemake/log/2026-04-22T152406.593041.snakemake.log
WorkflowError:
At least one job did not complete successfully.
