Assuming unrestricted shared filesystem usage.
None
host: Lizs-MacBook-Air-9.local
Building DAG of jobs...
Using shell: /bin/bash
Provided cores: 7
Rules claiming more threads will be scaled down.
Job stats:
job                        count
-----------------------  -------
all                            1
case_study_sims                3
plot_case_study_sims           3
process_case_study_sims        3
total                         10

Select jobs to execute...
Execute 3 jobs...
[Fri Feb 20 16:21:54 2026]
localrule case_study_sims:
    input: src/simrun_case_study.R, input_data/case_study_sims/HFC_S.pB10_inv_settings.csv
    output: results/case_study_sims/HFC_S.pB10/HFC_S.pB10_data.csv, results/case_study_sims/HFC_S.pB10/HFC_S.pB10_data_long.csv, results/case_study_sims/HFC_S.pB10/HFC_S.pB10_sim_plot.pdf
    jobid: 6
    reason: Missing output files: results/case_study_sims/HFC_S.pB10/HFC_S.pB10_data.csv, results/case_study_sims/HFC_S.pB10/HFC_S.pB10_data_long.csv
    wildcards: treatment=HFC_S.pB10
    resources: tmpdir=/var/folders/dw/d0fxdqy942jc3trrhg2gvbnm0000gn/T

[Fri Feb 20 16:21:54 2026]
localrule case_study_sims:
    input: src/simrun_case_study.R, input_data/case_study_sims/DG_S.pB10_inv_settings.csv
    output: results/case_study_sims/DG_S.pB10/DG_S.pB10_data.csv, results/case_study_sims/DG_S.pB10/DG_S.pB10_data_long.csv, results/case_study_sims/DG_S.pB10/DG_S.pB10_sim_plot.pdf
    jobid: 3
    reason: Missing output files: results/case_study_sims/DG_S.pB10/DG_S.pB10_data.csv, results/case_study_sims/DG_S.pB10/DG_S.pB10_data_long.csv
    wildcards: treatment=DG_S.pB10
    resources: tmpdir=/var/folders/dw/d0fxdqy942jc3trrhg2gvbnm0000gn/T

[Fri Feb 20 16:21:54 2026]
localrule case_study_sims:
    input: src/simrun_case_study.R, input_data/case_study_sims/LFC_S.pB10-A_inv_settings.csv
    output: results/case_study_sims/LFC_S.pB10-A/LFC_S.pB10-A_data.csv, results/case_study_sims/LFC_S.pB10-A/LFC_S.pB10-A_data_long.csv, results/case_study_sims/LFC_S.pB10-A/LFC_S.pB10-A_sim_plot.pdf
    jobid: 9
    reason: Missing output files: results/case_study_sims/LFC_S.pB10-A/LFC_S.pB10-A_data_long.csv, results/case_study_sims/LFC_S.pB10-A/LFC_S.pB10-A_data.csv
    wildcards: treatment=LFC_S.pB10-A
    resources: tmpdir=/var/folders/dw/d0fxdqy942jc3trrhg2gvbnm0000gn/T

RuleException:
CalledProcessError in file "/Users/liz/Documents/UW_Bio_PhD/Kerr_Lab/Plasmid_evolution/PETRI/Snakefile", line 63:
Command 'set -euo pipefail;  
    Rscript src/simrun_case_study.R       --treatment DG_S.pB10       --colors '{"p_Anc": "#8394F6", "p_Mut": "#8A407A", "p_F": "gray40", "p_growth": "#FFFBEF", "p_conj": "#D0D9FF", "p_tselect": "#FBE9FF", "p_imm": "#d0ffeb", "p_select": "#ffe9fc"}'' returned non-zero exit status 1.
[Fri Feb 20 16:21:59 2026]
Error in rule case_study_sims:
    message: None
    jobid: 3
    input: src/simrun_case_study.R, input_data/case_study_sims/DG_S.pB10_inv_settings.csv
    output: results/case_study_sims/DG_S.pB10/DG_S.pB10_data.csv, results/case_study_sims/DG_S.pB10/DG_S.pB10_data_long.csv, results/case_study_sims/DG_S.pB10/DG_S.pB10_sim_plot.pdf
    shell:
        
    Rscript src/simrun_case_study.R       --treatment DG_S.pB10       --colors '{"p_Anc": "#8394F6", "p_Mut": "#8A407A", "p_F": "gray40", "p_growth": "#FFFBEF", "p_conj": "#D0D9FF", "p_tselect": "#FBE9FF", "p_imm": "#d0ffeb", "p_select": "#ffe9fc"}'
    
        (command exited with non-zero exit code)
RuleException:
CalledProcessError in file "/Users/liz/Documents/UW_Bio_PhD/Kerr_Lab/Plasmid_evolution/PETRI/Snakefile", line 63:
Command 'set -euo pipefail;  
    Rscript src/simrun_case_study.R       --treatment LFC_S.pB10-A       --colors '{"p_Anc": "#8394F6", "p_Mut": "#8A407A", "p_F": "gray40", "p_growth": "#FFFBEF", "p_conj": "#D0D9FF", "p_tselect": "#FBE9FF", "p_imm": "#d0ffeb", "p_select": "#ffe9fc"}'' returned non-zero exit status 1.
[Fri Feb 20 16:21:59 2026]
Error in rule case_study_sims:
    message: None
    jobid: 9
    input: src/simrun_case_study.R, input_data/case_study_sims/LFC_S.pB10-A_inv_settings.csv
    output: results/case_study_sims/LFC_S.pB10-A/LFC_S.pB10-A_data.csv, results/case_study_sims/LFC_S.pB10-A/LFC_S.pB10-A_data_long.csv, results/case_study_sims/LFC_S.pB10-A/LFC_S.pB10-A_sim_plot.pdf
    shell:
        
    Rscript src/simrun_case_study.R       --treatment LFC_S.pB10-A       --colors '{"p_Anc": "#8394F6", "p_Mut": "#8A407A", "p_F": "gray40", "p_growth": "#FFFBEF", "p_conj": "#D0D9FF", "p_tselect": "#FBE9FF", "p_imm": "#d0ffeb", "p_select": "#ffe9fc"}'
    
        (command exited with non-zero exit code)
RuleException:
CalledProcessError in file "/Users/liz/Documents/UW_Bio_PhD/Kerr_Lab/Plasmid_evolution/PETRI/Snakefile", line 63:
Command 'set -euo pipefail;  
    Rscript src/simrun_case_study.R       --treatment HFC_S.pB10       --colors '{"p_Anc": "#8394F6", "p_Mut": "#8A407A", "p_F": "gray40", "p_growth": "#FFFBEF", "p_conj": "#D0D9FF", "p_tselect": "#FBE9FF", "p_imm": "#d0ffeb", "p_select": "#ffe9fc"}'' returned non-zero exit status 1.
[Fri Feb 20 16:21:59 2026]
Error in rule case_study_sims:
    message: None
    jobid: 6
    input: src/simrun_case_study.R, input_data/case_study_sims/HFC_S.pB10_inv_settings.csv
    output: results/case_study_sims/HFC_S.pB10/HFC_S.pB10_data.csv, results/case_study_sims/HFC_S.pB10/HFC_S.pB10_data_long.csv, results/case_study_sims/HFC_S.pB10/HFC_S.pB10_sim_plot.pdf
    shell:
        
    Rscript src/simrun_case_study.R       --treatment HFC_S.pB10       --colors '{"p_Anc": "#8394F6", "p_Mut": "#8A407A", "p_F": "gray40", "p_growth": "#FFFBEF", "p_conj": "#D0D9FF", "p_tselect": "#FBE9FF", "p_imm": "#d0ffeb", "p_select": "#ffe9fc"}'
    
        (command exited with non-zero exit code)
Shutting down, this might take some time.
Exiting because a job execution failed. Look below for error messages
[Fri Feb 20 16:21:59 2026]
Error in rule case_study_sims:
    message: None
    jobid: 6
    input: src/simrun_case_study.R, input_data/case_study_sims/HFC_S.pB10_inv_settings.csv
    output: results/case_study_sims/HFC_S.pB10/HFC_S.pB10_data.csv, results/case_study_sims/HFC_S.pB10/HFC_S.pB10_data_long.csv, results/case_study_sims/HFC_S.pB10/HFC_S.pB10_sim_plot.pdf
    shell:
        
    Rscript src/simrun_case_study.R       --treatment HFC_S.pB10       --colors '{"p_Anc": "#8394F6", "p_Mut": "#8A407A", "p_F": "gray40", "p_growth": "#FFFBEF", "p_conj": "#D0D9FF", "p_tselect": "#FBE9FF", "p_imm": "#d0ffeb", "p_select": "#ffe9fc"}'
    
        (command exited with non-zero exit code)
[Fri Feb 20 16:21:59 2026]
Error in rule case_study_sims:
    message: None
    jobid: 3
    input: src/simrun_case_study.R, input_data/case_study_sims/DG_S.pB10_inv_settings.csv
    output: results/case_study_sims/DG_S.pB10/DG_S.pB10_data.csv, results/case_study_sims/DG_S.pB10/DG_S.pB10_data_long.csv, results/case_study_sims/DG_S.pB10/DG_S.pB10_sim_plot.pdf
    shell:
        
    Rscript src/simrun_case_study.R       --treatment DG_S.pB10       --colors '{"p_Anc": "#8394F6", "p_Mut": "#8A407A", "p_F": "gray40", "p_growth": "#FFFBEF", "p_conj": "#D0D9FF", "p_tselect": "#FBE9FF", "p_imm": "#d0ffeb", "p_select": "#ffe9fc"}'
    
        (command exited with non-zero exit code)
[Fri Feb 20 16:21:59 2026]
Error in rule case_study_sims:
    message: None
    jobid: 9
    input: src/simrun_case_study.R, input_data/case_study_sims/LFC_S.pB10-A_inv_settings.csv
    output: results/case_study_sims/LFC_S.pB10-A/LFC_S.pB10-A_data.csv, results/case_study_sims/LFC_S.pB10-A/LFC_S.pB10-A_data_long.csv, results/case_study_sims/LFC_S.pB10-A/LFC_S.pB10-A_sim_plot.pdf
    shell:
        
    Rscript src/simrun_case_study.R       --treatment LFC_S.pB10-A       --colors '{"p_Anc": "#8394F6", "p_Mut": "#8A407A", "p_F": "gray40", "p_growth": "#FFFBEF", "p_conj": "#D0D9FF", "p_tselect": "#FBE9FF", "p_imm": "#d0ffeb", "p_select": "#ffe9fc"}'
    
        (command exited with non-zero exit code)
Complete log(s): /Users/liz/Documents/UW_Bio_PhD/Kerr_Lab/Plasmid_evolution/PETRI/.snakemake/log/2026-02-20T162153.496360.snakemake.log
WorkflowError:
At least one job did not complete successfully.
