Assuming unrestricted shared filesystem usage.
None
host: Lizs-MacBook-Air-9.local
Building DAG of jobs...
Using shell: /bin/bash
Provided cores: 7
Rules claiming more threads will be scaled down.
Job stats:
job            count
-----------  -------
all                1
plot_psweep        4
total              5

Select jobs to execute...
Execute 4 jobs...
[Mon Feb  9 11:41:30 2026]
localrule plot_psweep:
    input: src/plot_psweep.R, results/parameter_sweeps/pHFC_S.pB10/pHFC_S.pB10_plot.csv
    output: results/parameter_sweeps/pHFC_S.pB10/pHFC_S.pB10_change_plot.pdf, results/parameter_sweeps/pHFC_S.pB10/pHFC_S.pB10_inv_change_plot.pdf
    jobid: 4
    reason: Updated input files: src/plot_psweep.R
    wildcards: psweep=pHFC_S.pB10
    resources: tmpdir=/var/folders/dw/d0fxdqy942jc3trrhg2gvbnm0000gn/T

[Mon Feb  9 11:41:30 2026]
localrule plot_psweep:
    input: src/plot_psweep.R, results/parameter_sweeps/pLFC_S.pB10/pLFC_S.pB10_plot.csv
    output: results/parameter_sweeps/pLFC_S.pB10/pLFC_S.pB10_change_plot.pdf, results/parameter_sweeps/pLFC_S.pB10/pLFC_S.pB10_inv_change_plot.pdf
    jobid: 8
    reason: Updated input files: src/plot_psweep.R
    wildcards: psweep=pLFC_S.pB10
    resources: tmpdir=/var/folders/dw/d0fxdqy942jc3trrhg2gvbnm0000gn/T

[Mon Feb  9 11:41:30 2026]
localrule plot_psweep:
    input: src/plot_psweep.R, results/parameter_sweeps/pDim_E.R1/pDim_E.R1_plot.csv
    output: results/parameter_sweeps/pDim_E.R1/pDim_E.R1_change_plot.pdf, results/parameter_sweeps/pDim_E.R1/pDim_E.R1_inv_change_plot.pdf
    jobid: 12
    reason: Updated input files: src/plot_psweep.R
    wildcards: psweep=pDim_E.R1
    resources: tmpdir=/var/folders/dw/d0fxdqy942jc3trrhg2gvbnm0000gn/T

[Mon Feb  9 11:41:30 2026]
localrule plot_psweep:
    input: src/plot_psweep.R, results/parameter_sweeps/pDim_E.RP4/pDim_E.RP4_plot.csv
    output: results/parameter_sweeps/pDim_E.RP4/pDim_E.RP4_change_plot.pdf, results/parameter_sweeps/pDim_E.RP4/pDim_E.RP4_inv_change_plot.pdf
    jobid: 16
    reason: Updated input files: src/plot_psweep.R
    wildcards: psweep=pDim_E.RP4
    resources: tmpdir=/var/folders/dw/d0fxdqy942jc3trrhg2gvbnm0000gn/T

[Mon Feb  9 11:41:37 2026]
Finished jobid: 4 (Rule: plot_psweep)
1 of 5 steps (20%) done
[Mon Feb  9 11:41:37 2026]
Finished jobid: 8 (Rule: plot_psweep)
2 of 5 steps (40%) done
[Mon Feb  9 11:41:37 2026]
Finished jobid: 16 (Rule: plot_psweep)
3 of 5 steps (60%) done
[Mon Feb  9 11:41:37 2026]
Finished jobid: 12 (Rule: plot_psweep)
4 of 5 steps (80%) done
Select jobs to execute...
Execute 1 jobs...
[Mon Feb  9 11:41:38 2026]
localrule all:
    input: results/case_study_sims/E.R1/E.R1_density_plot.pdf, results/case_study_sims/E.R1/E.R1_frequency_plot.pdf, results/parameter_sweeps/pHFC_S.pB10/pHFC_S.pB10_change_plot.pdf, results/parameter_sweeps/pLFC_S.pB10/pLFC_S.pB10_change_plot.pdf, results/parameter_sweeps/pDim_E.R1/pDim_E.R1_change_plot.pdf, results/parameter_sweeps/pDim_E.RP4/pDim_E.RP4_change_plot.pdf, results/parameter_sweeps/pHFC_S.pB10/pHFC_S.pB10_inv_change_plot.pdf, results/parameter_sweeps/pLFC_S.pB10/pLFC_S.pB10_inv_change_plot.pdf, results/parameter_sweeps/pDim_E.R1/pDim_E.R1_inv_change_plot.pdf, results/parameter_sweeps/pDim_E.RP4/pDim_E.RP4_inv_change_plot.pdf
    jobid: 0
    reason: Input files updated by another job: results/parameter_sweeps/pDim_E.RP4/pDim_E.RP4_change_plot.pdf, results/parameter_sweeps/pLFC_S.pB10/pLFC_S.pB10_change_plot.pdf, results/parameter_sweeps/pDim_E.R1/pDim_E.R1_inv_change_plot.pdf, results/parameter_sweeps/pDim_E.RP4/pDim_E.RP4_inv_change_plot.pdf, results/parameter_sweeps/pDim_E.R1/pDim_E.R1_change_plot.pdf, results/parameter_sweeps/pHFC_S.pB10/pHFC_S.pB10_change_plot.pdf, results/parameter_sweeps/pHFC_S.pB10/pHFC_S.pB10_inv_change_plot.pdf, results/parameter_sweeps/pLFC_S.pB10/pLFC_S.pB10_inv_change_plot.pdf
    resources: tmpdir=/var/folders/dw/d0fxdqy942jc3trrhg2gvbnm0000gn/T

[Mon Feb  9 11:41:38 2026]
Finished jobid: 0 (Rule: all)
5 of 5 steps (100%) done
Complete log(s): /Users/liz/Documents/UW_Bio_PhD/Kerr_Lab/Plasmid_evolution/PETRI/.snakemake/log/2026-02-09T114129.971042.snakemake.log
