Assuming unrestricted shared filesystem usage.
None
host: Lizs-MacBook-Air-9.local
Building DAG of jobs...
Using shell: /bin/bash
Provided cores: 7
Rules claiming more threads will be scaled down.
Job stats:
job                 count
----------------  -------
all                     1
plot_psweep             1
process_psweep          1
psweep_parameter        1
psweep_sims             1
total                   5

Select jobs to execute...
Execute 1 jobs...
[Thu Feb  5 17:16:08 2026]
localrule psweep_parameter:
    input: src/generate_parameter_sets.R, input_data/parameter_sweeps/pHFC_S.pB10_psweep_settings.csv
    output: results/parameter_sweeps/pHFC_S.pB10/pHFC_S.pB10_params.csv, results/parameter_sweeps/pHFC_S.pB10/pHFC_S.pB10_settings.rds
    jobid: 7
    reason: Missing output files: results/parameter_sweeps/pHFC_S.pB10/pHFC_S.pB10_params.csv, results/parameter_sweeps/pHFC_S.pB10/pHFC_S.pB10_settings.rds; Code has changed since last execution
    wildcards: psweep=pHFC_S.pB10
    resources: tmpdir=/var/folders/dw/d0fxdqy942jc3trrhg2gvbnm0000gn/T

[Thu Feb  5 17:16:12 2026]
Finished jobid: 7 (Rule: psweep_parameter)
1 of 5 steps (20%) done
Select jobs to execute...
Execute 1 jobs...
[Thu Feb  5 17:16:12 2026]
localrule psweep_sims:
    input: src/simrun_psweep.R, results/parameter_sweeps/pHFC_S.pB10/pHFC_S.pB10_params.csv, results/parameter_sweeps/pHFC_S.pB10/pHFC_S.pB10_settings.rds
    output: results/parameter_sweeps/pHFC_S.pB10/pHFC_S.pB10_out.csv
    jobid: 6
    reason: Missing output files: results/parameter_sweeps/pHFC_S.pB10/pHFC_S.pB10_out.csv; Input files updated by another job: results/parameter_sweeps/pHFC_S.pB10/pHFC_S.pB10_params.csv, results/parameter_sweeps/pHFC_S.pB10/pHFC_S.pB10_settings.rds
    wildcards: psweep=pHFC_S.pB10
    threads: 5
    resources: tmpdir=/var/folders/dw/d0fxdqy942jc3trrhg2gvbnm0000gn/T

[Thu Feb  5 17:16:29 2026]
Finished jobid: 6 (Rule: psweep_sims)
2 of 5 steps (40%) done
Select jobs to execute...
Execute 1 jobs...
[Thu Feb  5 17:16:29 2026]
localrule process_psweep:
    input: src/process_psweep.R, results/parameter_sweeps/pHFC_S.pB10/pHFC_S.pB10_out.csv, results/parameter_sweeps/pHFC_S.pB10/pHFC_S.pB10_settings.rds
    output: results/parameter_sweeps/pHFC_S.pB10/pHFC_S.pB10_plot.csv
    jobid: 5
    reason: Missing output files: results/parameter_sweeps/pHFC_S.pB10/pHFC_S.pB10_plot.csv; Input files updated by another job: results/parameter_sweeps/pHFC_S.pB10/pHFC_S.pB10_out.csv, results/parameter_sweeps/pHFC_S.pB10/pHFC_S.pB10_settings.rds
    wildcards: psweep=pHFC_S.pB10
    resources: tmpdir=/var/folders/dw/d0fxdqy942jc3trrhg2gvbnm0000gn/T

[Thu Feb  5 17:16:33 2026]
Finished jobid: 5 (Rule: process_psweep)
3 of 5 steps (60%) done
Select jobs to execute...
Execute 1 jobs...
[Thu Feb  5 17:16:33 2026]
localrule plot_psweep:
    input: src/plot_psweep.R, results/parameter_sweeps/pHFC_S.pB10/pHFC_S.pB10_plot.csv
    output: results/parameter_sweeps/pHFC_S.pB10/pHFC_S.pB10_change_plot.pdf, results/parameter_sweeps/pHFC_S.pB10/pHFC_S.pB10_inv_change_plot.pdf
    jobid: 4
    reason: Missing output files: results/parameter_sweeps/pHFC_S.pB10/pHFC_S.pB10_change_plot.pdf, results/parameter_sweeps/pHFC_S.pB10/pHFC_S.pB10_inv_change_plot.pdf; Input files updated by another job: results/parameter_sweeps/pHFC_S.pB10/pHFC_S.pB10_plot.csv
    wildcards: psweep=pHFC_S.pB10
    resources: tmpdir=/var/folders/dw/d0fxdqy942jc3trrhg2gvbnm0000gn/T

RuleException:
CalledProcessError in file "/Users/liz/Documents/UW_Bio_PhD/Kerr_Lab/Plasmid_evolution/PETRI/Snakefile", line 161:
Command 'set -euo pipefail;  
    Rscript src/plot_psweep.R       --psweepsetting pHFC_S.pB10       --colors '{"p_Exc": "gray95", "p_Dis": "#140433", "p_lowI": "#FFC2C2", "p_highI": "#C20000", "p_lowD": "#BABAFF", "p_highD": "#0000AB"}'' returned non-zero exit status 1.
[Thu Feb  5 17:16:37 2026]
Error in rule plot_psweep:
    message: None
    jobid: 4
    input: src/plot_psweep.R, results/parameter_sweeps/pHFC_S.pB10/pHFC_S.pB10_plot.csv
    output: results/parameter_sweeps/pHFC_S.pB10/pHFC_S.pB10_change_plot.pdf, results/parameter_sweeps/pHFC_S.pB10/pHFC_S.pB10_inv_change_plot.pdf
    shell:
        
    Rscript src/plot_psweep.R       --psweepsetting pHFC_S.pB10       --colors '{"p_Exc": "gray95", "p_Dis": "#140433", "p_lowI": "#FFC2C2", "p_highI": "#C20000", "p_lowD": "#BABAFF", "p_highD": "#0000AB"}'
    
        (command exited with non-zero exit code)
Shutting down, this might take some time.
Exiting because a job execution failed. Look below for error messages
[Thu Feb  5 17:16:37 2026]
Error in rule plot_psweep:
    message: None
    jobid: 4
    input: src/plot_psweep.R, results/parameter_sweeps/pHFC_S.pB10/pHFC_S.pB10_plot.csv
    output: results/parameter_sweeps/pHFC_S.pB10/pHFC_S.pB10_change_plot.pdf, results/parameter_sweeps/pHFC_S.pB10/pHFC_S.pB10_inv_change_plot.pdf
    shell:
        
    Rscript src/plot_psweep.R       --psweepsetting pHFC_S.pB10       --colors '{"p_Exc": "gray95", "p_Dis": "#140433", "p_lowI": "#FFC2C2", "p_highI": "#C20000", "p_lowD": "#BABAFF", "p_highD": "#0000AB"}'
    
        (command exited with non-zero exit code)
Complete log(s): /Users/liz/Documents/UW_Bio_PhD/Kerr_Lab/Plasmid_evolution/PETRI/.snakemake/log/2026-02-05T171607.674594.snakemake.log
WorkflowError:
At least one job did not complete successfully.
