Assuming unrestricted shared filesystem usage.
None
host: Lizs-MacBook-Air-9.local
Building DAG of jobs...
Using shell: /bin/bash
Provided cores: 6
Rules claiming more threads will be scaled down.
Conda environments: ignored
Job stats:
job                   count
------------------  -------
all                       1
plot_psweep_strain        6
total                     7

Select jobs to execute...
Execute 6 jobs...
[Wed May 13 11:05:43 2026]
localrule plot_psweep_strain:
    input: input_data/strain_phenotypes.csv, src/plot_psweep_strain.R, results/parameter_sweeps/pLFC_S.pB10-A/pLFC_S.pB10-A_inv_change_plot.rds
    output: results/parameter_sweeps/pLFC_S.pB10-A/pLFC_S.pB10-A_inv_change_strain_plot.pdf
    jobid: 28
    reason: Updated input files: src/plot_psweep_strain.R
    wildcards: psweep=pLFC_S.pB10-A
    resources: tmpdir=/var/folders/dw/d0fxdqy942jc3trrhg2gvbnm0000gn/T

[Wed May 13 11:05:43 2026]
localrule plot_psweep_strain:
    input: input_data/strain_phenotypes.csv, src/plot_psweep_strain.R, results/parameter_sweeps/pHFC_S.pB10-A/pHFC_S.pB10-A_inv_change_plot.rds
    output: results/parameter_sweeps/pHFC_S.pB10-A/pHFC_S.pB10-A_inv_change_strain_plot.pdf
    jobid: 27
    reason: Updated input files: src/plot_psweep_strain.R
    wildcards: psweep=pHFC_S.pB10-A
    resources: tmpdir=/var/folders/dw/d0fxdqy942jc3trrhg2gvbnm0000gn/T

[Wed May 13 11:05:43 2026]
localrule plot_psweep_strain:
    input: input_data/strain_phenotypes.csv, src/plot_psweep_strain.R, results/parameter_sweeps/pLFC_S.pB10/pLFC_S.pB10_inv_change_plot.rds
    output: results/parameter_sweeps/pLFC_S.pB10/pLFC_S.pB10_inv_change_strain_plot.pdf
    jobid: 26
    reason: Updated input files: src/plot_psweep_strain.R
    wildcards: psweep=pLFC_S.pB10
    resources: tmpdir=/var/folders/dw/d0fxdqy942jc3trrhg2gvbnm0000gn/T

[Wed May 13 11:05:43 2026]
localrule plot_psweep_strain:
    input: input_data/strain_phenotypes.csv, src/plot_psweep_strain.R, results/parameter_sweeps/pHFC_S.pB10/pHFC_S.pB10_inv_change_plot.rds
    output: results/parameter_sweeps/pHFC_S.pB10/pHFC_S.pB10_inv_change_strain_plot.pdf
    jobid: 25
    reason: Updated input files: src/plot_psweep_strain.R
    wildcards: psweep=pHFC_S.pB10
    resources: tmpdir=/var/folders/dw/d0fxdqy942jc3trrhg2gvbnm0000gn/T

[Wed May 13 11:05:43 2026]
localrule plot_psweep_strain:
    input: input_data/strain_phenotypes.csv, src/plot_psweep_strain.R, results/parameter_sweeps/pDim90_E.RP4/pDim90_E.RP4_inv_change_plot.rds
    output: results/parameter_sweeps/pDim90_E.RP4/pDim90_E.RP4_inv_change_strain_plot.pdf
    jobid: 30
    reason: Updated input files: src/plot_psweep_strain.R
    wildcards: psweep=pDim90_E.RP4
    resources: tmpdir=/var/folders/dw/d0fxdqy942jc3trrhg2gvbnm0000gn/T

[Wed May 13 11:05:43 2026]
localrule plot_psweep_strain:
    input: input_data/strain_phenotypes.csv, src/plot_psweep_strain.R, results/parameter_sweeps/pDim90_E.R1/pDim90_E.R1_inv_change_plot.rds
    output: results/parameter_sweeps/pDim90_E.R1/pDim90_E.R1_inv_change_strain_plot.pdf
    jobid: 29
    reason: Updated input files: src/plot_psweep_strain.R
    wildcards: psweep=pDim90_E.R1
    resources: tmpdir=/var/folders/dw/d0fxdqy942jc3trrhg2gvbnm0000gn/T

RuleException:
CalledProcessError in file "/Users/liz/Documents/UW_Bio_PhD/Kerr_Lab/Plasmid_evolution/PETRI/Snakefile", line 214:
Command 'set -euo pipefail;  
    Rscript src/plot_psweep_strain.R       --psweepsetting pLFC_S.pB10-A      --points '{"psweep_point_size": 2, "exp_point_size": 3, "ph_point_size": 4, "sh_Anc": 16, "sh_Mut": 17, "sh_R1": 16, "sh_copA": 18, "sh_finO": 15}'' returned non-zero exit status 1.
[Wed May 13 11:05:49 2026]
Error in rule plot_psweep_strain:
    message: None
    jobid: 28
    input: input_data/strain_phenotypes.csv, src/plot_psweep_strain.R, results/parameter_sweeps/pLFC_S.pB10-A/pLFC_S.pB10-A_inv_change_plot.rds
    output: results/parameter_sweeps/pLFC_S.pB10-A/pLFC_S.pB10-A_inv_change_strain_plot.pdf
    shell:
        
    Rscript src/plot_psweep_strain.R       --psweepsetting pLFC_S.pB10-A      --points '{"psweep_point_size": 2, "exp_point_size": 3, "ph_point_size": 4, "sh_Anc": 16, "sh_Mut": 17, "sh_R1": 16, "sh_copA": 18, "sh_finO": 15}'
    
        (command exited with non-zero exit code)
RuleException:
CalledProcessError in file "/Users/liz/Documents/UW_Bio_PhD/Kerr_Lab/Plasmid_evolution/PETRI/Snakefile", line 214:
Command 'set -euo pipefail;  
    Rscript src/plot_psweep_strain.R       --psweepsetting pHFC_S.pB10-A      --points '{"psweep_point_size": 2, "exp_point_size": 3, "ph_point_size": 4, "sh_Anc": 16, "sh_Mut": 17, "sh_R1": 16, "sh_copA": 18, "sh_finO": 15}'' returned non-zero exit status 1.
[Wed May 13 11:05:49 2026]
Error in rule plot_psweep_strain:
    message: None
    jobid: 27
    input: input_data/strain_phenotypes.csv, src/plot_psweep_strain.R, results/parameter_sweeps/pHFC_S.pB10-A/pHFC_S.pB10-A_inv_change_plot.rds
    output: results/parameter_sweeps/pHFC_S.pB10-A/pHFC_S.pB10-A_inv_change_strain_plot.pdf
    shell:
        
    Rscript src/plot_psweep_strain.R       --psweepsetting pHFC_S.pB10-A      --points '{"psweep_point_size": 2, "exp_point_size": 3, "ph_point_size": 4, "sh_Anc": 16, "sh_Mut": 17, "sh_R1": 16, "sh_copA": 18, "sh_finO": 15}'
    
        (command exited with non-zero exit code)
RuleException:
CalledProcessError in file "/Users/liz/Documents/UW_Bio_PhD/Kerr_Lab/Plasmid_evolution/PETRI/Snakefile", line 214:
Command 'set -euo pipefail;  
    Rscript src/plot_psweep_strain.R       --psweepsetting pDim90_E.RP4      --points '{"psweep_point_size": 2, "exp_point_size": 3, "ph_point_size": 4, "sh_Anc": 16, "sh_Mut": 17, "sh_R1": 16, "sh_copA": 18, "sh_finO": 15}'' returned non-zero exit status 1.
[Wed May 13 11:05:49 2026]
Error in rule plot_psweep_strain:
    message: None
    jobid: 30
    input: input_data/strain_phenotypes.csv, src/plot_psweep_strain.R, results/parameter_sweeps/pDim90_E.RP4/pDim90_E.RP4_inv_change_plot.rds
    output: results/parameter_sweeps/pDim90_E.RP4/pDim90_E.RP4_inv_change_strain_plot.pdf
    shell:
        
    Rscript src/plot_psweep_strain.R       --psweepsetting pDim90_E.RP4      --points '{"psweep_point_size": 2, "exp_point_size": 3, "ph_point_size": 4, "sh_Anc": 16, "sh_Mut": 17, "sh_R1": 16, "sh_copA": 18, "sh_finO": 15}'
    
        (command exited with non-zero exit code)
RuleException:
CalledProcessError in file "/Users/liz/Documents/UW_Bio_PhD/Kerr_Lab/Plasmid_evolution/PETRI/Snakefile", line 214:
Command 'set -euo pipefail;  
    Rscript src/plot_psweep_strain.R       --psweepsetting pDim90_E.R1      --points '{"psweep_point_size": 2, "exp_point_size": 3, "ph_point_size": 4, "sh_Anc": 16, "sh_Mut": 17, "sh_R1": 16, "sh_copA": 18, "sh_finO": 15}'' returned non-zero exit status 1.
[Wed May 13 11:05:49 2026]
Error in rule plot_psweep_strain:
    message: None
    jobid: 29
    input: input_data/strain_phenotypes.csv, src/plot_psweep_strain.R, results/parameter_sweeps/pDim90_E.R1/pDim90_E.R1_inv_change_plot.rds
    output: results/parameter_sweeps/pDim90_E.R1/pDim90_E.R1_inv_change_strain_plot.pdf
    shell:
        
    Rscript src/plot_psweep_strain.R       --psweepsetting pDim90_E.R1      --points '{"psweep_point_size": 2, "exp_point_size": 3, "ph_point_size": 4, "sh_Anc": 16, "sh_Mut": 17, "sh_R1": 16, "sh_copA": 18, "sh_finO": 15}'
    
        (command exited with non-zero exit code)
RuleException:
CalledProcessError in file "/Users/liz/Documents/UW_Bio_PhD/Kerr_Lab/Plasmid_evolution/PETRI/Snakefile", line 214:
Command 'set -euo pipefail;  
    Rscript src/plot_psweep_strain.R       --psweepsetting pLFC_S.pB10      --points '{"psweep_point_size": 2, "exp_point_size": 3, "ph_point_size": 4, "sh_Anc": 16, "sh_Mut": 17, "sh_R1": 16, "sh_copA": 18, "sh_finO": 15}'' returned non-zero exit status 1.
[Wed May 13 11:05:49 2026]
Error in rule plot_psweep_strain:
    message: None
    jobid: 26
    input: input_data/strain_phenotypes.csv, src/plot_psweep_strain.R, results/parameter_sweeps/pLFC_S.pB10/pLFC_S.pB10_inv_change_plot.rds
    output: results/parameter_sweeps/pLFC_S.pB10/pLFC_S.pB10_inv_change_strain_plot.pdf
    shell:
        
    Rscript src/plot_psweep_strain.R       --psweepsetting pLFC_S.pB10      --points '{"psweep_point_size": 2, "exp_point_size": 3, "ph_point_size": 4, "sh_Anc": 16, "sh_Mut": 17, "sh_R1": 16, "sh_copA": 18, "sh_finO": 15}'
    
        (command exited with non-zero exit code)
RuleException:
CalledProcessError in file "/Users/liz/Documents/UW_Bio_PhD/Kerr_Lab/Plasmid_evolution/PETRI/Snakefile", line 214:
Command 'set -euo pipefail;  
    Rscript src/plot_psweep_strain.R       --psweepsetting pHFC_S.pB10      --points '{"psweep_point_size": 2, "exp_point_size": 3, "ph_point_size": 4, "sh_Anc": 16, "sh_Mut": 17, "sh_R1": 16, "sh_copA": 18, "sh_finO": 15}'' returned non-zero exit status 1.
[Wed May 13 11:05:49 2026]
Error in rule plot_psweep_strain:
    message: None
    jobid: 25
    input: input_data/strain_phenotypes.csv, src/plot_psweep_strain.R, results/parameter_sweeps/pHFC_S.pB10/pHFC_S.pB10_inv_change_plot.rds
    output: results/parameter_sweeps/pHFC_S.pB10/pHFC_S.pB10_inv_change_strain_plot.pdf
    shell:
        
    Rscript src/plot_psweep_strain.R       --psweepsetting pHFC_S.pB10      --points '{"psweep_point_size": 2, "exp_point_size": 3, "ph_point_size": 4, "sh_Anc": 16, "sh_Mut": 17, "sh_R1": 16, "sh_copA": 18, "sh_finO": 15}'
    
        (command exited with non-zero exit code)
Shutting down, this might take some time.
Exiting because a job execution failed. Look below for error messages
[Wed May 13 11:05:49 2026]
Error in rule plot_psweep_strain:
    message: None
    jobid: 28
    input: input_data/strain_phenotypes.csv, src/plot_psweep_strain.R, results/parameter_sweeps/pLFC_S.pB10-A/pLFC_S.pB10-A_inv_change_plot.rds
    output: results/parameter_sweeps/pLFC_S.pB10-A/pLFC_S.pB10-A_inv_change_strain_plot.pdf
    shell:
        
    Rscript src/plot_psweep_strain.R       --psweepsetting pLFC_S.pB10-A      --points '{"psweep_point_size": 2, "exp_point_size": 3, "ph_point_size": 4, "sh_Anc": 16, "sh_Mut": 17, "sh_R1": 16, "sh_copA": 18, "sh_finO": 15}'
    
        (command exited with non-zero exit code)
[Wed May 13 11:05:49 2026]
Error in rule plot_psweep_strain:
    message: None
    jobid: 27
    input: input_data/strain_phenotypes.csv, src/plot_psweep_strain.R, results/parameter_sweeps/pHFC_S.pB10-A/pHFC_S.pB10-A_inv_change_plot.rds
    output: results/parameter_sweeps/pHFC_S.pB10-A/pHFC_S.pB10-A_inv_change_strain_plot.pdf
    shell:
        
    Rscript src/plot_psweep_strain.R       --psweepsetting pHFC_S.pB10-A      --points '{"psweep_point_size": 2, "exp_point_size": 3, "ph_point_size": 4, "sh_Anc": 16, "sh_Mut": 17, "sh_R1": 16, "sh_copA": 18, "sh_finO": 15}'
    
        (command exited with non-zero exit code)
[Wed May 13 11:05:49 2026]
Error in rule plot_psweep_strain:
    message: None
    jobid: 26
    input: input_data/strain_phenotypes.csv, src/plot_psweep_strain.R, results/parameter_sweeps/pLFC_S.pB10/pLFC_S.pB10_inv_change_plot.rds
    output: results/parameter_sweeps/pLFC_S.pB10/pLFC_S.pB10_inv_change_strain_plot.pdf
    shell:
        
    Rscript src/plot_psweep_strain.R       --psweepsetting pLFC_S.pB10      --points '{"psweep_point_size": 2, "exp_point_size": 3, "ph_point_size": 4, "sh_Anc": 16, "sh_Mut": 17, "sh_R1": 16, "sh_copA": 18, "sh_finO": 15}'
    
        (command exited with non-zero exit code)
[Wed May 13 11:05:49 2026]
Error in rule plot_psweep_strain:
    message: None
    jobid: 25
    input: input_data/strain_phenotypes.csv, src/plot_psweep_strain.R, results/parameter_sweeps/pHFC_S.pB10/pHFC_S.pB10_inv_change_plot.rds
    output: results/parameter_sweeps/pHFC_S.pB10/pHFC_S.pB10_inv_change_strain_plot.pdf
    shell:
        
    Rscript src/plot_psweep_strain.R       --psweepsetting pHFC_S.pB10      --points '{"psweep_point_size": 2, "exp_point_size": 3, "ph_point_size": 4, "sh_Anc": 16, "sh_Mut": 17, "sh_R1": 16, "sh_copA": 18, "sh_finO": 15}'
    
        (command exited with non-zero exit code)
[Wed May 13 11:05:49 2026]
Error in rule plot_psweep_strain:
    message: None
    jobid: 30
    input: input_data/strain_phenotypes.csv, src/plot_psweep_strain.R, results/parameter_sweeps/pDim90_E.RP4/pDim90_E.RP4_inv_change_plot.rds
    output: results/parameter_sweeps/pDim90_E.RP4/pDim90_E.RP4_inv_change_strain_plot.pdf
    shell:
        
    Rscript src/plot_psweep_strain.R       --psweepsetting pDim90_E.RP4      --points '{"psweep_point_size": 2, "exp_point_size": 3, "ph_point_size": 4, "sh_Anc": 16, "sh_Mut": 17, "sh_R1": 16, "sh_copA": 18, "sh_finO": 15}'
    
        (command exited with non-zero exit code)
[Wed May 13 11:05:49 2026]
Error in rule plot_psweep_strain:
    message: None
    jobid: 29
    input: input_data/strain_phenotypes.csv, src/plot_psweep_strain.R, results/parameter_sweeps/pDim90_E.R1/pDim90_E.R1_inv_change_plot.rds
    output: results/parameter_sweeps/pDim90_E.R1/pDim90_E.R1_inv_change_strain_plot.pdf
    shell:
        
    Rscript src/plot_psweep_strain.R       --psweepsetting pDim90_E.R1      --points '{"psweep_point_size": 2, "exp_point_size": 3, "ph_point_size": 4, "sh_Anc": 16, "sh_Mut": 17, "sh_R1": 16, "sh_copA": 18, "sh_finO": 15}'
    
        (command exited with non-zero exit code)
Complete log(s): /Users/liz/Documents/UW_Bio_PhD/Kerr_Lab/Plasmid_evolution/PETRI/.snakemake/log/2026-05-13T110538.016964.snakemake.log
WorkflowError:
At least one job did not complete successfully.
