Assuming unrestricted shared filesystem usage.
None
host: Lizs-MacBook-Air-9.local
Building DAG of jobs...
Using shell: /bin/bash
Provided cores: 7
Rules claiming more threads will be scaled down.
Conda environments: ignored
Job stats:
job                   count
------------------  -------
all                       1
plot_psweep               2
plot_psweep_strain        2
process_psweep            2
psweep_parameter          2
psweep_sims               2
total                    11

Select jobs to execute...
Execute 2 jobs...
[Thu May 21 13:48:35 2026]
localrule psweep_parameter:
    input: src/generate_parameter_sets.R, input_data/parameter_sweeps/pDGs_S.pB10_psweep_settings.csv
    output: results/parameter_sweeps/pDGs_S.pB10/pDGs_S.pB10_params.csv, results/parameter_sweeps/pDGs_S.pB10/pDGs_S.pB10_settings.rds
    jobid: 63
    reason: Missing output files: results/parameter_sweeps/pDGs_S.pB10/pDGs_S.pB10_settings.rds, results/parameter_sweeps/pDGs_S.pB10/pDGs_S.pB10_params.csv
    wildcards: psweep=pDGs_S.pB10
    resources: tmpdir=/var/folders/dw/d0fxdqy942jc3trrhg2gvbnm0000gn/T

[Thu May 21 13:48:35 2026]
localrule psweep_parameter:
    input: src/generate_parameter_sets.R, input_data/parameter_sweeps/pDG_S.pB10_psweep_settings.csv
    output: results/parameter_sweeps/pDG_S.pB10/pDG_S.pB10_params.csv, results/parameter_sweeps/pDG_S.pB10/pDG_S.pB10_settings.rds
    jobid: 59
    reason: Missing output files: results/parameter_sweeps/pDG_S.pB10/pDG_S.pB10_settings.rds, results/parameter_sweeps/pDG_S.pB10/pDG_S.pB10_params.csv
    wildcards: psweep=pDG_S.pB10
    resources: tmpdir=/var/folders/dw/d0fxdqy942jc3trrhg2gvbnm0000gn/T

[Thu May 21 13:48:40 2026]
Finished jobid: 63 (Rule: psweep_parameter)
1 of 11 steps (9%) done
Select jobs to execute...
[Thu May 21 13:48:40 2026]
Finished jobid: 59 (Rule: psweep_parameter)
2 of 11 steps (18%) done
Execute 1 jobs...
[Thu May 21 13:48:40 2026]
localrule psweep_sims:
    input: src/simrun_psweep.R, results/parameter_sweeps/pDG_S.pB10/pDG_S.pB10_params.csv, results/parameter_sweeps/pDG_S.pB10/pDG_S.pB10_settings.rds
    output: results/parameter_sweeps/pDG_S.pB10/pDG_S.pB10_out.csv
    jobid: 58
    reason: Missing output files: results/parameter_sweeps/pDG_S.pB10/pDG_S.pB10_out.csv; Input files updated by another job: results/parameter_sweeps/pDG_S.pB10/pDG_S.pB10_settings.rds, results/parameter_sweeps/pDG_S.pB10/pDG_S.pB10_params.csv
    wildcards: psweep=pDG_S.pB10
    threads: 7
    resources: tmpdir=/var/folders/dw/d0fxdqy942jc3trrhg2gvbnm0000gn/T

Select jobs to execute...
[Thu May 21 13:58:39 2026]
Finished jobid: 58 (Rule: psweep_sims)
3 of 11 steps (27%) done
Execute 1 jobs...
[Thu May 21 13:58:39 2026]
localrule psweep_sims:
    input: src/simrun_psweep.R, results/parameter_sweeps/pDGs_S.pB10/pDGs_S.pB10_params.csv, results/parameter_sweeps/pDGs_S.pB10/pDGs_S.pB10_settings.rds
    output: results/parameter_sweeps/pDGs_S.pB10/pDGs_S.pB10_out.csv
    jobid: 62
    reason: Missing output files: results/parameter_sweeps/pDGs_S.pB10/pDGs_S.pB10_out.csv; Input files updated by another job: results/parameter_sweeps/pDGs_S.pB10/pDGs_S.pB10_settings.rds, results/parameter_sweeps/pDGs_S.pB10/pDGs_S.pB10_params.csv
    wildcards: psweep=pDGs_S.pB10
    threads: 7
    resources: tmpdir=/var/folders/dw/d0fxdqy942jc3trrhg2gvbnm0000gn/T

Select jobs to execute...
[Thu May 21 14:04:07 2026]
Finished jobid: 62 (Rule: psweep_sims)
4 of 11 steps (36%) done
Execute 2 jobs...
[Thu May 21 14:04:07 2026]
localrule process_psweep:
    input: src/process_psweep.R, results/parameter_sweeps/pDGs_S.pB10/pDGs_S.pB10_out.csv, results/parameter_sweeps/pDGs_S.pB10/pDGs_S.pB10_settings.rds
    output: results/parameter_sweeps/pDGs_S.pB10/pDGs_S.pB10_plot.csv
    jobid: 61
    reason: Missing output files: results/parameter_sweeps/pDGs_S.pB10/pDGs_S.pB10_plot.csv; Input files updated by another job: results/parameter_sweeps/pDGs_S.pB10/pDGs_S.pB10_settings.rds, results/parameter_sweeps/pDGs_S.pB10/pDGs_S.pB10_out.csv
    wildcards: psweep=pDGs_S.pB10
    resources: tmpdir=/var/folders/dw/d0fxdqy942jc3trrhg2gvbnm0000gn/T

[Thu May 21 14:04:07 2026]
localrule process_psweep:
    input: src/process_psweep.R, results/parameter_sweeps/pDG_S.pB10/pDG_S.pB10_out.csv, results/parameter_sweeps/pDG_S.pB10/pDG_S.pB10_settings.rds
    output: results/parameter_sweeps/pDG_S.pB10/pDG_S.pB10_plot.csv
    jobid: 57
    reason: Missing output files: results/parameter_sweeps/pDG_S.pB10/pDG_S.pB10_plot.csv; Input files updated by another job: results/parameter_sweeps/pDG_S.pB10/pDG_S.pB10_settings.rds, results/parameter_sweeps/pDG_S.pB10/pDG_S.pB10_out.csv
    wildcards: psweep=pDG_S.pB10
    resources: tmpdir=/var/folders/dw/d0fxdqy942jc3trrhg2gvbnm0000gn/T

[Thu May 21 14:04:11 2026]
Finished jobid: 57 (Rule: process_psweep)
5 of 11 steps (45%) done
Select jobs to execute...
Execute 1 jobs...
[Thu May 21 14:04:11 2026]
localrule plot_psweep:
    input: src/plot_psweep.R, results/parameter_sweeps/pDG_S.pB10/pDG_S.pB10_plot.csv
    output: results/parameter_sweeps/pDG_S.pB10/pDG_S.pB10_change_plot.pdf, results/parameter_sweeps/pDG_S.pB10/pDG_S.pB10_inv_change_plot.pdf, results/parameter_sweeps/pDG_S.pB10/pDG_S.pB10_inv_change_plot.rds, results/parameter_sweeps/pDG_S.pB10/pDG_S.pB10_inv_change_plot2.pdf, results/parameter_sweeps/pDG_S.pB10/pDG_S.pB10_inv_change_plot2.rds
    jobid: 56
    reason: Missing output files: results/parameter_sweeps/pDG_S.pB10/pDG_S.pB10_change_plot.pdf, results/parameter_sweeps/pDG_S.pB10/pDG_S.pB10_inv_change_plot.rds, results/parameter_sweeps/pDG_S.pB10/pDG_S.pB10_inv_change_plot.pdf; Input files updated by another job: results/parameter_sweeps/pDG_S.pB10/pDG_S.pB10_plot.csv
    wildcards: psweep=pDG_S.pB10
    resources: tmpdir=/var/folders/dw/d0fxdqy942jc3trrhg2gvbnm0000gn/T

[Thu May 21 14:04:11 2026]
Finished jobid: 61 (Rule: process_psweep)
6 of 11 steps (55%) done
Select jobs to execute...
Execute 1 jobs...
[Thu May 21 14:04:11 2026]
localrule plot_psweep:
    input: src/plot_psweep.R, results/parameter_sweeps/pDGs_S.pB10/pDGs_S.pB10_plot.csv
    output: results/parameter_sweeps/pDGs_S.pB10/pDGs_S.pB10_change_plot.pdf, results/parameter_sweeps/pDGs_S.pB10/pDGs_S.pB10_inv_change_plot.pdf, results/parameter_sweeps/pDGs_S.pB10/pDGs_S.pB10_inv_change_plot.rds, results/parameter_sweeps/pDGs_S.pB10/pDGs_S.pB10_inv_change_plot2.pdf, results/parameter_sweeps/pDGs_S.pB10/pDGs_S.pB10_inv_change_plot2.rds
    jobid: 60
    reason: Missing output files: results/parameter_sweeps/pDGs_S.pB10/pDGs_S.pB10_inv_change_plot.rds, results/parameter_sweeps/pDGs_S.pB10/pDGs_S.pB10_inv_change_plot.pdf, results/parameter_sweeps/pDGs_S.pB10/pDGs_S.pB10_change_plot.pdf; Input files updated by another job: results/parameter_sweeps/pDGs_S.pB10/pDGs_S.pB10_plot.csv
    wildcards: psweep=pDGs_S.pB10
    resources: tmpdir=/var/folders/dw/d0fxdqy942jc3trrhg2gvbnm0000gn/T

[Thu May 21 14:04:17 2026]
Finished jobid: 56 (Rule: plot_psweep)
7 of 11 steps (64%) done
Select jobs to execute...
Execute 1 jobs...
[Thu May 21 14:04:17 2026]
localrule plot_psweep_strain:
    input: input_data/strain_phenotypes.csv, src/plot_psweep_strain.R, results/parameter_sweeps/pDG_S.pB10/pDG_S.pB10_inv_change_plot.rds
    output: results/parameter_sweeps/pDG_S.pB10/pDG_S.pB10_inv_change_strain_plot.pdf
    jobid: 74
    reason: Missing output files: results/parameter_sweeps/pDG_S.pB10/pDG_S.pB10_inv_change_strain_plot.pdf; Input files updated by another job: results/parameter_sweeps/pDG_S.pB10/pDG_S.pB10_inv_change_plot.rds
    wildcards: psweep=pDG_S.pB10
    resources: tmpdir=/var/folders/dw/d0fxdqy942jc3trrhg2gvbnm0000gn/T

[Thu May 21 14:04:18 2026]
Finished jobid: 60 (Rule: plot_psweep)
8 of 11 steps (73%) done
Select jobs to execute...
Execute 1 jobs...
[Thu May 21 14:04:18 2026]
localrule plot_psweep_strain:
    input: input_data/strain_phenotypes.csv, src/plot_psweep_strain.R, results/parameter_sweeps/pDGs_S.pB10/pDGs_S.pB10_inv_change_plot.rds
    output: results/parameter_sweeps/pDGs_S.pB10/pDGs_S.pB10_inv_change_strain_plot.pdf
    jobid: 75
    reason: Missing output files: results/parameter_sweeps/pDGs_S.pB10/pDGs_S.pB10_inv_change_strain_plot.pdf; Input files updated by another job: results/parameter_sweeps/pDGs_S.pB10/pDGs_S.pB10_inv_change_plot.rds
    wildcards: psweep=pDGs_S.pB10
    resources: tmpdir=/var/folders/dw/d0fxdqy942jc3trrhg2gvbnm0000gn/T

[Thu May 21 14:04:21 2026]
Finished jobid: 74 (Rule: plot_psweep_strain)
9 of 11 steps (82%) done
[Thu May 21 14:04:22 2026]
Finished jobid: 75 (Rule: plot_psweep_strain)
10 of 11 steps (91%) done
Select jobs to execute...
Execute 1 jobs...
[Thu May 21 14:04:22 2026]
localrule all:
    input: results/case_study_sims/DG_S.pB10/DG_S.pB10_frequency_plot.pdf, results/case_study_sims/HFC_S.pB10/HFC_S.pB10_frequency_plot.pdf, results/case_study_sims/LFC_S.pB10-A/LFC_S.pB10-A_frequency_plot.pdf, results/case_study_sims/HFC_S.pB10_full/HFC_S.pB10_full_frequency_plot.pdf, results/case_study_sims/LFC_S.pB10-A_full/LFC_S.pB10-A_full_frequency_plot.pdf, results/parameter_sweeps/pHFC_S.pB10/pHFC_S.pB10_change_plot.pdf, results/parameter_sweeps/pLFC_S.pB10/pLFC_S.pB10_change_plot.pdf, results/parameter_sweeps/pDim90_E.R1/pDim90_E.R1_change_plot.pdf, results/parameter_sweeps/pDim90_E.RP4/pDim90_E.RP4_change_plot.pdf, results/parameter_sweeps/pHFC_S.pB10-A/pHFC_S.pB10-A_change_plot.pdf, results/parameter_sweeps/pLFC_S.pB10-A/pLFC_S.pB10-A_change_plot.pdf, results/parameter_sweeps/pHFCi_S.pB10/pHFCi_S.pB10_change_plot.pdf, results/parameter_sweeps/pLFCi_S.pB10/pLFCi_S.pB10_change_plot.pdf, results/parameter_sweeps/pHFCi2_S.pB10/pHFCi2_S.pB10_change_plot.pdf, results/parameter_sweeps/pLFCi2_S.pB10/pLFCi2_S.pB10_change_plot.pdf, results/parameter_sweeps/pDG_S.pB10/pDG_S.pB10_change_plot.pdf, results/parameter_sweeps/pDGs_S.pB10/pDGs_S.pB10_change_plot.pdf, results/parameter_sweeps/pHFC_S.pB10/pHFC_S.pB10_inv_change_plot.pdf, results/parameter_sweeps/pLFC_S.pB10/pLFC_S.pB10_inv_change_plot.pdf, results/parameter_sweeps/pDim90_E.R1/pDim90_E.R1_inv_change_plot.pdf, results/parameter_sweeps/pDim90_E.RP4/pDim90_E.RP4_inv_change_plot.pdf, results/parameter_sweeps/pHFC_S.pB10-A/pHFC_S.pB10-A_inv_change_plot.pdf, results/parameter_sweeps/pLFC_S.pB10-A/pLFC_S.pB10-A_inv_change_plot.pdf, results/parameter_sweeps/pHFCi_S.pB10/pHFCi_S.pB10_inv_change_plot.pdf, results/parameter_sweeps/pLFCi_S.pB10/pLFCi_S.pB10_inv_change_plot.pdf, results/parameter_sweeps/pHFCi2_S.pB10/pHFCi2_S.pB10_inv_change_plot.pdf, results/parameter_sweeps/pLFCi2_S.pB10/pLFCi2_S.pB10_inv_change_plot.pdf, results/parameter_sweeps/pDG_S.pB10/pDG_S.pB10_inv_change_plot.pdf, results/parameter_sweeps/pDGs_S.pB10/pDGs_S.pB10_inv_change_plot.pdf, results/parameter_sweeps/pHFC_S.pB10/pHFC_S.pB10_inv_change_strain_plot.pdf, results/parameter_sweeps/pLFC_S.pB10/pLFC_S.pB10_inv_change_strain_plot.pdf, results/parameter_sweeps/pDim90_E.R1/pDim90_E.R1_inv_change_strain_plot.pdf, results/parameter_sweeps/pDim90_E.RP4/pDim90_E.RP4_inv_change_strain_plot.pdf, results/parameter_sweeps/pHFC_S.pB10-A/pHFC_S.pB10-A_inv_change_strain_plot.pdf, results/parameter_sweeps/pLFC_S.pB10-A/pLFC_S.pB10-A_inv_change_strain_plot.pdf, results/parameter_sweeps/pHFCi_S.pB10/pHFCi_S.pB10_inv_change_strain_plot.pdf, results/parameter_sweeps/pLFCi_S.pB10/pLFCi_S.pB10_inv_change_strain_plot.pdf, results/parameter_sweeps/pHFCi2_S.pB10/pHFCi2_S.pB10_inv_change_strain_plot.pdf, results/parameter_sweeps/pLFCi2_S.pB10/pLFCi2_S.pB10_inv_change_strain_plot.pdf, results/parameter_sweeps/pDG_S.pB10/pDG_S.pB10_inv_change_strain_plot.pdf, results/parameter_sweeps/pDGs_S.pB10/pDGs_S.pB10_inv_change_strain_plot.pdf, figures/panels/fig1a_axes.pdf, figures/panels/fig3b_phenotyping.pdf, figures/fig4_DG_invasion.pdf, figures/fig5_validation2.pdf, figures/fig5_validation3.pdf, figures/fig6_psweep.pdf, figures/fig7_Dim_psweep.pdf
    jobid: 0
    reason: Input files updated by another job: results/parameter_sweeps/pDG_S.pB10/pDG_S.pB10_change_plot.pdf, results/parameter_sweeps/pDG_S.pB10/pDG_S.pB10_inv_change_strain_plot.pdf, results/parameter_sweeps/pDGs_S.pB10/pDGs_S.pB10_inv_change_strain_plot.pdf, results/parameter_sweeps/pDGs_S.pB10/pDGs_S.pB10_inv_change_plot.pdf, results/parameter_sweeps/pDGs_S.pB10/pDGs_S.pB10_change_plot.pdf, results/parameter_sweeps/pDG_S.pB10/pDG_S.pB10_inv_change_plot.pdf
    resources: tmpdir=/var/folders/dw/d0fxdqy942jc3trrhg2gvbnm0000gn/T

[Thu May 21 14:04:22 2026]
Finished jobid: 0 (Rule: all)
11 of 11 steps (100%) done
Complete log(s): /Users/liz/Documents/UW_Bio_PhD/Kerr_Lab/Plasmid_evolution/PETRI/.snakemake/log/2026-05-21T134834.171181.snakemake.log
