Assuming unrestricted shared filesystem usage.
None
host: Lizs-MacBook-Air-9.local
Building DAG of jobs...
Using shell: /bin/bash
Provided cores: 7
Rules claiming more threads will be scaled down.
Job stats:
job               count
--------------  -------
all                   1
plot_psweep           1
process_psweep        1
psweep_sims           1
total                 4

Select jobs to execute...
Execute 1 jobs...
[Wed Feb  4 17:07:53 2026]
localrule psweep_sims:
    input: src/simrun_psweep.R, input_data/Treatments_parameter_sweep.csv
    output: results/parameter_sweeps/pE_test/pE_test_out.csv
    jobid: 13
    reason: Updated input files: input_data/Treatments_parameter_sweep.csv, src/simrun_psweep.R
    wildcards: psweep=pE_test
    threads: 5
    resources: tmpdir=/var/folders/dw/d0fxdqy942jc3trrhg2gvbnm0000gn/T

[Wed Feb  4 17:08:45 2026]
Finished jobid: 13 (Rule: psweep_sims)
1 of 4 steps (25%) done
Select jobs to execute...
Execute 1 jobs...
[Wed Feb  4 17:08:45 2026]
localrule process_psweep:
    input: src/process_psweep.R, results/parameter_sweeps/pE_test/pE_test_out.csv
    output: results/parameter_sweeps/pE_test/pE_test_plot.csv
    jobid: 12
    reason: Input files updated by another job: results/parameter_sweeps/pE_test/pE_test_out.csv
    wildcards: psweep=pE_test
    resources: tmpdir=/var/folders/dw/d0fxdqy942jc3trrhg2gvbnm0000gn/T

[Wed Feb  4 17:08:50 2026]
Finished jobid: 12 (Rule: process_psweep)
2 of 4 steps (50%) done
Select jobs to execute...
Execute 1 jobs...
[Wed Feb  4 17:08:50 2026]
localrule plot_psweep:
    input: src/plot_psweep.R, results/parameter_sweeps/pE_test/pE_test_plot.csv
    output: results/parameter_sweeps/pE_test/pE_test_change_plot.pdf, results/parameter_sweeps/pE_test/pE_test_inv_plot.pdf, results/parameter_sweeps/pE_test/pE_test_inv_time_plot.pdf
    jobid: 11
    reason: Input files updated by another job: results/parameter_sweeps/pE_test/pE_test_plot.csv
    wildcards: psweep=pE_test
    resources: tmpdir=/var/folders/dw/d0fxdqy942jc3trrhg2gvbnm0000gn/T

[Wed Feb  4 17:08:54 2026]
Finished jobid: 11 (Rule: plot_psweep)
3 of 4 steps (75%) done
Select jobs to execute...
Execute 1 jobs...
[Wed Feb  4 17:08:54 2026]
localrule all:
    input: results/case_study_sims/A.2_full/A.2_full_density_plot.pdf, results/case_study_sims/C.2_full/C.2_full_density_plot.pdf, results/case_study_sims/A.2_full/A.2_full_frequency_plot.pdf, results/case_study_sims/C.2_full/C.2_full_frequency_plot.pdf, results/parameter_sets/test_sweep_param.csv, results/parameter_sets/testmut_sweep_param.csv, results/parameter_sets/DimR1_sweep_param.csv, results/parameter_sets/DimR1finO_sweep_param.csv, results/parameter_sweeps/pE_test/pE_test_change_plot.pdf, results/parameter_sweeps/pE_test/pE_test_inv_plot.pdf, results/parameter_sweeps/pE_test/pE_test_inv_time_plot.pdf
    jobid: 0
    reason: Input files updated by another job: results/parameter_sweeps/pE_test/pE_test_inv_plot.pdf, results/parameter_sweeps/pE_test/pE_test_inv_time_plot.pdf, results/parameter_sweeps/pE_test/pE_test_change_plot.pdf
    resources: tmpdir=/var/folders/dw/d0fxdqy942jc3trrhg2gvbnm0000gn/T

[Wed Feb  4 17:08:54 2026]
Finished jobid: 0 (Rule: all)
4 of 4 steps (100%) done
Complete log(s): /Users/liz/Documents/UW_Bio_PhD/Kerr_Lab/Plasmid_evolution/PETRI/.snakemake/log/2026-02-04T170752.522449.snakemake.log
