Assuming unrestricted shared filesystem usage.
None
host: Lizs-MacBook-Air-9.local
Building DAG of jobs...
Using shell: /bin/bash
Provided cores: 5
Rules claiming more threads will be scaled down.
Conda environments: ignored
Job stats:
job                        count
-----------------------  -------
all                            1
fig4                           1
fig5                           1
fig5bd                         1
plot_case_study_sims           5
process_case_study_sims        5
total                         14

Select jobs to execute...
Execute 5 jobs...
[Wed May 27 09:56:57 2026]
localrule process_case_study_sims:
    input: src/process_simrun.R, results/case_study_sims/LFC_S.pB10-A_full/LFC_S.pB10-A_full_data.csv, results/case_study_sims/LFC_S.pB10-A_full/LFC_S.pB10-A_full_data_long.csv
    output: results/case_study_sims/LFC_S.pB10-A_full/LFC_S.pB10-A_full_density_plot_df.csv, results/case_study_sims/LFC_S.pB10-A_full/LFC_S.pB10-A_full_frequency_plot_df.csv, results/case_study_sims/LFC_S.pB10-A_full/LFC_S.pB10-A_full_phases_plot_df.csv
    jobid: 14
    reason: Updated input files: src/process_simrun.R
    wildcards: treatment=LFC_S.pB10-A_full
    resources: tmpdir=/var/folders/dw/d0fxdqy942jc3trrhg2gvbnm0000gn/T

[Wed May 27 09:56:57 2026]
localrule process_case_study_sims:
    input: src/process_simrun.R, results/case_study_sims/DG_S.pB10/DG_S.pB10_data.csv, results/case_study_sims/DG_S.pB10/DG_S.pB10_data_long.csv
    output: results/case_study_sims/DG_S.pB10/DG_S.pB10_density_plot_df.csv, results/case_study_sims/DG_S.pB10/DG_S.pB10_frequency_plot_df.csv, results/case_study_sims/DG_S.pB10/DG_S.pB10_phases_plot_df.csv
    jobid: 2
    reason: Updated input files: src/process_simrun.R
    wildcards: treatment=DG_S.pB10
    resources: tmpdir=/var/folders/dw/d0fxdqy942jc3trrhg2gvbnm0000gn/T

[Wed May 27 09:56:57 2026]
localrule process_case_study_sims:
    input: src/process_simrun.R, results/case_study_sims/HFC_S.pB10/HFC_S.pB10_data.csv, results/case_study_sims/HFC_S.pB10/HFC_S.pB10_data_long.csv
    output: results/case_study_sims/HFC_S.pB10/HFC_S.pB10_density_plot_df.csv, results/case_study_sims/HFC_S.pB10/HFC_S.pB10_frequency_plot_df.csv, results/case_study_sims/HFC_S.pB10/HFC_S.pB10_phases_plot_df.csv
    jobid: 5
    reason: Updated input files: src/process_simrun.R
    wildcards: treatment=HFC_S.pB10
    resources: tmpdir=/var/folders/dw/d0fxdqy942jc3trrhg2gvbnm0000gn/T

[Wed May 27 09:56:57 2026]
localrule process_case_study_sims:
    input: src/process_simrun.R, results/case_study_sims/LFC_S.pB10-A/LFC_S.pB10-A_data.csv, results/case_study_sims/LFC_S.pB10-A/LFC_S.pB10-A_data_long.csv
    output: results/case_study_sims/LFC_S.pB10-A/LFC_S.pB10-A_density_plot_df.csv, results/case_study_sims/LFC_S.pB10-A/LFC_S.pB10-A_frequency_plot_df.csv, results/case_study_sims/LFC_S.pB10-A/LFC_S.pB10-A_phases_plot_df.csv
    jobid: 8
    reason: Updated input files: src/process_simrun.R
    wildcards: treatment=LFC_S.pB10-A
    resources: tmpdir=/var/folders/dw/d0fxdqy942jc3trrhg2gvbnm0000gn/T

[Wed May 27 09:56:57 2026]
localrule process_case_study_sims:
    input: src/process_simrun.R, results/case_study_sims/HFC_S.pB10_full/HFC_S.pB10_full_data.csv, results/case_study_sims/HFC_S.pB10_full/HFC_S.pB10_full_data_long.csv
    output: results/case_study_sims/HFC_S.pB10_full/HFC_S.pB10_full_density_plot_df.csv, results/case_study_sims/HFC_S.pB10_full/HFC_S.pB10_full_frequency_plot_df.csv, results/case_study_sims/HFC_S.pB10_full/HFC_S.pB10_full_phases_plot_df.csv
    jobid: 11
    reason: Updated input files: src/process_simrun.R
    wildcards: treatment=HFC_S.pB10_full
    resources: tmpdir=/var/folders/dw/d0fxdqy942jc3trrhg2gvbnm0000gn/T

[Wed May 27 09:57:02 2026]
Finished jobid: 5 (Rule: process_case_study_sims)
1 of 14 steps (7%) done
Select jobs to execute...
Execute 1 jobs...
[Wed May 27 09:57:02 2026]
localrule plot_case_study_sims:
    input: src/plot_simrun.R, results/case_study_sims/HFC_S.pB10/HFC_S.pB10_density_plot_df.csv, results/case_study_sims/HFC_S.pB10/HFC_S.pB10_frequency_plot_df.csv, results/case_study_sims/HFC_S.pB10/HFC_S.pB10_phases_plot_df.csv
    output: results/case_study_sims/HFC_S.pB10/HFC_S.pB10_density_plot.pdf, results/case_study_sims/HFC_S.pB10/HFC_S.pB10_frequency_plot.pdf, results/case_study_sims/HFC_S.pB10/HFC_S.pB10_density_plot.rds, results/case_study_sims/HFC_S.pB10/HFC_S.pB10_frequency_plot.rds
    jobid: 4
    reason: Input files updated by another job: results/case_study_sims/HFC_S.pB10/HFC_S.pB10_phases_plot_df.csv, results/case_study_sims/HFC_S.pB10/HFC_S.pB10_frequency_plot_df.csv, results/case_study_sims/HFC_S.pB10/HFC_S.pB10_density_plot_df.csv
    wildcards: treatment=HFC_S.pB10
    resources: tmpdir=/var/folders/dw/d0fxdqy942jc3trrhg2gvbnm0000gn/T

[Wed May 27 09:57:02 2026]
Finished jobid: 11 (Rule: process_case_study_sims)
2 of 14 steps (14%) done
Select jobs to execute...
Execute 1 jobs...
[Wed May 27 09:57:02 2026]
localrule plot_case_study_sims:
    input: src/plot_simrun.R, results/case_study_sims/HFC_S.pB10_full/HFC_S.pB10_full_density_plot_df.csv, results/case_study_sims/HFC_S.pB10_full/HFC_S.pB10_full_frequency_plot_df.csv, results/case_study_sims/HFC_S.pB10_full/HFC_S.pB10_full_phases_plot_df.csv
    output: results/case_study_sims/HFC_S.pB10_full/HFC_S.pB10_full_density_plot.pdf, results/case_study_sims/HFC_S.pB10_full/HFC_S.pB10_full_frequency_plot.pdf, results/case_study_sims/HFC_S.pB10_full/HFC_S.pB10_full_density_plot.rds, results/case_study_sims/HFC_S.pB10_full/HFC_S.pB10_full_frequency_plot.rds
    jobid: 10
    reason: Input files updated by another job: results/case_study_sims/HFC_S.pB10_full/HFC_S.pB10_full_density_plot_df.csv, results/case_study_sims/HFC_S.pB10_full/HFC_S.pB10_full_frequency_plot_df.csv, results/case_study_sims/HFC_S.pB10_full/HFC_S.pB10_full_phases_plot_df.csv
    wildcards: treatment=HFC_S.pB10_full
    resources: tmpdir=/var/folders/dw/d0fxdqy942jc3trrhg2gvbnm0000gn/T

[Wed May 27 09:57:02 2026]
Finished jobid: 8 (Rule: process_case_study_sims)
3 of 14 steps (21%) done
Select jobs to execute...
Execute 1 jobs...
[Wed May 27 09:57:02 2026]
localrule plot_case_study_sims:
    input: src/plot_simrun.R, results/case_study_sims/LFC_S.pB10-A/LFC_S.pB10-A_density_plot_df.csv, results/case_study_sims/LFC_S.pB10-A/LFC_S.pB10-A_frequency_plot_df.csv, results/case_study_sims/LFC_S.pB10-A/LFC_S.pB10-A_phases_plot_df.csv
    output: results/case_study_sims/LFC_S.pB10-A/LFC_S.pB10-A_density_plot.pdf, results/case_study_sims/LFC_S.pB10-A/LFC_S.pB10-A_frequency_plot.pdf, results/case_study_sims/LFC_S.pB10-A/LFC_S.pB10-A_density_plot.rds, results/case_study_sims/LFC_S.pB10-A/LFC_S.pB10-A_frequency_plot.rds
    jobid: 7
    reason: Input files updated by another job: results/case_study_sims/LFC_S.pB10-A/LFC_S.pB10-A_phases_plot_df.csv, results/case_study_sims/LFC_S.pB10-A/LFC_S.pB10-A_frequency_plot_df.csv, results/case_study_sims/LFC_S.pB10-A/LFC_S.pB10-A_density_plot_df.csv
    wildcards: treatment=LFC_S.pB10-A
    resources: tmpdir=/var/folders/dw/d0fxdqy942jc3trrhg2gvbnm0000gn/T

[Wed May 27 09:57:03 2026]
Finished jobid: 14 (Rule: process_case_study_sims)
4 of 14 steps (29%) done
Select jobs to execute...
Execute 1 jobs...
[Wed May 27 09:57:03 2026]
localrule fig5bd:
    input: src/fig_exp_sim.R, src/ggplot_theme.R, results/experimental_validation/HFC/HFC_frequency_processed_av.csv, results/experimental_validation/LFC/LFC_frequency_processed_av.csv, results/case_study_sims/HFC_S.pB10/HFC_S.pB10_frequency_plot_df.csv, results/case_study_sims/LFC_S.pB10-A/LFC_S.pB10-A_frequency_plot_df.csv
    output: figures/panels/fig5d_HFC.pdf, figures/panels/fig5d_HFC.rds, figures/panels/fig5b_LFC.pdf, figures/panels/fig5b_LFC.rds
    jobid: 89
    reason: Input files updated by another job: results/case_study_sims/HFC_S.pB10/HFC_S.pB10_frequency_plot_df.csv, results/case_study_sims/LFC_S.pB10-A/LFC_S.pB10-A_frequency_plot_df.csv
    resources: tmpdir=/var/folders/dw/d0fxdqy942jc3trrhg2gvbnm0000gn/T

[Wed May 27 09:57:03 2026]
Finished jobid: 2 (Rule: process_case_study_sims)
5 of 14 steps (36%) done
Select jobs to execute...
Execute 1 jobs...
[Wed May 27 09:57:03 2026]
localrule plot_case_study_sims:
    input: src/plot_simrun.R, results/case_study_sims/DG_S.pB10/DG_S.pB10_density_plot_df.csv, results/case_study_sims/DG_S.pB10/DG_S.pB10_frequency_plot_df.csv, results/case_study_sims/DG_S.pB10/DG_S.pB10_phases_plot_df.csv
    output: results/case_study_sims/DG_S.pB10/DG_S.pB10_density_plot.pdf, results/case_study_sims/DG_S.pB10/DG_S.pB10_frequency_plot.pdf, results/case_study_sims/DG_S.pB10/DG_S.pB10_density_plot.rds, results/case_study_sims/DG_S.pB10/DG_S.pB10_frequency_plot.rds
    jobid: 1
    reason: Input files updated by another job: results/case_study_sims/DG_S.pB10/DG_S.pB10_density_plot_df.csv, results/case_study_sims/DG_S.pB10/DG_S.pB10_phases_plot_df.csv, results/case_study_sims/DG_S.pB10/DG_S.pB10_frequency_plot_df.csv
    wildcards: treatment=DG_S.pB10
    resources: tmpdir=/var/folders/dw/d0fxdqy942jc3trrhg2gvbnm0000gn/T

Select jobs to execute...
[Wed May 27 09:57:09 2026]
Finished jobid: 4 (Rule: plot_case_study_sims)
6 of 14 steps (43%) done
Execute 1 jobs...
[Wed May 27 09:57:09 2026]
localrule plot_case_study_sims:
    input: src/plot_simrun.R, results/case_study_sims/LFC_S.pB10-A_full/LFC_S.pB10-A_full_density_plot_df.csv, results/case_study_sims/LFC_S.pB10-A_full/LFC_S.pB10-A_full_frequency_plot_df.csv, results/case_study_sims/LFC_S.pB10-A_full/LFC_S.pB10-A_full_phases_plot_df.csv
    output: results/case_study_sims/LFC_S.pB10-A_full/LFC_S.pB10-A_full_density_plot.pdf, results/case_study_sims/LFC_S.pB10-A_full/LFC_S.pB10-A_full_frequency_plot.pdf, results/case_study_sims/LFC_S.pB10-A_full/LFC_S.pB10-A_full_density_plot.rds, results/case_study_sims/LFC_S.pB10-A_full/LFC_S.pB10-A_full_frequency_plot.rds
    jobid: 13
    reason: Input files updated by another job: results/case_study_sims/LFC_S.pB10-A_full/LFC_S.pB10-A_full_frequency_plot_df.csv, results/case_study_sims/LFC_S.pB10-A_full/LFC_S.pB10-A_full_density_plot_df.csv, results/case_study_sims/LFC_S.pB10-A_full/LFC_S.pB10-A_full_phases_plot_df.csv
    wildcards: treatment=LFC_S.pB10-A_full
    resources: tmpdir=/var/folders/dw/d0fxdqy942jc3trrhg2gvbnm0000gn/T

[Wed May 27 09:57:09 2026]
Finished jobid: 10 (Rule: plot_case_study_sims)
7 of 14 steps (50%) done
[Wed May 27 09:57:09 2026]
Finished jobid: 7 (Rule: plot_case_study_sims)
8 of 14 steps (57%) done
[Wed May 27 09:57:09 2026]
Finished jobid: 1 (Rule: plot_case_study_sims)
9 of 14 steps (64%) done
Select jobs to execute...
Execute 1 jobs...
[Wed May 27 09:57:09 2026]
localrule fig4:
    input: src/fig_DG.R, results/case_study_sims/DG_S.pB10/DG_S.pB10_density_plot.rds, results/case_study_sims/DG_S.pB10/DG_S.pB10_frequency_plot.rds
    output: figures/fig4_DG_invasion.pdf
    jobid: 84
    reason: Input files updated by another job: results/case_study_sims/DG_S.pB10/DG_S.pB10_frequency_plot.rds, results/case_study_sims/DG_S.pB10/DG_S.pB10_density_plot.rds
    resources: tmpdir=/var/folders/dw/d0fxdqy942jc3trrhg2gvbnm0000gn/T

[Wed May 27 09:57:10 2026]
Finished jobid: 89 (Rule: fig5bd)
10 of 14 steps (71%) done
Select jobs to execute...
Execute 1 jobs...
[Wed May 27 09:57:10 2026]
localrule fig5:
    input: src/fig_validation.R, results/case_study_sims/HFC_S.pB10/HFC_S.pB10_frequency_plot.rds, results/case_study_sims/LFC_S.pB10-A/LFC_S.pB10-A_frequency_plot.rds, results/experimental_validation/HFC/HFC_frequency_plot.rds, results/experimental_validation/LFC/LFC_frequency_plot.rds, results/phenotyping/phenotyping_av.csv, results/phenotyping/pB10_anc_inv.rds, results/phenotyping/pB10_mut_inv.rds, figures/panels/fig5d_HFC.rds, figures/panels/fig5b_LFC.rds
    output: figures/fig5_validation.pdf, figures/fig5_validation2.pdf, figures/fig5_validation3.pdf
    jobid: 85
    reason: Input files updated by another job: results/case_study_sims/LFC_S.pB10-A/LFC_S.pB10-A_frequency_plot.rds, results/case_study_sims/HFC_S.pB10/HFC_S.pB10_frequency_plot.rds, figures/panels/fig5b_LFC.rds, figures/panels/fig5d_HFC.rds
    resources: tmpdir=/var/folders/dw/d0fxdqy942jc3trrhg2gvbnm0000gn/T

[Wed May 27 09:57:11 2026]
Finished jobid: 84 (Rule: fig4)
11 of 14 steps (79%) done
[Wed May 27 09:57:14 2026]
Finished jobid: 13 (Rule: plot_case_study_sims)
12 of 14 steps (86%) done
[Wed May 27 09:57:15 2026]
Finished jobid: 85 (Rule: fig5)
13 of 14 steps (93%) done
Select jobs to execute...
Execute 1 jobs...
[Wed May 27 09:57:15 2026]
localrule all:
    input: results/case_study_sims/DG_S.pB10/DG_S.pB10_frequency_plot.pdf, results/case_study_sims/HFC_S.pB10/HFC_S.pB10_frequency_plot.pdf, results/case_study_sims/LFC_S.pB10-A/LFC_S.pB10-A_frequency_plot.pdf, results/case_study_sims/HFC_S.pB10_full/HFC_S.pB10_full_frequency_plot.pdf, results/case_study_sims/LFC_S.pB10-A_full/LFC_S.pB10-A_full_frequency_plot.pdf, results/parameter_sweeps/pHFC_S.pB10/pHFC_S.pB10_change_plot.pdf, results/parameter_sweeps/pLFC_S.pB10/pLFC_S.pB10_change_plot.pdf, results/parameter_sweeps/pDim90_E.R1/pDim90_E.R1_change_plot.pdf, results/parameter_sweeps/pDim90_E.RP4/pDim90_E.RP4_change_plot.pdf, results/parameter_sweeps/pHFC_S.pB10-A/pHFC_S.pB10-A_change_plot.pdf, results/parameter_sweeps/pLFC_S.pB10-A/pLFC_S.pB10-A_change_plot.pdf, results/parameter_sweeps/pHFCi_S.pB10/pHFCi_S.pB10_change_plot.pdf, results/parameter_sweeps/pLFCi_S.pB10/pLFCi_S.pB10_change_plot.pdf, results/parameter_sweeps/pHFCi2_S.pB10/pHFCi2_S.pB10_change_plot.pdf, results/parameter_sweeps/pLFCi2_S.pB10/pLFCi2_S.pB10_change_plot.pdf, results/parameter_sweeps/pDG_S.pB10/pDG_S.pB10_change_plot.pdf, results/parameter_sweeps/pDGs_S.pB10/pDGs_S.pB10_change_plot.pdf, results/parameter_sweeps/pHFC_S.pB10/pHFC_S.pB10_inv_change_plot.pdf, results/parameter_sweeps/pLFC_S.pB10/pLFC_S.pB10_inv_change_plot.pdf, results/parameter_sweeps/pDim90_E.R1/pDim90_E.R1_inv_change_plot.pdf, results/parameter_sweeps/pDim90_E.RP4/pDim90_E.RP4_inv_change_plot.pdf, results/parameter_sweeps/pHFC_S.pB10-A/pHFC_S.pB10-A_inv_change_plot.pdf, results/parameter_sweeps/pLFC_S.pB10-A/pLFC_S.pB10-A_inv_change_plot.pdf, results/parameter_sweeps/pHFCi_S.pB10/pHFCi_S.pB10_inv_change_plot.pdf, results/parameter_sweeps/pLFCi_S.pB10/pLFCi_S.pB10_inv_change_plot.pdf, results/parameter_sweeps/pHFCi2_S.pB10/pHFCi2_S.pB10_inv_change_plot.pdf, results/parameter_sweeps/pLFCi2_S.pB10/pLFCi2_S.pB10_inv_change_plot.pdf, results/parameter_sweeps/pDG_S.pB10/pDG_S.pB10_inv_change_plot.pdf, results/parameter_sweeps/pDGs_S.pB10/pDGs_S.pB10_inv_change_plot.pdf, results/parameter_sweeps/pHFC_S.pB10/pHFC_S.pB10_inv_change_strain_plot.pdf, results/parameter_sweeps/pLFC_S.pB10/pLFC_S.pB10_inv_change_strain_plot.pdf, results/parameter_sweeps/pDim90_E.R1/pDim90_E.R1_inv_change_strain_plot.pdf, results/parameter_sweeps/pDim90_E.RP4/pDim90_E.RP4_inv_change_strain_plot.pdf, results/parameter_sweeps/pHFC_S.pB10-A/pHFC_S.pB10-A_inv_change_strain_plot.pdf, results/parameter_sweeps/pLFC_S.pB10-A/pLFC_S.pB10-A_inv_change_strain_plot.pdf, results/parameter_sweeps/pHFCi_S.pB10/pHFCi_S.pB10_inv_change_strain_plot.pdf, results/parameter_sweeps/pLFCi_S.pB10/pLFCi_S.pB10_inv_change_strain_plot.pdf, results/parameter_sweeps/pHFCi2_S.pB10/pHFCi2_S.pB10_inv_change_strain_plot.pdf, results/parameter_sweeps/pLFCi2_S.pB10/pLFCi2_S.pB10_inv_change_strain_plot.pdf, results/parameter_sweeps/pDG_S.pB10/pDG_S.pB10_inv_change_strain_plot.pdf, results/parameter_sweeps/pDGs_S.pB10/pDGs_S.pB10_inv_change_strain_plot.pdf, results/phenotyping/growth_rate/OD/growthrate_av.pdf, figures/panels/fig1a_axes.pdf, figures/panels/fig3b_phenotyping.pdf, figures/fig4_DG_invasion.pdf, figures/fig5_validation2.pdf, figures/fig5_validation3.pdf, figures/fig6_psweep.pdf, figures/fig7_Dim_psweep.pdf
    jobid: 0
    reason: Input files updated by another job: figures/fig5_validation2.pdf, results/case_study_sims/HFC_S.pB10/HFC_S.pB10_frequency_plot.pdf, results/case_study_sims/HFC_S.pB10_full/HFC_S.pB10_full_frequency_plot.pdf, results/case_study_sims/LFC_S.pB10-A/LFC_S.pB10-A_frequency_plot.pdf, figures/fig5_validation3.pdf, results/case_study_sims/DG_S.pB10/DG_S.pB10_frequency_plot.pdf, results/case_study_sims/LFC_S.pB10-A_full/LFC_S.pB10-A_full_frequency_plot.pdf, figures/fig4_DG_invasion.pdf
    resources: tmpdir=/var/folders/dw/d0fxdqy942jc3trrhg2gvbnm0000gn/T

[Wed May 27 09:57:15 2026]
Finished jobid: 0 (Rule: all)
14 of 14 steps (100%) done
Complete log(s): /Users/liz/Documents/UW_Bio_PhD/Kerr_Lab/Plasmid_evolution/PETRI/.snakemake/log/2026-05-27T095656.133860.snakemake.log
