Assuming unrestricted shared filesystem usage.
None
host: Lizs-MacBook-Air-9.local
Building DAG of jobs...
Using shell: /bin/bash
Provided cores: 7
Rules claiming more threads will be scaled down.
Job stats:
job               count
--------------  -------
all                   1
plot_psweep           2
process_psweep        2
psweep_sims           2
total                 7

Select jobs to execute...
Execute 1 jobs...
[Tue Feb 10 10:22:00 2026]
localrule psweep_sims:
    input: src/simrun_psweep.R, results/parameter_sweeps/pHFC_S.pB10/pHFC_S.pB10_params.csv, results/parameter_sweeps/pHFC_S.pB10/pHFC_S.pB10_settings.rds
    output: results/parameter_sweeps/pHFC_S.pB10/pHFC_S.pB10_out.csv
    jobid: 6
    reason: Updated input files: src/simrun_psweep.R
    wildcards: psweep=pHFC_S.pB10
    threads: 5
    resources: tmpdir=/var/folders/dw/d0fxdqy942jc3trrhg2gvbnm0000gn/T

Select jobs to execute...
[Tue Feb 10 10:22:46 2026]
Finished jobid: 6 (Rule: psweep_sims)
1 of 7 steps (14%) done
Execute 2 jobs...
[Tue Feb 10 10:22:47 2026]
localrule process_psweep:
    input: src/process_psweep.R, results/parameter_sweeps/pHFC_S.pB10/pHFC_S.pB10_out.csv, results/parameter_sweeps/pHFC_S.pB10/pHFC_S.pB10_settings.rds
    output: results/parameter_sweeps/pHFC_S.pB10/pHFC_S.pB10_plot.csv
    jobid: 5
    reason: Input files updated by another job: results/parameter_sweeps/pHFC_S.pB10/pHFC_S.pB10_out.csv
    wildcards: psweep=pHFC_S.pB10
    resources: tmpdir=/var/folders/dw/d0fxdqy942jc3trrhg2gvbnm0000gn/T

[Tue Feb 10 10:22:47 2026]
localrule psweep_sims:
    input: src/simrun_psweep.R, results/parameter_sweeps/pHFCi_S.pB10/pHFCi_S.pB10_params.csv, results/parameter_sweeps/pHFCi_S.pB10/pHFCi_S.pB10_settings.rds
    output: results/parameter_sweeps/pHFCi_S.pB10/pHFCi_S.pB10_out.csv
    jobid: 10
    reason: Updated input files: src/simrun_psweep.R
    wildcards: psweep=pHFCi_S.pB10
    threads: 5
    resources: tmpdir=/var/folders/dw/d0fxdqy942jc3trrhg2gvbnm0000gn/T

[Tue Feb 10 10:22:51 2026]
Finished jobid: 5 (Rule: process_psweep)
2 of 7 steps (29%) done
Select jobs to execute...
Execute 1 jobs...
[Tue Feb 10 10:22:51 2026]
localrule plot_psweep:
    input: src/plot_psweep.R, results/parameter_sweeps/pHFC_S.pB10/pHFC_S.pB10_plot.csv
    output: results/parameter_sweeps/pHFC_S.pB10/pHFC_S.pB10_change_plot.pdf, results/parameter_sweeps/pHFC_S.pB10/pHFC_S.pB10_inv_change_plot.pdf
    jobid: 4
    reason: Input files updated by another job: results/parameter_sweeps/pHFC_S.pB10/pHFC_S.pB10_plot.csv
    wildcards: psweep=pHFC_S.pB10
    resources: tmpdir=/var/folders/dw/d0fxdqy942jc3trrhg2gvbnm0000gn/T

[Tue Feb 10 10:22:58 2026]
Finished jobid: 4 (Rule: plot_psweep)
3 of 7 steps (43%) done
[Tue Feb 10 10:24:56 2026]
Finished jobid: 10 (Rule: psweep_sims)
4 of 7 steps (57%) done
Select jobs to execute...
Execute 1 jobs...
[Tue Feb 10 10:24:56 2026]
localrule process_psweep:
    input: src/process_psweep.R, results/parameter_sweeps/pHFCi_S.pB10/pHFCi_S.pB10_out.csv, results/parameter_sweeps/pHFCi_S.pB10/pHFCi_S.pB10_settings.rds
    output: results/parameter_sweeps/pHFCi_S.pB10/pHFCi_S.pB10_plot.csv
    jobid: 9
    reason: Input files updated by another job: results/parameter_sweeps/pHFCi_S.pB10/pHFCi_S.pB10_out.csv
    wildcards: psweep=pHFCi_S.pB10
    resources: tmpdir=/var/folders/dw/d0fxdqy942jc3trrhg2gvbnm0000gn/T

[Tue Feb 10 10:25:01 2026]
Finished jobid: 9 (Rule: process_psweep)
5 of 7 steps (71%) done
Select jobs to execute...
Execute 1 jobs...
[Tue Feb 10 10:25:01 2026]
localrule plot_psweep:
    input: src/plot_psweep.R, results/parameter_sweeps/pHFCi_S.pB10/pHFCi_S.pB10_plot.csv
    output: results/parameter_sweeps/pHFCi_S.pB10/pHFCi_S.pB10_change_plot.pdf, results/parameter_sweeps/pHFCi_S.pB10/pHFCi_S.pB10_inv_change_plot.pdf
    jobid: 8
    reason: Input files updated by another job: results/parameter_sweeps/pHFCi_S.pB10/pHFCi_S.pB10_plot.csv
    wildcards: psweep=pHFCi_S.pB10
    resources: tmpdir=/var/folders/dw/d0fxdqy942jc3trrhg2gvbnm0000gn/T

[Tue Feb 10 10:25:05 2026]
Finished jobid: 8 (Rule: plot_psweep)
6 of 7 steps (86%) done
Select jobs to execute...
Execute 1 jobs...
[Tue Feb 10 10:25:05 2026]
localrule all:
    input: results/case_study_sims/E.R1/E.R1_density_plot.pdf, results/case_study_sims/E.R1/E.R1_frequency_plot.pdf, results/parameter_sweeps/pHFC_S.pB10/pHFC_S.pB10_change_plot.pdf, results/parameter_sweeps/pHFCi_S.pB10/pHFCi_S.pB10_change_plot.pdf, results/parameter_sweeps/pHFC_S.pB10/pHFC_S.pB10_inv_change_plot.pdf, results/parameter_sweeps/pHFCi_S.pB10/pHFCi_S.pB10_inv_change_plot.pdf
    jobid: 0
    reason: Input files updated by another job: results/parameter_sweeps/pHFCi_S.pB10/pHFCi_S.pB10_inv_change_plot.pdf, results/parameter_sweeps/pHFC_S.pB10/pHFC_S.pB10_change_plot.pdf, results/parameter_sweeps/pHFC_S.pB10/pHFC_S.pB10_inv_change_plot.pdf, results/parameter_sweeps/pHFCi_S.pB10/pHFCi_S.pB10_change_plot.pdf
    resources: tmpdir=/var/folders/dw/d0fxdqy942jc3trrhg2gvbnm0000gn/T

[Tue Feb 10 10:25:05 2026]
Finished jobid: 0 (Rule: all)
7 of 7 steps (100%) done
Complete log(s): /Users/liz/Documents/UW_Bio_PhD/Kerr_Lab/Plasmid_evolution/PETRI/.snakemake/log/2026-02-10T102159.836427.snakemake.log
