Assuming unrestricted shared filesystem usage.
None
host: Lizs-MacBook-Air-9.local
Building DAG of jobs...
Using shell: /bin/bash
Provided cores: 3
Rules claiming more threads will be scaled down.
Conda environments: ignored
Job stats:
job                        count
-----------------------  -------
all                            1
case_study_sims                2
fig5                           1
plot_case_study_sims           2
plot_experiments               1
process_case_study_sims        2
process_experiments            1
total                         10

Select jobs to execute...
Execute 3 jobs...
[Mon May 11 16:28:44 2026]
localrule case_study_sims:
    input: src/simrun_case_study.R, input_data/case_study_sims/LFC_S.pB10-A_inv_settings.csv
    output: results/case_study_sims/LFC_S.pB10-A/LFC_S.pB10-A_data.csv, results/case_study_sims/LFC_S.pB10-A/LFC_S.pB10-A_data_long.csv, results/case_study_sims/LFC_S.pB10-A/LFC_S.pB10-A_sim_plot.pdf
    jobid: 47
    reason: Updated input files: input_data/case_study_sims/LFC_S.pB10-A_inv_settings.csv
    wildcards: treatment=LFC_S.pB10-A
    resources: tmpdir=/var/folders/dw/d0fxdqy942jc3trrhg2gvbnm0000gn/T

[Mon May 11 16:28:44 2026]
localrule case_study_sims:
    input: src/simrun_case_study.R, input_data/case_study_sims/HFC_S.pB10_inv_settings.csv
    output: results/case_study_sims/HFC_S.pB10/HFC_S.pB10_data.csv, results/case_study_sims/HFC_S.pB10/HFC_S.pB10_data_long.csv, results/case_study_sims/HFC_S.pB10/HFC_S.pB10_sim_plot.pdf
    jobid: 44
    reason: Updated input files: input_data/case_study_sims/HFC_S.pB10_inv_settings.csv
    wildcards: treatment=HFC_S.pB10
    resources: tmpdir=/var/folders/dw/d0fxdqy942jc3trrhg2gvbnm0000gn/T

[Mon May 11 16:28:44 2026]
localrule process_experiments:
    input: src/process_experiments.R, results/experimental_validation/extinction_cell_counts/extinction_size_av.csv, input_data/experimental_data/2026-01-27_HFC_plating.csv, input_data/experimental_data/2026-01-27_LFC_plating.csv
    output: results/experimental_validation/HFC/HFC_plating_processed_av.csv, results/experimental_validation/HFC/HFC_frequency_processed_av.csv, results/experimental_validation/HFC/HFC_ttest.csv, results/experimental_validation/LFC/LFC_plating_processed_av.csv, results/experimental_validation/LFC/LFC_frequency_processed_av.csv, results/experimental_validation/LFC/LFC_ttest.csv
    jobid: 49
    reason: Updated input files: src/process_experiments.R
    resources: tmpdir=/var/folders/dw/d0fxdqy942jc3trrhg2gvbnm0000gn/T

[Mon May 11 16:28:45 2026]
Finished jobid: 49 (Rule: process_experiments)
1 of 10 steps (10%) done
Select jobs to execute...
Execute 1 jobs...
[Mon May 11 16:28:45 2026]
localrule plot_experiments:
    input: src/plot_experiments.R, results/experimental_validation/HFC/HFC_plating_processed_av.csv, results/experimental_validation/HFC/HFC_frequency_processed_av.csv, results/experimental_validation/LFC/LFC_plating_processed_av.csv, results/experimental_validation/LFC/LFC_frequency_processed_av.csv
    output: results/experimental_validation/HFC/HFC_density_plot.pdf, results/experimental_validation/HFC/HFC_density_plot.rds, results/experimental_validation/HFC/HFC_frequency_plot.pdf, results/experimental_validation/HFC/HFC_frequency_plot.rds, results/experimental_validation/LFC/LFC_density_plot.pdf, results/experimental_validation/LFC/LFC_density_plot.rds, results/experimental_validation/LFC/LFC_frequency_plot.pdf, results/experimental_validation/LFC/LFC_frequency_plot.rds
    jobid: 48
    reason: Input files updated by another job: results/experimental_validation/LFC/LFC_plating_processed_av.csv, results/experimental_validation/HFC/HFC_plating_processed_av.csv, results/experimental_validation/LFC/LFC_frequency_processed_av.csv, results/experimental_validation/HFC/HFC_frequency_processed_av.csv
    resources: tmpdir=/var/folders/dw/d0fxdqy942jc3trrhg2gvbnm0000gn/T

[Mon May 11 16:28:48 2026]
Finished jobid: 44 (Rule: case_study_sims)
2 of 10 steps (20%) done
Select jobs to execute...
Execute 1 jobs...
[Mon May 11 16:28:48 2026]
localrule process_case_study_sims:
    input: src/process_simrun.R, results/case_study_sims/HFC_S.pB10/HFC_S.pB10_data.csv, results/case_study_sims/HFC_S.pB10/HFC_S.pB10_data_long.csv
    output: results/case_study_sims/HFC_S.pB10/HFC_S.pB10_density_plot_df.csv, results/case_study_sims/HFC_S.pB10/HFC_S.pB10_frequency_plot_df.csv, results/case_study_sims/HFC_S.pB10/HFC_S.pB10_phases_plot_df.csv
    jobid: 43
    reason: Input files updated by another job: results/case_study_sims/HFC_S.pB10/HFC_S.pB10_data_long.csv, results/case_study_sims/HFC_S.pB10/HFC_S.pB10_data.csv
    wildcards: treatment=HFC_S.pB10
    resources: tmpdir=/var/folders/dw/d0fxdqy942jc3trrhg2gvbnm0000gn/T

[Mon May 11 16:28:50 2026]
Finished jobid: 47 (Rule: case_study_sims)
3 of 10 steps (30%) done
Select jobs to execute...
Execute 1 jobs...
[Mon May 11 16:28:50 2026]
localrule process_case_study_sims:
    input: src/process_simrun.R, results/case_study_sims/LFC_S.pB10-A/LFC_S.pB10-A_data.csv, results/case_study_sims/LFC_S.pB10-A/LFC_S.pB10-A_data_long.csv
    output: results/case_study_sims/LFC_S.pB10-A/LFC_S.pB10-A_density_plot_df.csv, results/case_study_sims/LFC_S.pB10-A/LFC_S.pB10-A_frequency_plot_df.csv, results/case_study_sims/LFC_S.pB10-A/LFC_S.pB10-A_phases_plot_df.csv
    jobid: 46
    reason: Input files updated by another job: results/case_study_sims/LFC_S.pB10-A/LFC_S.pB10-A_data.csv, results/case_study_sims/LFC_S.pB10-A/LFC_S.pB10-A_data_long.csv
    wildcards: treatment=LFC_S.pB10-A
    resources: tmpdir=/var/folders/dw/d0fxdqy942jc3trrhg2gvbnm0000gn/T

[Mon May 11 16:28:51 2026]
Finished jobid: 48 (Rule: plot_experiments)
4 of 10 steps (40%) done
[Mon May 11 16:28:53 2026]
Finished jobid: 43 (Rule: process_case_study_sims)
5 of 10 steps (50%) done
Select jobs to execute...
Execute 1 jobs...
[Mon May 11 16:28:53 2026]
localrule plot_case_study_sims:
    input: src/plot_simrun.R, results/case_study_sims/HFC_S.pB10/HFC_S.pB10_density_plot_df.csv, results/case_study_sims/HFC_S.pB10/HFC_S.pB10_frequency_plot_df.csv, results/case_study_sims/HFC_S.pB10/HFC_S.pB10_phases_plot_df.csv
    output: results/case_study_sims/HFC_S.pB10/HFC_S.pB10_density_plot.pdf, results/case_study_sims/HFC_S.pB10/HFC_S.pB10_frequency_plot.pdf, results/case_study_sims/HFC_S.pB10/HFC_S.pB10_density_plot.rds, results/case_study_sims/HFC_S.pB10/HFC_S.pB10_frequency_plot.rds
    jobid: 42
    reason: Input files updated by another job: results/case_study_sims/HFC_S.pB10/HFC_S.pB10_frequency_plot_df.csv, results/case_study_sims/HFC_S.pB10/HFC_S.pB10_phases_plot_df.csv, results/case_study_sims/HFC_S.pB10/HFC_S.pB10_density_plot_df.csv
    wildcards: treatment=HFC_S.pB10
    resources: tmpdir=/var/folders/dw/d0fxdqy942jc3trrhg2gvbnm0000gn/T

[Mon May 11 16:28:55 2026]
Finished jobid: 46 (Rule: process_case_study_sims)
6 of 10 steps (60%) done
Select jobs to execute...
Execute 1 jobs...
[Mon May 11 16:28:55 2026]
localrule plot_case_study_sims:
    input: src/plot_simrun.R, results/case_study_sims/LFC_S.pB10-A/LFC_S.pB10-A_density_plot_df.csv, results/case_study_sims/LFC_S.pB10-A/LFC_S.pB10-A_frequency_plot_df.csv, results/case_study_sims/LFC_S.pB10-A/LFC_S.pB10-A_phases_plot_df.csv
    output: results/case_study_sims/LFC_S.pB10-A/LFC_S.pB10-A_density_plot.pdf, results/case_study_sims/LFC_S.pB10-A/LFC_S.pB10-A_frequency_plot.pdf, results/case_study_sims/LFC_S.pB10-A/LFC_S.pB10-A_density_plot.rds, results/case_study_sims/LFC_S.pB10-A/LFC_S.pB10-A_frequency_plot.rds
    jobid: 45
    reason: Input files updated by another job: results/case_study_sims/LFC_S.pB10-A/LFC_S.pB10-A_phases_plot_df.csv, results/case_study_sims/LFC_S.pB10-A/LFC_S.pB10-A_frequency_plot_df.csv, results/case_study_sims/LFC_S.pB10-A/LFC_S.pB10-A_density_plot_df.csv
    wildcards: treatment=LFC_S.pB10-A
    resources: tmpdir=/var/folders/dw/d0fxdqy942jc3trrhg2gvbnm0000gn/T

[Mon May 11 16:28:58 2026]
Finished jobid: 42 (Rule: plot_case_study_sims)
7 of 10 steps (70%) done
[Mon May 11 16:29:00 2026]
Finished jobid: 45 (Rule: plot_case_study_sims)
8 of 10 steps (80%) done
Select jobs to execute...
Execute 1 jobs...
[Mon May 11 16:29:00 2026]
localrule fig5:
    input: src/fig_validation.R, results/case_study_sims/HFC_S.pB10/HFC_S.pB10_frequency_plot.rds, results/case_study_sims/LFC_S.pB10-A/LFC_S.pB10-A_frequency_plot.rds, results/experimental_validation/HFC/HFC_frequency_plot.rds, results/experimental_validation/LFC/LFC_frequency_plot.rds, results/phenotyping/phenotyping_av.csv, results/phenotyping/pB10_anc_inv.rds, results/phenotyping/pB10_mut_inv.rds
    output: figures/fig5_validation.pdf, figures/fig5_validation2.pdf
    jobid: 41
    reason: Input files updated by another job: results/experimental_validation/HFC/HFC_frequency_plot.rds, results/case_study_sims/HFC_S.pB10/HFC_S.pB10_frequency_plot.rds, results/case_study_sims/LFC_S.pB10-A/LFC_S.pB10-A_frequency_plot.rds, results/experimental_validation/LFC/LFC_frequency_plot.rds
    resources: tmpdir=/var/folders/dw/d0fxdqy942jc3trrhg2gvbnm0000gn/T

[Mon May 11 16:29:02 2026]
Finished jobid: 41 (Rule: fig5)
9 of 10 steps (90%) done
Select jobs to execute...
Execute 1 jobs...
[Mon May 11 16:29:02 2026]
localrule all:
    input: results/parameter_sweeps/pHFC_S.pB10/pHFC_S.pB10_change_plot.pdf, results/parameter_sweeps/pLFC_S.pB10/pLFC_S.pB10_change_plot.pdf, results/parameter_sweeps/pHFC_S.pB10-A/pHFC_S.pB10-A_change_plot.pdf, results/parameter_sweeps/pLFC_S.pB10-A/pLFC_S.pB10-A_change_plot.pdf, results/parameter_sweeps/pDim90_E.R1/pDim90_E.R1_change_plot.pdf, results/parameter_sweeps/pDim90_E.RP4/pDim90_E.RP4_change_plot.pdf, results/parameter_sweeps/pHFC_S.pB10/pHFC_S.pB10_inv_change_plot.pdf, results/parameter_sweeps/pLFC_S.pB10/pLFC_S.pB10_inv_change_plot.pdf, results/parameter_sweeps/pHFC_S.pB10-A/pHFC_S.pB10-A_inv_change_plot.pdf, results/parameter_sweeps/pLFC_S.pB10-A/pLFC_S.pB10-A_inv_change_plot.pdf, results/parameter_sweeps/pDim90_E.R1/pDim90_E.R1_inv_change_plot.pdf, results/parameter_sweeps/pDim90_E.RP4/pDim90_E.RP4_inv_change_plot.pdf, results/parameter_sweeps/pHFC_S.pB10/pHFC_S.pB10_inv_change_strain_plot.pdf, results/parameter_sweeps/pLFC_S.pB10/pLFC_S.pB10_inv_change_strain_plot.pdf, results/parameter_sweeps/pHFC_S.pB10-A/pHFC_S.pB10-A_inv_change_strain_plot.pdf, results/parameter_sweeps/pLFC_S.pB10-A/pLFC_S.pB10-A_inv_change_strain_plot.pdf, results/parameter_sweeps/pDim90_E.R1/pDim90_E.R1_inv_change_strain_plot.pdf, results/parameter_sweeps/pDim90_E.RP4/pDim90_E.RP4_inv_change_strain_plot.pdf, figures/panels/fig1a_axes.pdf, figures/panels/fig3b_phenotyping.pdf, figures/fig4_DG_invasion.pdf, figures/fig5_validation.pdf, figures/fig5_validation2.pdf, figures/fig6_psweep.pdf, figures/fig7_Dim_psweep.pdf
    jobid: 0
    reason: Input files updated by another job: figures/fig5_validation.pdf, figures/fig5_validation2.pdf
    resources: tmpdir=/var/folders/dw/d0fxdqy942jc3trrhg2gvbnm0000gn/T

[Mon May 11 16:29:02 2026]
Finished jobid: 0 (Rule: all)
10 of 10 steps (100%) done
Complete log(s): /Users/liz/Documents/UW_Bio_PhD/Kerr_Lab/Plasmid_evolution/PETRI/.snakemake/log/2026-05-11T162843.258287.snakemake.log
