Assuming unrestricted shared filesystem usage.
None
host: Lizs-MacBook-Air-9.local
Building DAG of jobs...
Using shell: /bin/bash
Provided cores: 7
Rules claiming more threads will be scaled down.
Job stats:
job                 count
----------------  -------
all                     1
plot_psweep             2
process_psweep          2
psweep_parameter        2
psweep_sims             2
total                   9

Select jobs to execute...
Execute 2 jobs...
[Tue Feb 10 12:07:43 2026]
localrule psweep_parameter:
    input: src/generate_parameter_sets.R, input_data/parameter_sweeps/pLFCi_S.pB10_psweep_settings.csv
    output: results/parameter_sweeps/pLFCi_S.pB10/pLFCi_S.pB10_params.csv, results/parameter_sweeps/pLFCi_S.pB10/pLFCi_S.pB10_settings.rds
    jobid: 19
    reason: Missing output files: results/parameter_sweeps/pLFCi_S.pB10/pLFCi_S.pB10_params.csv, results/parameter_sweeps/pLFCi_S.pB10/pLFCi_S.pB10_settings.rds
    wildcards: psweep=pLFCi_S.pB10
    resources: tmpdir=/var/folders/dw/d0fxdqy942jc3trrhg2gvbnm0000gn/T

[Tue Feb 10 12:07:43 2026]
localrule psweep_parameter:
    input: src/generate_parameter_sets.R, input_data/parameter_sweeps/pLFC_S.pB10_psweep_settings.csv
    output: results/parameter_sweeps/pLFC_S.pB10/pLFC_S.pB10_params.csv, results/parameter_sweeps/pLFC_S.pB10/pLFC_S.pB10_settings.rds
    jobid: 15
    reason: Updated input files: input_data/parameter_sweeps/pLFC_S.pB10_psweep_settings.csv
    wildcards: psweep=pLFC_S.pB10
    resources: tmpdir=/var/folders/dw/d0fxdqy942jc3trrhg2gvbnm0000gn/T

[Tue Feb 10 12:07:48 2026]
Finished jobid: 15 (Rule: psweep_parameter)
1 of 9 steps (11%) done
[Tue Feb 10 12:07:48 2026]
Finished jobid: 19 (Rule: psweep_parameter)
2 of 9 steps (22%) done
Select jobs to execute...
Execute 1 jobs...
[Tue Feb 10 12:07:48 2026]
localrule psweep_sims:
    input: src/simrun_psweep.R, results/parameter_sweeps/pLFC_S.pB10/pLFC_S.pB10_params.csv, results/parameter_sweeps/pLFC_S.pB10/pLFC_S.pB10_settings.rds
    output: results/parameter_sweeps/pLFC_S.pB10/pLFC_S.pB10_out.csv
    jobid: 14
    reason: Input files updated by another job: results/parameter_sweeps/pLFC_S.pB10/pLFC_S.pB10_settings.rds, results/parameter_sweeps/pLFC_S.pB10/pLFC_S.pB10_params.csv
    wildcards: psweep=pLFC_S.pB10
    threads: 5
    resources: tmpdir=/var/folders/dw/d0fxdqy942jc3trrhg2gvbnm0000gn/T

Select jobs to execute...
[Tue Feb 10 12:10:11 2026]
Finished jobid: 14 (Rule: psweep_sims)
3 of 9 steps (33%) done
Execute 2 jobs...
[Tue Feb 10 12:10:12 2026]
localrule process_psweep:
    input: src/process_psweep.R, results/parameter_sweeps/pLFC_S.pB10/pLFC_S.pB10_out.csv, results/parameter_sweeps/pLFC_S.pB10/pLFC_S.pB10_settings.rds
    output: results/parameter_sweeps/pLFC_S.pB10/pLFC_S.pB10_plot.csv
    jobid: 13
    reason: Input files updated by another job: results/parameter_sweeps/pLFC_S.pB10/pLFC_S.pB10_out.csv, results/parameter_sweeps/pLFC_S.pB10/pLFC_S.pB10_settings.rds
    wildcards: psweep=pLFC_S.pB10
    resources: tmpdir=/var/folders/dw/d0fxdqy942jc3trrhg2gvbnm0000gn/T

[Tue Feb 10 12:10:12 2026]
localrule psweep_sims:
    input: src/simrun_psweep.R, results/parameter_sweeps/pLFCi_S.pB10/pLFCi_S.pB10_params.csv, results/parameter_sweeps/pLFCi_S.pB10/pLFCi_S.pB10_settings.rds
    output: results/parameter_sweeps/pLFCi_S.pB10/pLFCi_S.pB10_out.csv
    jobid: 18
    reason: Missing output files: results/parameter_sweeps/pLFCi_S.pB10/pLFCi_S.pB10_out.csv; Input files updated by another job: results/parameter_sweeps/pLFCi_S.pB10/pLFCi_S.pB10_params.csv, results/parameter_sweeps/pLFCi_S.pB10/pLFCi_S.pB10_settings.rds
    wildcards: psweep=pLFCi_S.pB10
    threads: 5
    resources: tmpdir=/var/folders/dw/d0fxdqy942jc3trrhg2gvbnm0000gn/T

[Tue Feb 10 12:10:16 2026]
Finished jobid: 13 (Rule: process_psweep)
4 of 9 steps (44%) done
Select jobs to execute...
Execute 1 jobs...
[Tue Feb 10 12:10:16 2026]
localrule plot_psweep:
    input: src/plot_psweep.R, results/parameter_sweeps/pLFC_S.pB10/pLFC_S.pB10_plot.csv
    output: results/parameter_sweeps/pLFC_S.pB10/pLFC_S.pB10_change_plot.pdf, results/parameter_sweeps/pLFC_S.pB10/pLFC_S.pB10_inv_change_plot.pdf
    jobid: 12
    reason: Input files updated by another job: results/parameter_sweeps/pLFC_S.pB10/pLFC_S.pB10_plot.csv
    wildcards: psweep=pLFC_S.pB10
    resources: tmpdir=/var/folders/dw/d0fxdqy942jc3trrhg2gvbnm0000gn/T

[Tue Feb 10 12:10:23 2026]
Finished jobid: 12 (Rule: plot_psweep)
5 of 9 steps (56%) done
[Tue Feb 10 12:13:22 2026]
Finished jobid: 18 (Rule: psweep_sims)
6 of 9 steps (67%) done
Select jobs to execute...
Execute 1 jobs...
[Tue Feb 10 12:13:22 2026]
localrule process_psweep:
    input: src/process_psweep.R, results/parameter_sweeps/pLFCi_S.pB10/pLFCi_S.pB10_out.csv, results/parameter_sweeps/pLFCi_S.pB10/pLFCi_S.pB10_settings.rds
    output: results/parameter_sweeps/pLFCi_S.pB10/pLFCi_S.pB10_plot.csv
    jobid: 17
    reason: Missing output files: results/parameter_sweeps/pLFCi_S.pB10/pLFCi_S.pB10_plot.csv; Input files updated by another job: results/parameter_sweeps/pLFCi_S.pB10/pLFCi_S.pB10_settings.rds, results/parameter_sweeps/pLFCi_S.pB10/pLFCi_S.pB10_out.csv
    wildcards: psweep=pLFCi_S.pB10
    resources: tmpdir=/var/folders/dw/d0fxdqy942jc3trrhg2gvbnm0000gn/T

[Tue Feb 10 12:13:26 2026]
Finished jobid: 17 (Rule: process_psweep)
7 of 9 steps (78%) done
Select jobs to execute...
Execute 1 jobs...
[Tue Feb 10 12:13:26 2026]
localrule plot_psweep:
    input: src/plot_psweep.R, results/parameter_sweeps/pLFCi_S.pB10/pLFCi_S.pB10_plot.csv
    output: results/parameter_sweeps/pLFCi_S.pB10/pLFCi_S.pB10_change_plot.pdf, results/parameter_sweeps/pLFCi_S.pB10/pLFCi_S.pB10_inv_change_plot.pdf
    jobid: 16
    reason: Missing output files: results/parameter_sweeps/pLFCi_S.pB10/pLFCi_S.pB10_change_plot.pdf, results/parameter_sweeps/pLFCi_S.pB10/pLFCi_S.pB10_inv_change_plot.pdf; Input files updated by another job: results/parameter_sweeps/pLFCi_S.pB10/pLFCi_S.pB10_plot.csv
    wildcards: psweep=pLFCi_S.pB10
    resources: tmpdir=/var/folders/dw/d0fxdqy942jc3trrhg2gvbnm0000gn/T

[Tue Feb 10 12:13:30 2026]
Finished jobid: 16 (Rule: plot_psweep)
8 of 9 steps (89%) done
Select jobs to execute...
Execute 1 jobs...
[Tue Feb 10 12:13:31 2026]
localrule all:
    input: results/case_study_sims/E.R1/E.R1_density_plot.pdf, results/case_study_sims/E.R1/E.R1_frequency_plot.pdf, results/parameter_sweeps/pHFC_S.pB10/pHFC_S.pB10_change_plot.pdf, results/parameter_sweeps/pHFCi_S.pB10/pHFCi_S.pB10_change_plot.pdf, results/parameter_sweeps/pLFC_S.pB10/pLFC_S.pB10_change_plot.pdf, results/parameter_sweeps/pLFCi_S.pB10/pLFCi_S.pB10_change_plot.pdf, results/parameter_sweeps/pHFC_S.pB10/pHFC_S.pB10_inv_change_plot.pdf, results/parameter_sweeps/pHFCi_S.pB10/pHFCi_S.pB10_inv_change_plot.pdf, results/parameter_sweeps/pLFC_S.pB10/pLFC_S.pB10_inv_change_plot.pdf, results/parameter_sweeps/pLFCi_S.pB10/pLFCi_S.pB10_inv_change_plot.pdf
    jobid: 0
    reason: Input files updated by another job: results/parameter_sweeps/pLFCi_S.pB10/pLFCi_S.pB10_change_plot.pdf, results/parameter_sweeps/pLFC_S.pB10/pLFC_S.pB10_inv_change_plot.pdf, results/parameter_sweeps/pLFCi_S.pB10/pLFCi_S.pB10_inv_change_plot.pdf, results/parameter_sweeps/pLFC_S.pB10/pLFC_S.pB10_change_plot.pdf
    resources: tmpdir=/var/folders/dw/d0fxdqy942jc3trrhg2gvbnm0000gn/T

[Tue Feb 10 12:13:31 2026]
Finished jobid: 0 (Rule: all)
9 of 9 steps (100%) done
Complete log(s): /Users/liz/Documents/UW_Bio_PhD/Kerr_Lab/Plasmid_evolution/PETRI/.snakemake/log/2026-02-10T120742.770489.snakemake.log
