Assuming unrestricted shared filesystem usage.
None
host: Lizs-MacBook-Air-9.local
Building DAG of jobs...
Using shell: /bin/bash
Provided cores: 7
Rules claiming more threads will be scaled down.
Job stats:
job               count
--------------  -------
all                   1
plot_psweep           3
process_psweep        3
psweep_sims           3
total                10

Select jobs to execute...
Execute 1 jobs...
[Fri Jan 30 16:25:32 2026]
localrule psweep_sims:
    input: src/simrun_psweep.R, input_data/Treatments_parameter_sweep.csv
    output: results/parameter_sweeps/pLFC_test/pLFC_test_out.csv
    jobid: 19
    reason: Updated input files: src/simrun_psweep.R, input_data/Treatments_parameter_sweep.csv
    wildcards: psweep=pLFC_test
    threads: 5
    resources: tmpdir=/var/folders/dw/d0fxdqy942jc3trrhg2gvbnm0000gn/T

Select jobs to execute...
Terminating processes on user request, this might take some time.
RuleException:
CalledProcessError in file "/Users/liz/Documents/UW_Bio_PhD/Kerr_Lab/Plasmid_evolution/PETRI/Snakefile", line 127:
Command 'set -euo pipefail;  
    Rscript src/simrun_psweep.R       --psweepsetting pLFC_test       --threads 5' returned non-zero exit status 1.
[Fri Jan 30 16:26:01 2026]
Error in rule psweep_sims:
    message: None
    jobid: 19
    input: src/simrun_psweep.R, input_data/Treatments_parameter_sweep.csv
    output: results/parameter_sweeps/pLFC_test/pLFC_test_out.csv
    shell:
        
    Rscript src/simrun_psweep.R       --psweepsetting pLFC_test       --threads 5
    
        (command exited with non-zero exit code)
Complete log(s): /Users/liz/Documents/UW_Bio_PhD/Kerr_Lab/Plasmid_evolution/PETRI/.snakemake/log/2026-01-30T162531.334449.snakemake.log
WorkflowError:
At least one job did not complete successfully.
