Assuming unrestricted shared filesystem usage.
None
host: Lizs-MacBook-Air-9.local
Building DAG of jobs...
Using shell: /bin/bash
Provided cores: 7
Rules claiming more threads will be scaled down.
Job stats:
job                        count
-----------------------  -------
all                            1
case_study_sims                2
plot_case_study_sims           2
plot_psweep                    1
process_case_study_sims        2
process_psweep                 1
psweep_sims                    1
total                         10

Select jobs to execute...
Execute 3 jobs...
[Thu Feb  5 12:01:40 2026]
localrule case_study_sims:
    input: src/simrun_case_study_snakemake.R, input_data/Treatments_case_study.csv
    output: results/case_study_sims/E/E_data.csv, results/case_study_sims/E/E_data_long.csv, results/case_study_sims/E/E_sim_plot.pdf
    jobid: 3
    reason: Updated input files: src/simrun_case_study_snakemake.R, input_data/Treatments_case_study.csv
    wildcards: treatment=E
    resources: tmpdir=/var/folders/dw/d0fxdqy942jc3trrhg2gvbnm0000gn/T

[Thu Feb  5 12:01:40 2026]
localrule psweep_sims:
    input: src/simrun_psweep.R, input_data/Treatments_parameter_sweep.csv
    output: results/parameter_sweeps/pE_DimR1finO/pE_DimR1finO_out.csv
    jobid: 13
    reason: Missing output files: results/parameter_sweeps/pE_DimR1finO/pE_DimR1finO_out.csv
    wildcards: psweep=pE_DimR1finO
    threads: 5
    resources: tmpdir=/var/folders/dw/d0fxdqy942jc3trrhg2gvbnm0000gn/T

[Thu Feb  5 12:01:40 2026]
localrule case_study_sims:
    input: src/simrun_case_study_snakemake.R, input_data/Treatments_case_study.csv
    output: results/case_study_sims/E.R1/E.R1_data.csv, results/case_study_sims/E.R1/E.R1_data_long.csv, results/case_study_sims/E.R1/E.R1_sim_plot.pdf
    jobid: 6
    reason: Missing output files: results/case_study_sims/E.R1/E.R1_data_long.csv, results/case_study_sims/E.R1/E.R1_data.csv
    wildcards: treatment=E.R1
    resources: tmpdir=/var/folders/dw/d0fxdqy942jc3trrhg2gvbnm0000gn/T

RuleException:
CalledProcessError in file "/Users/liz/Documents/UW_Bio_PhD/Kerr_Lab/Plasmid_evolution/PETRI/Snakefile", line 68:
Command 'set -euo pipefail;  
    Rscript src/simrun_case_study_snakemake.R       --treatment E.R1       --colors '{"p_Anc": "#8394F6", "p_Mut": "#8A407A", "p_F": "gray40", "p_growth": "#FFFBEF", "p_conj": "#D0D9FF", "p_tselect": "#FBE9FF", "p_imm": "#d0ffeb", "p_select": "#ffe9fc"}'' returned non-zero exit status 1.
[Thu Feb  5 12:01:46 2026]
Error in rule case_study_sims:
    message: None
    jobid: 6
    input: src/simrun_case_study_snakemake.R, input_data/Treatments_case_study.csv
    output: results/case_study_sims/E.R1/E.R1_data.csv, results/case_study_sims/E.R1/E.R1_data_long.csv, results/case_study_sims/E.R1/E.R1_sim_plot.pdf
    shell:
        
    Rscript src/simrun_case_study_snakemake.R       --treatment E.R1       --colors '{"p_Anc": "#8394F6", "p_Mut": "#8A407A", "p_F": "gray40", "p_growth": "#FFFBEF", "p_conj": "#D0D9FF", "p_tselect": "#FBE9FF", "p_imm": "#d0ffeb", "p_select": "#ffe9fc"}'
    
        (command exited with non-zero exit code)
RuleException:
CalledProcessError in file "/Users/liz/Documents/UW_Bio_PhD/Kerr_Lab/Plasmid_evolution/PETRI/Snakefile", line 68:
Command 'set -euo pipefail;  
    Rscript src/simrun_case_study_snakemake.R       --treatment E       --colors '{"p_Anc": "#8394F6", "p_Mut": "#8A407A", "p_F": "gray40", "p_growth": "#FFFBEF", "p_conj": "#D0D9FF", "p_tselect": "#FBE9FF", "p_imm": "#d0ffeb", "p_select": "#ffe9fc"}'' returned non-zero exit status 1.
[Thu Feb  5 12:01:46 2026]
Error in rule case_study_sims:
    message: None
    jobid: 3
    input: src/simrun_case_study_snakemake.R, input_data/Treatments_case_study.csv
    output: results/case_study_sims/E/E_data.csv, results/case_study_sims/E/E_data_long.csv, results/case_study_sims/E/E_sim_plot.pdf
    shell:
        
    Rscript src/simrun_case_study_snakemake.R       --treatment E       --colors '{"p_Anc": "#8394F6", "p_Mut": "#8A407A", "p_F": "gray40", "p_growth": "#FFFBEF", "p_conj": "#D0D9FF", "p_tselect": "#FBE9FF", "p_imm": "#d0ffeb", "p_select": "#ffe9fc"}'
    
        (command exited with non-zero exit code)
Terminating processes on user request, this might take some time.
RuleException:
CalledProcessError in file "/Users/liz/Documents/UW_Bio_PhD/Kerr_Lab/Plasmid_evolution/PETRI/Snakefile", line 135:
Command 'set -euo pipefail;  
    Rscript src/simrun_psweep.R       --psweepsetting pE_DimR1finO       --threads 5' returned non-zero exit status 1.
[Thu Feb  5 12:02:22 2026]
Error in rule psweep_sims:
    message: None
    jobid: 13
    input: src/simrun_psweep.R, input_data/Treatments_parameter_sweep.csv
    output: results/parameter_sweeps/pE_DimR1finO/pE_DimR1finO_out.csv
    shell:
        
    Rscript src/simrun_psweep.R       --psweepsetting pE_DimR1finO       --threads 5
    
        (command exited with non-zero exit code)
Complete log(s): /Users/liz/Documents/UW_Bio_PhD/Kerr_Lab/Plasmid_evolution/PETRI/.snakemake/log/2026-02-05T120139.735955.snakemake.log
WorkflowError:
At least one job did not complete successfully.
