Assuming unrestricted shared filesystem usage.
None
host: Lizs-MacBook-Air-9.local
Building DAG of jobs...
Using shell: /bin/bash
Provided cores: 3
Rules claiming more threads will be scaled down.
Conda environments: ignored
Job stats:
job      count
-----  -------
all          1
fig6         1
fig7         1
total        3

Select jobs to execute...
Execute 2 jobs...
[Mon May 11 13:50:55 2026]
localrule fig7:
    input: src/fig_Dim_psweep.R, input_data/strain_phenotypes.csv, results/parameter_sweeps/pDim90_E.R1/pDim90_E.R1_inv_change_plot2.rds
    output: figures/fig7_Dim_psweep.pdf
    jobid: 51
    reason: Params have changed since last execution: Union of exclusive params before and now across all output: before: '{"psweep_point_size": "2"}' now: '{"psweep_point_size": 2, "point_Anc": 16, "point_Mut": 17}' 
    resources: tmpdir=/var/folders/dw/d0fxdqy942jc3trrhg2gvbnm0000gn/T

[Mon May 11 13:50:55 2026]
localrule fig6:
    input: src/fig_psweep.R, results/parameter_sweeps/pHFC_S.pB10/pHFC_S.pB10_inv_change_plot2.rds, results/parameter_sweeps/pLFC_S.pB10/pLFC_S.pB10_inv_change_plot2.rds, results/parameter_sweeps/pHFC_S.pB10-A/pHFC_S.pB10-A_inv_change_plot2.rds, results/parameter_sweeps/pLFC_S.pB10-A/pLFC_S.pB10-A_inv_change_plot2.rds, input_data/strain_phenotypes.csv
    output: figures/fig6_psweep.pdf
    jobid: 50
    reason: Updated input files: src/fig_psweep.R
    resources: tmpdir=/var/folders/dw/d0fxdqy942jc3trrhg2gvbnm0000gn/T

RuleException:
CalledProcessError in file "/Users/liz/Documents/UW_Bio_PhD/Kerr_Lab/Plasmid_evolution/PETRI/Snakefile", line 390:
Command 'set -euo pipefail;  
    Rscript src/fig_psweep.R       --colors '{"p_Anc": "#8A407A", "p_Mut": "#8394F6", "p_F": "gray40", "p_growth": "#e7e9fd", "p_conj": "#d8aace", "p_tselect": "#c4bbeb", "p_imm": "#d0ffeb", "p_hc": "#e7e9fd", "p_syn": "#A69AE0", "p_par": "#d8aace"}'      --points '{"psweep_point_size": 2, "point_Anc": 16, "point_Mut": 17}'' returned non-zero exit status 1.
[Mon May 11 13:50:59 2026]
Error in rule fig6:
    message: None
    jobid: 50
    input: src/fig_psweep.R, results/parameter_sweeps/pHFC_S.pB10/pHFC_S.pB10_inv_change_plot2.rds, results/parameter_sweeps/pLFC_S.pB10/pLFC_S.pB10_inv_change_plot2.rds, results/parameter_sweeps/pHFC_S.pB10-A/pHFC_S.pB10-A_inv_change_plot2.rds, results/parameter_sweeps/pLFC_S.pB10-A/pLFC_S.pB10-A_inv_change_plot2.rds, input_data/strain_phenotypes.csv
    output: figures/fig6_psweep.pdf
    shell:
        
    Rscript src/fig_psweep.R       --colors '{"p_Anc": "#8A407A", "p_Mut": "#8394F6", "p_F": "gray40", "p_growth": "#e7e9fd", "p_conj": "#d8aace", "p_tselect": "#c4bbeb", "p_imm": "#d0ffeb", "p_hc": "#e7e9fd", "p_syn": "#A69AE0", "p_par": "#d8aace"}'      --points '{"psweep_point_size": 2, "point_Anc": 16, "point_Mut": 17}'
    
        (command exited with non-zero exit code)
[Mon May 11 13:50:59 2026]
Finished jobid: 51 (Rule: fig7)
1 of 3 steps (33%) done
Shutting down, this might take some time.
Exiting because a job execution failed. Look below for error messages
[Mon May 11 13:50:59 2026]
Error in rule fig6:
    message: None
    jobid: 50
    input: src/fig_psweep.R, results/parameter_sweeps/pHFC_S.pB10/pHFC_S.pB10_inv_change_plot2.rds, results/parameter_sweeps/pLFC_S.pB10/pLFC_S.pB10_inv_change_plot2.rds, results/parameter_sweeps/pHFC_S.pB10-A/pHFC_S.pB10-A_inv_change_plot2.rds, results/parameter_sweeps/pLFC_S.pB10-A/pLFC_S.pB10-A_inv_change_plot2.rds, input_data/strain_phenotypes.csv
    output: figures/fig6_psweep.pdf
    shell:
        
    Rscript src/fig_psweep.R       --colors '{"p_Anc": "#8A407A", "p_Mut": "#8394F6", "p_F": "gray40", "p_growth": "#e7e9fd", "p_conj": "#d8aace", "p_tselect": "#c4bbeb", "p_imm": "#d0ffeb", "p_hc": "#e7e9fd", "p_syn": "#A69AE0", "p_par": "#d8aace"}'      --points '{"psweep_point_size": 2, "point_Anc": 16, "point_Mut": 17}'
    
        (command exited with non-zero exit code)
Complete log(s): /Users/liz/Documents/UW_Bio_PhD/Kerr_Lab/Plasmid_evolution/PETRI/.snakemake/log/2026-05-11T135054.269097.snakemake.log
WorkflowError:
At least one job did not complete successfully.
