Assuming unrestricted shared filesystem usage.
None
host: Lizs-MacBook-Air-9.local
Building DAG of jobs...
Using shell: /bin/bash
Provided cores: 7
Rules claiming more threads will be scaled down.
Job stats:
job                        count
-----------------------  -------
all                            1
plot_case_study_sims           1
process_case_study_sims        1
total                          3

Select jobs to execute...
Execute 1 jobs...
[Wed Feb 18 16:25:42 2026]
localrule process_case_study_sims:
    input: src/process_simrun.R, results/case_study_sims/E.R1/E.R1_data.csv, results/case_study_sims/E.R1/E.R1_data_long.csv
    output: results/case_study_sims/E.R1/E.R1_density_plot_df.csv, results/case_study_sims/E.R1/E.R1_frequency_plot_df.csv, results/case_study_sims/E.R1/E.R1_phases_plot_df.csv
    jobid: 2
    reason: Updated input files: src/process_simrun.R
    wildcards: treatment=E.R1
    resources: tmpdir=/var/folders/dw/d0fxdqy942jc3trrhg2gvbnm0000gn/T

RuleException:
CalledProcessError in file "/Users/liz/Documents/UW_Bio_PhD/Kerr_Lab/Plasmid_evolution/PETRI/Snakefile", line 79:
Command 'set -euo pipefail;  Rscript src/process_simrun.R --treatment E.R1' returned non-zero exit status 1.
[Wed Feb 18 16:25:47 2026]
Error in rule process_case_study_sims:
    message: None
    jobid: 2
    input: src/process_simrun.R, results/case_study_sims/E.R1/E.R1_data.csv, results/case_study_sims/E.R1/E.R1_data_long.csv
    output: results/case_study_sims/E.R1/E.R1_density_plot_df.csv, results/case_study_sims/E.R1/E.R1_frequency_plot_df.csv, results/case_study_sims/E.R1/E.R1_phases_plot_df.csv
    shell:
        Rscript src/process_simrun.R --treatment E.R1
        (command exited with non-zero exit code)
Shutting down, this might take some time.
Exiting because a job execution failed. Look below for error messages
[Wed Feb 18 16:25:47 2026]
Error in rule process_case_study_sims:
    message: None
    jobid: 2
    input: src/process_simrun.R, results/case_study_sims/E.R1/E.R1_data.csv, results/case_study_sims/E.R1/E.R1_data_long.csv
    output: results/case_study_sims/E.R1/E.R1_density_plot_df.csv, results/case_study_sims/E.R1/E.R1_frequency_plot_df.csv, results/case_study_sims/E.R1/E.R1_phases_plot_df.csv
    shell:
        Rscript src/process_simrun.R --treatment E.R1
        (command exited with non-zero exit code)
Complete log(s): /Users/liz/Documents/UW_Bio_PhD/Kerr_Lab/Plasmid_evolution/PETRI/.snakemake/log/2026-02-18T162541.635201.snakemake.log
WorkflowError:
At least one job did not complete successfully.
