Assuming unrestricted shared filesystem usage.
None
host: Lizs-MacBook-Air-9.local
Building DAG of jobs...
Using shell: /bin/bash
Provided cores: 7
Rules claiming more threads will be scaled down.
Job stats:
job                     count
--------------------  -------
all                         1
plot_case_study_sims        3
total                       4

Select jobs to execute...
Execute 3 jobs...
[Mon Feb 23 11:28:54 2026]
localrule plot_case_study_sims:
    input: src/plot_simrun.R, results/case_study_sims/DG_S.pB10/DG_S.pB10_density_plot_df.csv, results/case_study_sims/DG_S.pB10/DG_S.pB10_frequency_plot_df.csv, results/case_study_sims/DG_S.pB10/DG_S.pB10_phases_plot_df.csv
    output: results/case_study_sims/DG_S.pB10/DG_S.pB10_density_plot.pdf, results/case_study_sims/DG_S.pB10/DG_S.pB10_frequency_plot.pdf, results/case_study_sims/DG_S.pB10/DG_S.pB10_density_plot.rds, results/case_study_sims/DG_S.pB10/DG_S.pB10_frequency_plot.rds
    jobid: 1
    reason: Updated input files: src/plot_simrun.R
    wildcards: treatment=DG_S.pB10
    resources: tmpdir=/var/folders/dw/d0fxdqy942jc3trrhg2gvbnm0000gn/T

[Mon Feb 23 11:28:54 2026]
localrule plot_case_study_sims:
    input: src/plot_simrun.R, results/case_study_sims/HFC_S.pB10/HFC_S.pB10_density_plot_df.csv, results/case_study_sims/HFC_S.pB10/HFC_S.pB10_frequency_plot_df.csv, results/case_study_sims/HFC_S.pB10/HFC_S.pB10_phases_plot_df.csv
    output: results/case_study_sims/HFC_S.pB10/HFC_S.pB10_density_plot.pdf, results/case_study_sims/HFC_S.pB10/HFC_S.pB10_frequency_plot.pdf, results/case_study_sims/HFC_S.pB10/HFC_S.pB10_density_plot.rds, results/case_study_sims/HFC_S.pB10/HFC_S.pB10_frequency_plot.rds
    jobid: 4
    reason: Updated input files: src/plot_simrun.R
    wildcards: treatment=HFC_S.pB10
    resources: tmpdir=/var/folders/dw/d0fxdqy942jc3trrhg2gvbnm0000gn/T

[Mon Feb 23 11:28:54 2026]
localrule plot_case_study_sims:
    input: src/plot_simrun.R, results/case_study_sims/LFC_S.pB10-A/LFC_S.pB10-A_density_plot_df.csv, results/case_study_sims/LFC_S.pB10-A/LFC_S.pB10-A_frequency_plot_df.csv, results/case_study_sims/LFC_S.pB10-A/LFC_S.pB10-A_phases_plot_df.csv
    output: results/case_study_sims/LFC_S.pB10-A/LFC_S.pB10-A_density_plot.pdf, results/case_study_sims/LFC_S.pB10-A/LFC_S.pB10-A_frequency_plot.pdf, results/case_study_sims/LFC_S.pB10-A/LFC_S.pB10-A_density_plot.rds, results/case_study_sims/LFC_S.pB10-A/LFC_S.pB10-A_frequency_plot.rds
    jobid: 7
    reason: Updated input files: src/plot_simrun.R
    wildcards: treatment=LFC_S.pB10-A
    resources: tmpdir=/var/folders/dw/d0fxdqy942jc3trrhg2gvbnm0000gn/T

RuleException:
CalledProcessError in file "/Users/liz/Documents/UW_Bio_PhD/Kerr_Lab/Plasmid_evolution/PETRI/Snakefile", line 97:
Command 'set -euo pipefail;  
    Rscript src/plot_simrun.R       --treatment DG_S.pB10       --colors '{"p_Anc": "#8394F6", "p_Mut": "#8A407A", "p_F": "gray40", "p_growth": "#FFFBEF", "p_conj": "#D0D9FF", "p_tselect": "#FBE9FF", "p_imm": "#d0ffeb"}'       --lines '{"rifR_l": "solid", "nalR_l": "22"}'' returned non-zero exit status 1.
[Mon Feb 23 11:29:00 2026]
Error in rule plot_case_study_sims:
    message: None
    jobid: 1
    input: src/plot_simrun.R, results/case_study_sims/DG_S.pB10/DG_S.pB10_density_plot_df.csv, results/case_study_sims/DG_S.pB10/DG_S.pB10_frequency_plot_df.csv, results/case_study_sims/DG_S.pB10/DG_S.pB10_phases_plot_df.csv
    output: results/case_study_sims/DG_S.pB10/DG_S.pB10_density_plot.pdf, results/case_study_sims/DG_S.pB10/DG_S.pB10_frequency_plot.pdf, results/case_study_sims/DG_S.pB10/DG_S.pB10_density_plot.rds, results/case_study_sims/DG_S.pB10/DG_S.pB10_frequency_plot.rds
    shell:
        
    Rscript src/plot_simrun.R       --treatment DG_S.pB10       --colors '{"p_Anc": "#8394F6", "p_Mut": "#8A407A", "p_F": "gray40", "p_growth": "#FFFBEF", "p_conj": "#D0D9FF", "p_tselect": "#FBE9FF", "p_imm": "#d0ffeb"}'       --lines '{"rifR_l": "solid", "nalR_l": "22"}'
    
        (command exited with non-zero exit code)
RuleException:
CalledProcessError in file "/Users/liz/Documents/UW_Bio_PhD/Kerr_Lab/Plasmid_evolution/PETRI/Snakefile", line 97:
Command 'set -euo pipefail;  
    Rscript src/plot_simrun.R       --treatment LFC_S.pB10-A       --colors '{"p_Anc": "#8394F6", "p_Mut": "#8A407A", "p_F": "gray40", "p_growth": "#FFFBEF", "p_conj": "#D0D9FF", "p_tselect": "#FBE9FF", "p_imm": "#d0ffeb"}'       --lines '{"rifR_l": "solid", "nalR_l": "22"}'' returned non-zero exit status 1.
[Mon Feb 23 11:29:00 2026]
Error in rule plot_case_study_sims:
    message: None
    jobid: 7
    input: src/plot_simrun.R, results/case_study_sims/LFC_S.pB10-A/LFC_S.pB10-A_density_plot_df.csv, results/case_study_sims/LFC_S.pB10-A/LFC_S.pB10-A_frequency_plot_df.csv, results/case_study_sims/LFC_S.pB10-A/LFC_S.pB10-A_phases_plot_df.csv
    output: results/case_study_sims/LFC_S.pB10-A/LFC_S.pB10-A_density_plot.pdf, results/case_study_sims/LFC_S.pB10-A/LFC_S.pB10-A_frequency_plot.pdf, results/case_study_sims/LFC_S.pB10-A/LFC_S.pB10-A_density_plot.rds, results/case_study_sims/LFC_S.pB10-A/LFC_S.pB10-A_frequency_plot.rds
    shell:
        
    Rscript src/plot_simrun.R       --treatment LFC_S.pB10-A       --colors '{"p_Anc": "#8394F6", "p_Mut": "#8A407A", "p_F": "gray40", "p_growth": "#FFFBEF", "p_conj": "#D0D9FF", "p_tselect": "#FBE9FF", "p_imm": "#d0ffeb"}'       --lines '{"rifR_l": "solid", "nalR_l": "22"}'
    
        (command exited with non-zero exit code)
RuleException:
CalledProcessError in file "/Users/liz/Documents/UW_Bio_PhD/Kerr_Lab/Plasmid_evolution/PETRI/Snakefile", line 97:
Command 'set -euo pipefail;  
    Rscript src/plot_simrun.R       --treatment HFC_S.pB10       --colors '{"p_Anc": "#8394F6", "p_Mut": "#8A407A", "p_F": "gray40", "p_growth": "#FFFBEF", "p_conj": "#D0D9FF", "p_tselect": "#FBE9FF", "p_imm": "#d0ffeb"}'       --lines '{"rifR_l": "solid", "nalR_l": "22"}'' returned non-zero exit status 1.
[Mon Feb 23 11:29:00 2026]
Error in rule plot_case_study_sims:
    message: None
    jobid: 4
    input: src/plot_simrun.R, results/case_study_sims/HFC_S.pB10/HFC_S.pB10_density_plot_df.csv, results/case_study_sims/HFC_S.pB10/HFC_S.pB10_frequency_plot_df.csv, results/case_study_sims/HFC_S.pB10/HFC_S.pB10_phases_plot_df.csv
    output: results/case_study_sims/HFC_S.pB10/HFC_S.pB10_density_plot.pdf, results/case_study_sims/HFC_S.pB10/HFC_S.pB10_frequency_plot.pdf, results/case_study_sims/HFC_S.pB10/HFC_S.pB10_density_plot.rds, results/case_study_sims/HFC_S.pB10/HFC_S.pB10_frequency_plot.rds
    shell:
        
    Rscript src/plot_simrun.R       --treatment HFC_S.pB10       --colors '{"p_Anc": "#8394F6", "p_Mut": "#8A407A", "p_F": "gray40", "p_growth": "#FFFBEF", "p_conj": "#D0D9FF", "p_tselect": "#FBE9FF", "p_imm": "#d0ffeb"}'       --lines '{"rifR_l": "solid", "nalR_l": "22"}'
    
        (command exited with non-zero exit code)
Shutting down, this might take some time.
Exiting because a job execution failed. Look below for error messages
[Mon Feb 23 11:29:00 2026]
Error in rule plot_case_study_sims:
    message: None
    jobid: 1
    input: src/plot_simrun.R, results/case_study_sims/DG_S.pB10/DG_S.pB10_density_plot_df.csv, results/case_study_sims/DG_S.pB10/DG_S.pB10_frequency_plot_df.csv, results/case_study_sims/DG_S.pB10/DG_S.pB10_phases_plot_df.csv
    output: results/case_study_sims/DG_S.pB10/DG_S.pB10_density_plot.pdf, results/case_study_sims/DG_S.pB10/DG_S.pB10_frequency_plot.pdf, results/case_study_sims/DG_S.pB10/DG_S.pB10_density_plot.rds, results/case_study_sims/DG_S.pB10/DG_S.pB10_frequency_plot.rds
    shell:
        
    Rscript src/plot_simrun.R       --treatment DG_S.pB10       --colors '{"p_Anc": "#8394F6", "p_Mut": "#8A407A", "p_F": "gray40", "p_growth": "#FFFBEF", "p_conj": "#D0D9FF", "p_tselect": "#FBE9FF", "p_imm": "#d0ffeb"}'       --lines '{"rifR_l": "solid", "nalR_l": "22"}'
    
        (command exited with non-zero exit code)
[Mon Feb 23 11:29:00 2026]
Error in rule plot_case_study_sims:
    message: None
    jobid: 4
    input: src/plot_simrun.R, results/case_study_sims/HFC_S.pB10/HFC_S.pB10_density_plot_df.csv, results/case_study_sims/HFC_S.pB10/HFC_S.pB10_frequency_plot_df.csv, results/case_study_sims/HFC_S.pB10/HFC_S.pB10_phases_plot_df.csv
    output: results/case_study_sims/HFC_S.pB10/HFC_S.pB10_density_plot.pdf, results/case_study_sims/HFC_S.pB10/HFC_S.pB10_frequency_plot.pdf, results/case_study_sims/HFC_S.pB10/HFC_S.pB10_density_plot.rds, results/case_study_sims/HFC_S.pB10/HFC_S.pB10_frequency_plot.rds
    shell:
        
    Rscript src/plot_simrun.R       --treatment HFC_S.pB10       --colors '{"p_Anc": "#8394F6", "p_Mut": "#8A407A", "p_F": "gray40", "p_growth": "#FFFBEF", "p_conj": "#D0D9FF", "p_tselect": "#FBE9FF", "p_imm": "#d0ffeb"}'       --lines '{"rifR_l": "solid", "nalR_l": "22"}'
    
        (command exited with non-zero exit code)
[Mon Feb 23 11:29:00 2026]
Error in rule plot_case_study_sims:
    message: None
    jobid: 7
    input: src/plot_simrun.R, results/case_study_sims/LFC_S.pB10-A/LFC_S.pB10-A_density_plot_df.csv, results/case_study_sims/LFC_S.pB10-A/LFC_S.pB10-A_frequency_plot_df.csv, results/case_study_sims/LFC_S.pB10-A/LFC_S.pB10-A_phases_plot_df.csv
    output: results/case_study_sims/LFC_S.pB10-A/LFC_S.pB10-A_density_plot.pdf, results/case_study_sims/LFC_S.pB10-A/LFC_S.pB10-A_frequency_plot.pdf, results/case_study_sims/LFC_S.pB10-A/LFC_S.pB10-A_density_plot.rds, results/case_study_sims/LFC_S.pB10-A/LFC_S.pB10-A_frequency_plot.rds
    shell:
        
    Rscript src/plot_simrun.R       --treatment LFC_S.pB10-A       --colors '{"p_Anc": "#8394F6", "p_Mut": "#8A407A", "p_F": "gray40", "p_growth": "#FFFBEF", "p_conj": "#D0D9FF", "p_tselect": "#FBE9FF", "p_imm": "#d0ffeb"}'       --lines '{"rifR_l": "solid", "nalR_l": "22"}'
    
        (command exited with non-zero exit code)
Complete log(s): /Users/liz/Documents/UW_Bio_PhD/Kerr_Lab/Plasmid_evolution/PETRI/.snakemake/log/2026-02-23T112853.262028.snakemake.log
WorkflowError:
At least one job did not complete successfully.
