Assuming unrestricted shared filesystem usage.
None
host: Lizs-MacBook-Air-9.local
Building DAG of jobs...
Using shell: /bin/bash
Provided cores: 7
Rules claiming more threads will be scaled down.
Job stats:
job               count
--------------  -------
all                   1
plot_psweep           6
process_psweep        6
psweep_sims           6
total                19

Select jobs to execute...
Execute 1 jobs...
[Mon Feb  2 11:16:31 2026]
localrule psweep_sims:
    input: src/simrun_psweep.R, input_data/Treatments_parameter_sweep.csv
    output: results/parameter_sweeps/pHFC.l_DimR1finO/pHFC.l_DimR1finO_out.csv
    jobid: 25
    reason: Updated input files: input_data/Treatments_parameter_sweep.csv
    wildcards: psweep=pHFC.l_DimR1finO
    threads: 5
    resources: tmpdir=/var/folders/dw/d0fxdqy942jc3trrhg2gvbnm0000gn/T

Select jobs to execute...
[Mon Feb  2 11:17:37 2026]
Finished jobid: 25 (Rule: psweep_sims)
1 of 19 steps (5%) done
Execute 2 jobs...
[Mon Feb  2 11:17:37 2026]
localrule psweep_sims:
    input: src/simrun_psweep.R, input_data/Treatments_parameter_sweep.csv
    output: results/parameter_sweeps/pHFC.l_DimR1/pHFC.l_DimR1_out.csv
    jobid: 19
    reason: Missing output files: results/parameter_sweeps/pHFC.l_DimR1/pHFC.l_DimR1_out.csv; Updated input files: input_data/Treatments_parameter_sweep.csv, src/simrun_psweep.R
    wildcards: psweep=pHFC.l_DimR1
    threads: 5
    resources: tmpdir=/var/folders/dw/d0fxdqy942jc3trrhg2gvbnm0000gn/T

[Mon Feb  2 11:17:37 2026]
localrule process_psweep:
    input: src/process_psweep.R, results/parameter_sweeps/pHFC.l_DimR1finO/pHFC.l_DimR1finO_out.csv
    output: results/parameter_sweeps/pHFC.l_DimR1finO/pHFC.l_DimR1finO_plot.csv
    jobid: 24
    reason: Input files updated by another job: results/parameter_sweeps/pHFC.l_DimR1finO/pHFC.l_DimR1finO_out.csv
    wildcards: psweep=pHFC.l_DimR1finO
    resources: tmpdir=/var/folders/dw/d0fxdqy942jc3trrhg2gvbnm0000gn/T

Select jobs to execute...
[Mon Feb  2 11:17:41 2026]
Finished jobid: 24 (Rule: process_psweep)
2 of 19 steps (11%) done
Execute 1 jobs...
[Mon Feb  2 11:17:42 2026]
localrule plot_psweep:
    input: src/plot_psweep.R, results/parameter_sweeps/pHFC.l_DimR1finO/pHFC.l_DimR1finO_plot.csv
    output: results/parameter_sweeps/pHFC.l_DimR1finO/pHFC.l_DimR1finO_change_plot.pdf, results/parameter_sweeps/pHFC.l_DimR1finO/pHFC.l_DimR1finO_inv_plot.pdf, results/parameter_sweeps/pHFC.l_DimR1finO/pHFC.l_DimR1finO_inv_time_plot.pdf
    jobid: 23
    reason: Missing output files: results/parameter_sweeps/pHFC.l_DimR1finO/pHFC.l_DimR1finO_inv_time_plot.pdf; Input files updated by another job: results/parameter_sweeps/pHFC.l_DimR1finO/pHFC.l_DimR1finO_plot.csv
    wildcards: psweep=pHFC.l_DimR1finO
    resources: tmpdir=/var/folders/dw/d0fxdqy942jc3trrhg2gvbnm0000gn/T

Select jobs to execute...
[Mon Feb  2 11:17:49 2026]
Finished jobid: 23 (Rule: plot_psweep)
3 of 19 steps (16%) done
[Mon Feb  2 11:18:22 2026]
Finished jobid: 19 (Rule: psweep_sims)
4 of 19 steps (21%) done
Execute 2 jobs...
[Mon Feb  2 11:18:23 2026]
localrule psweep_sims:
    input: src/simrun_psweep.R, input_data/Treatments_parameter_sweep.csv
    output: results/parameter_sweeps/pE_test/pE_test_out.csv
    jobid: 13
    reason: Updated input files: input_data/Treatments_parameter_sweep.csv, src/simrun_psweep.R
    wildcards: psweep=pE_test
    threads: 5
    resources: tmpdir=/var/folders/dw/d0fxdqy942jc3trrhg2gvbnm0000gn/T

[Mon Feb  2 11:18:23 2026]
localrule process_psweep:
    input: src/process_psweep.R, results/parameter_sweeps/pHFC.l_DimR1/pHFC.l_DimR1_out.csv
    output: results/parameter_sweeps/pHFC.l_DimR1/pHFC.l_DimR1_plot.csv
    jobid: 18
    reason: Input files updated by another job: results/parameter_sweeps/pHFC.l_DimR1/pHFC.l_DimR1_out.csv
    wildcards: psweep=pHFC.l_DimR1
    resources: tmpdir=/var/folders/dw/d0fxdqy942jc3trrhg2gvbnm0000gn/T

Select jobs to execute...
[Mon Feb  2 11:18:27 2026]
Finished jobid: 18 (Rule: process_psweep)
5 of 19 steps (26%) done
Execute 1 jobs...
[Mon Feb  2 11:18:27 2026]
localrule plot_psweep:
    input: src/plot_psweep.R, results/parameter_sweeps/pHFC.l_DimR1/pHFC.l_DimR1_plot.csv
    output: results/parameter_sweeps/pHFC.l_DimR1/pHFC.l_DimR1_change_plot.pdf, results/parameter_sweeps/pHFC.l_DimR1/pHFC.l_DimR1_inv_plot.pdf, results/parameter_sweeps/pHFC.l_DimR1/pHFC.l_DimR1_inv_time_plot.pdf
    jobid: 17
    reason: Missing output files: results/parameter_sweeps/pHFC.l_DimR1/pHFC.l_DimR1_inv_time_plot.pdf; Input files updated by another job: results/parameter_sweeps/pHFC.l_DimR1/pHFC.l_DimR1_plot.csv
    wildcards: psweep=pHFC.l_DimR1
    resources: tmpdir=/var/folders/dw/d0fxdqy942jc3trrhg2gvbnm0000gn/T

Select jobs to execute...
[Mon Feb  2 11:18:35 2026]
Finished jobid: 17 (Rule: plot_psweep)
6 of 19 steps (32%) done
[Mon Feb  2 11:19:24 2026]
Finished jobid: 13 (Rule: psweep_sims)
7 of 19 steps (37%) done
Execute 2 jobs...
[Mon Feb  2 11:19:24 2026]
localrule process_psweep:
    input: src/process_psweep.R, results/parameter_sweeps/pE_test/pE_test_out.csv
    output: results/parameter_sweeps/pE_test/pE_test_plot.csv
    jobid: 12
    reason: Input files updated by another job: results/parameter_sweeps/pE_test/pE_test_out.csv
    wildcards: psweep=pE_test
    resources: tmpdir=/var/folders/dw/d0fxdqy942jc3trrhg2gvbnm0000gn/T

[Mon Feb  2 11:19:24 2026]
localrule psweep_sims:
    input: src/simrun_psweep.R, input_data/Treatments_parameter_sweep.csv
    output: results/parameter_sweeps/pHFC.l_test/pHFC.l_test_out.csv
    jobid: 28
    reason: Updated input files: input_data/Treatments_parameter_sweep.csv, src/simrun_psweep.R
    wildcards: psweep=pHFC.l_test
    threads: 5
    resources: tmpdir=/var/folders/dw/d0fxdqy942jc3trrhg2gvbnm0000gn/T

Select jobs to execute...
[Mon Feb  2 11:19:28 2026]
Finished jobid: 12 (Rule: process_psweep)
8 of 19 steps (42%) done
Execute 1 jobs...
[Mon Feb  2 11:19:28 2026]
localrule plot_psweep:
    input: src/plot_psweep.R, results/parameter_sweeps/pE_test/pE_test_plot.csv
    output: results/parameter_sweeps/pE_test/pE_test_change_plot.pdf, results/parameter_sweeps/pE_test/pE_test_inv_plot.pdf, results/parameter_sweeps/pE_test/pE_test_inv_time_plot.pdf
    jobid: 11
    reason: Missing output files: results/parameter_sweeps/pE_test/pE_test_inv_time_plot.pdf; Input files updated by another job: results/parameter_sweeps/pE_test/pE_test_plot.csv
    wildcards: psweep=pE_test
    resources: tmpdir=/var/folders/dw/d0fxdqy942jc3trrhg2gvbnm0000gn/T

Select jobs to execute...
[Mon Feb  2 11:19:36 2026]
Finished jobid: 11 (Rule: plot_psweep)
9 of 19 steps (47%) done
[Mon Feb  2 11:19:49 2026]
Finished jobid: 28 (Rule: psweep_sims)
10 of 19 steps (53%) done
Execute 2 jobs...
[Mon Feb  2 11:19:49 2026]
localrule psweep_sims:
    input: src/simrun_psweep.R, input_data/Treatments_parameter_sweep.csv
    output: results/parameter_sweeps/pF_test/pF_test_out.csv
    jobid: 16
    reason: Updated input files: input_data/Treatments_parameter_sweep.csv, src/simrun_psweep.R
    wildcards: psweep=pF_test
    threads: 5
    resources: tmpdir=/var/folders/dw/d0fxdqy942jc3trrhg2gvbnm0000gn/T

[Mon Feb  2 11:19:49 2026]
localrule process_psweep:
    input: src/process_psweep.R, results/parameter_sweeps/pHFC.l_test/pHFC.l_test_out.csv
    output: results/parameter_sweeps/pHFC.l_test/pHFC.l_test_plot.csv
    jobid: 27
    reason: Input files updated by another job: results/parameter_sweeps/pHFC.l_test/pHFC.l_test_out.csv
    wildcards: psweep=pHFC.l_test
    resources: tmpdir=/var/folders/dw/d0fxdqy942jc3trrhg2gvbnm0000gn/T

Select jobs to execute...
[Mon Feb  2 11:19:53 2026]
Finished jobid: 27 (Rule: process_psweep)
11 of 19 steps (58%) done
Execute 1 jobs...
[Mon Feb  2 11:19:53 2026]
localrule plot_psweep:
    input: src/plot_psweep.R, results/parameter_sweeps/pHFC.l_test/pHFC.l_test_plot.csv
    output: results/parameter_sweeps/pHFC.l_test/pHFC.l_test_change_plot.pdf, results/parameter_sweeps/pHFC.l_test/pHFC.l_test_inv_plot.pdf, results/parameter_sweeps/pHFC.l_test/pHFC.l_test_inv_time_plot.pdf
    jobid: 26
    reason: Missing output files: results/parameter_sweeps/pHFC.l_test/pHFC.l_test_inv_time_plot.pdf; Input files updated by another job: results/parameter_sweeps/pHFC.l_test/pHFC.l_test_plot.csv
    wildcards: psweep=pHFC.l_test
    resources: tmpdir=/var/folders/dw/d0fxdqy942jc3trrhg2gvbnm0000gn/T

Select jobs to execute...
[Mon Feb  2 11:20:01 2026]
Finished jobid: 26 (Rule: plot_psweep)
12 of 19 steps (63%) done
[Mon Feb  2 11:22:09 2026]
Finished jobid: 16 (Rule: psweep_sims)
13 of 19 steps (68%) done
Execute 2 jobs...
[Mon Feb  2 11:22:09 2026]
localrule process_psweep:
    input: src/process_psweep.R, results/parameter_sweeps/pF_test/pF_test_out.csv
    output: results/parameter_sweeps/pF_test/pF_test_plot.csv
    jobid: 15
    reason: Input files updated by another job: results/parameter_sweeps/pF_test/pF_test_out.csv
    wildcards: psweep=pF_test
    resources: tmpdir=/var/folders/dw/d0fxdqy942jc3trrhg2gvbnm0000gn/T

[Mon Feb  2 11:22:09 2026]
localrule psweep_sims:
    input: src/simrun_psweep.R, input_data/Treatments_parameter_sweep.csv
    output: results/parameter_sweeps/pE_DimR1/pE_DimR1_out.csv
    jobid: 22
    reason: Updated input files: input_data/Treatments_parameter_sweep.csv, src/simrun_psweep.R
    wildcards: psweep=pE_DimR1
    threads: 5
    resources: tmpdir=/var/folders/dw/d0fxdqy942jc3trrhg2gvbnm0000gn/T

[Mon Feb  2 11:22:14 2026]
Finished jobid: 15 (Rule: process_psweep)
14 of 19 steps (74%) done
Select jobs to execute...
Execute 1 jobs...
[Mon Feb  2 11:22:14 2026]
localrule plot_psweep:
    input: src/plot_psweep.R, results/parameter_sweeps/pF_test/pF_test_plot.csv
    output: results/parameter_sweeps/pF_test/pF_test_change_plot.pdf, results/parameter_sweeps/pF_test/pF_test_inv_plot.pdf, results/parameter_sweeps/pF_test/pF_test_inv_time_plot.pdf
    jobid: 14
    reason: Missing output files: results/parameter_sweeps/pF_test/pF_test_inv_time_plot.pdf; Input files updated by another job: results/parameter_sweeps/pF_test/pF_test_plot.csv
    wildcards: psweep=pF_test
    resources: tmpdir=/var/folders/dw/d0fxdqy942jc3trrhg2gvbnm0000gn/T

[Mon Feb  2 11:22:22 2026]
Finished jobid: 14 (Rule: plot_psweep)
15 of 19 steps (79%) done
[Mon Feb  2 11:23:38 2026]
Finished jobid: 22 (Rule: psweep_sims)
16 of 19 steps (84%) done
Select jobs to execute...
Execute 1 jobs...
[Mon Feb  2 11:23:38 2026]
localrule process_psweep:
    input: src/process_psweep.R, results/parameter_sweeps/pE_DimR1/pE_DimR1_out.csv
    output: results/parameter_sweeps/pE_DimR1/pE_DimR1_plot.csv
    jobid: 21
    reason: Input files updated by another job: results/parameter_sweeps/pE_DimR1/pE_DimR1_out.csv
    wildcards: psweep=pE_DimR1
    resources: tmpdir=/var/folders/dw/d0fxdqy942jc3trrhg2gvbnm0000gn/T

[Mon Feb  2 11:23:41 2026]
Finished jobid: 21 (Rule: process_psweep)
17 of 19 steps (89%) done
Select jobs to execute...
Execute 1 jobs...
[Mon Feb  2 11:23:41 2026]
localrule plot_psweep:
    input: src/plot_psweep.R, results/parameter_sweeps/pE_DimR1/pE_DimR1_plot.csv
    output: results/parameter_sweeps/pE_DimR1/pE_DimR1_change_plot.pdf, results/parameter_sweeps/pE_DimR1/pE_DimR1_inv_plot.pdf, results/parameter_sweeps/pE_DimR1/pE_DimR1_inv_time_plot.pdf
    jobid: 20
    reason: Missing output files: results/parameter_sweeps/pE_DimR1/pE_DimR1_inv_time_plot.pdf; Input files updated by another job: results/parameter_sweeps/pE_DimR1/pE_DimR1_plot.csv
    wildcards: psweep=pE_DimR1
    resources: tmpdir=/var/folders/dw/d0fxdqy942jc3trrhg2gvbnm0000gn/T

[Mon Feb  2 11:23:46 2026]
Finished jobid: 20 (Rule: plot_psweep)
18 of 19 steps (95%) done
Select jobs to execute...
Execute 1 jobs...
[Mon Feb  2 11:23:46 2026]
localrule all:
    input: results/case_study_sims/A.2_full/A.2_full_density_plot.pdf, results/case_study_sims/C.2_full/C.2_full_density_plot.pdf, results/case_study_sims/A.2_full/A.2_full_frequency_plot.pdf, results/case_study_sims/C.2_full/C.2_full_frequency_plot.pdf, results/parameter_sets/test_sweep_param.csv, results/parameter_sets/testmut_sweep_param.csv, results/parameter_sets/DimR1_sweep_param.csv, results/parameter_sets/DimR1finO_sweep_param.csv, results/parameter_sweeps/pE_test/pE_test_change_plot.pdf, results/parameter_sweeps/pF_test/pF_test_change_plot.pdf, results/parameter_sweeps/pHFC.l_DimR1/pHFC.l_DimR1_change_plot.pdf, results/parameter_sweeps/pE_DimR1/pE_DimR1_change_plot.pdf, results/parameter_sweeps/pHFC.l_DimR1finO/pHFC.l_DimR1finO_change_plot.pdf, results/parameter_sweeps/pHFC.l_test/pHFC.l_test_change_plot.pdf, results/parameter_sweeps/pE_test/pE_test_inv_plot.pdf, results/parameter_sweeps/pF_test/pF_test_inv_plot.pdf, results/parameter_sweeps/pHFC.l_DimR1/pHFC.l_DimR1_inv_plot.pdf, results/parameter_sweeps/pE_DimR1/pE_DimR1_inv_plot.pdf, results/parameter_sweeps/pHFC.l_DimR1finO/pHFC.l_DimR1finO_inv_plot.pdf, results/parameter_sweeps/pHFC.l_test/pHFC.l_test_inv_plot.pdf, results/parameter_sweeps/pE_test/pE_test_inv_time_plot.pdf, results/parameter_sweeps/pF_test/pF_test_inv_time_plot.pdf, results/parameter_sweeps/pHFC.l_DimR1/pHFC.l_DimR1_inv_time_plot.pdf, results/parameter_sweeps/pE_DimR1/pE_DimR1_inv_time_plot.pdf, results/parameter_sweeps/pHFC.l_DimR1finO/pHFC.l_DimR1finO_inv_time_plot.pdf, results/parameter_sweeps/pHFC.l_test/pHFC.l_test_inv_time_plot.pdf
    jobid: 0
    reason: Input files updated by another job: results/parameter_sweeps/pHFC.l_test/pHFC.l_test_change_plot.pdf, results/parameter_sweeps/pHFC.l_test/pHFC.l_test_inv_plot.pdf, results/parameter_sweeps/pHFC.l_DimR1/pHFC.l_DimR1_inv_time_plot.pdf, results/parameter_sweeps/pHFC.l_DimR1/pHFC.l_DimR1_inv_plot.pdf, results/parameter_sweeps/pF_test/pF_test_inv_plot.pdf, results/parameter_sweeps/pHFC.l_DimR1finO/pHFC.l_DimR1finO_inv_time_plot.pdf, results/parameter_sweeps/pE_DimR1/pE_DimR1_inv_time_plot.pdf, results/parameter_sweeps/pF_test/pF_test_change_plot.pdf, results/parameter_sweeps/pE_DimR1/pE_DimR1_inv_plot.pdf, results/parameter_sweeps/pE_test/pE_test_inv_plot.pdf, results/parameter_sweeps/pHFC.l_DimR1finO/pHFC.l_DimR1finO_inv_plot.pdf, results/parameter_sweeps/pHFC.l_DimR1/pHFC.l_DimR1_change_plot.pdf, results/parameter_sweeps/pE_test/pE_test_change_plot.pdf, results/parameter_sweeps/pHFC.l_DimR1finO/pHFC.l_DimR1finO_change_plot.pdf, results/parameter_sweeps/pHFC.l_test/pHFC.l_test_inv_time_plot.pdf, results/parameter_sweeps/pE_test/pE_test_inv_time_plot.pdf, results/parameter_sweeps/pE_DimR1/pE_DimR1_change_plot.pdf, results/parameter_sweeps/pF_test/pF_test_inv_time_plot.pdf
    resources: tmpdir=/var/folders/dw/d0fxdqy942jc3trrhg2gvbnm0000gn/T

[Mon Feb  2 11:23:46 2026]
Finished jobid: 0 (Rule: all)
19 of 19 steps (100%) done
Complete log(s): /Users/liz/Documents/UW_Bio_PhD/Kerr_Lab/Plasmid_evolution/PETRI/.snakemake/log/2026-02-02T111630.584216.snakemake.log
