Assuming unrestricted shared filesystem usage.
None
host: Lizs-MacBook-Air-9.local
Building DAG of jobs...
Using shell: /bin/bash
Provided cores: 7
Rules claiming more threads will be scaled down.
Conda environments: ignored
Job stats:
job                    count
-------------------  -------
all                        1
fig3b                      1
fig5                       1
fig5bd                     1
fig6                       1
fig7                       1
plot_experiments           1
plot_phenotyping           1
plot_psweep_strain        12
process_experiments        1
process_extinction         1
total                     22

Select jobs to execute...
Execute 7 jobs...
[Wed May 27 14:50:25 2026]
localrule fig7:
    input: src/fig_Dim_psweep.R, input_data/strain_phenotypes.csv, results/parameter_sweeps/pDim90_E.R1/pDim90_E.R1_inv_change_plot.rds
    output: figures/fig7_Dim_psweep.pdf
    jobid: 91
    reason: Params have changed since last execution: Union of exclusive params before and now across all output: before: '{"psweep_point_size": 2, "exp_point_size": 3, "ph_point_size": 4, "sh_Anc": 16, "sh_Mut": 17, "sh_R1": 16, "sh_copA": 18, "sh_finO": 15}' now: '{"psweep_point_size": 2, "exp_point_size": 2, "ph_point_size": 3, "sh_Anc": 16, "sh_Mut": 17, "sh_R1": 16, "sh_copA": 18, "sh_finO": 15}' 
    resources: tmpdir=/var/folders/dw/d0fxdqy942jc3trrhg2gvbnm0000gn/T

[Wed May 27 14:50:25 2026]
localrule plot_phenotyping:
    input: src/plot_phenotyping.R, results/phenotyping/phenotyping_av.csv
    output: results/phenotyping/pB10_phenotyping.pdf, results/phenotyping/pB10_phenotyping.rds, results/phenotyping/pB10_mut_inv.pdf, results/phenotyping/pB10_mut_inv.rds, results/phenotyping/pB10_anc_inv.pdf, results/phenotyping/pB10_anc_inv.rds
    jobid: 80
    reason: Params have changed since last execution: Union of exclusive params before and now across all output: before: '{"psweep_point_size": 2, "exp_point_size": 3, "ph_point_size": 4, "sh_Anc": 16, "sh_Mut": 17, "sh_R1": 16, "sh_copA": 18, "sh_finO": 15}' now: '{"psweep_point_size": 2, "exp_point_size": 2, "ph_point_size": 3, "sh_Anc": 16, "sh_Mut": 17, "sh_R1": 16, "sh_copA": 18, "sh_finO": 15}' 
    resources: tmpdir=/var/folders/dw/d0fxdqy942jc3trrhg2gvbnm0000gn/T

[Wed May 27 14:50:25 2026]
localrule plot_psweep_strain:
    input: input_data/strain_phenotypes.csv, src/plot_psweep_strain.R, results/parameter_sweeps/pDGs_S.pB10/pDGs_S.pB10_inv_change_plot.rds, src/ggplot_theme.R
    output: results/parameter_sweeps/pDGs_S.pB10/pDGs_S.pB10_inv_change_strain_plot.pdf
    jobid: 75
    reason: Params have changed since last execution: Union of exclusive params before and now across all output: before: '{"psweep_point_size": 2, "exp_point_size": 3, "ph_point_size": 4, "sh_Anc": 16, "sh_Mut": 17, "sh_R1": 16, "sh_copA": 18, "sh_finO": 15}' now: '{"psweep_point_size": 2, "exp_point_size": 2, "ph_point_size": 3, "sh_Anc": 16, "sh_Mut": 17, "sh_R1": 16, "sh_copA": 18, "sh_finO": 15}' 
    wildcards: psweep=pDGs_S.pB10
    resources: tmpdir=/var/folders/dw/d0fxdqy942jc3trrhg2gvbnm0000gn/T

[Wed May 27 14:50:25 2026]
localrule plot_psweep_strain:
    input: input_data/strain_phenotypes.csv, src/plot_psweep_strain.R, results/parameter_sweeps/pDim90_E.R1/pDim90_E.R1_inv_change_plot.rds, src/ggplot_theme.R
    output: results/parameter_sweeps/pDim90_E.R1/pDim90_E.R1_inv_change_strain_plot.pdf
    jobid: 66
    reason: Params have changed since last execution: Union of exclusive params before and now across all output: before: '{"psweep_point_size": 2, "exp_point_size": 3, "ph_point_size": 4, "sh_Anc": 16, "sh_Mut": 17, "sh_R1": 16, "sh_copA": 18, "sh_finO": 15}' now: '{"psweep_point_size": 2, "exp_point_size": 2, "ph_point_size": 3, "sh_Anc": 16, "sh_Mut": 17, "sh_R1": 16, "sh_copA": 18, "sh_finO": 15}' 
    wildcards: psweep=pDim90_E.R1
    resources: tmpdir=/var/folders/dw/d0fxdqy942jc3trrhg2gvbnm0000gn/T

[Wed May 27 14:50:25 2026]
localrule plot_psweep_strain:
    input: input_data/strain_phenotypes.csv, src/plot_psweep_strain.R, results/parameter_sweeps/pHFCi2_S.pB10/pHFCi2_S.pB10_inv_change_plot.rds, src/ggplot_theme.R
    output: results/parameter_sweeps/pHFCi2_S.pB10/pHFCi2_S.pB10_inv_change_strain_plot.pdf
    jobid: 72
    reason: Params have changed since last execution: Union of exclusive params before and now across all output: before: '{"psweep_point_size": 2, "exp_point_size": 3, "ph_point_size": 4, "sh_Anc": 16, "sh_Mut": 17, "sh_R1": 16, "sh_copA": 18, "sh_finO": 15}' now: '{"psweep_point_size": 2, "exp_point_size": 2, "ph_point_size": 3, "sh_Anc": 16, "sh_Mut": 17, "sh_R1": 16, "sh_copA": 18, "sh_finO": 15}' 
    wildcards: psweep=pHFCi2_S.pB10
    resources: tmpdir=/var/folders/dw/d0fxdqy942jc3trrhg2gvbnm0000gn/T

[Wed May 27 14:50:25 2026]
localrule process_extinction:
    input: src/process_extinction.R, input_data/experimental_data/2026-01-27_T_extinction_plating.csv, input_data/experimental_data/2026-01-27_DR_extinction_plating.csv, src/ggplot_theme.R
    output: results/experimental_validation/extinction_cell_counts/extinction_size_av.csv, results/experimental_validation/extinction_cell_counts/colony_size_T_out.pdf, results/experimental_validation/extinction_cell_counts/extinction_all_out.pdf
    jobid: 88
    reason: Updated input files: src/process_extinction.R
    resources: tmpdir=/var/folders/dw/d0fxdqy942jc3trrhg2gvbnm0000gn/T

[Wed May 27 14:50:25 2026]
localrule plot_psweep_strain:
    input: input_data/strain_phenotypes.csv, src/plot_psweep_strain.R, results/parameter_sweeps/pHFCi_S.pB10/pHFCi_S.pB10_inv_change_plot.rds, src/ggplot_theme.R
    output: results/parameter_sweeps/pHFCi_S.pB10/pHFCi_S.pB10_inv_change_strain_plot.pdf
    jobid: 70
    reason: Params have changed since last execution: Union of exclusive params before and now across all output: before: '{"psweep_point_size": 2, "exp_point_size": 3, "ph_point_size": 4, "sh_Anc": 16, "sh_Mut": 17, "sh_R1": 16, "sh_copA": 18, "sh_finO": 15}' now: '{"psweep_point_size": 2, "exp_point_size": 2, "ph_point_size": 3, "sh_Anc": 16, "sh_Mut": 17, "sh_R1": 16, "sh_copA": 18, "sh_finO": 15}' 
    wildcards: psweep=pHFCi_S.pB10
    resources: tmpdir=/var/folders/dw/d0fxdqy942jc3trrhg2gvbnm0000gn/T

Select jobs to execute...
[Wed May 27 14:50:33 2026]
Finished jobid: 75 (Rule: plot_psweep_strain)
1 of 22 steps (5%) done
Execute 1 jobs...
[Wed May 27 14:50:33 2026]
localrule plot_psweep_strain:
    input: input_data/strain_phenotypes.csv, src/plot_psweep_strain.R, results/parameter_sweeps/pLFCi2_S.pB10/pLFCi2_S.pB10_inv_change_plot.rds, src/ggplot_theme.R
    output: results/parameter_sweeps/pLFCi2_S.pB10/pLFCi2_S.pB10_inv_change_strain_plot.pdf
    jobid: 73
    reason: Params have changed since last execution: Union of exclusive params before and now across all output: before: '{"psweep_point_size": 2, "exp_point_size": 3, "ph_point_size": 4, "sh_Anc": 16, "sh_Mut": 17, "sh_R1": 16, "sh_copA": 18, "sh_finO": 15}' now: '{"psweep_point_size": 2, "exp_point_size": 2, "ph_point_size": 3, "sh_Anc": 16, "sh_Mut": 17, "sh_R1": 16, "sh_copA": 18, "sh_finO": 15}' 
    wildcards: psweep=pLFCi2_S.pB10
    resources: tmpdir=/var/folders/dw/d0fxdqy942jc3trrhg2gvbnm0000gn/T

[Wed May 27 14:50:33 2026]
Finished jobid: 70 (Rule: plot_psweep_strain)
2 of 22 steps (9%) done
[Wed May 27 14:50:33 2026]
Finished jobid: 66 (Rule: plot_psweep_strain)
3 of 22 steps (14%) done
[Wed May 27 14:50:33 2026]
Finished jobid: 72 (Rule: plot_psweep_strain)
4 of 22 steps (18%) done
Select jobs to execute...
Execute 3 jobs...
[Wed May 27 14:50:33 2026]
localrule plot_psweep_strain:
    input: input_data/strain_phenotypes.csv, src/plot_psweep_strain.R, results/parameter_sweeps/pHFC_S.pB10-A/pHFC_S.pB10-A_inv_change_plot.rds, src/ggplot_theme.R
    output: results/parameter_sweeps/pHFC_S.pB10-A/pHFC_S.pB10-A_inv_change_strain_plot.pdf
    jobid: 68
    reason: Params have changed since last execution: Union of exclusive params before and now across all output: before: '{"psweep_point_size": 2, "exp_point_size": 3, "ph_point_size": 4, "sh_Anc": 16, "sh_Mut": 17, "sh_R1": 16, "sh_copA": 18, "sh_finO": 15}' now: '{"psweep_point_size": 2, "exp_point_size": 2, "ph_point_size": 3, "sh_Anc": 16, "sh_Mut": 17, "sh_R1": 16, "sh_copA": 18, "sh_finO": 15}' 
    wildcards: psweep=pHFC_S.pB10-A
    resources: tmpdir=/var/folders/dw/d0fxdqy942jc3trrhg2gvbnm0000gn/T

[Wed May 27 14:50:33 2026]
localrule plot_psweep_strain:
    input: input_data/strain_phenotypes.csv, src/plot_psweep_strain.R, results/parameter_sweeps/pLFC_S.pB10/pLFC_S.pB10_inv_change_plot.rds, src/ggplot_theme.R
    output: results/parameter_sweeps/pLFC_S.pB10/pLFC_S.pB10_inv_change_strain_plot.pdf
    jobid: 65
    reason: Params have changed since last execution: Union of exclusive params before and now across all output: before: '{"psweep_point_size": 2, "exp_point_size": 3, "ph_point_size": 4, "sh_Anc": 16, "sh_Mut": 17, "sh_R1": 16, "sh_copA": 18, "sh_finO": 15}' now: '{"psweep_point_size": 2, "exp_point_size": 2, "ph_point_size": 3, "sh_Anc": 16, "sh_Mut": 17, "sh_R1": 16, "sh_copA": 18, "sh_finO": 15}' 
    wildcards: psweep=pLFC_S.pB10
    resources: tmpdir=/var/folders/dw/d0fxdqy942jc3trrhg2gvbnm0000gn/T

[Wed May 27 14:50:33 2026]
localrule plot_psweep_strain:
    input: input_data/strain_phenotypes.csv, src/plot_psweep_strain.R, results/parameter_sweeps/pDG_S.pB10/pDG_S.pB10_inv_change_plot.rds, src/ggplot_theme.R
    output: results/parameter_sweeps/pDG_S.pB10/pDG_S.pB10_inv_change_strain_plot.pdf
    jobid: 74
    reason: Params have changed since last execution: Union of exclusive params before and now across all output: before: '{"psweep_point_size": 2, "exp_point_size": 3, "ph_point_size": 4, "sh_Anc": 16, "sh_Mut": 17, "sh_R1": 16, "sh_copA": 18, "sh_finO": 15}' now: '{"psweep_point_size": 2, "exp_point_size": 2, "ph_point_size": 3, "sh_Anc": 16, "sh_Mut": 17, "sh_R1": 16, "sh_copA": 18, "sh_finO": 15}' 
    wildcards: psweep=pDG_S.pB10
    resources: tmpdir=/var/folders/dw/d0fxdqy942jc3trrhg2gvbnm0000gn/T

Select jobs to execute...
[Wed May 27 14:50:33 2026]
Finished jobid: 91 (Rule: fig7)
5 of 22 steps (23%) done
Execute 1 jobs...
[Wed May 27 14:50:33 2026]
localrule plot_psweep_strain:
    input: input_data/strain_phenotypes.csv, src/plot_psweep_strain.R, results/parameter_sweeps/pDim90_E.RP4/pDim90_E.RP4_inv_change_plot.rds, src/ggplot_theme.R
    output: results/parameter_sweeps/pDim90_E.RP4/pDim90_E.RP4_inv_change_strain_plot.pdf
    jobid: 67
    reason: Params have changed since last execution: Union of exclusive params before and now across all output: before: '{"psweep_point_size": 2, "exp_point_size": 3, "ph_point_size": 4, "sh_Anc": 16, "sh_Mut": 17, "sh_R1": 16, "sh_copA": 18, "sh_finO": 15}' now: '{"psweep_point_size": 2, "exp_point_size": 2, "ph_point_size": 3, "sh_Anc": 16, "sh_Mut": 17, "sh_R1": 16, "sh_copA": 18, "sh_finO": 15}' 
    wildcards: psweep=pDim90_E.RP4
    resources: tmpdir=/var/folders/dw/d0fxdqy942jc3trrhg2gvbnm0000gn/T

[Wed May 27 14:50:34 2026]
Finished jobid: 80 (Rule: plot_phenotyping)
6 of 22 steps (27%) done
Select jobs to execute...
Execute 1 jobs...
[Wed May 27 14:50:34 2026]
localrule plot_psweep_strain:
    input: input_data/strain_phenotypes.csv, src/plot_psweep_strain.R, results/parameter_sweeps/pHFC_S.pB10/pHFC_S.pB10_inv_change_plot.rds, src/ggplot_theme.R
    output: results/parameter_sweeps/pHFC_S.pB10/pHFC_S.pB10_inv_change_strain_plot.pdf
    jobid: 64
    reason: Params have changed since last execution: Union of exclusive params before and now across all output: before: '{"psweep_point_size": 2, "exp_point_size": 3, "ph_point_size": 4, "sh_Anc": 16, "sh_Mut": 17, "sh_R1": 16, "sh_copA": 18, "sh_finO": 15}' now: '{"psweep_point_size": 2, "exp_point_size": 2, "ph_point_size": 3, "sh_Anc": 16, "sh_Mut": 17, "sh_R1": 16, "sh_copA": 18, "sh_finO": 15}' 
    wildcards: psweep=pHFC_S.pB10
    resources: tmpdir=/var/folders/dw/d0fxdqy942jc3trrhg2gvbnm0000gn/T

Select jobs to execute...
[Wed May 27 14:50:34 2026]
Finished jobid: 88 (Rule: process_extinction)
7 of 22 steps (32%) done
Execute 1 jobs...
[Wed May 27 14:50:34 2026]
localrule fig3b:
    input: src/fig_phenotyping_labeled.R, results/phenotyping/pB10_phenotyping.rds, results/phenotyping/phenotyping_av.csv, results/phenotyping/growth_rate/plating/growthrate_tt.csv, results/phenotyping/LDM_conjugation/LDM_conjugation_tt.csv
    output: figures/panels/fig3b_phenotyping.pdf, figures/panels/fig3b_phenotyping.rds
    jobid: 79
    reason: Input files updated by another job: results/phenotyping/pB10_phenotyping.rds
    resources: tmpdir=/var/folders/dw/d0fxdqy942jc3trrhg2gvbnm0000gn/T

Select jobs to execute...
[Wed May 27 14:50:40 2026]
Finished jobid: 74 (Rule: plot_psweep_strain)
8 of 22 steps (36%) done
Execute 1 jobs...
[Wed May 27 14:50:40 2026]
localrule plot_psweep_strain:
    input: input_data/strain_phenotypes.csv, src/plot_psweep_strain.R, results/parameter_sweeps/pLFCi_S.pB10/pLFCi_S.pB10_inv_change_plot.rds, src/ggplot_theme.R
    output: results/parameter_sweeps/pLFCi_S.pB10/pLFCi_S.pB10_inv_change_strain_plot.pdf
    jobid: 71
    reason: Params have changed since last execution: Union of exclusive params before and now across all output: before: '{"psweep_point_size": 2, "exp_point_size": 3, "ph_point_size": 4, "sh_Anc": 16, "sh_Mut": 17, "sh_R1": 16, "sh_copA": 18, "sh_finO": 15}' now: '{"psweep_point_size": 2, "exp_point_size": 2, "ph_point_size": 3, "sh_Anc": 16, "sh_Mut": 17, "sh_R1": 16, "sh_copA": 18, "sh_finO": 15}' 
    wildcards: psweep=pLFCi_S.pB10
    resources: tmpdir=/var/folders/dw/d0fxdqy942jc3trrhg2gvbnm0000gn/T

Select jobs to execute...
[Wed May 27 14:50:40 2026]
Finished jobid: 73 (Rule: plot_psweep_strain)
9 of 22 steps (41%) done
Execute 1 jobs...
[Wed May 27 14:50:40 2026]
localrule plot_psweep_strain:
    input: input_data/strain_phenotypes.csv, src/plot_psweep_strain.R, results/parameter_sweeps/pLFC_S.pB10-A/pLFC_S.pB10-A_inv_change_plot.rds, src/ggplot_theme.R
    output: results/parameter_sweeps/pLFC_S.pB10-A/pLFC_S.pB10-A_inv_change_strain_plot.pdf
    jobid: 69
    reason: Params have changed since last execution: Union of exclusive params before and now across all output: before: '{"psweep_point_size": 2, "exp_point_size": 3, "ph_point_size": 4, "sh_Anc": 16, "sh_Mut": 17, "sh_R1": 16, "sh_copA": 18, "sh_finO": 15}' now: '{"psweep_point_size": 2, "exp_point_size": 2, "ph_point_size": 3, "sh_Anc": 16, "sh_Mut": 17, "sh_R1": 16, "sh_copA": 18, "sh_finO": 15}' 
    wildcards: psweep=pLFC_S.pB10-A
    resources: tmpdir=/var/folders/dw/d0fxdqy942jc3trrhg2gvbnm0000gn/T

[Wed May 27 14:50:40 2026]
Finished jobid: 67 (Rule: plot_psweep_strain)
10 of 22 steps (45%) done
[Wed May 27 14:50:40 2026]
Finished jobid: 65 (Rule: plot_psweep_strain)
11 of 22 steps (50%) done
[Wed May 27 14:50:40 2026]
Finished jobid: 68 (Rule: plot_psweep_strain)
12 of 22 steps (55%) done
Select jobs to execute...
Execute 2 jobs...
[Wed May 27 14:50:41 2026]
localrule fig6:
    input: src/fig6_psweep.R, results/parameter_sweeps/pHFC_S.pB10/pHFC_S.pB10_inv_change_plot2.rds, results/parameter_sweeps/pLFC_S.pB10/pLFC_S.pB10_inv_change_plot2.rds, results/parameter_sweeps/pHFC_S.pB10-A/pHFC_S.pB10-A_inv_change_plot2.rds, results/parameter_sweeps/pLFC_S.pB10-A/pLFC_S.pB10-A_inv_change_plot2.rds, input_data/strain_phenotypes.csv
    output: figures/fig6_psweep.pdf
    jobid: 90
    reason: Params have changed since last execution: Union of exclusive params before and now across all output: before: '{"psweep_point_size": 2, "exp_point_size": 3, "ph_point_size": 4, "sh_Anc": 16, "sh_Mut": 17, "sh_R1": 16, "sh_copA": 18, "sh_finO": 15}' now: '{"psweep_point_size": 2, "exp_point_size": 2, "ph_point_size": 3, "sh_Anc": 16, "sh_Mut": 17, "sh_R1": 16, "sh_copA": 18, "sh_finO": 15}' 
    resources: tmpdir=/var/folders/dw/d0fxdqy942jc3trrhg2gvbnm0000gn/T

[Wed May 27 14:50:41 2026]
localrule process_experiments:
    input: src/process_experiments.R, results/experimental_validation/extinction_cell_counts/extinction_size_av.csv, input_data/experimental_data/2026-01-27_HFC_plating.csv, input_data/experimental_data/2026-01-27_LFC_plating.csv
    output: results/experimental_validation/HFC/HFC_plating_processed_av.csv, results/experimental_validation/HFC/HFC_frequency_processed_av.csv, results/experimental_validation/HFC/HFC_ttest.csv, results/experimental_validation/LFC/LFC_plating_processed_av.csv, results/experimental_validation/LFC/LFC_frequency_processed_av.csv, results/experimental_validation/LFC/LFC_ttest.csv
    jobid: 87
    reason: Input files updated by another job: results/experimental_validation/extinction_cell_counts/extinction_size_av.csv
    resources: tmpdir=/var/folders/dw/d0fxdqy942jc3trrhg2gvbnm0000gn/T

[Wed May 27 14:50:41 2026]
Finished jobid: 64 (Rule: plot_psweep_strain)
13 of 22 steps (59%) done
[Wed May 27 14:50:42 2026]
Finished jobid: 79 (Rule: fig3b)
14 of 22 steps (64%) done
[Wed May 27 14:50:43 2026]
Finished jobid: 87 (Rule: process_experiments)
15 of 22 steps (68%) done
Select jobs to execute...
Execute 2 jobs...
[Wed May 27 14:50:43 2026]
localrule plot_experiments:
    input: src/plot_experiments.R, results/experimental_validation/HFC/HFC_plating_processed_av.csv, results/experimental_validation/HFC/HFC_frequency_processed_av.csv, results/experimental_validation/LFC/LFC_plating_processed_av.csv, results/experimental_validation/LFC/LFC_frequency_processed_av.csv
    output: results/experimental_validation/HFC/HFC_density_plot.pdf, results/experimental_validation/HFC/HFC_density_plot.rds, results/experimental_validation/HFC/HFC_frequency_plot.pdf, results/experimental_validation/HFC/HFC_frequency_plot.rds, results/experimental_validation/LFC/LFC_density_plot.pdf, results/experimental_validation/LFC/LFC_density_plot.rds, results/experimental_validation/LFC/LFC_frequency_plot.pdf, results/experimental_validation/LFC/LFC_frequency_plot.rds
    jobid: 86
    reason: Input files updated by another job: results/experimental_validation/LFC/LFC_frequency_processed_av.csv, results/experimental_validation/LFC/LFC_plating_processed_av.csv, results/experimental_validation/HFC/HFC_frequency_processed_av.csv, results/experimental_validation/HFC/HFC_plating_processed_av.csv
    resources: tmpdir=/var/folders/dw/d0fxdqy942jc3trrhg2gvbnm0000gn/T

[Wed May 27 14:50:43 2026]
localrule fig5bd:
    input: src/fig_exp_sim.R, src/ggplot_theme.R, results/experimental_validation/HFC/HFC_frequency_processed_av.csv, results/experimental_validation/LFC/LFC_frequency_processed_av.csv, results/case_study_sims/HFC_S.pB10/HFC_S.pB10_frequency_plot_df.csv, results/case_study_sims/LFC_S.pB10-A/LFC_S.pB10-A_frequency_plot_df.csv
    output: figures/panels/fig5d_HFC.pdf, figures/panels/fig5d_HFC.rds, figures/panels/fig5b_LFC.pdf, figures/panels/fig5b_LFC.rds
    jobid: 89
    reason: Input files updated by another job: results/experimental_validation/LFC/LFC_frequency_processed_av.csv, results/experimental_validation/HFC/HFC_frequency_processed_av.csv
    resources: tmpdir=/var/folders/dw/d0fxdqy942jc3trrhg2gvbnm0000gn/T

[Wed May 27 14:50:47 2026]
Finished jobid: 71 (Rule: plot_psweep_strain)
16 of 22 steps (73%) done
[Wed May 27 14:50:47 2026]
Finished jobid: 69 (Rule: plot_psweep_strain)
17 of 22 steps (77%) done
[Wed May 27 14:50:48 2026]
Finished jobid: 90 (Rule: fig6)
18 of 22 steps (82%) done
[Wed May 27 14:50:50 2026]
Finished jobid: 86 (Rule: plot_experiments)
19 of 22 steps (86%) done
[Wed May 27 14:50:50 2026]
Finished jobid: 89 (Rule: fig5bd)
20 of 22 steps (91%) done
Select jobs to execute...
Execute 1 jobs...
[Wed May 27 14:50:50 2026]
localrule fig5:
    input: src/fig_validation.R, results/case_study_sims/HFC_S.pB10/HFC_S.pB10_frequency_plot.rds, results/case_study_sims/LFC_S.pB10-A/LFC_S.pB10-A_frequency_plot.rds, results/experimental_validation/HFC/HFC_frequency_plot.rds, results/experimental_validation/LFC/LFC_frequency_plot.rds, results/phenotyping/phenotyping_av.csv, results/phenotyping/pB10_anc_inv.rds, results/phenotyping/pB10_mut_inv.rds, figures/panels/fig5d_HFC.rds, figures/panels/fig5b_LFC.rds
    output: figures/fig5_validation.pdf, figures/fig5_validation2.pdf, figures/fig5_validation3.pdf
    jobid: 85
    reason: Input files updated by another job: figures/panels/fig5d_HFC.rds, results/phenotyping/pB10_mut_inv.rds, figures/panels/fig5b_LFC.rds, results/experimental_validation/LFC/LFC_frequency_plot.rds, results/experimental_validation/HFC/HFC_frequency_plot.rds, results/phenotyping/pB10_anc_inv.rds
    resources: tmpdir=/var/folders/dw/d0fxdqy942jc3trrhg2gvbnm0000gn/T

[Wed May 27 14:50:54 2026]
Finished jobid: 85 (Rule: fig5)
21 of 22 steps (95%) done
Select jobs to execute...
Execute 1 jobs...
[Wed May 27 14:50:54 2026]
localrule all:
    input: results/case_study_sims/DG_S.pB10/DG_S.pB10_frequency_plot.pdf, results/case_study_sims/HFC_S.pB10/HFC_S.pB10_frequency_plot.pdf, results/case_study_sims/LFC_S.pB10-A/LFC_S.pB10-A_frequency_plot.pdf, results/case_study_sims/HFC_S.pB10_full/HFC_S.pB10_full_frequency_plot.pdf, results/case_study_sims/LFC_S.pB10-A_full/LFC_S.pB10-A_full_frequency_plot.pdf, results/parameter_sweeps/pHFC_S.pB10/pHFC_S.pB10_change_plot.pdf, results/parameter_sweeps/pLFC_S.pB10/pLFC_S.pB10_change_plot.pdf, results/parameter_sweeps/pDim90_E.R1/pDim90_E.R1_change_plot.pdf, results/parameter_sweeps/pDim90_E.RP4/pDim90_E.RP4_change_plot.pdf, results/parameter_sweeps/pHFC_S.pB10-A/pHFC_S.pB10-A_change_plot.pdf, results/parameter_sweeps/pLFC_S.pB10-A/pLFC_S.pB10-A_change_plot.pdf, results/parameter_sweeps/pHFCi_S.pB10/pHFCi_S.pB10_change_plot.pdf, results/parameter_sweeps/pLFCi_S.pB10/pLFCi_S.pB10_change_plot.pdf, results/parameter_sweeps/pHFCi2_S.pB10/pHFCi2_S.pB10_change_plot.pdf, results/parameter_sweeps/pLFCi2_S.pB10/pLFCi2_S.pB10_change_plot.pdf, results/parameter_sweeps/pDG_S.pB10/pDG_S.pB10_change_plot.pdf, results/parameter_sweeps/pDGs_S.pB10/pDGs_S.pB10_change_plot.pdf, results/parameter_sweeps/pHFC_S.pB10/pHFC_S.pB10_inv_change_plot.pdf, results/parameter_sweeps/pLFC_S.pB10/pLFC_S.pB10_inv_change_plot.pdf, results/parameter_sweeps/pDim90_E.R1/pDim90_E.R1_inv_change_plot.pdf, results/parameter_sweeps/pDim90_E.RP4/pDim90_E.RP4_inv_change_plot.pdf, results/parameter_sweeps/pHFC_S.pB10-A/pHFC_S.pB10-A_inv_change_plot.pdf, results/parameter_sweeps/pLFC_S.pB10-A/pLFC_S.pB10-A_inv_change_plot.pdf, results/parameter_sweeps/pHFCi_S.pB10/pHFCi_S.pB10_inv_change_plot.pdf, results/parameter_sweeps/pLFCi_S.pB10/pLFCi_S.pB10_inv_change_plot.pdf, results/parameter_sweeps/pHFCi2_S.pB10/pHFCi2_S.pB10_inv_change_plot.pdf, results/parameter_sweeps/pLFCi2_S.pB10/pLFCi2_S.pB10_inv_change_plot.pdf, results/parameter_sweeps/pDG_S.pB10/pDG_S.pB10_inv_change_plot.pdf, results/parameter_sweeps/pDGs_S.pB10/pDGs_S.pB10_inv_change_plot.pdf, results/parameter_sweeps/pHFC_S.pB10/pHFC_S.pB10_inv_change_strain_plot.pdf, results/parameter_sweeps/pLFC_S.pB10/pLFC_S.pB10_inv_change_strain_plot.pdf, results/parameter_sweeps/pDim90_E.R1/pDim90_E.R1_inv_change_strain_plot.pdf, results/parameter_sweeps/pDim90_E.RP4/pDim90_E.RP4_inv_change_strain_plot.pdf, results/parameter_sweeps/pHFC_S.pB10-A/pHFC_S.pB10-A_inv_change_strain_plot.pdf, results/parameter_sweeps/pLFC_S.pB10-A/pLFC_S.pB10-A_inv_change_strain_plot.pdf, results/parameter_sweeps/pHFCi_S.pB10/pHFCi_S.pB10_inv_change_strain_plot.pdf, results/parameter_sweeps/pLFCi_S.pB10/pLFCi_S.pB10_inv_change_strain_plot.pdf, results/parameter_sweeps/pHFCi2_S.pB10/pHFCi2_S.pB10_inv_change_strain_plot.pdf, results/parameter_sweeps/pLFCi2_S.pB10/pLFCi2_S.pB10_inv_change_strain_plot.pdf, results/parameter_sweeps/pDG_S.pB10/pDG_S.pB10_inv_change_strain_plot.pdf, results/parameter_sweeps/pDGs_S.pB10/pDGs_S.pB10_inv_change_strain_plot.pdf, results/phenotyping/growth_rate/OD/growthrate_av.pdf, figures/panels/fig1a_axes.pdf, figures/panels/fig3b_phenotyping.pdf, figures/fig4_DG_invasion.pdf, figures/fig5_validation2.pdf, figures/fig5_validation3.pdf, figures/fig6_psweep.pdf, figures/fig7_Dim_psweep.pdf
    jobid: 0
    reason: Input files updated by another job: results/parameter_sweeps/pLFCi2_S.pB10/pLFCi2_S.pB10_inv_change_strain_plot.pdf, results/parameter_sweeps/pDGs_S.pB10/pDGs_S.pB10_inv_change_strain_plot.pdf, figures/fig5_validation2.pdf, results/parameter_sweeps/pHFC_S.pB10-A/pHFC_S.pB10-A_inv_change_strain_plot.pdf, results/parameter_sweeps/pDim90_E.RP4/pDim90_E.RP4_inv_change_strain_plot.pdf, results/parameter_sweeps/pLFCi_S.pB10/pLFCi_S.pB10_inv_change_strain_plot.pdf, figures/panels/fig3b_phenotyping.pdf, results/parameter_sweeps/pLFC_S.pB10/pLFC_S.pB10_inv_change_strain_plot.pdf, results/parameter_sweeps/pHFCi_S.pB10/pHFCi_S.pB10_inv_change_strain_plot.pdf, results/parameter_sweeps/pLFC_S.pB10-A/pLFC_S.pB10-A_inv_change_strain_plot.pdf, figures/fig5_validation3.pdf, figures/fig7_Dim_psweep.pdf, results/parameter_sweeps/pDG_S.pB10/pDG_S.pB10_inv_change_strain_plot.pdf, figures/fig6_psweep.pdf, results/parameter_sweeps/pDim90_E.R1/pDim90_E.R1_inv_change_strain_plot.pdf, results/parameter_sweeps/pHFC_S.pB10/pHFC_S.pB10_inv_change_strain_plot.pdf, results/parameter_sweeps/pHFCi2_S.pB10/pHFCi2_S.pB10_inv_change_strain_plot.pdf
    resources: tmpdir=/var/folders/dw/d0fxdqy942jc3trrhg2gvbnm0000gn/T

[Wed May 27 14:50:54 2026]
Finished jobid: 0 (Rule: all)
22 of 22 steps (100%) done
Complete log(s): /Users/liz/Documents/UW_Bio_PhD/Kerr_Lab/Plasmid_evolution/PETRI/.snakemake/log/2026-05-27T145024.460322.snakemake.log
