Assuming unrestricted shared filesystem usage.
None
host: Lizs-MacBook-Air-9.local
Building DAG of jobs...
Using shell: /bin/bash
Provided cores: 2
Rules claiming more threads will be scaled down.
Job stats:
job            count
-----------  -------
all                1
plot_psweep        1
total              2

Select jobs to execute...
Execute 1 jobs...
[Thu Feb  5 17:51:45 2026]
localrule plot_psweep:
    input: src/plot_psweep.R, results/parameter_sweeps/pHFC_S.pB10/pHFC_S.pB10_plot.csv
    output: results/parameter_sweeps/pHFC_S.pB10/pHFC_S.pB10_change_plot.pdf, results/parameter_sweeps/pHFC_S.pB10/pHFC_S.pB10_inv_change_plot.pdf
    jobid: 4
    reason: Missing output files: results/parameter_sweeps/pHFC_S.pB10/pHFC_S.pB10_change_plot.pdf, results/parameter_sweeps/pHFC_S.pB10/pHFC_S.pB10_inv_change_plot.pdf; Code has changed since last execution; Params have changed since last execution: Union of exclusive params before and now across all output: before: 'config/colors_psweep.json' now: '{"p_Exc": "gray95", "p_Dis": "#140433", "p_lowI": "#FFC2C2", "p_highI": "#C20000", "p_lowD": "#BABAFF", "p_highD": "#0000AB"}' 
    wildcards: psweep=pHFC_S.pB10
    resources: tmpdir=/var/folders/dw/d0fxdqy942jc3trrhg2gvbnm0000gn/T

RuleException:
CalledProcessError in file "/Users/liz/Documents/UW_Bio_PhD/Kerr_Lab/Plasmid_evolution/PETRI/Snakefile", line 161:
Command 'set -euo pipefail;  
    Rscript src/plot_psweep.R       --psweepsetting pHFC_S.pB10       --colors '{"p_Exc": "gray95", "p_Dis": "#140433", "p_lowI": "#FFC2C2", "p_highI": "#C20000", "p_lowD": "#BABAFF", "p_highD": "#0000AB"}'' returned non-zero exit status 1.
[Thu Feb  5 17:51:49 2026]
Error in rule plot_psweep:
    message: None
    jobid: 4
    input: src/plot_psweep.R, results/parameter_sweeps/pHFC_S.pB10/pHFC_S.pB10_plot.csv
    output: results/parameter_sweeps/pHFC_S.pB10/pHFC_S.pB10_change_plot.pdf, results/parameter_sweeps/pHFC_S.pB10/pHFC_S.pB10_inv_change_plot.pdf
    shell:
        
    Rscript src/plot_psweep.R       --psweepsetting pHFC_S.pB10       --colors '{"p_Exc": "gray95", "p_Dis": "#140433", "p_lowI": "#FFC2C2", "p_highI": "#C20000", "p_lowD": "#BABAFF", "p_highD": "#0000AB"}'
    
        (command exited with non-zero exit code)
Shutting down, this might take some time.
Exiting because a job execution failed. Look below for error messages
[Thu Feb  5 17:51:49 2026]
Error in rule plot_psweep:
    message: None
    jobid: 4
    input: src/plot_psweep.R, results/parameter_sweeps/pHFC_S.pB10/pHFC_S.pB10_plot.csv
    output: results/parameter_sweeps/pHFC_S.pB10/pHFC_S.pB10_change_plot.pdf, results/parameter_sweeps/pHFC_S.pB10/pHFC_S.pB10_inv_change_plot.pdf
    shell:
        
    Rscript src/plot_psweep.R       --psweepsetting pHFC_S.pB10       --colors '{"p_Exc": "gray95", "p_Dis": "#140433", "p_lowI": "#FFC2C2", "p_highI": "#C20000", "p_lowD": "#BABAFF", "p_highD": "#0000AB"}'
    
        (command exited with non-zero exit code)
Complete log(s): /Users/liz/Documents/UW_Bio_PhD/Kerr_Lab/Plasmid_evolution/PETRI/.snakemake/log/2026-02-05T175144.504381.snakemake.log
WorkflowError:
At least one job did not complete successfully.
