Assuming unrestricted shared filesystem usage.
None
host: Lizs-MacBook-Air-9.local
Building DAG of jobs...
Using shell: /bin/bash
Provided cores: 7
Rules claiming more threads will be scaled down.
Job stats:
job               count
--------------  -------
all                   1
plot_psweep           9
process_psweep        9
psweep_sims           9
total                28

Select jobs to execute...
Execute 1 jobs...
[Wed Feb  4 16:32:34 2026]
localrule psweep_sims:
    input: src/simrun_psweep.R, input_data/Treatments_parameter_sweep.csv
    output: results/parameter_sweeps/pF_DimR1/pF_DimR1_out.csv
    jobid: 37
    reason: Updated input files: input_data/Treatments_parameter_sweep.csv, src/simrun_psweep.R
    wildcards: psweep=pF_DimR1
    threads: 5
    resources: tmpdir=/var/folders/dw/d0fxdqy942jc3trrhg2gvbnm0000gn/T

Select jobs to execute...
[Wed Feb  4 16:34:43 2026]
Finished jobid: 37 (Rule: psweep_sims)
1 of 28 steps (4%) done
Execute 2 jobs...
[Wed Feb  4 16:34:43 2026]
localrule process_psweep:
    input: src/process_psweep.R, results/parameter_sweeps/pF_DimR1/pF_DimR1_out.csv
    output: results/parameter_sweeps/pF_DimR1/pF_DimR1_plot.csv
    jobid: 36
    reason: Input files updated by another job: results/parameter_sweeps/pF_DimR1/pF_DimR1_out.csv
    wildcards: psweep=pF_DimR1
    resources: tmpdir=/var/folders/dw/d0fxdqy942jc3trrhg2gvbnm0000gn/T

[Wed Feb  4 16:34:43 2026]
localrule psweep_sims:
    input: src/simrun_psweep.R, input_data/Treatments_parameter_sweep.csv
    output: results/parameter_sweeps/pLFC.l_DimR1/pLFC.l_DimR1_out.csv
    jobid: 25
    reason: Updated input files: input_data/Treatments_parameter_sweep.csv
    wildcards: psweep=pLFC.l_DimR1
    threads: 5
    resources: tmpdir=/var/folders/dw/d0fxdqy942jc3trrhg2gvbnm0000gn/T

Select jobs to execute...
[Wed Feb  4 16:34:48 2026]
Finished jobid: 36 (Rule: process_psweep)
2 of 28 steps (7%) done
Execute 1 jobs...
[Wed Feb  4 16:34:48 2026]
localrule plot_psweep:
    input: src/plot_psweep.R, results/parameter_sweeps/pF_DimR1/pF_DimR1_plot.csv
    output: results/parameter_sweeps/pF_DimR1/pF_DimR1_change_plot.pdf, results/parameter_sweeps/pF_DimR1/pF_DimR1_inv_plot.pdf, results/parameter_sweeps/pF_DimR1/pF_DimR1_inv_time_plot.pdf
    jobid: 35
    reason: Input files updated by another job: results/parameter_sweeps/pF_DimR1/pF_DimR1_plot.csv
    wildcards: psweep=pF_DimR1
    resources: tmpdir=/var/folders/dw/d0fxdqy942jc3trrhg2gvbnm0000gn/T

Select jobs to execute...
[Wed Feb  4 16:34:55 2026]
Finished jobid: 35 (Rule: plot_psweep)
3 of 28 steps (11%) done
[Wed Feb  4 16:38:25 2026]
Finished jobid: 25 (Rule: psweep_sims)
4 of 28 steps (14%) done
Execute 2 jobs...
[Wed Feb  4 16:38:25 2026]
localrule psweep_sims:
    input: src/simrun_psweep.R, input_data/Treatments_parameter_sweep.csv
    output: results/parameter_sweeps/pF_test/pF_test_out.csv
    jobid: 31
    reason: Updated input files: input_data/Treatments_parameter_sweep.csv, src/simrun_psweep.R
    wildcards: psweep=pF_test
    threads: 5
    resources: tmpdir=/var/folders/dw/d0fxdqy942jc3trrhg2gvbnm0000gn/T

[Wed Feb  4 16:38:25 2026]
localrule process_psweep:
    input: src/process_psweep.R, results/parameter_sweeps/pLFC.l_DimR1/pLFC.l_DimR1_out.csv
    output: results/parameter_sweeps/pLFC.l_DimR1/pLFC.l_DimR1_plot.csv
    jobid: 24
    reason: Input files updated by another job: results/parameter_sweeps/pLFC.l_DimR1/pLFC.l_DimR1_out.csv
    wildcards: psweep=pLFC.l_DimR1
    resources: tmpdir=/var/folders/dw/d0fxdqy942jc3trrhg2gvbnm0000gn/T

Select jobs to execute...
[Wed Feb  4 16:38:30 2026]
Finished jobid: 24 (Rule: process_psweep)
5 of 28 steps (18%) done
Execute 1 jobs...
[Wed Feb  4 16:38:30 2026]
localrule plot_psweep:
    input: src/plot_psweep.R, results/parameter_sweeps/pLFC.l_DimR1/pLFC.l_DimR1_plot.csv
    output: results/parameter_sweeps/pLFC.l_DimR1/pLFC.l_DimR1_change_plot.pdf, results/parameter_sweeps/pLFC.l_DimR1/pLFC.l_DimR1_inv_plot.pdf, results/parameter_sweeps/pLFC.l_DimR1/pLFC.l_DimR1_inv_time_plot.pdf
    jobid: 23
    reason: Input files updated by another job: results/parameter_sweeps/pLFC.l_DimR1/pLFC.l_DimR1_plot.csv
    wildcards: psweep=pLFC.l_DimR1
    resources: tmpdir=/var/folders/dw/d0fxdqy942jc3trrhg2gvbnm0000gn/T

Select jobs to execute...
[Wed Feb  4 16:38:37 2026]
Finished jobid: 23 (Rule: plot_psweep)
6 of 28 steps (21%) done
[Wed Feb  4 16:40:20 2026]
Finished jobid: 31 (Rule: psweep_sims)
7 of 28 steps (25%) done
Execute 2 jobs...
[Wed Feb  4 16:40:20 2026]
localrule process_psweep:
    input: src/process_psweep.R, results/parameter_sweeps/pF_test/pF_test_out.csv
    output: results/parameter_sweeps/pF_test/pF_test_plot.csv
    jobid: 30
    reason: Input files updated by another job: results/parameter_sweeps/pF_test/pF_test_out.csv
    wildcards: psweep=pF_test
    resources: tmpdir=/var/folders/dw/d0fxdqy942jc3trrhg2gvbnm0000gn/T

[Wed Feb  4 16:40:20 2026]
localrule psweep_sims:
    input: src/simrun_psweep.R, input_data/Treatments_parameter_sweep.csv
    output: results/parameter_sweeps/pHFC.l_test/pHFC.l_test_out.csv
    jobid: 19
    reason: Updated input files: input_data/Treatments_parameter_sweep.csv
    wildcards: psweep=pHFC.l_test
    threads: 5
    resources: tmpdir=/var/folders/dw/d0fxdqy942jc3trrhg2gvbnm0000gn/T

Select jobs to execute...
[Wed Feb  4 16:40:25 2026]
Finished jobid: 30 (Rule: process_psweep)
8 of 28 steps (29%) done
Execute 1 jobs...
[Wed Feb  4 16:40:25 2026]
localrule plot_psweep:
    input: src/plot_psweep.R, results/parameter_sweeps/pF_test/pF_test_plot.csv
    output: results/parameter_sweeps/pF_test/pF_test_change_plot.pdf, results/parameter_sweeps/pF_test/pF_test_inv_plot.pdf, results/parameter_sweeps/pF_test/pF_test_inv_time_plot.pdf
    jobid: 29
    reason: Input files updated by another job: results/parameter_sweeps/pF_test/pF_test_plot.csv
    wildcards: psweep=pF_test
    resources: tmpdir=/var/folders/dw/d0fxdqy942jc3trrhg2gvbnm0000gn/T

Select jobs to execute...
[Wed Feb  4 16:40:33 2026]
Finished jobid: 29 (Rule: plot_psweep)
9 of 28 steps (32%) done
[Wed Feb  4 16:41:55 2026]
Finished jobid: 19 (Rule: psweep_sims)
10 of 28 steps (36%) done
Execute 2 jobs...
[Wed Feb  4 16:41:55 2026]
localrule psweep_sims:
    input: src/simrun_psweep.R, input_data/Treatments_parameter_sweep.csv
    output: results/parameter_sweeps/pHFC.l_DimR1/pHFC.l_DimR1_out.csv
    jobid: 13
    reason: Updated input files: input_data/Treatments_parameter_sweep.csv
    wildcards: psweep=pHFC.l_DimR1
    threads: 5
    resources: tmpdir=/var/folders/dw/d0fxdqy942jc3trrhg2gvbnm0000gn/T

[Wed Feb  4 16:41:55 2026]
localrule process_psweep:
    input: src/process_psweep.R, results/parameter_sweeps/pHFC.l_test/pHFC.l_test_out.csv
    output: results/parameter_sweeps/pHFC.l_test/pHFC.l_test_plot.csv
    jobid: 18
    reason: Input files updated by another job: results/parameter_sweeps/pHFC.l_test/pHFC.l_test_out.csv
    wildcards: psweep=pHFC.l_test
    resources: tmpdir=/var/folders/dw/d0fxdqy942jc3trrhg2gvbnm0000gn/T

Select jobs to execute...
[Wed Feb  4 16:42:01 2026]
Finished jobid: 18 (Rule: process_psweep)
11 of 28 steps (39%) done
Execute 1 jobs...
[Wed Feb  4 16:42:01 2026]
localrule plot_psweep:
    input: src/plot_psweep.R, results/parameter_sweeps/pHFC.l_test/pHFC.l_test_plot.csv
    output: results/parameter_sweeps/pHFC.l_test/pHFC.l_test_change_plot.pdf, results/parameter_sweeps/pHFC.l_test/pHFC.l_test_inv_plot.pdf, results/parameter_sweeps/pHFC.l_test/pHFC.l_test_inv_time_plot.pdf
    jobid: 17
    reason: Input files updated by another job: results/parameter_sweeps/pHFC.l_test/pHFC.l_test_plot.csv
    wildcards: psweep=pHFC.l_test
    resources: tmpdir=/var/folders/dw/d0fxdqy942jc3trrhg2gvbnm0000gn/T

Select jobs to execute...
[Wed Feb  4 16:42:09 2026]
Finished jobid: 17 (Rule: plot_psweep)
12 of 28 steps (43%) done
[Wed Feb  4 16:43:42 2026]
Finished jobid: 13 (Rule: psweep_sims)
13 of 28 steps (46%) done
Execute 2 jobs...
[Wed Feb  4 16:43:42 2026]
localrule psweep_sims:
    input: src/simrun_psweep.R, input_data/Treatments_parameter_sweep.csv
    output: results/parameter_sweeps/pF_DimR1finO/pF_DimR1finO_out.csv
    jobid: 34
    reason: Updated input files: input_data/Treatments_parameter_sweep.csv, src/simrun_psweep.R
    wildcards: psweep=pF_DimR1finO
    threads: 5
    resources: tmpdir=/var/folders/dw/d0fxdqy942jc3trrhg2gvbnm0000gn/T

[Wed Feb  4 16:43:42 2026]
localrule process_psweep:
    input: src/process_psweep.R, results/parameter_sweeps/pHFC.l_DimR1/pHFC.l_DimR1_out.csv
    output: results/parameter_sweeps/pHFC.l_DimR1/pHFC.l_DimR1_plot.csv
    jobid: 12
    reason: Input files updated by another job: results/parameter_sweeps/pHFC.l_DimR1/pHFC.l_DimR1_out.csv
    wildcards: psweep=pHFC.l_DimR1
    resources: tmpdir=/var/folders/dw/d0fxdqy942jc3trrhg2gvbnm0000gn/T

Select jobs to execute...
[Wed Feb  4 16:43:47 2026]
Finished jobid: 12 (Rule: process_psweep)
14 of 28 steps (50%) done
Execute 1 jobs...
[Wed Feb  4 16:43:47 2026]
localrule plot_psweep:
    input: src/plot_psweep.R, results/parameter_sweeps/pHFC.l_DimR1/pHFC.l_DimR1_plot.csv
    output: results/parameter_sweeps/pHFC.l_DimR1/pHFC.l_DimR1_change_plot.pdf, results/parameter_sweeps/pHFC.l_DimR1/pHFC.l_DimR1_inv_plot.pdf, results/parameter_sweeps/pHFC.l_DimR1/pHFC.l_DimR1_inv_time_plot.pdf
    jobid: 11
    reason: Input files updated by another job: results/parameter_sweeps/pHFC.l_DimR1/pHFC.l_DimR1_plot.csv
    wildcards: psweep=pHFC.l_DimR1
    resources: tmpdir=/var/folders/dw/d0fxdqy942jc3trrhg2gvbnm0000gn/T

Select jobs to execute...
[Wed Feb  4 16:43:55 2026]
Finished jobid: 11 (Rule: plot_psweep)
15 of 28 steps (54%) done
[Wed Feb  4 16:46:19 2026]
Finished jobid: 34 (Rule: psweep_sims)
16 of 28 steps (57%) done
Execute 2 jobs...
[Wed Feb  4 16:46:19 2026]
localrule process_psweep:
    input: src/process_psweep.R, results/parameter_sweeps/pF_DimR1finO/pF_DimR1finO_out.csv
    output: results/parameter_sweeps/pF_DimR1finO/pF_DimR1finO_plot.csv
    jobid: 33
    reason: Input files updated by another job: results/parameter_sweeps/pF_DimR1finO/pF_DimR1finO_out.csv
    wildcards: psweep=pF_DimR1finO
    resources: tmpdir=/var/folders/dw/d0fxdqy942jc3trrhg2gvbnm0000gn/T

[Wed Feb  4 16:46:19 2026]
localrule psweep_sims:
    input: src/simrun_psweep.R, input_data/Treatments_parameter_sweep.csv
    output: results/parameter_sweeps/pLFC.l_DimR1finO/pLFC.l_DimR1finO_out.csv
    jobid: 22
    reason: Updated input files: input_data/Treatments_parameter_sweep.csv
    wildcards: psweep=pLFC.l_DimR1finO
    threads: 5
    resources: tmpdir=/var/folders/dw/d0fxdqy942jc3trrhg2gvbnm0000gn/T

Select jobs to execute...
[Wed Feb  4 16:46:24 2026]
Finished jobid: 33 (Rule: process_psweep)
17 of 28 steps (61%) done
Execute 1 jobs...
[Wed Feb  4 16:46:24 2026]
localrule plot_psweep:
    input: src/plot_psweep.R, results/parameter_sweeps/pF_DimR1finO/pF_DimR1finO_plot.csv
    output: results/parameter_sweeps/pF_DimR1finO/pF_DimR1finO_change_plot.pdf, results/parameter_sweeps/pF_DimR1finO/pF_DimR1finO_inv_plot.pdf, results/parameter_sweeps/pF_DimR1finO/pF_DimR1finO_inv_time_plot.pdf
    jobid: 32
    reason: Input files updated by another job: results/parameter_sweeps/pF_DimR1finO/pF_DimR1finO_plot.csv
    wildcards: psweep=pF_DimR1finO
    resources: tmpdir=/var/folders/dw/d0fxdqy942jc3trrhg2gvbnm0000gn/T

Select jobs to execute...
[Wed Feb  4 16:46:33 2026]
Finished jobid: 32 (Rule: plot_psweep)
18 of 28 steps (64%) done
[Wed Feb  4 16:51:54 2026]
Finished jobid: 22 (Rule: psweep_sims)
19 of 28 steps (68%) done
Execute 2 jobs...
[Wed Feb  4 16:51:54 2026]
localrule psweep_sims:
    input: src/simrun_psweep.R, input_data/Treatments_parameter_sweep.csv
    output: results/parameter_sweeps/pLFC.l_test/pLFC.l_test_out.csv
    jobid: 28
    reason: Updated input files: input_data/Treatments_parameter_sweep.csv
    wildcards: psweep=pLFC.l_test
    threads: 5
    resources: tmpdir=/var/folders/dw/d0fxdqy942jc3trrhg2gvbnm0000gn/T

[Wed Feb  4 16:51:54 2026]
localrule process_psweep:
    input: src/process_psweep.R, results/parameter_sweeps/pLFC.l_DimR1finO/pLFC.l_DimR1finO_out.csv
    output: results/parameter_sweeps/pLFC.l_DimR1finO/pLFC.l_DimR1finO_plot.csv
    jobid: 21
    reason: Input files updated by another job: results/parameter_sweeps/pLFC.l_DimR1finO/pLFC.l_DimR1finO_out.csv
    wildcards: psweep=pLFC.l_DimR1finO
    resources: tmpdir=/var/folders/dw/d0fxdqy942jc3trrhg2gvbnm0000gn/T

Select jobs to execute...
[Wed Feb  4 16:51:59 2026]
Finished jobid: 21 (Rule: process_psweep)
20 of 28 steps (71%) done
Execute 1 jobs...
[Wed Feb  4 16:51:59 2026]
localrule plot_psweep:
    input: src/plot_psweep.R, results/parameter_sweeps/pLFC.l_DimR1finO/pLFC.l_DimR1finO_plot.csv
    output: results/parameter_sweeps/pLFC.l_DimR1finO/pLFC.l_DimR1finO_change_plot.pdf, results/parameter_sweeps/pLFC.l_DimR1finO/pLFC.l_DimR1finO_inv_plot.pdf, results/parameter_sweeps/pLFC.l_DimR1finO/pLFC.l_DimR1finO_inv_time_plot.pdf
    jobid: 20
    reason: Input files updated by another job: results/parameter_sweeps/pLFC.l_DimR1finO/pLFC.l_DimR1finO_plot.csv
    wildcards: psweep=pLFC.l_DimR1finO
    resources: tmpdir=/var/folders/dw/d0fxdqy942jc3trrhg2gvbnm0000gn/T

Select jobs to execute...
[Wed Feb  4 16:52:10 2026]
Finished jobid: 20 (Rule: plot_psweep)
21 of 28 steps (75%) done
[Wed Feb  4 16:54:27 2026]
Finished jobid: 28 (Rule: psweep_sims)
22 of 28 steps (79%) done
Execute 2 jobs...
[Wed Feb  4 16:54:28 2026]
localrule process_psweep:
    input: src/process_psweep.R, results/parameter_sweeps/pLFC.l_test/pLFC.l_test_out.csv
    output: results/parameter_sweeps/pLFC.l_test/pLFC.l_test_plot.csv
    jobid: 27
    reason: Input files updated by another job: results/parameter_sweeps/pLFC.l_test/pLFC.l_test_out.csv
    wildcards: psweep=pLFC.l_test
    resources: tmpdir=/var/folders/dw/d0fxdqy942jc3trrhg2gvbnm0000gn/T

[Wed Feb  4 16:54:28 2026]
localrule psweep_sims:
    input: src/simrun_psweep.R, input_data/Treatments_parameter_sweep.csv
    output: results/parameter_sweeps/pHFC.l_DimR1finO/pHFC.l_DimR1finO_out.csv
    jobid: 16
    reason: Updated input files: input_data/Treatments_parameter_sweep.csv
    wildcards: psweep=pHFC.l_DimR1finO
    threads: 5
    resources: tmpdir=/var/folders/dw/d0fxdqy942jc3trrhg2gvbnm0000gn/T

[Wed Feb  4 16:54:32 2026]
Finished jobid: 27 (Rule: process_psweep)
23 of 28 steps (82%) done
Select jobs to execute...
Execute 1 jobs...
[Wed Feb  4 16:54:32 2026]
localrule plot_psweep:
    input: src/plot_psweep.R, results/parameter_sweeps/pLFC.l_test/pLFC.l_test_plot.csv
    output: results/parameter_sweeps/pLFC.l_test/pLFC.l_test_change_plot.pdf, results/parameter_sweeps/pLFC.l_test/pLFC.l_test_inv_plot.pdf, results/parameter_sweeps/pLFC.l_test/pLFC.l_test_inv_time_plot.pdf
    jobid: 26
    reason: Input files updated by another job: results/parameter_sweeps/pLFC.l_test/pLFC.l_test_plot.csv
    wildcards: psweep=pLFC.l_test
    resources: tmpdir=/var/folders/dw/d0fxdqy942jc3trrhg2gvbnm0000gn/T

[Wed Feb  4 16:54:40 2026]
Finished jobid: 26 (Rule: plot_psweep)
24 of 28 steps (86%) done
[Wed Feb  4 16:56:19 2026]
Finished jobid: 16 (Rule: psweep_sims)
25 of 28 steps (89%) done
Select jobs to execute...
Execute 1 jobs...
[Wed Feb  4 16:56:19 2026]
localrule process_psweep:
    input: src/process_psweep.R, results/parameter_sweeps/pHFC.l_DimR1finO/pHFC.l_DimR1finO_out.csv
    output: results/parameter_sweeps/pHFC.l_DimR1finO/pHFC.l_DimR1finO_plot.csv
    jobid: 15
    reason: Input files updated by another job: results/parameter_sweeps/pHFC.l_DimR1finO/pHFC.l_DimR1finO_out.csv
    wildcards: psweep=pHFC.l_DimR1finO
    resources: tmpdir=/var/folders/dw/d0fxdqy942jc3trrhg2gvbnm0000gn/T

[Wed Feb  4 16:56:23 2026]
Finished jobid: 15 (Rule: process_psweep)
26 of 28 steps (93%) done
Select jobs to execute...
Execute 1 jobs...
[Wed Feb  4 16:56:23 2026]
localrule plot_psweep:
    input: src/plot_psweep.R, results/parameter_sweeps/pHFC.l_DimR1finO/pHFC.l_DimR1finO_plot.csv
    output: results/parameter_sweeps/pHFC.l_DimR1finO/pHFC.l_DimR1finO_change_plot.pdf, results/parameter_sweeps/pHFC.l_DimR1finO/pHFC.l_DimR1finO_inv_plot.pdf, results/parameter_sweeps/pHFC.l_DimR1finO/pHFC.l_DimR1finO_inv_time_plot.pdf
    jobid: 14
    reason: Input files updated by another job: results/parameter_sweeps/pHFC.l_DimR1finO/pHFC.l_DimR1finO_plot.csv
    wildcards: psweep=pHFC.l_DimR1finO
    resources: tmpdir=/var/folders/dw/d0fxdqy942jc3trrhg2gvbnm0000gn/T

[Wed Feb  4 16:56:28 2026]
Finished jobid: 14 (Rule: plot_psweep)
27 of 28 steps (96%) done
Select jobs to execute...
Execute 1 jobs...
[Wed Feb  4 16:56:28 2026]
localrule all:
    input: results/case_study_sims/A.2_full/A.2_full_density_plot.pdf, results/case_study_sims/C.2_full/C.2_full_density_plot.pdf, results/case_study_sims/A.2_full/A.2_full_frequency_plot.pdf, results/case_study_sims/C.2_full/C.2_full_frequency_plot.pdf, results/parameter_sets/test_sweep_param.csv, results/parameter_sets/testmut_sweep_param.csv, results/parameter_sets/DimR1_sweep_param.csv, results/parameter_sets/DimR1finO_sweep_param.csv, results/parameter_sweeps/pHFC.l_DimR1/pHFC.l_DimR1_change_plot.pdf, results/parameter_sweeps/pHFC.l_DimR1finO/pHFC.l_DimR1finO_change_plot.pdf, results/parameter_sweeps/pHFC.l_test/pHFC.l_test_change_plot.pdf, results/parameter_sweeps/pLFC.l_DimR1finO/pLFC.l_DimR1finO_change_plot.pdf, results/parameter_sweeps/pLFC.l_DimR1/pLFC.l_DimR1_change_plot.pdf, results/parameter_sweeps/pLFC.l_test/pLFC.l_test_change_plot.pdf, results/parameter_sweeps/pF_test/pF_test_change_plot.pdf, results/parameter_sweeps/pF_DimR1finO/pF_DimR1finO_change_plot.pdf, results/parameter_sweeps/pF_DimR1/pF_DimR1_change_plot.pdf, results/parameter_sweeps/pHFC.l_DimR1/pHFC.l_DimR1_inv_plot.pdf, results/parameter_sweeps/pHFC.l_DimR1finO/pHFC.l_DimR1finO_inv_plot.pdf, results/parameter_sweeps/pHFC.l_test/pHFC.l_test_inv_plot.pdf, results/parameter_sweeps/pLFC.l_DimR1finO/pLFC.l_DimR1finO_inv_plot.pdf, results/parameter_sweeps/pLFC.l_DimR1/pLFC.l_DimR1_inv_plot.pdf, results/parameter_sweeps/pLFC.l_test/pLFC.l_test_inv_plot.pdf, results/parameter_sweeps/pF_test/pF_test_inv_plot.pdf, results/parameter_sweeps/pF_DimR1finO/pF_DimR1finO_inv_plot.pdf, results/parameter_sweeps/pF_DimR1/pF_DimR1_inv_plot.pdf, results/parameter_sweeps/pHFC.l_DimR1/pHFC.l_DimR1_inv_time_plot.pdf, results/parameter_sweeps/pHFC.l_DimR1finO/pHFC.l_DimR1finO_inv_time_plot.pdf, results/parameter_sweeps/pHFC.l_test/pHFC.l_test_inv_time_plot.pdf, results/parameter_sweeps/pLFC.l_DimR1finO/pLFC.l_DimR1finO_inv_time_plot.pdf, results/parameter_sweeps/pLFC.l_DimR1/pLFC.l_DimR1_inv_time_plot.pdf, results/parameter_sweeps/pLFC.l_test/pLFC.l_test_inv_time_plot.pdf, results/parameter_sweeps/pF_test/pF_test_inv_time_plot.pdf, results/parameter_sweeps/pF_DimR1finO/pF_DimR1finO_inv_time_plot.pdf, results/parameter_sweeps/pF_DimR1/pF_DimR1_inv_time_plot.pdf
    jobid: 0
    reason: Input files updated by another job: results/parameter_sweeps/pF_DimR1/pF_DimR1_change_plot.pdf, results/parameter_sweeps/pLFC.l_DimR1finO/pLFC.l_DimR1finO_change_plot.pdf, results/parameter_sweeps/pF_DimR1finO/pF_DimR1finO_change_plot.pdf, results/parameter_sweeps/pLFC.l_DimR1/pLFC.l_DimR1_inv_plot.pdf, results/parameter_sweeps/pHFC.l_test/pHFC.l_test_inv_plot.pdf, results/parameter_sweeps/pHFC.l_DimR1/pHFC.l_DimR1_inv_time_plot.pdf, results/parameter_sweeps/pF_test/pF_test_inv_plot.pdf, results/parameter_sweeps/pHFC.l_DimR1finO/pHFC.l_DimR1finO_inv_time_plot.pdf, results/parameter_sweeps/pLFC.l_DimR1/pLFC.l_DimR1_change_plot.pdf, results/parameter_sweeps/pLFC.l_test/pLFC.l_test_inv_plot.pdf, results/parameter_sweeps/pLFC.l_DimR1/pLFC.l_DimR1_inv_time_plot.pdf, results/parameter_sweeps/pHFC.l_DimR1finO/pHFC.l_DimR1finO_inv_plot.pdf, results/parameter_sweeps/pLFC.l_test/pLFC.l_test_change_plot.pdf, results/parameter_sweeps/pHFC.l_DimR1/pHFC.l_DimR1_inv_plot.pdf, results/parameter_sweeps/pF_DimR1finO/pF_DimR1finO_inv_time_plot.pdf, results/parameter_sweeps/pLFC.l_test/pLFC.l_test_inv_time_plot.pdf, results/parameter_sweeps/pHFC.l_DimR1/pHFC.l_DimR1_change_plot.pdf, results/parameter_sweeps/pHFC.l_DimR1finO/pHFC.l_DimR1finO_change_plot.pdf, results/parameter_sweeps/pF_DimR1finO/pF_DimR1finO_inv_plot.pdf, results/parameter_sweeps/pF_DimR1/pF_DimR1_inv_time_plot.pdf, results/parameter_sweeps/pLFC.l_DimR1finO/pLFC.l_DimR1finO_inv_time_plot.pdf, results/parameter_sweeps/pHFC.l_test/pHFC.l_test_inv_time_plot.pdf, results/parameter_sweeps/pF_test/pF_test_inv_time_plot.pdf, results/parameter_sweeps/pF_DimR1/pF_DimR1_inv_plot.pdf, results/parameter_sweeps/pF_test/pF_test_change_plot.pdf, results/parameter_sweeps/pLFC.l_DimR1finO/pLFC.l_DimR1finO_inv_plot.pdf, results/parameter_sweeps/pHFC.l_test/pHFC.l_test_change_plot.pdf
    resources: tmpdir=/var/folders/dw/d0fxdqy942jc3trrhg2gvbnm0000gn/T

[Wed Feb  4 16:56:28 2026]
Finished jobid: 0 (Rule: all)
28 of 28 steps (100%) done
Complete log(s): /Users/liz/Documents/UW_Bio_PhD/Kerr_Lab/Plasmid_evolution/PETRI/.snakemake/log/2026-02-04T163233.379181.snakemake.log
