Assuming unrestricted shared filesystem usage.
None
host: Lizs-MacBook-Air-9.local
Building DAG of jobs...
Using shell: /bin/bash
Provided cores: 6
Rules claiming more threads will be scaled down.
Conda environments: ignored
Job stats:
job                     count
--------------------  -------
all                         1
fig3b                       1
fig4                        1
fig5                        1
fig6                        1
fig7                        1
plot_case_study_sims        3
plot_experiments            1
plot_phenotyping            1
total                      11

Select jobs to execute...
Execute 6 jobs...
[Tue May 12 11:14:20 2026]
localrule fig7:
    input: src/fig_Dim_psweep.R, input_data/strain_phenotypes.csv, results/parameter_sweeps/pDim90_E.R1/pDim90_E.R1_inv_change_plot2.rds
    output: figures/fig7_Dim_psweep.pdf
    jobid: 53
    reason: Params have changed since last execution: Union of exclusive params before and now across all output: before: '{"psweep_point_size": 2, "ph_point_size": 4, "sh_Anc": 16, "sh_Mut": 17}' now: '{"psweep_point_size": 2, "exp_point_size": 3, "ph_point_size": 4, "sh_Anc": 16, "sh_Mut": 17}' 
    resources: tmpdir=/var/folders/dw/d0fxdqy942jc3trrhg2gvbnm0000gn/T

[Tue May 12 11:14:20 2026]
localrule plot_experiments:
    input: src/plot_experiments.R, results/experimental_validation/HFC/HFC_plating_processed_av.csv, results/experimental_validation/HFC/HFC_frequency_processed_av.csv, results/experimental_validation/LFC/LFC_plating_processed_av.csv, results/experimental_validation/LFC/LFC_frequency_processed_av.csv
    output: results/experimental_validation/HFC/HFC_density_plot.pdf, results/experimental_validation/HFC/HFC_density_plot.rds, results/experimental_validation/HFC/HFC_frequency_plot.pdf, results/experimental_validation/HFC/HFC_frequency_plot.rds, results/experimental_validation/LFC/LFC_density_plot.pdf, results/experimental_validation/LFC/LFC_density_plot.rds, results/experimental_validation/LFC/LFC_frequency_plot.pdf, results/experimental_validation/LFC/LFC_frequency_plot.rds
    jobid: 48
    reason: Params have changed since last execution: Union of exclusive params before and now across all output: before: '{"rifR_l": "solid", "nalR_l": "22"}' now: '{"rifR_l": "solid", "nalR_l": "22", "exp_l": "solid", "sim_l": "12", "plot_lw": 2}' 
    resources: tmpdir=/var/folders/dw/d0fxdqy942jc3trrhg2gvbnm0000gn/T

[Tue May 12 11:14:20 2026]
localrule fig6:
    input: src/fig_psweep.R, results/parameter_sweeps/pHFC_S.pB10/pHFC_S.pB10_inv_change_plot2.rds, results/parameter_sweeps/pLFC_S.pB10/pLFC_S.pB10_inv_change_plot2.rds, results/parameter_sweeps/pHFC_S.pB10-A/pHFC_S.pB10-A_inv_change_plot2.rds, results/parameter_sweeps/pLFC_S.pB10-A/pLFC_S.pB10-A_inv_change_plot2.rds, input_data/strain_phenotypes.csv
    output: figures/fig6_psweep.pdf
    jobid: 52
    reason: Params have changed since last execution: Union of exclusive params before and now across all output: before: '{"psweep_point_size": 2, "ph_point_size": 4, "sh_Anc": 16, "sh_Mut": 17}' now: '{"psweep_point_size": 2, "exp_point_size": 3, "ph_point_size": 4, "sh_Anc": 16, "sh_Mut": 17}' 
    resources: tmpdir=/var/folders/dw/d0fxdqy942jc3trrhg2gvbnm0000gn/T

[Tue May 12 11:14:20 2026]
localrule plot_case_study_sims:
    input: src/plot_simrun.R, results/case_study_sims/DG_S.pB10/DG_S.pB10_density_plot_df.csv, results/case_study_sims/DG_S.pB10/DG_S.pB10_frequency_plot_df.csv, results/case_study_sims/DG_S.pB10/DG_S.pB10_phases_plot_df.csv
    output: results/case_study_sims/DG_S.pB10/DG_S.pB10_density_plot.pdf, results/case_study_sims/DG_S.pB10/DG_S.pB10_frequency_plot.pdf, results/case_study_sims/DG_S.pB10/DG_S.pB10_density_plot.rds, results/case_study_sims/DG_S.pB10/DG_S.pB10_frequency_plot.rds
    jobid: 38
    reason: Params have changed since last execution: Union of exclusive params before and now across all output: before: '{"rifR_l": "solid", "nalR_l": "22"}' now: '{"rifR_l": "solid", "nalR_l": "22", "exp_l": "solid", "sim_l": "12", "plot_lw": 2}' 
    wildcards: treatment=DG_S.pB10
    resources: tmpdir=/var/folders/dw/d0fxdqy942jc3trrhg2gvbnm0000gn/T

[Tue May 12 11:14:20 2026]
localrule plot_case_study_sims:
    input: src/plot_simrun.R, results/case_study_sims/HFC_S.pB10/HFC_S.pB10_density_plot_df.csv, results/case_study_sims/HFC_S.pB10/HFC_S.pB10_frequency_plot_df.csv, results/case_study_sims/HFC_S.pB10/HFC_S.pB10_phases_plot_df.csv
    output: results/case_study_sims/HFC_S.pB10/HFC_S.pB10_density_plot.pdf, results/case_study_sims/HFC_S.pB10/HFC_S.pB10_frequency_plot.pdf, results/case_study_sims/HFC_S.pB10/HFC_S.pB10_density_plot.rds, results/case_study_sims/HFC_S.pB10/HFC_S.pB10_frequency_plot.rds
    jobid: 42
    reason: Params have changed since last execution: Union of exclusive params before and now across all output: before: '{"rifR_l": "solid", "nalR_l": "22"}' now: '{"rifR_l": "solid", "nalR_l": "22", "exp_l": "solid", "sim_l": "12", "plot_lw": 2}' 
    wildcards: treatment=HFC_S.pB10
    resources: tmpdir=/var/folders/dw/d0fxdqy942jc3trrhg2gvbnm0000gn/T

[Tue May 12 11:14:20 2026]
localrule plot_case_study_sims:
    input: src/plot_simrun.R, results/case_study_sims/LFC_S.pB10-A/LFC_S.pB10-A_density_plot_df.csv, results/case_study_sims/LFC_S.pB10-A/LFC_S.pB10-A_frequency_plot_df.csv, results/case_study_sims/LFC_S.pB10-A/LFC_S.pB10-A_phases_plot_df.csv
    output: results/case_study_sims/LFC_S.pB10-A/LFC_S.pB10-A_density_plot.pdf, results/case_study_sims/LFC_S.pB10-A/LFC_S.pB10-A_frequency_plot.pdf, results/case_study_sims/LFC_S.pB10-A/LFC_S.pB10-A_density_plot.rds, results/case_study_sims/LFC_S.pB10-A/LFC_S.pB10-A_frequency_plot.rds
    jobid: 45
    reason: Params have changed since last execution: Union of exclusive params before and now across all output: before: '{"rifR_l": "solid", "nalR_l": "22"}' now: '{"rifR_l": "solid", "nalR_l": "22", "exp_l": "solid", "sim_l": "12", "plot_lw": 2}' 
    wildcards: treatment=LFC_S.pB10-A
    resources: tmpdir=/var/folders/dw/d0fxdqy942jc3trrhg2gvbnm0000gn/T

Select jobs to execute...
[Tue May 12 11:14:27 2026]
Finished jobid: 53 (Rule: fig7)
1 of 11 steps (9%) done
Execute 1 jobs...
[Tue May 12 11:14:27 2026]
localrule plot_phenotyping:
    input: src/plot_phenotyping.R, results/phenotyping/phenotyping_av.csv
    output: results/phenotyping/pB10_phenotyping.pdf, results/phenotyping/pB10_phenotyping.rds, results/phenotyping/pB10_mut_inv.pdf, results/phenotyping/pB10_mut_inv.rds, results/phenotyping/pB10_anc_inv.pdf, results/phenotyping/pB10_anc_inv.rds
    jobid: 34
    reason: Params have changed since last execution: Union of exclusive params before and now across all output: before: '{"psweep_point_size": 2, "ph_point_size": 4, "sh_Anc": 16, "sh_Mut": 17}' now: '{"psweep_point_size": 2, "exp_point_size": 3, "ph_point_size": 4, "sh_Anc": 16, "sh_Mut": 17}' 
    resources: tmpdir=/var/folders/dw/d0fxdqy942jc3trrhg2gvbnm0000gn/T

[Tue May 12 11:14:28 2026]
Finished jobid: 42 (Rule: plot_case_study_sims)
2 of 11 steps (18%) done
[Tue May 12 11:14:28 2026]
Finished jobid: 38 (Rule: plot_case_study_sims)
3 of 11 steps (27%) done
Select jobs to execute...
Execute 1 jobs...
[Tue May 12 11:14:28 2026]
localrule fig4:
    input: src/fig_DG.R, results/case_study_sims/DG_S.pB10/DG_S.pB10_density_plot.rds, results/case_study_sims/DG_S.pB10/DG_S.pB10_frequency_plot.rds
    output: figures/fig4_DG_invasion.pdf
    jobid: 37
    reason: Input files updated by another job: results/case_study_sims/DG_S.pB10/DG_S.pB10_frequency_plot.rds, results/case_study_sims/DG_S.pB10/DG_S.pB10_density_plot.rds
    resources: tmpdir=/var/folders/dw/d0fxdqy942jc3trrhg2gvbnm0000gn/T

[Tue May 12 11:14:28 2026]
Finished jobid: 45 (Rule: plot_case_study_sims)
4 of 11 steps (36%) done
[Tue May 12 11:14:28 2026]
Finished jobid: 52 (Rule: fig6)
5 of 11 steps (45%) done
[Tue May 12 11:14:29 2026]
Finished jobid: 48 (Rule: plot_experiments)
6 of 11 steps (55%) done
[Tue May 12 11:14:29 2026]
Finished jobid: 37 (Rule: fig4)
7 of 11 steps (64%) done
[Tue May 12 11:14:32 2026]
Finished jobid: 34 (Rule: plot_phenotyping)
8 of 11 steps (73%) done
Select jobs to execute...
Execute 2 jobs...
[Tue May 12 11:14:32 2026]
localrule fig3b:
    input: src/fig_phenotyping_labeled.R, results/phenotyping/pB10_phenotyping.rds, results/phenotyping/phenotyping_av.csv, results/phenotyping/growth_rate/growthratemax_tt.csv, results/phenotyping/LDM_conjugation/LDM_conjugation_tt.csv
    output: figures/panels/fig3b_phenotyping.pdf, figures/panels/fig3b_phenotyping.rds
    jobid: 33
    reason: Input files updated by another job: results/phenotyping/pB10_phenotyping.rds
    resources: tmpdir=/var/folders/dw/d0fxdqy942jc3trrhg2gvbnm0000gn/T

[Tue May 12 11:14:32 2026]
localrule fig5:
    input: src/fig_validation.R, results/case_study_sims/HFC_S.pB10/HFC_S.pB10_frequency_plot.rds, results/case_study_sims/LFC_S.pB10-A/LFC_S.pB10-A_frequency_plot.rds, results/experimental_validation/HFC/HFC_frequency_plot.rds, results/experimental_validation/LFC/LFC_frequency_plot.rds, results/phenotyping/phenotyping_av.csv, results/phenotyping/pB10_anc_inv.rds, results/phenotyping/pB10_mut_inv.rds, figures/panels/fig5d_HFC.rds, figures/panels/fig5b_LFC.rds
    output: figures/fig5_validation.pdf, figures/fig5_validation2.pdf, figures/fig5_validation3.pdf
    jobid: 41
    reason: Input files updated by another job: results/experimental_validation/HFC/HFC_frequency_plot.rds, results/case_study_sims/LFC_S.pB10-A/LFC_S.pB10-A_frequency_plot.rds, results/phenotyping/pB10_anc_inv.rds, results/case_study_sims/HFC_S.pB10/HFC_S.pB10_frequency_plot.rds, results/experimental_validation/LFC/LFC_frequency_plot.rds, results/phenotyping/pB10_mut_inv.rds
    resources: tmpdir=/var/folders/dw/d0fxdqy942jc3trrhg2gvbnm0000gn/T

[Tue May 12 11:14:36 2026]
Finished jobid: 41 (Rule: fig5)
9 of 11 steps (82%) done
[Tue May 12 11:14:37 2026]
Finished jobid: 33 (Rule: fig3b)
10 of 11 steps (91%) done
Select jobs to execute...
Execute 1 jobs...
[Tue May 12 11:14:37 2026]
localrule all:
    input: results/parameter_sweeps/pHFC_S.pB10/pHFC_S.pB10_change_plot.pdf, results/parameter_sweeps/pLFC_S.pB10/pLFC_S.pB10_change_plot.pdf, results/parameter_sweeps/pHFC_S.pB10-A/pHFC_S.pB10-A_change_plot.pdf, results/parameter_sweeps/pLFC_S.pB10-A/pLFC_S.pB10-A_change_plot.pdf, results/parameter_sweeps/pDim90_E.R1/pDim90_E.R1_change_plot.pdf, results/parameter_sweeps/pDim90_E.RP4/pDim90_E.RP4_change_plot.pdf, results/parameter_sweeps/pHFC_S.pB10/pHFC_S.pB10_inv_change_plot.pdf, results/parameter_sweeps/pLFC_S.pB10/pLFC_S.pB10_inv_change_plot.pdf, results/parameter_sweeps/pHFC_S.pB10-A/pHFC_S.pB10-A_inv_change_plot.pdf, results/parameter_sweeps/pLFC_S.pB10-A/pLFC_S.pB10-A_inv_change_plot.pdf, results/parameter_sweeps/pDim90_E.R1/pDim90_E.R1_inv_change_plot.pdf, results/parameter_sweeps/pDim90_E.RP4/pDim90_E.RP4_inv_change_plot.pdf, results/parameter_sweeps/pHFC_S.pB10/pHFC_S.pB10_inv_change_strain_plot.pdf, results/parameter_sweeps/pLFC_S.pB10/pLFC_S.pB10_inv_change_strain_plot.pdf, results/parameter_sweeps/pHFC_S.pB10-A/pHFC_S.pB10-A_inv_change_strain_plot.pdf, results/parameter_sweeps/pLFC_S.pB10-A/pLFC_S.pB10-A_inv_change_strain_plot.pdf, results/parameter_sweeps/pDim90_E.R1/pDim90_E.R1_inv_change_strain_plot.pdf, results/parameter_sweeps/pDim90_E.RP4/pDim90_E.RP4_inv_change_strain_plot.pdf, figures/panels/fig1a_axes.pdf, figures/panels/fig3b_phenotyping.pdf, figures/fig4_DG_invasion.pdf, figures/fig5_validation2.pdf, figures/fig5_validation3.pdf, figures/fig6_psweep.pdf, figures/fig7_Dim_psweep.pdf
    jobid: 0
    reason: Input files updated by another job: figures/fig5_validation3.pdf, figures/fig7_Dim_psweep.pdf, figures/fig5_validation2.pdf, figures/fig4_DG_invasion.pdf, figures/panels/fig3b_phenotyping.pdf, figures/fig6_psweep.pdf
    resources: tmpdir=/var/folders/dw/d0fxdqy942jc3trrhg2gvbnm0000gn/T

[Tue May 12 11:14:37 2026]
Finished jobid: 0 (Rule: all)
11 of 11 steps (100%) done
Complete log(s): /Users/liz/Documents/UW_Bio_PhD/Kerr_Lab/Plasmid_evolution/PETRI/.snakemake/log/2026-05-12T111419.270986.snakemake.log
