Assuming unrestricted shared filesystem usage.
None
host: Lizs-MacBook-Air-9.local
Building DAG of jobs...
Using shell: /bin/bash
Provided cores: 2
Rules claiming more threads will be scaled down.
Conda environments: ignored
Job stats:
job                   count
------------------  -------
all                       1
fig3b                     1
fig5                      1
fig5bd                    1
fig6                      1
fig7                      1
plot_phenotyping          1
plot_psweep_strain       10
total                    17

Select jobs to execute...
Execute 2 jobs...
[Thu May 14 11:27:59 2026]
localrule plot_psweep_strain:
    input: input_data/strain_phenotypes.csv, src/plot_psweep_strain.R, results/parameter_sweeps/pLFC_S.pB10-A/pLFC_S.pB10-A_inv_change_plot.rds
    output: results/parameter_sweeps/pLFC_S.pB10-A/pLFC_S.pB10-A_inv_change_strain_plot.pdf
    jobid: 61
    reason: Params have changed since last execution: Union of exclusive params before and now across all output: before: '{"psweep_point_size": 2, "exp_point_size": 3, "ph_point_size": 4, "sh_Anc": 16, "sh_Mut": 17, "sh_R1": 16, "sh_copA": 18, "sh_finO": 15}' now: '{"psweep_point_size": 3, "exp_point_size": 3, "ph_point_size": 4, "sh_Anc": 16, "sh_Mut": 17, "sh_R1": 16, "sh_copA": 18, "sh_finO": 15}' 
    wildcards: psweep=pLFC_S.pB10-A
    resources: tmpdir=/var/folders/dw/d0fxdqy942jc3trrhg2gvbnm0000gn/T

[Thu May 14 11:27:59 2026]
localrule fig7:
    input: src/fig_Dim_psweep.R, input_data/strain_phenotypes.csv, results/parameter_sweeps/pDim90_E.R1/pDim90_E.R1_inv_change_plot.rds
    output: figures/fig7_Dim_psweep.pdf
    jobid: 79
    reason: Params have changed since last execution: Union of exclusive params before and now across all output: before: '{"psweep_point_size": 2, "exp_point_size": 3, "ph_point_size": 4, "sh_Anc": 16, "sh_Mut": 17, "sh_R1": 16, "sh_copA": 18, "sh_finO": 15}' now: '{"psweep_point_size": 3, "exp_point_size": 3, "ph_point_size": 4, "sh_Anc": 16, "sh_Mut": 17, "sh_R1": 16, "sh_copA": 18, "sh_finO": 15}' 
    resources: tmpdir=/var/folders/dw/d0fxdqy942jc3trrhg2gvbnm0000gn/T

Select jobs to execute...
[Thu May 14 11:28:04 2026]
Finished jobid: 61 (Rule: plot_psweep_strain)
1 of 17 steps (6%) done
Execute 1 jobs...
[Thu May 14 11:28:04 2026]
localrule plot_psweep_strain:
    input: input_data/strain_phenotypes.csv, src/plot_psweep_strain.R, results/parameter_sweeps/pHFCi_S.pB10/pHFCi_S.pB10_inv_change_plot.rds
    output: results/parameter_sweeps/pHFCi_S.pB10/pHFCi_S.pB10_inv_change_strain_plot.pdf
    jobid: 62
    reason: Params have changed since last execution: Union of exclusive params before and now across all output: before: '{"psweep_point_size": 2, "exp_point_size": 3, "ph_point_size": 4, "sh_Anc": 16, "sh_Mut": 17, "sh_R1": 16, "sh_copA": 18, "sh_finO": 15}' now: '{"psweep_point_size": 3, "exp_point_size": 3, "ph_point_size": 4, "sh_Anc": 16, "sh_Mut": 17, "sh_R1": 16, "sh_copA": 18, "sh_finO": 15}' 
    wildcards: psweep=pHFCi_S.pB10
    resources: tmpdir=/var/folders/dw/d0fxdqy942jc3trrhg2gvbnm0000gn/T

[Thu May 14 11:28:04 2026]
Finished jobid: 79 (Rule: fig7)
2 of 17 steps (12%) done
Select jobs to execute...
Execute 1 jobs...
[Thu May 14 11:28:04 2026]
localrule fig6:
    input: src/fig_psweep.R, results/parameter_sweeps/pHFC_S.pB10/pHFC_S.pB10_inv_change_plot2.rds, results/parameter_sweeps/pLFC_S.pB10/pLFC_S.pB10_inv_change_plot2.rds, results/parameter_sweeps/pHFC_S.pB10-A/pHFC_S.pB10-A_inv_change_plot2.rds, results/parameter_sweeps/pLFC_S.pB10-A/pLFC_S.pB10-A_inv_change_plot2.rds, input_data/strain_phenotypes.csv
    output: figures/fig6_psweep.pdf
    jobid: 78
    reason: Params have changed since last execution: Union of exclusive params before and now across all output: before: '{"psweep_point_size": 2, "exp_point_size": 3, "ph_point_size": 4, "sh_Anc": 16, "sh_Mut": 17, "sh_R1": 16, "sh_copA": 18, "sh_finO": 15}' now: '{"psweep_point_size": 3, "exp_point_size": 3, "ph_point_size": 4, "sh_Anc": 16, "sh_Mut": 17, "sh_R1": 16, "sh_copA": 18, "sh_finO": 15}' 
    resources: tmpdir=/var/folders/dw/d0fxdqy942jc3trrhg2gvbnm0000gn/T

Select jobs to execute...
[Thu May 14 11:28:08 2026]
Finished jobid: 62 (Rule: plot_psweep_strain)
3 of 17 steps (18%) done
Execute 1 jobs...
[Thu May 14 11:28:08 2026]
localrule plot_psweep_strain:
    input: input_data/strain_phenotypes.csv, src/plot_psweep_strain.R, results/parameter_sweeps/pLFC_S.pB10/pLFC_S.pB10_inv_change_plot.rds
    output: results/parameter_sweeps/pLFC_S.pB10/pLFC_S.pB10_inv_change_strain_plot.pdf
    jobid: 57
    reason: Params have changed since last execution: Union of exclusive params before and now across all output: before: '{"psweep_point_size": 2, "exp_point_size": 3, "ph_point_size": 4, "sh_Anc": 16, "sh_Mut": 17, "sh_R1": 16, "sh_copA": 18, "sh_finO": 15}' now: '{"psweep_point_size": 3, "exp_point_size": 3, "ph_point_size": 4, "sh_Anc": 16, "sh_Mut": 17, "sh_R1": 16, "sh_copA": 18, "sh_finO": 15}' 
    wildcards: psweep=pLFC_S.pB10
    resources: tmpdir=/var/folders/dw/d0fxdqy942jc3trrhg2gvbnm0000gn/T

Select jobs to execute...
[Thu May 14 11:28:10 2026]
Finished jobid: 78 (Rule: fig6)
4 of 17 steps (24%) done
Execute 1 jobs...
[Thu May 14 11:28:10 2026]
localrule plot_psweep_strain:
    input: input_data/strain_phenotypes.csv, src/plot_psweep_strain.R, results/parameter_sweeps/pLFCi_S.pB10/pLFCi_S.pB10_inv_change_plot.rds
    output: results/parameter_sweeps/pLFCi_S.pB10/pLFCi_S.pB10_inv_change_strain_plot.pdf
    jobid: 63
    reason: Params have changed since last execution: Union of exclusive params before and now across all output: before: '{"psweep_point_size": 2, "exp_point_size": 3, "ph_point_size": 4, "sh_Anc": 16, "sh_Mut": 17, "sh_R1": 16, "sh_copA": 18, "sh_finO": 15}' now: '{"psweep_point_size": 3, "exp_point_size": 3, "ph_point_size": 4, "sh_Anc": 16, "sh_Mut": 17, "sh_R1": 16, "sh_copA": 18, "sh_finO": 15}' 
    wildcards: psweep=pLFCi_S.pB10
    resources: tmpdir=/var/folders/dw/d0fxdqy942jc3trrhg2gvbnm0000gn/T

Select jobs to execute...
[Thu May 14 11:28:13 2026]
Finished jobid: 57 (Rule: plot_psweep_strain)
5 of 17 steps (29%) done
Execute 1 jobs...
[Thu May 14 11:28:13 2026]
localrule plot_psweep_strain:
    input: input_data/strain_phenotypes.csv, src/plot_psweep_strain.R, results/parameter_sweeps/pDim90_E.R1/pDim90_E.R1_inv_change_plot.rds
    output: results/parameter_sweeps/pDim90_E.R1/pDim90_E.R1_inv_change_strain_plot.pdf
    jobid: 58
    reason: Params have changed since last execution: Union of exclusive params before and now across all output: before: '{"psweep_point_size": 2, "exp_point_size": 3, "ph_point_size": 4, "sh_Anc": 16, "sh_Mut": 17, "sh_R1": 16, "sh_copA": 18, "sh_finO": 15}' now: '{"psweep_point_size": 3, "exp_point_size": 3, "ph_point_size": 4, "sh_Anc": 16, "sh_Mut": 17, "sh_R1": 16, "sh_copA": 18, "sh_finO": 15}' 
    wildcards: psweep=pDim90_E.R1
    resources: tmpdir=/var/folders/dw/d0fxdqy942jc3trrhg2gvbnm0000gn/T

Select jobs to execute...
[Thu May 14 11:28:14 2026]
Finished jobid: 63 (Rule: plot_psweep_strain)
6 of 17 steps (35%) done
Execute 1 jobs...
[Thu May 14 11:28:14 2026]
localrule plot_phenotyping:
    input: src/plot_phenotyping.R, results/phenotyping/phenotyping_av.csv
    output: results/phenotyping/pB10_phenotyping.pdf, results/phenotyping/pB10_phenotyping.rds, results/phenotyping/pB10_mut_inv.pdf, results/phenotyping/pB10_mut_inv.rds, results/phenotyping/pB10_anc_inv.pdf, results/phenotyping/pB10_anc_inv.rds
    jobid: 69
    reason: Params have changed since last execution: Union of exclusive params before and now across all output: before: '{"psweep_point_size": 2, "exp_point_size": 3, "ph_point_size": 4, "sh_Anc": 16, "sh_Mut": 17, "sh_R1": 16, "sh_copA": 18, "sh_finO": 15}' now: '{"psweep_point_size": 3, "exp_point_size": 3, "ph_point_size": 4, "sh_Anc": 16, "sh_Mut": 17, "sh_R1": 16, "sh_copA": 18, "sh_finO": 15}' 
    resources: tmpdir=/var/folders/dw/d0fxdqy942jc3trrhg2gvbnm0000gn/T

Select jobs to execute...
[Thu May 14 11:28:17 2026]
Finished jobid: 58 (Rule: plot_psweep_strain)
7 of 17 steps (41%) done
Execute 1 jobs...
[Thu May 14 11:28:17 2026]
localrule plot_psweep_strain:
    input: input_data/strain_phenotypes.csv, src/plot_psweep_strain.R, results/parameter_sweeps/pHFCi2_S.pB10/pHFCi2_S.pB10_inv_change_plot.rds
    output: results/parameter_sweeps/pHFCi2_S.pB10/pHFCi2_S.pB10_inv_change_strain_plot.pdf
    jobid: 64
    reason: Params have changed since last execution: Union of exclusive params before and now across all output: before: '{"psweep_point_size": 2, "exp_point_size": 3, "ph_point_size": 4, "sh_Anc": 16, "sh_Mut": 17, "sh_R1": 16, "sh_copA": 18, "sh_finO": 15}' now: '{"psweep_point_size": 3, "exp_point_size": 3, "ph_point_size": 4, "sh_Anc": 16, "sh_Mut": 17, "sh_R1": 16, "sh_copA": 18, "sh_finO": 15}' 
    wildcards: psweep=pHFCi2_S.pB10
    resources: tmpdir=/var/folders/dw/d0fxdqy942jc3trrhg2gvbnm0000gn/T

Select jobs to execute...
[Thu May 14 11:28:19 2026]
Finished jobid: 69 (Rule: plot_phenotyping)
8 of 17 steps (47%) done
Execute 1 jobs...
[Thu May 14 11:28:19 2026]
localrule fig3b:
    input: src/fig_phenotyping_labeled.R, results/phenotyping/pB10_phenotyping.rds, results/phenotyping/phenotyping_av.csv, results/phenotyping/growth_rate/growthratemax_tt.csv, results/phenotyping/LDM_conjugation/LDM_conjugation_tt.csv
    output: figures/panels/fig3b_phenotyping.pdf, figures/panels/fig3b_phenotyping.rds
    jobid: 68
    reason: Input files updated by another job: results/phenotyping/pB10_phenotyping.rds
    resources: tmpdir=/var/folders/dw/d0fxdqy942jc3trrhg2gvbnm0000gn/T

Select jobs to execute...
[Thu May 14 11:28:22 2026]
Finished jobid: 64 (Rule: plot_psweep_strain)
9 of 17 steps (53%) done
Execute 1 jobs...
[Thu May 14 11:28:22 2026]
localrule plot_psweep_strain:
    input: input_data/strain_phenotypes.csv, src/plot_psweep_strain.R, results/parameter_sweeps/pDim90_E.RP4/pDim90_E.RP4_inv_change_plot.rds
    output: results/parameter_sweeps/pDim90_E.RP4/pDim90_E.RP4_inv_change_strain_plot.pdf
    jobid: 59
    reason: Params have changed since last execution: Union of exclusive params before and now across all output: before: '{"psweep_point_size": 2, "exp_point_size": 3, "ph_point_size": 4, "sh_Anc": 16, "sh_Mut": 17, "sh_R1": 16, "sh_copA": 18, "sh_finO": 15}' now: '{"psweep_point_size": 3, "exp_point_size": 3, "ph_point_size": 4, "sh_Anc": 16, "sh_Mut": 17, "sh_R1": 16, "sh_copA": 18, "sh_finO": 15}' 
    wildcards: psweep=pDim90_E.RP4
    resources: tmpdir=/var/folders/dw/d0fxdqy942jc3trrhg2gvbnm0000gn/T

Select jobs to execute...
[Thu May 14 11:28:24 2026]
Finished jobid: 68 (Rule: fig3b)
10 of 17 steps (59%) done
Execute 1 jobs...
[Thu May 14 11:28:24 2026]
localrule plot_psweep_strain:
    input: input_data/strain_phenotypes.csv, src/plot_psweep_strain.R, results/parameter_sweeps/pHFC_S.pB10/pHFC_S.pB10_inv_change_plot.rds
    output: results/parameter_sweeps/pHFC_S.pB10/pHFC_S.pB10_inv_change_strain_plot.pdf
    jobid: 56
    reason: Params have changed since last execution: Union of exclusive params before and now across all output: before: '{"psweep_point_size": 2, "exp_point_size": 3, "ph_point_size": 4, "sh_Anc": 16, "sh_Mut": 17, "sh_R1": 16, "sh_copA": 18, "sh_finO": 15}' now: '{"psweep_point_size": 3, "exp_point_size": 3, "ph_point_size": 4, "sh_Anc": 16, "sh_Mut": 17, "sh_R1": 16, "sh_copA": 18, "sh_finO": 15}' 
    wildcards: psweep=pHFC_S.pB10
    resources: tmpdir=/var/folders/dw/d0fxdqy942jc3trrhg2gvbnm0000gn/T

Select jobs to execute...
[Thu May 14 11:28:26 2026]
Finished jobid: 59 (Rule: plot_psweep_strain)
11 of 17 steps (65%) done
Execute 1 jobs...
[Thu May 14 11:28:26 2026]
localrule fig5bd:
    input: src/fig_exp_sim.R, src/ggplot_theme.R, results/experimental_validation/HFC/HFC_frequency_processed_av.csv, results/experimental_validation/LFC/LFC_frequency_processed_av.csv, results/case_study_sims/HFC_S.pB10/HFC_S.pB10_frequency_plot_df.csv, results/case_study_sims/LFC_S.pB10-A/LFC_S.pB10-A_frequency_plot_df.csv
    output: figures/panels/fig5d_HFC.pdf, figures/panels/fig5d_HFC.rds, figures/panels/fig5b_LFC.pdf, figures/panels/fig5b_LFC.rds
    jobid: 77
    reason: Params have changed since last execution: Union of exclusive params before and now across all output: before: '{"psweep_point_size": 2, "exp_point_size": 3, "ph_point_size": 4, "sh_Anc": 16, "sh_Mut": 17, "sh_R1": 16, "sh_copA": 18, "sh_finO": 15}' now: '{"psweep_point_size": 3, "exp_point_size": 3, "ph_point_size": 4, "sh_Anc": 16, "sh_Mut": 17, "sh_R1": 16, "sh_copA": 18, "sh_finO": 15}' 
    resources: tmpdir=/var/folders/dw/d0fxdqy942jc3trrhg2gvbnm0000gn/T

Select jobs to execute...
[Thu May 14 11:28:28 2026]
Finished jobid: 56 (Rule: plot_psweep_strain)
12 of 17 steps (71%) done
Execute 1 jobs...
[Thu May 14 11:28:28 2026]
localrule plot_psweep_strain:
    input: input_data/strain_phenotypes.csv, src/plot_psweep_strain.R, results/parameter_sweeps/pHFC_S.pB10-A/pHFC_S.pB10-A_inv_change_plot.rds
    output: results/parameter_sweeps/pHFC_S.pB10-A/pHFC_S.pB10-A_inv_change_strain_plot.pdf
    jobid: 60
    reason: Params have changed since last execution: Union of exclusive params before and now across all output: before: '{"psweep_point_size": 2, "exp_point_size": 3, "ph_point_size": 4, "sh_Anc": 16, "sh_Mut": 17, "sh_R1": 16, "sh_copA": 18, "sh_finO": 15}' now: '{"psweep_point_size": 3, "exp_point_size": 3, "ph_point_size": 4, "sh_Anc": 16, "sh_Mut": 17, "sh_R1": 16, "sh_copA": 18, "sh_finO": 15}' 
    wildcards: psweep=pHFC_S.pB10-A
    resources: tmpdir=/var/folders/dw/d0fxdqy942jc3trrhg2gvbnm0000gn/T

Select jobs to execute...
[Thu May 14 11:28:32 2026]
Finished jobid: 77 (Rule: fig5bd)
13 of 17 steps (76%) done
Execute 1 jobs...
[Thu May 14 11:28:32 2026]
localrule plot_psweep_strain:
    input: input_data/strain_phenotypes.csv, src/plot_psweep_strain.R, results/parameter_sweeps/pLFCi2_S.pB10/pLFCi2_S.pB10_inv_change_plot.rds
    output: results/parameter_sweeps/pLFCi2_S.pB10/pLFCi2_S.pB10_inv_change_strain_plot.pdf
    jobid: 65
    reason: Params have changed since last execution: Union of exclusive params before and now across all output: before: '{"psweep_point_size": 2, "exp_point_size": 3, "ph_point_size": 4, "sh_Anc": 16, "sh_Mut": 17, "sh_R1": 16, "sh_copA": 18, "sh_finO": 15}' now: '{"psweep_point_size": 3, "exp_point_size": 3, "ph_point_size": 4, "sh_Anc": 16, "sh_Mut": 17, "sh_R1": 16, "sh_copA": 18, "sh_finO": 15}' 
    wildcards: psweep=pLFCi2_S.pB10
    resources: tmpdir=/var/folders/dw/d0fxdqy942jc3trrhg2gvbnm0000gn/T

Select jobs to execute...
[Thu May 14 11:28:32 2026]
Finished jobid: 60 (Rule: plot_psweep_strain)
14 of 17 steps (82%) done
Execute 1 jobs...
[Thu May 14 11:28:32 2026]
localrule fig5:
    input: src/fig_validation.R, results/case_study_sims/HFC_S.pB10/HFC_S.pB10_frequency_plot.rds, results/case_study_sims/LFC_S.pB10-A/LFC_S.pB10-A_frequency_plot.rds, results/experimental_validation/HFC/HFC_frequency_plot.rds, results/experimental_validation/LFC/LFC_frequency_plot.rds, results/phenotyping/phenotyping_av.csv, results/phenotyping/pB10_anc_inv.rds, results/phenotyping/pB10_mut_inv.rds, figures/panels/fig5d_HFC.rds, figures/panels/fig5b_LFC.rds
    output: figures/fig5_validation.pdf, figures/fig5_validation2.pdf, figures/fig5_validation3.pdf
    jobid: 73
    reason: Input files updated by another job: figures/panels/fig5d_HFC.rds, results/phenotyping/pB10_mut_inv.rds, figures/panels/fig5b_LFC.rds, results/phenotyping/pB10_anc_inv.rds
    resources: tmpdir=/var/folders/dw/d0fxdqy942jc3trrhg2gvbnm0000gn/T

[Thu May 14 11:28:37 2026]
Finished jobid: 65 (Rule: plot_psweep_strain)
15 of 17 steps (88%) done
[Thu May 14 11:28:38 2026]
Finished jobid: 73 (Rule: fig5)
16 of 17 steps (94%) done
Select jobs to execute...
Execute 1 jobs...
[Thu May 14 11:28:38 2026]
localrule all:
    input: results/case_study_sims/DG_S.pB10/DG_S.pB10_frequency_plot.pdf, results/case_study_sims/HFC_S.pB10/HFC_S.pB10_frequency_plot.pdf, results/case_study_sims/LFC_S.pB10-A/LFC_S.pB10-A_frequency_plot.pdf, results/case_study_sims/HFC_S.pB10_full/HFC_S.pB10_full_frequency_plot.pdf, results/case_study_sims/LFC_S.pB10-A_full/LFC_S.pB10-A_full_frequency_plot.pdf, results/parameter_sweeps/pHFC_S.pB10/pHFC_S.pB10_change_plot.pdf, results/parameter_sweeps/pLFC_S.pB10/pLFC_S.pB10_change_plot.pdf, results/parameter_sweeps/pDim90_E.R1/pDim90_E.R1_change_plot.pdf, results/parameter_sweeps/pDim90_E.RP4/pDim90_E.RP4_change_plot.pdf, results/parameter_sweeps/pHFC_S.pB10-A/pHFC_S.pB10-A_change_plot.pdf, results/parameter_sweeps/pLFC_S.pB10-A/pLFC_S.pB10-A_change_plot.pdf, results/parameter_sweeps/pHFCi_S.pB10/pHFCi_S.pB10_change_plot.pdf, results/parameter_sweeps/pLFCi_S.pB10/pLFCi_S.pB10_change_plot.pdf, results/parameter_sweeps/pHFCi2_S.pB10/pHFCi2_S.pB10_change_plot.pdf, results/parameter_sweeps/pLFCi2_S.pB10/pLFCi2_S.pB10_change_plot.pdf, results/parameter_sweeps/pHFC_S.pB10/pHFC_S.pB10_inv_change_plot.pdf, results/parameter_sweeps/pLFC_S.pB10/pLFC_S.pB10_inv_change_plot.pdf, results/parameter_sweeps/pDim90_E.R1/pDim90_E.R1_inv_change_plot.pdf, results/parameter_sweeps/pDim90_E.RP4/pDim90_E.RP4_inv_change_plot.pdf, results/parameter_sweeps/pHFC_S.pB10-A/pHFC_S.pB10-A_inv_change_plot.pdf, results/parameter_sweeps/pLFC_S.pB10-A/pLFC_S.pB10-A_inv_change_plot.pdf, results/parameter_sweeps/pHFCi_S.pB10/pHFCi_S.pB10_inv_change_plot.pdf, results/parameter_sweeps/pLFCi_S.pB10/pLFCi_S.pB10_inv_change_plot.pdf, results/parameter_sweeps/pHFCi2_S.pB10/pHFCi2_S.pB10_inv_change_plot.pdf, results/parameter_sweeps/pLFCi2_S.pB10/pLFCi2_S.pB10_inv_change_plot.pdf, results/parameter_sweeps/pHFC_S.pB10/pHFC_S.pB10_inv_change_strain_plot.pdf, results/parameter_sweeps/pLFC_S.pB10/pLFC_S.pB10_inv_change_strain_plot.pdf, results/parameter_sweeps/pDim90_E.R1/pDim90_E.R1_inv_change_strain_plot.pdf, results/parameter_sweeps/pDim90_E.RP4/pDim90_E.RP4_inv_change_strain_plot.pdf, results/parameter_sweeps/pHFC_S.pB10-A/pHFC_S.pB10-A_inv_change_strain_plot.pdf, results/parameter_sweeps/pLFC_S.pB10-A/pLFC_S.pB10-A_inv_change_strain_plot.pdf, results/parameter_sweeps/pHFCi_S.pB10/pHFCi_S.pB10_inv_change_strain_plot.pdf, results/parameter_sweeps/pLFCi_S.pB10/pLFCi_S.pB10_inv_change_strain_plot.pdf, results/parameter_sweeps/pHFCi2_S.pB10/pHFCi2_S.pB10_inv_change_strain_plot.pdf, results/parameter_sweeps/pLFCi2_S.pB10/pLFCi2_S.pB10_inv_change_strain_plot.pdf, figures/panels/fig1a_axes.pdf, figures/panels/fig3b_phenotyping.pdf, figures/fig4_DG_invasion.pdf, figures/fig5_validation2.pdf, figures/fig5_validation3.pdf, figures/fig6_psweep.pdf, figures/fig7_Dim_psweep.pdf
    jobid: 0
    reason: Input files updated by another job: results/parameter_sweeps/pLFCi2_S.pB10/pLFCi2_S.pB10_inv_change_strain_plot.pdf, results/parameter_sweeps/pHFC_S.pB10/pHFC_S.pB10_inv_change_strain_plot.pdf, results/parameter_sweeps/pLFC_S.pB10/pLFC_S.pB10_inv_change_strain_plot.pdf, results/parameter_sweeps/pLFCi_S.pB10/pLFCi_S.pB10_inv_change_strain_plot.pdf, figures/fig5_validation3.pdf, results/parameter_sweeps/pDim90_E.RP4/pDim90_E.RP4_inv_change_strain_plot.pdf, figures/fig5_validation2.pdf, results/parameter_sweeps/pHFCi_S.pB10/pHFCi_S.pB10_inv_change_strain_plot.pdf, results/parameter_sweeps/pHFC_S.pB10-A/pHFC_S.pB10-A_inv_change_strain_plot.pdf, results/parameter_sweeps/pHFCi2_S.pB10/pHFCi2_S.pB10_inv_change_strain_plot.pdf, figures/fig6_psweep.pdf, figures/panels/fig3b_phenotyping.pdf, figures/fig7_Dim_psweep.pdf, results/parameter_sweeps/pDim90_E.R1/pDim90_E.R1_inv_change_strain_plot.pdf, results/parameter_sweeps/pLFC_S.pB10-A/pLFC_S.pB10-A_inv_change_strain_plot.pdf
    resources: tmpdir=/var/folders/dw/d0fxdqy942jc3trrhg2gvbnm0000gn/T

[Thu May 14 11:28:38 2026]
Finished jobid: 0 (Rule: all)
17 of 17 steps (100%) done
Complete log(s): /Users/liz/Documents/UW_Bio_PhD/Kerr_Lab/Plasmid_evolution/PETRI/.snakemake/log/2026-05-14T112758.376441.snakemake.log
