Assuming unrestricted shared filesystem usage.
None
host: Lizs-MacBook-Air-9.local
Building DAG of jobs...
Using shell: /bin/bash
Provided cores: 7
Rules claiming more threads will be scaled down.
Job stats:
job                 count
----------------  -------
all                     1
plot_psweep             4
process_psweep          4
psweep_parameter        4
psweep_sims             4
total                  17

Select jobs to execute...
Execute 4 jobs...
[Tue Feb 10 13:11:27 2026]
localrule psweep_parameter:
    input: src/generate_parameter_sets.R, input_data/parameter_sweeps/pLFC_S.pB10_psweep_settings.csv
    output: results/parameter_sweeps/pLFC_S.pB10/pLFC_S.pB10_params.csv, results/parameter_sweeps/pLFC_S.pB10/pLFC_S.pB10_settings.rds
    jobid: 11
    reason: Updated input files: input_data/parameter_sweeps/pLFC_S.pB10_psweep_settings.csv
    wildcards: psweep=pLFC_S.pB10
    resources: tmpdir=/var/folders/dw/d0fxdqy942jc3trrhg2gvbnm0000gn/T

[Tue Feb 10 13:11:27 2026]
localrule psweep_parameter:
    input: src/generate_parameter_sets.R, input_data/parameter_sweeps/pHFC_S.pB10_psweep_settings.csv
    output: results/parameter_sweeps/pHFC_S.pB10/pHFC_S.pB10_params.csv, results/parameter_sweeps/pHFC_S.pB10/pHFC_S.pB10_settings.rds
    jobid: 7
    reason: Updated input files: input_data/parameter_sweeps/pHFC_S.pB10_psweep_settings.csv
    wildcards: psweep=pHFC_S.pB10
    resources: tmpdir=/var/folders/dw/d0fxdqy942jc3trrhg2gvbnm0000gn/T

[Tue Feb 10 13:11:27 2026]
localrule psweep_parameter:
    input: src/generate_parameter_sets.R, input_data/parameter_sweeps/pDim90_E.RP4_psweep_settings.csv
    output: results/parameter_sweeps/pDim90_E.RP4/pDim90_E.RP4_params.csv, results/parameter_sweeps/pDim90_E.RP4/pDim90_E.RP4_settings.rds
    jobid: 19
    reason: Updated input files: input_data/parameter_sweeps/pDim90_E.RP4_psweep_settings.csv
    wildcards: psweep=pDim90_E.RP4
    resources: tmpdir=/var/folders/dw/d0fxdqy942jc3trrhg2gvbnm0000gn/T

[Tue Feb 10 13:11:27 2026]
localrule psweep_parameter:
    input: src/generate_parameter_sets.R, input_data/parameter_sweeps/pDim90_E.R1_psweep_settings.csv
    output: results/parameter_sweeps/pDim90_E.R1/pDim90_E.R1_params.csv, results/parameter_sweeps/pDim90_E.R1/pDim90_E.R1_settings.rds
    jobid: 15
    reason: Updated input files: input_data/parameter_sweeps/pDim90_E.R1_psweep_settings.csv
    wildcards: psweep=pDim90_E.R1
    resources: tmpdir=/var/folders/dw/d0fxdqy942jc3trrhg2gvbnm0000gn/T

[Tue Feb 10 13:11:36 2026]
Finished jobid: 19 (Rule: psweep_parameter)
1 of 17 steps (6%) done
[Tue Feb 10 13:11:36 2026]
Finished jobid: 11 (Rule: psweep_parameter)
2 of 17 steps (12%) done
Select jobs to execute...
Execute 1 jobs...
[Tue Feb 10 13:11:36 2026]
localrule psweep_sims:
    input: src/simrun_psweep.R, results/parameter_sweeps/pLFC_S.pB10/pLFC_S.pB10_params.csv, results/parameter_sweeps/pLFC_S.pB10/pLFC_S.pB10_settings.rds
    output: results/parameter_sweeps/pLFC_S.pB10/pLFC_S.pB10_out.csv
    jobid: 10
    reason: Input files updated by another job: results/parameter_sweeps/pLFC_S.pB10/pLFC_S.pB10_params.csv, results/parameter_sweeps/pLFC_S.pB10/pLFC_S.pB10_settings.rds
    wildcards: psweep=pLFC_S.pB10
    threads: 5
    resources: tmpdir=/var/folders/dw/d0fxdqy942jc3trrhg2gvbnm0000gn/T

[Tue Feb 10 13:11:36 2026]
Finished jobid: 7 (Rule: psweep_parameter)
3 of 17 steps (18%) done
[Tue Feb 10 13:11:36 2026]
Finished jobid: 15 (Rule: psweep_parameter)
4 of 17 steps (24%) done
Select jobs to execute...
[Tue Feb 10 13:22:27 2026]
Finished jobid: 10 (Rule: psweep_sims)
5 of 17 steps (29%) done
Execute 2 jobs...
[Tue Feb 10 13:22:27 2026]
localrule process_psweep:
    input: src/process_psweep.R, results/parameter_sweeps/pLFC_S.pB10/pLFC_S.pB10_out.csv, results/parameter_sweeps/pLFC_S.pB10/pLFC_S.pB10_settings.rds
    output: results/parameter_sweeps/pLFC_S.pB10/pLFC_S.pB10_plot.csv
    jobid: 9
    reason: Input files updated by another job: results/parameter_sweeps/pLFC_S.pB10/pLFC_S.pB10_out.csv, results/parameter_sweeps/pLFC_S.pB10/pLFC_S.pB10_settings.rds
    wildcards: psweep=pLFC_S.pB10
    resources: tmpdir=/var/folders/dw/d0fxdqy942jc3trrhg2gvbnm0000gn/T

[Tue Feb 10 13:22:27 2026]
localrule psweep_sims:
    input: src/simrun_psweep.R, results/parameter_sweeps/pDim90_E.RP4/pDim90_E.RP4_params.csv, results/parameter_sweeps/pDim90_E.RP4/pDim90_E.RP4_settings.rds
    output: results/parameter_sweeps/pDim90_E.RP4/pDim90_E.RP4_out.csv
    jobid: 18
    reason: Input files updated by another job: results/parameter_sweeps/pDim90_E.RP4/pDim90_E.RP4_settings.rds, results/parameter_sweeps/pDim90_E.RP4/pDim90_E.RP4_params.csv
    wildcards: psweep=pDim90_E.RP4
    threads: 5
    resources: tmpdir=/var/folders/dw/d0fxdqy942jc3trrhg2gvbnm0000gn/T

Select jobs to execute...
[Tue Feb 10 13:22:32 2026]
Finished jobid: 9 (Rule: process_psweep)
6 of 17 steps (35%) done
Execute 1 jobs...
[Tue Feb 10 13:22:32 2026]
localrule plot_psweep:
    input: src/plot_psweep.R, results/parameter_sweeps/pLFC_S.pB10/pLFC_S.pB10_plot.csv
    output: results/parameter_sweeps/pLFC_S.pB10/pLFC_S.pB10_change_plot.pdf, results/parameter_sweeps/pLFC_S.pB10/pLFC_S.pB10_inv_change_plot.pdf
    jobid: 8
    reason: Input files updated by another job: results/parameter_sweeps/pLFC_S.pB10/pLFC_S.pB10_plot.csv
    wildcards: psweep=pLFC_S.pB10
    resources: tmpdir=/var/folders/dw/d0fxdqy942jc3trrhg2gvbnm0000gn/T

Select jobs to execute...
[Tue Feb 10 13:22:41 2026]
Finished jobid: 8 (Rule: plot_psweep)
7 of 17 steps (41%) done
[Tue Feb 10 13:24:13 2026]
Finished jobid: 18 (Rule: psweep_sims)
8 of 17 steps (47%) done
Execute 2 jobs...
[Tue Feb 10 13:24:13 2026]
localrule psweep_sims:
    input: src/simrun_psweep.R, results/parameter_sweeps/pHFC_S.pB10/pHFC_S.pB10_params.csv, results/parameter_sweeps/pHFC_S.pB10/pHFC_S.pB10_settings.rds
    output: results/parameter_sweeps/pHFC_S.pB10/pHFC_S.pB10_out.csv
    jobid: 6
    reason: Input files updated by another job: results/parameter_sweeps/pHFC_S.pB10/pHFC_S.pB10_settings.rds, results/parameter_sweeps/pHFC_S.pB10/pHFC_S.pB10_params.csv
    wildcards: psweep=pHFC_S.pB10
    threads: 5
    resources: tmpdir=/var/folders/dw/d0fxdqy942jc3trrhg2gvbnm0000gn/T

[Tue Feb 10 13:24:13 2026]
localrule process_psweep:
    input: src/process_psweep.R, results/parameter_sweeps/pDim90_E.RP4/pDim90_E.RP4_out.csv, results/parameter_sweeps/pDim90_E.RP4/pDim90_E.RP4_settings.rds
    output: results/parameter_sweeps/pDim90_E.RP4/pDim90_E.RP4_plot.csv
    jobid: 17
    reason: Input files updated by another job: results/parameter_sweeps/pDim90_E.RP4/pDim90_E.RP4_settings.rds, results/parameter_sweeps/pDim90_E.RP4/pDim90_E.RP4_out.csv
    wildcards: psweep=pDim90_E.RP4
    resources: tmpdir=/var/folders/dw/d0fxdqy942jc3trrhg2gvbnm0000gn/T

Select jobs to execute...
[Tue Feb 10 13:24:18 2026]
Finished jobid: 17 (Rule: process_psweep)
9 of 17 steps (53%) done
Execute 1 jobs...
[Tue Feb 10 13:24:18 2026]
localrule plot_psweep:
    input: src/plot_psweep.R, results/parameter_sweeps/pDim90_E.RP4/pDim90_E.RP4_plot.csv
    output: results/parameter_sweeps/pDim90_E.RP4/pDim90_E.RP4_change_plot.pdf, results/parameter_sweeps/pDim90_E.RP4/pDim90_E.RP4_inv_change_plot.pdf
    jobid: 16
    reason: Input files updated by another job: results/parameter_sweeps/pDim90_E.RP4/pDim90_E.RP4_plot.csv
    wildcards: psweep=pDim90_E.RP4
    resources: tmpdir=/var/folders/dw/d0fxdqy942jc3trrhg2gvbnm0000gn/T

Select jobs to execute...
[Tue Feb 10 13:24:26 2026]
Finished jobid: 16 (Rule: plot_psweep)
10 of 17 steps (59%) done
[Tue Feb 10 13:27:34 2026]
Finished jobid: 6 (Rule: psweep_sims)
11 of 17 steps (65%) done
Execute 2 jobs...
[Tue Feb 10 13:27:34 2026]
localrule process_psweep:
    input: src/process_psweep.R, results/parameter_sweeps/pHFC_S.pB10/pHFC_S.pB10_out.csv, results/parameter_sweeps/pHFC_S.pB10/pHFC_S.pB10_settings.rds
    output: results/parameter_sweeps/pHFC_S.pB10/pHFC_S.pB10_plot.csv
    jobid: 5
    reason: Input files updated by another job: results/parameter_sweeps/pHFC_S.pB10/pHFC_S.pB10_out.csv, results/parameter_sweeps/pHFC_S.pB10/pHFC_S.pB10_settings.rds
    wildcards: psweep=pHFC_S.pB10
    resources: tmpdir=/var/folders/dw/d0fxdqy942jc3trrhg2gvbnm0000gn/T

[Tue Feb 10 13:27:34 2026]
localrule psweep_sims:
    input: src/simrun_psweep.R, results/parameter_sweeps/pDim90_E.R1/pDim90_E.R1_params.csv, results/parameter_sweeps/pDim90_E.R1/pDim90_E.R1_settings.rds
    output: results/parameter_sweeps/pDim90_E.R1/pDim90_E.R1_out.csv
    jobid: 14
    reason: Input files updated by another job: results/parameter_sweeps/pDim90_E.R1/pDim90_E.R1_settings.rds, results/parameter_sweeps/pDim90_E.R1/pDim90_E.R1_params.csv
    wildcards: psweep=pDim90_E.R1
    threads: 5
    resources: tmpdir=/var/folders/dw/d0fxdqy942jc3trrhg2gvbnm0000gn/T

[Tue Feb 10 13:27:39 2026]
Finished jobid: 5 (Rule: process_psweep)
12 of 17 steps (71%) done
Select jobs to execute...
Execute 1 jobs...
[Tue Feb 10 13:27:39 2026]
localrule plot_psweep:
    input: src/plot_psweep.R, results/parameter_sweeps/pHFC_S.pB10/pHFC_S.pB10_plot.csv
    output: results/parameter_sweeps/pHFC_S.pB10/pHFC_S.pB10_change_plot.pdf, results/parameter_sweeps/pHFC_S.pB10/pHFC_S.pB10_inv_change_plot.pdf
    jobid: 4
    reason: Input files updated by another job: results/parameter_sweeps/pHFC_S.pB10/pHFC_S.pB10_plot.csv
    wildcards: psweep=pHFC_S.pB10
    resources: tmpdir=/var/folders/dw/d0fxdqy942jc3trrhg2gvbnm0000gn/T

[Tue Feb 10 13:27:46 2026]
Finished jobid: 4 (Rule: plot_psweep)
13 of 17 steps (76%) done
[Tue Feb 10 13:29:24 2026]
Finished jobid: 14 (Rule: psweep_sims)
14 of 17 steps (82%) done
Select jobs to execute...
Execute 1 jobs...
[Tue Feb 10 13:29:24 2026]
localrule process_psweep:
    input: src/process_psweep.R, results/parameter_sweeps/pDim90_E.R1/pDim90_E.R1_out.csv, results/parameter_sweeps/pDim90_E.R1/pDim90_E.R1_settings.rds
    output: results/parameter_sweeps/pDim90_E.R1/pDim90_E.R1_plot.csv
    jobid: 13
    reason: Input files updated by another job: results/parameter_sweeps/pDim90_E.R1/pDim90_E.R1_settings.rds, results/parameter_sweeps/pDim90_E.R1/pDim90_E.R1_out.csv
    wildcards: psweep=pDim90_E.R1
    resources: tmpdir=/var/folders/dw/d0fxdqy942jc3trrhg2gvbnm0000gn/T

[Tue Feb 10 13:29:28 2026]
Finished jobid: 13 (Rule: process_psweep)
15 of 17 steps (88%) done
Select jobs to execute...
Execute 1 jobs...
[Tue Feb 10 13:29:28 2026]
localrule plot_psweep:
    input: src/plot_psweep.R, results/parameter_sweeps/pDim90_E.R1/pDim90_E.R1_plot.csv
    output: results/parameter_sweeps/pDim90_E.R1/pDim90_E.R1_change_plot.pdf, results/parameter_sweeps/pDim90_E.R1/pDim90_E.R1_inv_change_plot.pdf
    jobid: 12
    reason: Input files updated by another job: results/parameter_sweeps/pDim90_E.R1/pDim90_E.R1_plot.csv
    wildcards: psweep=pDim90_E.R1
    resources: tmpdir=/var/folders/dw/d0fxdqy942jc3trrhg2gvbnm0000gn/T

[Tue Feb 10 13:29:33 2026]
Finished jobid: 12 (Rule: plot_psweep)
16 of 17 steps (94%) done
Select jobs to execute...
Execute 1 jobs...
[Tue Feb 10 13:29:33 2026]
localrule all:
    input: results/case_study_sims/E.R1/E.R1_density_plot.pdf, results/case_study_sims/E.R1/E.R1_frequency_plot.pdf, results/parameter_sweeps/pHFC_S.pB10/pHFC_S.pB10_change_plot.pdf, results/parameter_sweeps/pLFC_S.pB10/pLFC_S.pB10_change_plot.pdf, results/parameter_sweeps/pDim90_E.R1/pDim90_E.R1_change_plot.pdf, results/parameter_sweeps/pDim90_E.RP4/pDim90_E.RP4_change_plot.pdf, results/parameter_sweeps/pHFC_S.pB10/pHFC_S.pB10_inv_change_plot.pdf, results/parameter_sweeps/pLFC_S.pB10/pLFC_S.pB10_inv_change_plot.pdf, results/parameter_sweeps/pDim90_E.R1/pDim90_E.R1_inv_change_plot.pdf, results/parameter_sweeps/pDim90_E.RP4/pDim90_E.RP4_inv_change_plot.pdf
    jobid: 0
    reason: Input files updated by another job: results/parameter_sweeps/pDim90_E.R1/pDim90_E.R1_change_plot.pdf, results/parameter_sweeps/pDim90_E.RP4/pDim90_E.RP4_inv_change_plot.pdf, results/parameter_sweeps/pLFC_S.pB10/pLFC_S.pB10_inv_change_plot.pdf, results/parameter_sweeps/pDim90_E.R1/pDim90_E.R1_inv_change_plot.pdf, results/parameter_sweeps/pHFC_S.pB10/pHFC_S.pB10_change_plot.pdf, results/parameter_sweeps/pLFC_S.pB10/pLFC_S.pB10_change_plot.pdf, results/parameter_sweeps/pHFC_S.pB10/pHFC_S.pB10_inv_change_plot.pdf, results/parameter_sweeps/pDim90_E.RP4/pDim90_E.RP4_change_plot.pdf
    resources: tmpdir=/var/folders/dw/d0fxdqy942jc3trrhg2gvbnm0000gn/T

[Tue Feb 10 13:29:33 2026]
Finished jobid: 0 (Rule: all)
17 of 17 steps (100%) done
Complete log(s): /Users/liz/Documents/UW_Bio_PhD/Kerr_Lab/Plasmid_evolution/PETRI/.snakemake/log/2026-02-10T131126.621913.snakemake.log
