Assuming unrestricted shared filesystem usage.
None
host: Lizs-MacBook-Air-9.local
Building DAG of jobs...
Using shell: /bin/bash
Provided cores: 3
Rules claiming more threads will be scaled down.
Conda environments: ignored
Job stats:
job                    count
-------------------  -------
all                        1
fig5                       1
plot_phenotyping           1
process_growth             1
process_phenotyping        1
total                      5

Select jobs to execute...
Execute 1 jobs...
[Mon May 11 13:19:06 2026]
localrule process_growth:
    input: src/process_growth.R, input_data/experimental_data/2026-04-16_OD_growth_curve.xlsx
    output: results/phenotyping/growth_rate/growthratemax_av.csv, results/phenotyping/growth_rate/growthcurve_allrep.pdf, results/phenotyping/growth_rate/growthcurve_av.pdf, results/phenotyping/growth_rate/growthcurve_av.rds, results/phenotyping/growth_rate/growthrate_av.pdf, results/phenotyping/growth_rate/growthrate_av.rds, results/phenotyping/growth_rate/growthratemax_av.pdf, results/phenotyping/growth_rate/growthratemax_av.rds
    jobid: 48
    reason: Missing output files: results/phenotyping/growth_rate/growthratemax_av.csv
    resources: tmpdir=/var/folders/dw/d0fxdqy942jc3trrhg2gvbnm0000gn/T

[Mon May 11 13:19:11 2026]
Finished jobid: 48 (Rule: process_growth)
1 of 5 steps (20%) done
Select jobs to execute...
Execute 1 jobs...
[Mon May 11 13:19:11 2026]
localrule process_phenotyping:
    input: src/process_phenotyping.R, results/phenotyping/growth_rate/growthratemax_av.csv
    output: results/phenotyping/phenotyping_av.csv
    jobid: 47
    reason: Updated input files: src/process_phenotyping.R; Input files updated by another job: results/phenotyping/growth_rate/growthratemax_av.csv
    resources: tmpdir=/var/folders/dw/d0fxdqy942jc3trrhg2gvbnm0000gn/T

RuleException:
CalledProcessError in file "/Users/liz/Documents/UW_Bio_PhD/Kerr_Lab/Plasmid_evolution/PETRI/Snakefile", line 299:
Command 'set -euo pipefail;  
    Rscript src/process_growth.R' returned non-zero exit status 1.
[Mon May 11 13:19:14 2026]
Error in rule process_phenotyping:
    message: None
    jobid: 47
    input: src/process_phenotyping.R, results/phenotyping/growth_rate/growthratemax_av.csv
    output: results/phenotyping/phenotyping_av.csv
    shell:
        
    Rscript src/process_growth.R
    
        (command exited with non-zero exit code)
Shutting down, this might take some time.
Exiting because a job execution failed. Look below for error messages
[Mon May 11 13:19:14 2026]
Error in rule process_phenotyping:
    message: None
    jobid: 47
    input: src/process_phenotyping.R, results/phenotyping/growth_rate/growthratemax_av.csv
    output: results/phenotyping/phenotyping_av.csv
    shell:
        
    Rscript src/process_growth.R
    
        (command exited with non-zero exit code)
Complete log(s): /Users/liz/Documents/UW_Bio_PhD/Kerr_Lab/Plasmid_evolution/PETRI/.snakemake/log/2026-05-11T131905.928900.snakemake.log
WorkflowError:
At least one job did not complete successfully.
