Assuming unrestricted shared filesystem usage.
None
host: Lizs-MacBook-Air-9.local
Building DAG of jobs...
Using shell: /bin/bash
Provided cores: 7
Rules claiming more threads will be scaled down.
Job stats:
job                 count
----------------  -------
all                     1
plot_psweep             1
process_psweep          1
psweep_parameter        1
psweep_sims             1
total                   5

Select jobs to execute...
Execute 1 jobs...
[Mon Feb  9 12:04:53 2026]
localrule psweep_parameter:
    input: src/generate_parameter_sets.R, input_data/parameter_sweeps/pDim68_E.R1_psweep_settings.csv
    output: results/parameter_sweeps/pDim68_E.R1/pDim68_E.R1_params.csv, results/parameter_sweeps/pDim68_E.R1/pDim68_E.R1_settings.rds
    jobid: 19
    reason: Updated input files: input_data/parameter_sweeps/pDim68_E.R1_psweep_settings.csv
    wildcards: psweep=pDim68_E.R1
    resources: tmpdir=/var/folders/dw/d0fxdqy942jc3trrhg2gvbnm0000gn/T

[Mon Feb  9 12:04:57 2026]
Finished jobid: 19 (Rule: psweep_parameter)
1 of 5 steps (20%) done
Select jobs to execute...
Execute 1 jobs...
[Mon Feb  9 12:04:57 2026]
localrule psweep_sims:
    input: src/simrun_psweep.R, results/parameter_sweeps/pDim68_E.R1/pDim68_E.R1_params.csv, results/parameter_sweeps/pDim68_E.R1/pDim68_E.R1_settings.rds
    output: results/parameter_sweeps/pDim68_E.R1/pDim68_E.R1_out.csv
    jobid: 18
    reason: Input files updated by another job: results/parameter_sweeps/pDim68_E.R1/pDim68_E.R1_settings.rds, results/parameter_sweeps/pDim68_E.R1/pDim68_E.R1_params.csv
    wildcards: psweep=pDim68_E.R1
    threads: 5
    resources: tmpdir=/var/folders/dw/d0fxdqy942jc3trrhg2gvbnm0000gn/T

[Mon Feb  9 12:05:24 2026]
Finished jobid: 18 (Rule: psweep_sims)
2 of 5 steps (40%) done
Select jobs to execute...
Execute 1 jobs...
[Mon Feb  9 12:05:24 2026]
localrule process_psweep:
    input: src/process_psweep.R, results/parameter_sweeps/pDim68_E.R1/pDim68_E.R1_out.csv, results/parameter_sweeps/pDim68_E.R1/pDim68_E.R1_settings.rds
    output: results/parameter_sweeps/pDim68_E.R1/pDim68_E.R1_plot.csv
    jobid: 17
    reason: Input files updated by another job: results/parameter_sweeps/pDim68_E.R1/pDim68_E.R1_out.csv, results/parameter_sweeps/pDim68_E.R1/pDim68_E.R1_settings.rds
    wildcards: psweep=pDim68_E.R1
    resources: tmpdir=/var/folders/dw/d0fxdqy942jc3trrhg2gvbnm0000gn/T

[Mon Feb  9 12:05:29 2026]
Finished jobid: 17 (Rule: process_psweep)
3 of 5 steps (60%) done
Select jobs to execute...
Execute 1 jobs...
[Mon Feb  9 12:05:29 2026]
localrule plot_psweep:
    input: src/plot_psweep.R, results/parameter_sweeps/pDim68_E.R1/pDim68_E.R1_plot.csv
    output: results/parameter_sweeps/pDim68_E.R1/pDim68_E.R1_change_plot.pdf, results/parameter_sweeps/pDim68_E.R1/pDim68_E.R1_inv_change_plot.pdf
    jobid: 16
    reason: Input files updated by another job: results/parameter_sweeps/pDim68_E.R1/pDim68_E.R1_plot.csv
    wildcards: psweep=pDim68_E.R1
    resources: tmpdir=/var/folders/dw/d0fxdqy942jc3trrhg2gvbnm0000gn/T

[Mon Feb  9 12:05:33 2026]
Finished jobid: 16 (Rule: plot_psweep)
4 of 5 steps (80%) done
Select jobs to execute...
Execute 1 jobs...
[Mon Feb  9 12:05:33 2026]
localrule all:
    input: results/case_study_sims/E.R1/E.R1_density_plot.pdf, results/case_study_sims/E.R1/E.R1_frequency_plot.pdf, results/parameter_sweeps/pHFC_S.pB10/pHFC_S.pB10_change_plot.pdf, results/parameter_sweeps/pLFC_S.pB10/pLFC_S.pB10_change_plot.pdf, results/parameter_sweeps/pDim90_E.R1/pDim90_E.R1_change_plot.pdf, results/parameter_sweeps/pDim68_E.R1/pDim68_E.R1_change_plot.pdf, results/parameter_sweeps/pDim90_E.RP4/pDim90_E.RP4_change_plot.pdf, results/parameter_sweeps/pDim68_E.RP4/pDim68_E.RP4_change_plot.pdf, results/parameter_sweeps/pHFC_S.pB10/pHFC_S.pB10_inv_change_plot.pdf, results/parameter_sweeps/pLFC_S.pB10/pLFC_S.pB10_inv_change_plot.pdf, results/parameter_sweeps/pDim90_E.R1/pDim90_E.R1_inv_change_plot.pdf, results/parameter_sweeps/pDim68_E.R1/pDim68_E.R1_inv_change_plot.pdf, results/parameter_sweeps/pDim90_E.RP4/pDim90_E.RP4_inv_change_plot.pdf, results/parameter_sweeps/pDim68_E.RP4/pDim68_E.RP4_inv_change_plot.pdf
    jobid: 0
    reason: Input files updated by another job: results/parameter_sweeps/pDim68_E.R1/pDim68_E.R1_change_plot.pdf, results/parameter_sweeps/pDim68_E.R1/pDim68_E.R1_inv_change_plot.pdf
    resources: tmpdir=/var/folders/dw/d0fxdqy942jc3trrhg2gvbnm0000gn/T

[Mon Feb  9 12:05:33 2026]
Finished jobid: 0 (Rule: all)
5 of 5 steps (100%) done
Complete log(s): /Users/liz/Documents/UW_Bio_PhD/Kerr_Lab/Plasmid_evolution/PETRI/.snakemake/log/2026-02-09T120453.170932.snakemake.log
