Assuming unrestricted shared filesystem usage.
None
host: Lizs-MacBook-Air-9.local
Building DAG of jobs...
Using shell: /bin/bash
Provided cores: 7
Rules claiming more threads will be scaled down.
Job stats:
job                   count
------------------  -------
all                       1
plot_psweep               1
plot_psweep_strain        1
process_psweep            1
psweep_parameter          1
psweep_sims               1
total                     6

Select jobs to execute...
Execute 1 jobs...
[Wed Feb 18 21:30:29 2026]
localrule psweep_parameter:
    input: src/generate_parameter_sets.R, input_data/parameter_sweeps/pLFC_S.pB10_psweep_settings.csv
    output: results/parameter_sweeps/pLFC_S.pB10/pLFC_S.pB10_params.csv, results/parameter_sweeps/pLFC_S.pB10/pLFC_S.pB10_settings.rds
    jobid: 17
    reason: Updated input files: input_data/parameter_sweeps/pLFC_S.pB10_psweep_settings.csv
    wildcards: psweep=pLFC_S.pB10
    resources: tmpdir=/var/folders/dw/d0fxdqy942jc3trrhg2gvbnm0000gn/T

[Wed Feb 18 21:30:34 2026]
Finished jobid: 17 (Rule: psweep_parameter)
1 of 6 steps (17%) done
Select jobs to execute...
Execute 1 jobs...
[Wed Feb 18 21:30:34 2026]
localrule psweep_sims:
    input: src/simrun_psweep.R, results/parameter_sweeps/pLFC_S.pB10/pLFC_S.pB10_params.csv, results/parameter_sweeps/pLFC_S.pB10/pLFC_S.pB10_settings.rds
    output: results/parameter_sweeps/pLFC_S.pB10/pLFC_S.pB10_out.csv
    jobid: 16
    reason: Input files updated by another job: results/parameter_sweeps/pLFC_S.pB10/pLFC_S.pB10_settings.rds, results/parameter_sweeps/pLFC_S.pB10/pLFC_S.pB10_params.csv
    wildcards: psweep=pLFC_S.pB10
    threads: 6
    resources: tmpdir=/var/folders/dw/d0fxdqy942jc3trrhg2gvbnm0000gn/T

[Wed Feb 18 23:00:04 2026]
Finished jobid: 16 (Rule: psweep_sims)
2 of 6 steps (33%) done
Select jobs to execute...
Execute 1 jobs...
[Wed Feb 18 23:00:04 2026]
localrule process_psweep:
    input: src/process_psweep.R, results/parameter_sweeps/pLFC_S.pB10/pLFC_S.pB10_out.csv, results/parameter_sweeps/pLFC_S.pB10/pLFC_S.pB10_settings.rds
    output: results/parameter_sweeps/pLFC_S.pB10/pLFC_S.pB10_plot.csv
    jobid: 15
    reason: Input files updated by another job: results/parameter_sweeps/pLFC_S.pB10/pLFC_S.pB10_out.csv, results/parameter_sweeps/pLFC_S.pB10/pLFC_S.pB10_settings.rds
    wildcards: psweep=pLFC_S.pB10
    resources: tmpdir=/var/folders/dw/d0fxdqy942jc3trrhg2gvbnm0000gn/T

[Wed Feb 18 23:00:09 2026]
Finished jobid: 15 (Rule: process_psweep)
3 of 6 steps (50%) done
Select jobs to execute...
Execute 1 jobs...
[Wed Feb 18 23:00:09 2026]
localrule plot_psweep:
    input: src/plot_psweep.R, results/parameter_sweeps/pLFC_S.pB10/pLFC_S.pB10_plot.csv
    output: results/parameter_sweeps/pLFC_S.pB10/pLFC_S.pB10_change_plot.pdf, results/parameter_sweeps/pLFC_S.pB10/pLFC_S.pB10_inv_change_plot.pdf, results/parameter_sweeps/pLFC_S.pB10/pLFC_S.pB10_inv_change_plot.rds
    jobid: 14
    reason: Input files updated by another job: results/parameter_sweeps/pLFC_S.pB10/pLFC_S.pB10_plot.csv
    wildcards: psweep=pLFC_S.pB10
    resources: tmpdir=/var/folders/dw/d0fxdqy942jc3trrhg2gvbnm0000gn/T

[Wed Feb 18 23:00:14 2026]
Finished jobid: 14 (Rule: plot_psweep)
4 of 6 steps (67%) done
Select jobs to execute...
Execute 1 jobs...
[Wed Feb 18 23:00:14 2026]
localrule plot_psweep_strain:
    input: input_data/strain_phenotypes.csv, src/plot_psweep_strain.R, results/parameter_sweeps/pLFC_S.pB10/pLFC_S.pB10_inv_change_plot.rds
    output: results/parameter_sweeps/pLFC_S.pB10/pLFC_S.pB10_inv_change_strain_plot.pdf
    jobid: 43
    reason: Input files updated by another job: results/parameter_sweeps/pLFC_S.pB10/pLFC_S.pB10_inv_change_plot.rds
    wildcards: psweep=pLFC_S.pB10
    resources: tmpdir=/var/folders/dw/d0fxdqy942jc3trrhg2gvbnm0000gn/T

[Wed Feb 18 23:00:18 2026]
Finished jobid: 43 (Rule: plot_psweep_strain)
5 of 6 steps (83%) done
Select jobs to execute...
Execute 1 jobs...
[Wed Feb 18 23:00:18 2026]
localrule all:
    input: results/case_study_sims/DG_pB10/DG_pB10_density_plot.pdf, results/case_study_sims/HFC_pB10/HFC_pB10_density_plot.pdf, results/case_study_sims/LFC_pB10-A/LFC_pB10-A_density_plot.pdf, results/case_study_sims/DG_pB10/DG_pB10_frequency_plot.pdf, results/case_study_sims/HFC_pB10/HFC_pB10_frequency_plot.pdf, results/case_study_sims/LFC_pB10-A/LFC_pB10-A_frequency_plot.pdf, results/parameter_sweeps/pHFC_S.pB10/pHFC_S.pB10_change_plot.pdf, results/parameter_sweeps/pLFC_S.pB10/pLFC_S.pB10_change_plot.pdf, results/parameter_sweeps/pDim90_E.R1/pDim90_E.R1_change_plot.pdf, results/parameter_sweeps/pDim90_E.RP4/pDim90_E.RP4_change_plot.pdf, results/parameter_sweeps/pHFCi_S.pB10/pHFCi_S.pB10_change_plot.pdf, results/parameter_sweeps/pLFCi_S.pB10/pLFCi_S.pB10_change_plot.pdf, results/parameter_sweeps/pHFC_S.pB10-A/pHFC_S.pB10-A_change_plot.pdf, results/parameter_sweeps/pLFC_S.pB10-A/pLFC_S.pB10-A_change_plot.pdf, results/parameter_sweeps/pHFC_S.pB10/pHFC_S.pB10_inv_change_plot.pdf, results/parameter_sweeps/pLFC_S.pB10/pLFC_S.pB10_inv_change_plot.pdf, results/parameter_sweeps/pDim90_E.R1/pDim90_E.R1_inv_change_plot.pdf, results/parameter_sweeps/pDim90_E.RP4/pDim90_E.RP4_inv_change_plot.pdf, results/parameter_sweeps/pHFCi_S.pB10/pHFCi_S.pB10_inv_change_plot.pdf, results/parameter_sweeps/pLFCi_S.pB10/pLFCi_S.pB10_inv_change_plot.pdf, results/parameter_sweeps/pHFC_S.pB10-A/pHFC_S.pB10-A_inv_change_plot.pdf, results/parameter_sweeps/pLFC_S.pB10-A/pLFC_S.pB10-A_inv_change_plot.pdf, results/parameter_sweeps/pHFC_S.pB10/pHFC_S.pB10_inv_change_strain_plot.pdf, results/parameter_sweeps/pLFC_S.pB10/pLFC_S.pB10_inv_change_strain_plot.pdf, results/parameter_sweeps/pDim90_E.R1/pDim90_E.R1_inv_change_strain_plot.pdf, results/parameter_sweeps/pDim90_E.RP4/pDim90_E.RP4_inv_change_strain_plot.pdf, results/parameter_sweeps/pHFCi_S.pB10/pHFCi_S.pB10_inv_change_strain_plot.pdf, results/parameter_sweeps/pLFCi_S.pB10/pLFCi_S.pB10_inv_change_strain_plot.pdf, results/parameter_sweeps/pHFC_S.pB10-A/pHFC_S.pB10-A_inv_change_strain_plot.pdf, results/parameter_sweeps/pLFC_S.pB10-A/pLFC_S.pB10-A_inv_change_strain_plot.pdf
    jobid: 0
    reason: Input files updated by another job: results/parameter_sweeps/pLFC_S.pB10/pLFC_S.pB10_change_plot.pdf, results/parameter_sweeps/pLFC_S.pB10/pLFC_S.pB10_inv_change_strain_plot.pdf, results/parameter_sweeps/pLFC_S.pB10/pLFC_S.pB10_inv_change_plot.pdf
    resources: tmpdir=/var/folders/dw/d0fxdqy942jc3trrhg2gvbnm0000gn/T

[Wed Feb 18 23:00:18 2026]
Finished jobid: 0 (Rule: all)
6 of 6 steps (100%) done
Complete log(s): /Users/liz/Documents/UW_Bio_PhD/Kerr_Lab/Plasmid_evolution/PETRI/.snakemake/log/2026-02-18T213029.102485.snakemake.log
