Assuming unrestricted shared filesystem usage.
None
host: Lizs-MacBook-Air-9.local
Building DAG of jobs...
Using shell: /bin/bash
Provided cores: 7
Rules claiming more threads will be scaled down.
Job stats:
job                   count
------------------  -------
all                       1
plot_psweep_strain        1
total                     2

Select jobs to execute...
Execute 1 jobs...
[Wed Feb 11 21:54:15 2026]
localrule plot_psweep_strain:
    input: input_data/strain_phenotypes.csv, src/plot_psweep_strain.R, results/parameter_sweeps/pDim90_E.R1/pDim90_E.R1_inv_change_plot.rds
    output: results/parameter_sweeps/pDim90_E.R1/pDim90_E.R1_inv_change_strain_plot.pdf
    jobid: 8
    reason: Missing output files: results/parameter_sweeps/pDim90_E.R1/pDim90_E.R1_inv_change_strain_plot.pdf
    wildcards: psweep=pDim90_E.R1
    resources: tmpdir=/var/folders/dw/d0fxdqy942jc3trrhg2gvbnm0000gn/T

[Wed Feb 11 21:54:19 2026]
Finished jobid: 8 (Rule: plot_psweep_strain)
1 of 2 steps (50%) done
Select jobs to execute...
Execute 1 jobs...
[Wed Feb 11 21:54:19 2026]
localrule all:
    input: results/case_study_sims/E.R1/E.R1_density_plot.pdf, results/case_study_sims/E.R1/E.R1_frequency_plot.pdf, results/parameter_sweeps/pDim90_E.R1/pDim90_E.R1_change_plot.pdf, results/parameter_sweeps/pDim90_E.R1/pDim90_E.R1_inv_change_plot.pdf, results/parameter_sweeps/pDim90_E.R1/pDim90_E.R1_inv_change_strain_plot.pdf
    jobid: 0
    reason: Input files updated by another job: results/parameter_sweeps/pDim90_E.R1/pDim90_E.R1_inv_change_strain_plot.pdf
    resources: tmpdir=/var/folders/dw/d0fxdqy942jc3trrhg2gvbnm0000gn/T

[Wed Feb 11 21:54:19 2026]
Finished jobid: 0 (Rule: all)
2 of 2 steps (100%) done
Complete log(s): /Users/liz/Documents/UW_Bio_PhD/Kerr_Lab/Plasmid_evolution/PETRI/.snakemake/log/2026-02-11T215414.642843.snakemake.log
