Assuming unrestricted shared filesystem usage.
None
host: Lizs-MacBook-Air-9.local
Building DAG of jobs...
Using shell: /bin/bash
Provided cores: 5
Rules claiming more threads will be scaled down.
Job stats:
job            count
-----------  -------
all                1
plot_psweep        3
total              4

Select jobs to execute...
Execute 3 jobs...
[Mon Feb  2 11:13:44 2026]
localrule plot_psweep:
    input: src/plot_psweep.R, results/parameter_sweeps/pLFC.l_DimR1finO/pLFC.l_DimR1finO_plot.csv
    output: results/parameter_sweeps/pLFC.l_DimR1finO/pLFC.l_DimR1finO_change_plot.pdf, results/parameter_sweeps/pLFC.l_DimR1finO/pLFC.l_DimR1finO_inv_plot.pdf, results/parameter_sweeps/pLFC.l_DimR1finO/pLFC.l_DimR1finO_inv_time_plot.pdf
    jobid: 11
    reason: Missing output files: results/parameter_sweeps/pLFC.l_DimR1finO/pLFC.l_DimR1finO_inv_time_plot.pdf, results/parameter_sweeps/pLFC.l_DimR1finO/pLFC.l_DimR1finO_inv_plot.pdf, results/parameter_sweeps/pLFC.l_DimR1finO/pLFC.l_DimR1finO_change_plot.pdf
    wildcards: psweep=pLFC.l_DimR1finO
    resources: tmpdir=/var/folders/dw/d0fxdqy942jc3trrhg2gvbnm0000gn/T

[Mon Feb  2 11:13:44 2026]
localrule plot_psweep:
    input: src/plot_psweep.R, results/parameter_sweeps/pLFC.l_DimR1/pLFC.l_DimR1_plot.csv
    output: results/parameter_sweeps/pLFC.l_DimR1/pLFC.l_DimR1_change_plot.pdf, results/parameter_sweeps/pLFC.l_DimR1/pLFC.l_DimR1_inv_plot.pdf, results/parameter_sweeps/pLFC.l_DimR1/pLFC.l_DimR1_inv_time_plot.pdf
    jobid: 14
    reason: Missing output files: results/parameter_sweeps/pLFC.l_DimR1/pLFC.l_DimR1_inv_plot.pdf, results/parameter_sweeps/pLFC.l_DimR1/pLFC.l_DimR1_change_plot.pdf, results/parameter_sweeps/pLFC.l_DimR1/pLFC.l_DimR1_inv_time_plot.pdf
    wildcards: psweep=pLFC.l_DimR1
    resources: tmpdir=/var/folders/dw/d0fxdqy942jc3trrhg2gvbnm0000gn/T

[Mon Feb  2 11:13:44 2026]
localrule plot_psweep:
    input: src/plot_psweep.R, results/parameter_sweeps/pLFC.l_test/pLFC.l_test_plot.csv
    output: results/parameter_sweeps/pLFC.l_test/pLFC.l_test_change_plot.pdf, results/parameter_sweeps/pLFC.l_test/pLFC.l_test_inv_plot.pdf, results/parameter_sweeps/pLFC.l_test/pLFC.l_test_inv_time_plot.pdf
    jobid: 17
    reason: Missing output files: results/parameter_sweeps/pLFC.l_test/pLFC.l_test_inv_time_plot.pdf, results/parameter_sweeps/pLFC.l_test/pLFC.l_test_inv_plot.pdf, results/parameter_sweeps/pLFC.l_test/pLFC.l_test_change_plot.pdf
    wildcards: psweep=pLFC.l_test
    resources: tmpdir=/var/folders/dw/d0fxdqy942jc3trrhg2gvbnm0000gn/T

[Mon Feb  2 11:13:50 2026]
Finished jobid: 14 (Rule: plot_psweep)
1 of 4 steps (25%) done
[Mon Feb  2 11:13:50 2026]
Finished jobid: 11 (Rule: plot_psweep)
2 of 4 steps (50%) done
[Mon Feb  2 11:13:50 2026]
Finished jobid: 17 (Rule: plot_psweep)
3 of 4 steps (75%) done
Select jobs to execute...
Execute 1 jobs...
[Mon Feb  2 11:13:50 2026]
localrule all:
    input: results/case_study_sims/A.2_full/A.2_full_density_plot.pdf, results/case_study_sims/C.2_full/C.2_full_density_plot.pdf, results/case_study_sims/A.2_full/A.2_full_frequency_plot.pdf, results/case_study_sims/C.2_full/C.2_full_frequency_plot.pdf, results/parameter_sets/test_sweep_param.csv, results/parameter_sets/testmut_sweep_param.csv, results/parameter_sets/DimR1_sweep_param.csv, results/parameter_sets/DimR1finO_sweep_param.csv, results/parameter_sweeps/pLFC.l_DimR1finO/pLFC.l_DimR1finO_change_plot.pdf, results/parameter_sweeps/pLFC.l_DimR1/pLFC.l_DimR1_change_plot.pdf, results/parameter_sweeps/pLFC.l_test/pLFC.l_test_change_plot.pdf, results/parameter_sweeps/pLFC.l_DimR1finO/pLFC.l_DimR1finO_inv_plot.pdf, results/parameter_sweeps/pLFC.l_DimR1/pLFC.l_DimR1_inv_plot.pdf, results/parameter_sweeps/pLFC.l_test/pLFC.l_test_inv_plot.pdf, results/parameter_sweeps/pLFC.l_DimR1finO/pLFC.l_DimR1finO_inv_time_plot.pdf, results/parameter_sweeps/pLFC.l_DimR1/pLFC.l_DimR1_inv_time_plot.pdf, results/parameter_sweeps/pLFC.l_test/pLFC.l_test_inv_time_plot.pdf
    jobid: 0
    reason: Input files updated by another job: results/parameter_sweeps/pLFC.l_test/pLFC.l_test_inv_time_plot.pdf, results/parameter_sweeps/pLFC.l_DimR1/pLFC.l_DimR1_inv_time_plot.pdf, results/parameter_sweeps/pLFC.l_test/pLFC.l_test_inv_plot.pdf, results/parameter_sweeps/pLFC.l_DimR1finO/pLFC.l_DimR1finO_change_plot.pdf, results/parameter_sweeps/pLFC.l_DimR1finO/pLFC.l_DimR1finO_inv_time_plot.pdf, results/parameter_sweeps/pLFC.l_DimR1/pLFC.l_DimR1_inv_plot.pdf, results/parameter_sweeps/pLFC.l_DimR1/pLFC.l_DimR1_change_plot.pdf, results/parameter_sweeps/pLFC.l_DimR1finO/pLFC.l_DimR1finO_inv_plot.pdf, results/parameter_sweeps/pLFC.l_test/pLFC.l_test_change_plot.pdf
    resources: tmpdir=/var/folders/dw/d0fxdqy942jc3trrhg2gvbnm0000gn/T

[Mon Feb  2 11:13:50 2026]
Finished jobid: 0 (Rule: all)
4 of 4 steps (100%) done
Complete log(s): /Users/liz/Documents/UW_Bio_PhD/Kerr_Lab/Plasmid_evolution/PETRI/.snakemake/log/2026-02-02T111344.133516.snakemake.log
