Assuming unrestricted shared filesystem usage.
None
host: Lizs-MacBook-Air-9.local
Building DAG of jobs...
Using shell: /bin/bash
Provided cores: 7
Rules claiming more threads will be scaled down.
Job stats:
job                   count
------------------  -------
all                       1
plot_psweep               1
plot_psweep_strain        1
process_psweep            1
psweep_parameter          1
psweep_sims               1
total                     6

Select jobs to execute...
Execute 1 jobs...
[Wed Feb 18 17:35:23 2026]
localrule psweep_parameter:
    input: src/generate_parameter_sets.R, input_data/parameter_sweeps/pHFC_S.pB10-A_psweep_settings.csv
    output: results/parameter_sweeps/pHFC_S.pB10-A/pHFC_S.pB10-A_params.csv, results/parameter_sweeps/pHFC_S.pB10-A/pHFC_S.pB10-A_settings.rds
    jobid: 37
    reason: Updated input files: input_data/parameter_sweeps/pHFC_S.pB10-A_psweep_settings.csv
    wildcards: psweep=pHFC_S.pB10-A
    resources: tmpdir=/var/folders/dw/d0fxdqy942jc3trrhg2gvbnm0000gn/T

[Wed Feb 18 17:35:27 2026]
Finished jobid: 37 (Rule: psweep_parameter)
1 of 6 steps (17%) done
Select jobs to execute...
Execute 1 jobs...
[Wed Feb 18 17:35:27 2026]
localrule psweep_sims:
    input: src/simrun_psweep.R, results/parameter_sweeps/pHFC_S.pB10-A/pHFC_S.pB10-A_params.csv, results/parameter_sweeps/pHFC_S.pB10-A/pHFC_S.pB10-A_settings.rds
    output: results/parameter_sweeps/pHFC_S.pB10-A/pHFC_S.pB10-A_out.csv
    jobid: 36
    reason: Input files updated by another job: results/parameter_sweeps/pHFC_S.pB10-A/pHFC_S.pB10-A_params.csv, results/parameter_sweeps/pHFC_S.pB10-A/pHFC_S.pB10-A_settings.rds
    wildcards: psweep=pHFC_S.pB10-A
    threads: 6
    resources: tmpdir=/var/folders/dw/d0fxdqy942jc3trrhg2gvbnm0000gn/T

[Wed Feb 18 17:52:04 2026]
Finished jobid: 36 (Rule: psweep_sims)
2 of 6 steps (33%) done
Select jobs to execute...
Execute 1 jobs...
[Wed Feb 18 17:52:04 2026]
localrule process_psweep:
    input: src/process_psweep.R, results/parameter_sweeps/pHFC_S.pB10-A/pHFC_S.pB10-A_out.csv, results/parameter_sweeps/pHFC_S.pB10-A/pHFC_S.pB10-A_settings.rds
    output: results/parameter_sweeps/pHFC_S.pB10-A/pHFC_S.pB10-A_plot.csv
    jobid: 35
    reason: Input files updated by another job: results/parameter_sweeps/pHFC_S.pB10-A/pHFC_S.pB10-A_out.csv, results/parameter_sweeps/pHFC_S.pB10-A/pHFC_S.pB10-A_settings.rds
    wildcards: psweep=pHFC_S.pB10-A
    resources: tmpdir=/var/folders/dw/d0fxdqy942jc3trrhg2gvbnm0000gn/T

[Wed Feb 18 17:52:08 2026]
Finished jobid: 35 (Rule: process_psweep)
3 of 6 steps (50%) done
Select jobs to execute...
Execute 1 jobs...
[Wed Feb 18 17:52:08 2026]
localrule plot_psweep:
    input: src/plot_psweep.R, results/parameter_sweeps/pHFC_S.pB10-A/pHFC_S.pB10-A_plot.csv
    output: results/parameter_sweeps/pHFC_S.pB10-A/pHFC_S.pB10-A_change_plot.pdf, results/parameter_sweeps/pHFC_S.pB10-A/pHFC_S.pB10-A_inv_change_plot.pdf, results/parameter_sweeps/pHFC_S.pB10-A/pHFC_S.pB10-A_inv_change_plot.rds
    jobid: 34
    reason: Input files updated by another job: results/parameter_sweeps/pHFC_S.pB10-A/pHFC_S.pB10-A_plot.csv
    wildcards: psweep=pHFC_S.pB10-A
    resources: tmpdir=/var/folders/dw/d0fxdqy942jc3trrhg2gvbnm0000gn/T

[Wed Feb 18 17:52:13 2026]
Finished jobid: 34 (Rule: plot_psweep)
4 of 6 steps (67%) done
Select jobs to execute...
Execute 1 jobs...
[Wed Feb 18 17:52:13 2026]
localrule plot_psweep_strain:
    input: input_data/strain_phenotypes.csv, src/plot_psweep_strain.R, results/parameter_sweeps/pHFC_S.pB10-A/pHFC_S.pB10-A_inv_change_plot.rds
    output: results/parameter_sweeps/pHFC_S.pB10-A/pHFC_S.pB10-A_inv_change_strain_plot.pdf
    jobid: 48
    reason: Input files updated by another job: results/parameter_sweeps/pHFC_S.pB10-A/pHFC_S.pB10-A_inv_change_plot.rds
    wildcards: psweep=pHFC_S.pB10-A
    resources: tmpdir=/var/folders/dw/d0fxdqy942jc3trrhg2gvbnm0000gn/T

RuleException:
CalledProcessError in file "/Users/liz/Documents/UW_Bio_PhD/Kerr_Lab/Plasmid_evolution/PETRI/Snakefile", line 176:
Command 'set -euo pipefail;  
    Rscript src/plot_psweep_strain.R       --psweepsetting pHFC_S.pB10-A' returned non-zero exit status 1.
[Wed Feb 18 17:52:17 2026]
Error in rule plot_psweep_strain:
    message: None
    jobid: 48
    input: input_data/strain_phenotypes.csv, src/plot_psweep_strain.R, results/parameter_sweeps/pHFC_S.pB10-A/pHFC_S.pB10-A_inv_change_plot.rds
    output: results/parameter_sweeps/pHFC_S.pB10-A/pHFC_S.pB10-A_inv_change_strain_plot.pdf
    shell:
        
    Rscript src/plot_psweep_strain.R       --psweepsetting pHFC_S.pB10-A
    
        (command exited with non-zero exit code)
Shutting down, this might take some time.
Exiting because a job execution failed. Look below for error messages
[Wed Feb 18 17:52:17 2026]
Error in rule plot_psweep_strain:
    message: None
    jobid: 48
    input: input_data/strain_phenotypes.csv, src/plot_psweep_strain.R, results/parameter_sweeps/pHFC_S.pB10-A/pHFC_S.pB10-A_inv_change_plot.rds
    output: results/parameter_sweeps/pHFC_S.pB10-A/pHFC_S.pB10-A_inv_change_strain_plot.pdf
    shell:
        
    Rscript src/plot_psweep_strain.R       --psweepsetting pHFC_S.pB10-A
    
        (command exited with non-zero exit code)
Complete log(s): /Users/liz/Documents/UW_Bio_PhD/Kerr_Lab/Plasmid_evolution/PETRI/.snakemake/log/2026-02-18T173522.922032.snakemake.log
WorkflowError:
At least one job did not complete successfully.
