Assuming unrestricted shared filesystem usage.
None
host: Lizs-MacBook-Air-9.local
Building DAG of jobs...
Using shell: /bin/bash
Provided cores: 7
Rules claiming more threads will be scaled down.
Job stats:
job                   count
------------------  -------
all                       1
plot_psweep               1
plot_psweep_strain        1
process_psweep            1
psweep_parameter          1
psweep_sims               1
total                     6

Select jobs to execute...
Execute 1 jobs...
[Tue Feb 24 10:09:13 2026]
localrule psweep_parameter:
    input: src/generate_parameter_sets.R, input_data/parameter_sweeps/pHFC5_S.pB10_psweep_settings.csv
    output: results/parameter_sweeps/pHFC5_S.pB10/pHFC5_S.pB10_params.csv, results/parameter_sweeps/pHFC5_S.pB10/pHFC5_S.pB10_settings.rds
    jobid: 13
    reason: Missing output files: results/parameter_sweeps/pHFC5_S.pB10/pHFC5_S.pB10_settings.rds, results/parameter_sweeps/pHFC5_S.pB10/pHFC5_S.pB10_params.csv
    wildcards: psweep=pHFC5_S.pB10
    resources: tmpdir=/var/folders/dw/d0fxdqy942jc3trrhg2gvbnm0000gn/T

[Tue Feb 24 10:09:17 2026]
Finished jobid: 13 (Rule: psweep_parameter)
1 of 6 steps (17%) done
Select jobs to execute...
Execute 1 jobs...
[Tue Feb 24 10:09:17 2026]
localrule psweep_sims:
    input: src/simrun_psweep.R, results/parameter_sweeps/pHFC5_S.pB10/pHFC5_S.pB10_params.csv, results/parameter_sweeps/pHFC5_S.pB10/pHFC5_S.pB10_settings.rds
    output: results/parameter_sweeps/pHFC5_S.pB10/pHFC5_S.pB10_out.csv
    jobid: 12
    reason: Missing output files: results/parameter_sweeps/pHFC5_S.pB10/pHFC5_S.pB10_out.csv; Input files updated by another job: results/parameter_sweeps/pHFC5_S.pB10/pHFC5_S.pB10_settings.rds, results/parameter_sweeps/pHFC5_S.pB10/pHFC5_S.pB10_params.csv
    wildcards: psweep=pHFC5_S.pB10
    threads: 6
    resources: tmpdir=/var/folders/dw/d0fxdqy942jc3trrhg2gvbnm0000gn/T

RuleException:
CalledProcessError in file "/Users/liz/Documents/UW_Bio_PhD/Kerr_Lab/Plasmid_evolution/PETRI/Snakefile", line 129:
Command 'set -euo pipefail;  
    Rscript src/simrun_psweep.R       --psweepsetting pHFC5_S.pB10       --threads 6' returned non-zero exit status 1.
[Tue Feb 24 10:09:18 2026]
Error in rule psweep_sims:
    message: None
    jobid: 12
    input: src/simrun_psweep.R, results/parameter_sweeps/pHFC5_S.pB10/pHFC5_S.pB10_params.csv, results/parameter_sweeps/pHFC5_S.pB10/pHFC5_S.pB10_settings.rds
    output: results/parameter_sweeps/pHFC5_S.pB10/pHFC5_S.pB10_out.csv
    shell:
        
    Rscript src/simrun_psweep.R       --psweepsetting pHFC5_S.pB10       --threads 6
    
        (command exited with non-zero exit code)
Shutting down, this might take some time.
Exiting because a job execution failed. Look below for error messages
[Tue Feb 24 10:09:18 2026]
Error in rule psweep_sims:
    message: None
    jobid: 12
    input: src/simrun_psweep.R, results/parameter_sweeps/pHFC5_S.pB10/pHFC5_S.pB10_params.csv, results/parameter_sweeps/pHFC5_S.pB10/pHFC5_S.pB10_settings.rds
    output: results/parameter_sweeps/pHFC5_S.pB10/pHFC5_S.pB10_out.csv
    shell:
        
    Rscript src/simrun_psweep.R       --psweepsetting pHFC5_S.pB10       --threads 6
    
        (command exited with non-zero exit code)
Complete log(s): /Users/liz/Documents/UW_Bio_PhD/Kerr_Lab/Plasmid_evolution/PETRI/.snakemake/log/2026-02-24T100912.662169.snakemake.log
WorkflowError:
At least one job did not complete successfully.
