Assuming unrestricted shared filesystem usage.
None
host: Lizs-MacBook-Air-9.local
Building DAG of jobs...
Using shell: /bin/bash
Provided cores: 3
Rules claiming more threads will be scaled down.
Conda environments: ignored
Job stats:
job                        count
-----------------------  -------
all                            1
case_study_sims                1
plot_case_study_sims           1
process_case_study_sims        1
total                          4

Select jobs to execute...
Execute 1 jobs...
[Sat May  9 11:02:50 2026]
localrule case_study_sims:
    input: src/simrun_case_study.R, input_data/case_study_sims/HFC_S.pB10_full_inv_settings.csv
    output: results/case_study_sims/HFC_S.pB10_full/HFC_S.pB10_full_data.csv, results/case_study_sims/HFC_S.pB10_full/HFC_S.pB10_full_data_long.csv, results/case_study_sims/HFC_S.pB10_full/HFC_S.pB10_full_sim_plot.pdf
    jobid: 12
    reason: Missing output files: results/case_study_sims/HFC_S.pB10_full/HFC_S.pB10_full_data_long.csv, results/case_study_sims/HFC_S.pB10_full/HFC_S.pB10_full_data.csv
    wildcards: treatment=HFC_S.pB10_full
    resources: tmpdir=/var/folders/dw/d0fxdqy942jc3trrhg2gvbnm0000gn/T

RuleException:
CalledProcessError in file "/Users/liz/Documents/UW_Bio_PhD/Kerr_Lab/Plasmid_evolution/PETRI/Snakefile", line 84:
Command 'set -euo pipefail;  
    Rscript src/simrun_case_study.R       --treatment HFC_S.pB10_full       --colors '{"p_Anc": "#8A407A", "p_Mut": "#8394F6", "p_F": "gray40", "p_growth": "#e7e9fd", "p_conj": "#d8aace", "p_tselect": "#c4bbeb", "p_imm": "#d0ffeb", "p_hc": "#e7e9fd", "p_syn": "#A69AE0", "p_par": "#d8aace"}'' returned non-zero exit status 1.
[Sat May  9 11:02:53 2026]
Error in rule case_study_sims:
    message: None
    jobid: 12
    input: src/simrun_case_study.R, input_data/case_study_sims/HFC_S.pB10_full_inv_settings.csv
    output: results/case_study_sims/HFC_S.pB10_full/HFC_S.pB10_full_data.csv, results/case_study_sims/HFC_S.pB10_full/HFC_S.pB10_full_data_long.csv, results/case_study_sims/HFC_S.pB10_full/HFC_S.pB10_full_sim_plot.pdf
    shell:
        
    Rscript src/simrun_case_study.R       --treatment HFC_S.pB10_full       --colors '{"p_Anc": "#8A407A", "p_Mut": "#8394F6", "p_F": "gray40", "p_growth": "#e7e9fd", "p_conj": "#d8aace", "p_tselect": "#c4bbeb", "p_imm": "#d0ffeb", "p_hc": "#e7e9fd", "p_syn": "#A69AE0", "p_par": "#d8aace"}'
    
        (command exited with non-zero exit code)
Shutting down, this might take some time.
Exiting because a job execution failed. Look below for error messages
[Sat May  9 11:02:53 2026]
Error in rule case_study_sims:
    message: None
    jobid: 12
    input: src/simrun_case_study.R, input_data/case_study_sims/HFC_S.pB10_full_inv_settings.csv
    output: results/case_study_sims/HFC_S.pB10_full/HFC_S.pB10_full_data.csv, results/case_study_sims/HFC_S.pB10_full/HFC_S.pB10_full_data_long.csv, results/case_study_sims/HFC_S.pB10_full/HFC_S.pB10_full_sim_plot.pdf
    shell:
        
    Rscript src/simrun_case_study.R       --treatment HFC_S.pB10_full       --colors '{"p_Anc": "#8A407A", "p_Mut": "#8394F6", "p_F": "gray40", "p_growth": "#e7e9fd", "p_conj": "#d8aace", "p_tselect": "#c4bbeb", "p_imm": "#d0ffeb", "p_hc": "#e7e9fd", "p_syn": "#A69AE0", "p_par": "#d8aace"}'
    
        (command exited with non-zero exit code)
Complete log(s): /Users/liz/Documents/UW_Bio_PhD/Kerr_Lab/Plasmid_evolution/PETRI/.snakemake/log/2026-05-09T110249.870672.snakemake.log
WorkflowError:
At least one job did not complete successfully.
