Assuming unrestricted shared filesystem usage.
None
host: Lizs-MacBook-Air-9.local
Building DAG of jobs...
Using shell: /bin/bash
Provided cores: 7
Rules claiming more threads will be scaled down.
Job stats:
job            count
-----------  -------
all                1
plot_psweep        3
total              4

Select jobs to execute...
Execute 3 jobs...
[Mon Feb  2 11:11:12 2026]
localrule plot_psweep:
    input: src/plot_psweep.R, results/parameter_sweeps/pLFC.l_DimR1finO/pLFC.l_DimR1finO_plot.csv
    output: results/parameter_sweeps/pLFC.l_DimR1finO/pLFC.l_DimR1finO_change_plot.pdf, results/parameter_sweeps/pLFC.l_DimR1finO/pLFC.l_DimR1finO_inv_plot.pdf, results/parameter_sweeps/pLFC.l_DimR1finO/pLFC.l_DimR1finO_inv_time_plot.pdf
    jobid: 11
    reason: Missing output files: results/parameter_sweeps/pLFC.l_DimR1finO/pLFC.l_DimR1finO_inv_time_plot.pdf; Updated input files: src/plot_psweep.R
    wildcards: psweep=pLFC.l_DimR1finO
    resources: tmpdir=/var/folders/dw/d0fxdqy942jc3trrhg2gvbnm0000gn/T

[Mon Feb  2 11:11:12 2026]
localrule plot_psweep:
    input: src/plot_psweep.R, results/parameter_sweeps/pLFC.l_DimR1/pLFC.l_DimR1_plot.csv
    output: results/parameter_sweeps/pLFC.l_DimR1/pLFC.l_DimR1_change_plot.pdf, results/parameter_sweeps/pLFC.l_DimR1/pLFC.l_DimR1_inv_plot.pdf, results/parameter_sweeps/pLFC.l_DimR1/pLFC.l_DimR1_inv_time_plot.pdf
    jobid: 14
    reason: Missing output files: results/parameter_sweeps/pLFC.l_DimR1/pLFC.l_DimR1_inv_time_plot.pdf; Updated input files: src/plot_psweep.R
    wildcards: psweep=pLFC.l_DimR1
    resources: tmpdir=/var/folders/dw/d0fxdqy942jc3trrhg2gvbnm0000gn/T

[Mon Feb  2 11:11:12 2026]
localrule plot_psweep:
    input: src/plot_psweep.R, results/parameter_sweeps/pLFC.l_test/pLFC.l_test_plot.csv
    output: results/parameter_sweeps/pLFC.l_test/pLFC.l_test_change_plot.pdf, results/parameter_sweeps/pLFC.l_test/pLFC.l_test_inv_plot.pdf, results/parameter_sweeps/pLFC.l_test/pLFC.l_test_inv_time_plot.pdf
    jobid: 17
    reason: Missing output files: results/parameter_sweeps/pLFC.l_test/pLFC.l_test_inv_time_plot.pdf; Updated input files: src/plot_psweep.R
    wildcards: psweep=pLFC.l_test
    resources: tmpdir=/var/folders/dw/d0fxdqy942jc3trrhg2gvbnm0000gn/T

Waiting at most 5 seconds for missing files:
results/parameter_sweeps/pLFC.l_DimR1/pLFC.l_DimR1_inv_time_plot.pdf (missing locally)
MissingOutputException in rule plot_psweep in file "/Users/liz/Documents/UW_Bio_PhD/Kerr_Lab/Plasmid_evolution/PETRI/Snakefile", line 150:
Job 14  completed successfully, but some output files are missing. Missing files after 5 seconds. This might be due to filesystem latency. If that is the case, consider to increase the wait time with --latency-wait:
results/parameter_sweeps/pLFC.l_DimR1/pLFC.l_DimR1_inv_time_plot.pdf (missing locally, parent dir contents: pLFC.l_DimR1_inv_plot.pdf, pLFC.l_DimR1_out.csv, pLFC.l_DimR1_iv_time_plot.pdf, pLFC.l_DimR1_change_plot.pdf, pLFC.l_DimR1_plot.csv)
Removing output files of failed job plot_psweep since they might be corrupted:
results/parameter_sweeps/pLFC.l_DimR1/pLFC.l_DimR1_change_plot.pdf, results/parameter_sweeps/pLFC.l_DimR1/pLFC.l_DimR1_inv_plot.pdf
Waiting at most 5 seconds for missing files:
results/parameter_sweeps/pLFC.l_DimR1finO/pLFC.l_DimR1finO_inv_time_plot.pdf (missing locally)
MissingOutputException in rule plot_psweep in file "/Users/liz/Documents/UW_Bio_PhD/Kerr_Lab/Plasmid_evolution/PETRI/Snakefile", line 150:
Job 11  completed successfully, but some output files are missing. Missing files after 5 seconds. This might be due to filesystem latency. If that is the case, consider to increase the wait time with --latency-wait:
results/parameter_sweeps/pLFC.l_DimR1finO/pLFC.l_DimR1finO_inv_time_plot.pdf (missing locally, parent dir contents: pLFC.l_DimR1finO_plot.csv, pLFC.l_DimR1finO_iv_time_plot.pdf, pLFC.l_DimR1finO_out.csv, pLFC.l_DimR1finO_change_plot.pdf, pLFC.l_DimR1finO_inv_plot.pdf)
Removing output files of failed job plot_psweep since they might be corrupted:
results/parameter_sweeps/pLFC.l_DimR1finO/pLFC.l_DimR1finO_change_plot.pdf, results/parameter_sweeps/pLFC.l_DimR1finO/pLFC.l_DimR1finO_inv_plot.pdf
Waiting at most 5 seconds for missing files:
results/parameter_sweeps/pLFC.l_test/pLFC.l_test_inv_time_plot.pdf (missing locally)
MissingOutputException in rule plot_psweep in file "/Users/liz/Documents/UW_Bio_PhD/Kerr_Lab/Plasmid_evolution/PETRI/Snakefile", line 150:
Job 17  completed successfully, but some output files are missing. Missing files after 5 seconds. This might be due to filesystem latency. If that is the case, consider to increase the wait time with --latency-wait:
results/parameter_sweeps/pLFC.l_test/pLFC.l_test_inv_time_plot.pdf (missing locally, parent dir contents: pLFC.l_test_plot.csv, pLFC.l_test_iv_time_plot.pdf, pLFC.l_test_out.csv, pLFC.l_test_change_plot.pdf, pLFC.l_test_inv_plot.pdf)
Removing output files of failed job plot_psweep since they might be corrupted:
results/parameter_sweeps/pLFC.l_test/pLFC.l_test_change_plot.pdf, results/parameter_sweeps/pLFC.l_test/pLFC.l_test_inv_plot.pdf
Shutting down, this might take some time.
Exiting because a job execution failed. Look below for error messages
[Mon Feb  2 11:11:34 2026]
Error in rule plot_psweep:
    message: None
    jobid: 11
    input: src/plot_psweep.R, results/parameter_sweeps/pLFC.l_DimR1finO/pLFC.l_DimR1finO_plot.csv
    output: results/parameter_sweeps/pLFC.l_DimR1finO/pLFC.l_DimR1finO_change_plot.pdf, results/parameter_sweeps/pLFC.l_DimR1finO/pLFC.l_DimR1finO_inv_plot.pdf, results/parameter_sweeps/pLFC.l_DimR1finO/pLFC.l_DimR1finO_inv_time_plot.pdf
    shell:
        
    Rscript src/plot_psweep.R       --psweepsetting pLFC.l_DimR1finO       --colors '{"p_Exc": "gray95", "p_Dis": "#140433", "p_lowI": "#d2c5eb", "p_highI": "#2b1457", "p_parI": "#c5cfeb", "p_lowD": "#b19cdb"}'
    
        (command exited with non-zero exit code)
[Mon Feb  2 11:11:34 2026]
Error in rule plot_psweep:
    message: None
    jobid: 14
    input: src/plot_psweep.R, results/parameter_sweeps/pLFC.l_DimR1/pLFC.l_DimR1_plot.csv
    output: results/parameter_sweeps/pLFC.l_DimR1/pLFC.l_DimR1_change_plot.pdf, results/parameter_sweeps/pLFC.l_DimR1/pLFC.l_DimR1_inv_plot.pdf, results/parameter_sweeps/pLFC.l_DimR1/pLFC.l_DimR1_inv_time_plot.pdf
    shell:
        
    Rscript src/plot_psweep.R       --psweepsetting pLFC.l_DimR1       --colors '{"p_Exc": "gray95", "p_Dis": "#140433", "p_lowI": "#d2c5eb", "p_highI": "#2b1457", "p_parI": "#c5cfeb", "p_lowD": "#b19cdb"}'
    
        (command exited with non-zero exit code)
[Mon Feb  2 11:11:34 2026]
Error in rule plot_psweep:
    message: None
    jobid: 17
    input: src/plot_psweep.R, results/parameter_sweeps/pLFC.l_test/pLFC.l_test_plot.csv
    output: results/parameter_sweeps/pLFC.l_test/pLFC.l_test_change_plot.pdf, results/parameter_sweeps/pLFC.l_test/pLFC.l_test_inv_plot.pdf, results/parameter_sweeps/pLFC.l_test/pLFC.l_test_inv_time_plot.pdf
    shell:
        
    Rscript src/plot_psweep.R       --psweepsetting pLFC.l_test       --colors '{"p_Exc": "gray95", "p_Dis": "#140433", "p_lowI": "#d2c5eb", "p_highI": "#2b1457", "p_parI": "#c5cfeb", "p_lowD": "#b19cdb"}'
    
        (command exited with non-zero exit code)
Complete log(s): /Users/liz/Documents/UW_Bio_PhD/Kerr_Lab/Plasmid_evolution/PETRI/.snakemake/log/2026-02-02T111111.036912.snakemake.log
WorkflowError:
At least one job did not complete successfully.
