Assuming unrestricted shared filesystem usage.
None
host: Lizs-MacBook-Air-9.local
Building DAG of jobs...
Using shell: /bin/bash
Provided cores: 3
Rules claiming more threads will be scaled down.
Conda environments: ignored
Job stats:
job                       count
----------------------  -------
all                           1
fig3b                         1
fig5                          1
plot_phenotyping              1
process_growth_OD             1
process_growth_plating        1
process_phenotyping           1
total                         7

Select jobs to execute...
Execute 2 jobs...
[Tue May 26 14:40:54 2026]
localrule process_growth_OD:
    input: src/process_growth_OD.R, input_data/experimental_data/2026-04-16_OD_growth_curve.xlsx
    output: results/phenotyping/growth_rate/OD/growthratemax_av.csv, results/phenotyping/growth_rate/OD/growthcurve_allrep.pdf, results/phenotyping/growth_rate/OD/growthcurve_av.pdf, results/phenotyping/growth_rate/OD/growthcurve_av.rds, results/phenotyping/growth_rate/OD/growthrate_av.pdf, results/phenotyping/growth_rate/OD/growthrate_av.rds, results/phenotyping/growth_rate/OD/growthratemax_av.pdf, results/phenotyping/growth_rate/OD/growthratemax_av.rds
    jobid: 76
    reason: Missing output files: results/phenotyping/growth_rate/OD/growthrate_av.pdf; Code has changed since last execution
    resources: tmpdir=/var/folders/dw/d0fxdqy942jc3trrhg2gvbnm0000gn/T

[Tue May 26 14:40:54 2026]
localrule process_growth_plating:
    input: src/process_growth_plating.R, input_data/experimental_data/2026-04-02_growth_rate_plating.csv
    output: results/phenotyping/growth_rate/plating/growth_density_av.pdf, results/phenotyping/growth_rate/plating/growth_rate_av.pdf, results/phenotyping/growth_rate/plating/growthrate_tt.csv, results/phenotyping/growth_rate/plating/growthrate0-4_av.csv
    jobid: 82
    reason: Missing output files: results/phenotyping/growth_rate/plating/growthrate_tt.csv, results/phenotyping/growth_rate/plating/growthrate0-4_av.csv; Code has changed since last execution
    resources: tmpdir=/var/folders/dw/d0fxdqy942jc3trrhg2gvbnm0000gn/T

[Tue May 26 14:40:59 2026]
Finished jobid: 82 (Rule: process_growth_plating)
1 of 7 steps (14%) done
Select jobs to execute...
Execute 1 jobs...
[Tue May 26 14:40:59 2026]
localrule process_phenotyping:
    input: src/process_phenotyping.R, results/phenotyping/growth_rate/plating/growthrate0-4_av.csv, results/phenotyping/LDM_conjugation/LDM_conjugation_av.csv
    output: results/phenotyping/phenotyping_av.csv
    jobid: 81
    reason: Input files updated by another job: results/phenotyping/growth_rate/plating/growthrate0-4_av.csv
    resources: tmpdir=/var/folders/dw/d0fxdqy942jc3trrhg2gvbnm0000gn/T

[Tue May 26 14:41:00 2026]
Finished jobid: 76 (Rule: process_growth_OD)
2 of 7 steps (29%) done
[Tue May 26 14:41:00 2026]
Finished jobid: 81 (Rule: process_phenotyping)
3 of 7 steps (43%) done
Select jobs to execute...
Execute 1 jobs...
[Tue May 26 14:41:00 2026]
localrule plot_phenotyping:
    input: src/plot_phenotyping.R, results/phenotyping/phenotyping_av.csv
    output: results/phenotyping/pB10_phenotyping.pdf, results/phenotyping/pB10_phenotyping.rds, results/phenotyping/pB10_mut_inv.pdf, results/phenotyping/pB10_mut_inv.rds, results/phenotyping/pB10_anc_inv.pdf, results/phenotyping/pB10_anc_inv.rds
    jobid: 80
    reason: Input files updated by another job: results/phenotyping/phenotyping_av.csv
    resources: tmpdir=/var/folders/dw/d0fxdqy942jc3trrhg2gvbnm0000gn/T

[Tue May 26 14:41:05 2026]
Finished jobid: 80 (Rule: plot_phenotyping)
4 of 7 steps (57%) done
Select jobs to execute...
Execute 2 jobs...
[Tue May 26 14:41:05 2026]
localrule fig3b:
    input: src/fig_phenotyping_labeled.R, results/phenotyping/pB10_phenotyping.rds, results/phenotyping/phenotyping_av.csv, results/phenotyping/growth_rate/plating/growthrate_tt.csv, results/phenotyping/LDM_conjugation/LDM_conjugation_tt.csv
    output: figures/panels/fig3b_phenotyping.pdf, figures/panels/fig3b_phenotyping.rds
    jobid: 79
    reason: Input files updated by another job: results/phenotyping/pB10_phenotyping.rds, results/phenotyping/growth_rate/plating/growthrate_tt.csv, results/phenotyping/phenotyping_av.csv
    resources: tmpdir=/var/folders/dw/d0fxdqy942jc3trrhg2gvbnm0000gn/T

[Tue May 26 14:41:05 2026]
localrule fig5:
    input: src/fig_validation.R, results/case_study_sims/HFC_S.pB10/HFC_S.pB10_frequency_plot.rds, results/case_study_sims/LFC_S.pB10-A/LFC_S.pB10-A_frequency_plot.rds, results/experimental_validation/HFC/HFC_frequency_plot.rds, results/experimental_validation/LFC/LFC_frequency_plot.rds, results/phenotyping/phenotyping_av.csv, results/phenotyping/pB10_anc_inv.rds, results/phenotyping/pB10_mut_inv.rds, figures/panels/fig5d_HFC.rds, figures/panels/fig5b_LFC.rds
    output: figures/fig5_validation.pdf, figures/fig5_validation2.pdf, figures/fig5_validation3.pdf
    jobid: 85
    reason: Input files updated by another job: results/phenotyping/pB10_anc_inv.rds, results/phenotyping/phenotyping_av.csv, results/phenotyping/pB10_mut_inv.rds
    resources: tmpdir=/var/folders/dw/d0fxdqy942jc3trrhg2gvbnm0000gn/T

[Tue May 26 14:41:09 2026]
Finished jobid: 85 (Rule: fig5)
5 of 7 steps (71%) done
[Tue May 26 14:41:10 2026]
Finished jobid: 79 (Rule: fig3b)
6 of 7 steps (86%) done
Select jobs to execute...
Execute 1 jobs...
[Tue May 26 14:41:10 2026]
localrule all:
    input: results/case_study_sims/DG_S.pB10/DG_S.pB10_frequency_plot.pdf, results/case_study_sims/HFC_S.pB10/HFC_S.pB10_frequency_plot.pdf, results/case_study_sims/LFC_S.pB10-A/LFC_S.pB10-A_frequency_plot.pdf, results/case_study_sims/HFC_S.pB10_full/HFC_S.pB10_full_frequency_plot.pdf, results/case_study_sims/LFC_S.pB10-A_full/LFC_S.pB10-A_full_frequency_plot.pdf, results/parameter_sweeps/pHFC_S.pB10/pHFC_S.pB10_change_plot.pdf, results/parameter_sweeps/pLFC_S.pB10/pLFC_S.pB10_change_plot.pdf, results/parameter_sweeps/pDim90_E.R1/pDim90_E.R1_change_plot.pdf, results/parameter_sweeps/pDim90_E.RP4/pDim90_E.RP4_change_plot.pdf, results/parameter_sweeps/pHFC_S.pB10-A/pHFC_S.pB10-A_change_plot.pdf, results/parameter_sweeps/pLFC_S.pB10-A/pLFC_S.pB10-A_change_plot.pdf, results/parameter_sweeps/pHFCi_S.pB10/pHFCi_S.pB10_change_plot.pdf, results/parameter_sweeps/pLFCi_S.pB10/pLFCi_S.pB10_change_plot.pdf, results/parameter_sweeps/pHFCi2_S.pB10/pHFCi2_S.pB10_change_plot.pdf, results/parameter_sweeps/pLFCi2_S.pB10/pLFCi2_S.pB10_change_plot.pdf, results/parameter_sweeps/pDG_S.pB10/pDG_S.pB10_change_plot.pdf, results/parameter_sweeps/pDGs_S.pB10/pDGs_S.pB10_change_plot.pdf, results/parameter_sweeps/pHFC_S.pB10/pHFC_S.pB10_inv_change_plot.pdf, results/parameter_sweeps/pLFC_S.pB10/pLFC_S.pB10_inv_change_plot.pdf, results/parameter_sweeps/pDim90_E.R1/pDim90_E.R1_inv_change_plot.pdf, results/parameter_sweeps/pDim90_E.RP4/pDim90_E.RP4_inv_change_plot.pdf, results/parameter_sweeps/pHFC_S.pB10-A/pHFC_S.pB10-A_inv_change_plot.pdf, results/parameter_sweeps/pLFC_S.pB10-A/pLFC_S.pB10-A_inv_change_plot.pdf, results/parameter_sweeps/pHFCi_S.pB10/pHFCi_S.pB10_inv_change_plot.pdf, results/parameter_sweeps/pLFCi_S.pB10/pLFCi_S.pB10_inv_change_plot.pdf, results/parameter_sweeps/pHFCi2_S.pB10/pHFCi2_S.pB10_inv_change_plot.pdf, results/parameter_sweeps/pLFCi2_S.pB10/pLFCi2_S.pB10_inv_change_plot.pdf, results/parameter_sweeps/pDG_S.pB10/pDG_S.pB10_inv_change_plot.pdf, results/parameter_sweeps/pDGs_S.pB10/pDGs_S.pB10_inv_change_plot.pdf, results/parameter_sweeps/pHFC_S.pB10/pHFC_S.pB10_inv_change_strain_plot.pdf, results/parameter_sweeps/pLFC_S.pB10/pLFC_S.pB10_inv_change_strain_plot.pdf, results/parameter_sweeps/pDim90_E.R1/pDim90_E.R1_inv_change_strain_plot.pdf, results/parameter_sweeps/pDim90_E.RP4/pDim90_E.RP4_inv_change_strain_plot.pdf, results/parameter_sweeps/pHFC_S.pB10-A/pHFC_S.pB10-A_inv_change_strain_plot.pdf, results/parameter_sweeps/pLFC_S.pB10-A/pLFC_S.pB10-A_inv_change_strain_plot.pdf, results/parameter_sweeps/pHFCi_S.pB10/pHFCi_S.pB10_inv_change_strain_plot.pdf, results/parameter_sweeps/pLFCi_S.pB10/pLFCi_S.pB10_inv_change_strain_plot.pdf, results/parameter_sweeps/pHFCi2_S.pB10/pHFCi2_S.pB10_inv_change_strain_plot.pdf, results/parameter_sweeps/pLFCi2_S.pB10/pLFCi2_S.pB10_inv_change_strain_plot.pdf, results/parameter_sweeps/pDG_S.pB10/pDG_S.pB10_inv_change_strain_plot.pdf, results/parameter_sweeps/pDGs_S.pB10/pDGs_S.pB10_inv_change_strain_plot.pdf, results/phenotyping/growth_rate/OD/growthrate_av.pdf, figures/panels/fig1a_axes.pdf, figures/panels/fig3b_phenotyping.pdf, figures/fig4_DG_invasion.pdf, figures/fig5_validation2.pdf, figures/fig5_validation3.pdf, figures/fig6_psweep.pdf, figures/fig7_Dim_psweep.pdf
    jobid: 0
    reason: Input files updated by another job: figures/fig5_validation3.pdf, figures/fig5_validation2.pdf, results/phenotyping/growth_rate/OD/growthrate_av.pdf, figures/panels/fig3b_phenotyping.pdf
    resources: tmpdir=/var/folders/dw/d0fxdqy942jc3trrhg2gvbnm0000gn/T

[Tue May 26 14:41:10 2026]
Finished jobid: 0 (Rule: all)
7 of 7 steps (100%) done
Complete log(s): /Users/liz/Documents/UW_Bio_PhD/Kerr_Lab/Plasmid_evolution/PETRI/.snakemake/log/2026-05-26T144053.766408.snakemake.log
