Assuming unrestricted shared filesystem usage.
None
host: Lizs-MacBook-Air-9.local
Building DAG of jobs...
Using shell: /bin/bash
Provided cores: 7
Rules claiming more threads will be scaled down.
Job stats:
job               count
--------------  -------
all                   1
plot_psweep           3
process_psweep        3
psweep_sims           3
total                10

Select jobs to execute...
Execute 1 jobs...
[Mon Feb  2 13:50:11 2026]
localrule psweep_sims:
    input: src/simrun_psweep.R, input_data/Treatments_parameter_sweep.csv
    output: results/parameter_sweeps/pF_DimR1/pF_DimR1_out.csv
    jobid: 19
    reason: Updated input files: input_data/Treatments_parameter_sweep.csv
    wildcards: psweep=pF_DimR1
    threads: 5
    resources: tmpdir=/var/folders/dw/d0fxdqy942jc3trrhg2gvbnm0000gn/T

Select jobs to execute...
[Mon Feb  2 13:53:28 2026]
Finished jobid: 19 (Rule: psweep_sims)
1 of 10 steps (10%) done
Execute 2 jobs...
[Mon Feb  2 13:53:28 2026]
localrule process_psweep:
    input: src/process_psweep.R, results/parameter_sweeps/pF_DimR1/pF_DimR1_out.csv
    output: results/parameter_sweeps/pF_DimR1/pF_DimR1_plot.csv
    jobid: 18
    reason: Input files updated by another job: results/parameter_sweeps/pF_DimR1/pF_DimR1_out.csv
    wildcards: psweep=pF_DimR1
    resources: tmpdir=/var/folders/dw/d0fxdqy942jc3trrhg2gvbnm0000gn/T

[Mon Feb  2 13:53:28 2026]
localrule psweep_sims:
    input: src/simrun_psweep.R, input_data/Treatments_parameter_sweep.csv
    output: results/parameter_sweeps/pE_DimR1/pE_DimR1_out.csv
    jobid: 22
    reason: Updated input files: input_data/Treatments_parameter_sweep.csv
    wildcards: psweep=pE_DimR1
    threads: 5
    resources: tmpdir=/var/folders/dw/d0fxdqy942jc3trrhg2gvbnm0000gn/T

Select jobs to execute...
[Mon Feb  2 13:53:34 2026]
Finished jobid: 18 (Rule: process_psweep)
2 of 10 steps (20%) done
Execute 1 jobs...
[Mon Feb  2 13:53:34 2026]
localrule plot_psweep:
    input: src/plot_psweep.R, results/parameter_sweeps/pF_DimR1/pF_DimR1_plot.csv
    output: results/parameter_sweeps/pF_DimR1/pF_DimR1_change_plot.pdf, results/parameter_sweeps/pF_DimR1/pF_DimR1_inv_plot.pdf, results/parameter_sweeps/pF_DimR1/pF_DimR1_inv_time_plot.pdf
    jobid: 17
    reason: Input files updated by another job: results/parameter_sweeps/pF_DimR1/pF_DimR1_plot.csv
    wildcards: psweep=pF_DimR1
    resources: tmpdir=/var/folders/dw/d0fxdqy942jc3trrhg2gvbnm0000gn/T

Select jobs to execute...
[Mon Feb  2 13:53:41 2026]
Finished jobid: 17 (Rule: plot_psweep)
3 of 10 steps (30%) done
[Mon Feb  2 13:54:54 2026]
Finished jobid: 22 (Rule: psweep_sims)
4 of 10 steps (40%) done
Execute 2 jobs...
[Mon Feb  2 13:54:54 2026]
localrule psweep_sims:
    input: src/simrun_psweep.R, input_data/Treatments_parameter_sweep.csv
    output: results/parameter_sweeps/pHFC.l_DimR1/pHFC.l_DimR1_out.csv
    jobid: 13
    reason: Updated input files: input_data/Treatments_parameter_sweep.csv
    wildcards: psweep=pHFC.l_DimR1
    threads: 5
    resources: tmpdir=/var/folders/dw/d0fxdqy942jc3trrhg2gvbnm0000gn/T

[Mon Feb  2 13:54:54 2026]
localrule process_psweep:
    input: src/process_psweep.R, results/parameter_sweeps/pE_DimR1/pE_DimR1_out.csv
    output: results/parameter_sweeps/pE_DimR1/pE_DimR1_plot.csv
    jobid: 21
    reason: Input files updated by another job: results/parameter_sweeps/pE_DimR1/pE_DimR1_out.csv
    wildcards: psweep=pE_DimR1
    resources: tmpdir=/var/folders/dw/d0fxdqy942jc3trrhg2gvbnm0000gn/T

[Mon Feb  2 13:54:58 2026]
Finished jobid: 21 (Rule: process_psweep)
5 of 10 steps (50%) done
Select jobs to execute...
Execute 1 jobs...
[Mon Feb  2 13:54:58 2026]
localrule plot_psweep:
    input: src/plot_psweep.R, results/parameter_sweeps/pE_DimR1/pE_DimR1_plot.csv
    output: results/parameter_sweeps/pE_DimR1/pE_DimR1_change_plot.pdf, results/parameter_sweeps/pE_DimR1/pE_DimR1_inv_plot.pdf, results/parameter_sweeps/pE_DimR1/pE_DimR1_inv_time_plot.pdf
    jobid: 20
    reason: Input files updated by another job: results/parameter_sweeps/pE_DimR1/pE_DimR1_plot.csv
    wildcards: psweep=pE_DimR1
    resources: tmpdir=/var/folders/dw/d0fxdqy942jc3trrhg2gvbnm0000gn/T

[Mon Feb  2 13:55:06 2026]
Finished jobid: 20 (Rule: plot_psweep)
6 of 10 steps (60%) done
[Mon Feb  2 13:55:44 2026]
Finished jobid: 13 (Rule: psweep_sims)
7 of 10 steps (70%) done
Select jobs to execute...
Execute 1 jobs...
[Mon Feb  2 13:55:44 2026]
localrule process_psweep:
    input: src/process_psweep.R, results/parameter_sweeps/pHFC.l_DimR1/pHFC.l_DimR1_out.csv
    output: results/parameter_sweeps/pHFC.l_DimR1/pHFC.l_DimR1_plot.csv
    jobid: 12
    reason: Input files updated by another job: results/parameter_sweeps/pHFC.l_DimR1/pHFC.l_DimR1_out.csv
    wildcards: psweep=pHFC.l_DimR1
    resources: tmpdir=/var/folders/dw/d0fxdqy942jc3trrhg2gvbnm0000gn/T

[Mon Feb  2 13:55:48 2026]
Finished jobid: 12 (Rule: process_psweep)
8 of 10 steps (80%) done
Select jobs to execute...
Execute 1 jobs...
[Mon Feb  2 13:55:48 2026]
localrule plot_psweep:
    input: src/plot_psweep.R, results/parameter_sweeps/pHFC.l_DimR1/pHFC.l_DimR1_plot.csv
    output: results/parameter_sweeps/pHFC.l_DimR1/pHFC.l_DimR1_change_plot.pdf, results/parameter_sweeps/pHFC.l_DimR1/pHFC.l_DimR1_inv_plot.pdf, results/parameter_sweeps/pHFC.l_DimR1/pHFC.l_DimR1_inv_time_plot.pdf
    jobid: 11
    reason: Input files updated by another job: results/parameter_sweeps/pHFC.l_DimR1/pHFC.l_DimR1_plot.csv
    wildcards: psweep=pHFC.l_DimR1
    resources: tmpdir=/var/folders/dw/d0fxdqy942jc3trrhg2gvbnm0000gn/T

[Mon Feb  2 13:55:53 2026]
Finished jobid: 11 (Rule: plot_psweep)
9 of 10 steps (90%) done
Select jobs to execute...
Execute 1 jobs...
[Mon Feb  2 13:55:53 2026]
localrule all:
    input: results/case_study_sims/A.2_full/A.2_full_density_plot.pdf, results/case_study_sims/C.2_full/C.2_full_density_plot.pdf, results/case_study_sims/A.2_full/A.2_full_frequency_plot.pdf, results/case_study_sims/C.2_full/C.2_full_frequency_plot.pdf, results/parameter_sets/test_sweep_param.csv, results/parameter_sets/testmut_sweep_param.csv, results/parameter_sets/DimR1_sweep_param.csv, results/parameter_sets/DimR1finO_sweep_param.csv, results/parameter_sweeps/pHFC.l_DimR1/pHFC.l_DimR1_change_plot.pdf, results/parameter_sweeps/pLFC.l_DimR1/pLFC.l_DimR1_change_plot.pdf, results/parameter_sweeps/pF_DimR1/pF_DimR1_change_plot.pdf, results/parameter_sweeps/pE_DimR1/pE_DimR1_change_plot.pdf, results/parameter_sweeps/pHFC.l_DimR1/pHFC.l_DimR1_inv_plot.pdf, results/parameter_sweeps/pLFC.l_DimR1/pLFC.l_DimR1_inv_plot.pdf, results/parameter_sweeps/pF_DimR1/pF_DimR1_inv_plot.pdf, results/parameter_sweeps/pE_DimR1/pE_DimR1_inv_plot.pdf, results/parameter_sweeps/pHFC.l_DimR1/pHFC.l_DimR1_inv_time_plot.pdf, results/parameter_sweeps/pLFC.l_DimR1/pLFC.l_DimR1_inv_time_plot.pdf, results/parameter_sweeps/pF_DimR1/pF_DimR1_inv_time_plot.pdf, results/parameter_sweeps/pE_DimR1/pE_DimR1_inv_time_plot.pdf
    jobid: 0
    reason: Input files updated by another job: results/parameter_sweeps/pE_DimR1/pE_DimR1_inv_time_plot.pdf, results/parameter_sweeps/pF_DimR1/pF_DimR1_inv_plot.pdf, results/parameter_sweeps/pHFC.l_DimR1/pHFC.l_DimR1_inv_plot.pdf, results/parameter_sweeps/pE_DimR1/pE_DimR1_change_plot.pdf, results/parameter_sweeps/pE_DimR1/pE_DimR1_inv_plot.pdf, results/parameter_sweeps/pF_DimR1/pF_DimR1_change_plot.pdf, results/parameter_sweeps/pHFC.l_DimR1/pHFC.l_DimR1_change_plot.pdf, results/parameter_sweeps/pHFC.l_DimR1/pHFC.l_DimR1_inv_time_plot.pdf, results/parameter_sweeps/pF_DimR1/pF_DimR1_inv_time_plot.pdf
    resources: tmpdir=/var/folders/dw/d0fxdqy942jc3trrhg2gvbnm0000gn/T

[Mon Feb  2 13:55:53 2026]
Finished jobid: 0 (Rule: all)
10 of 10 steps (100%) done
Complete log(s): /Users/liz/Documents/UW_Bio_PhD/Kerr_Lab/Plasmid_evolution/PETRI/.snakemake/log/2026-02-02T135010.523468.snakemake.log
