Assuming unrestricted shared filesystem usage.
None
host: Lizs-MacBook-Air-9.local
Building DAG of jobs...
Using shell: /bin/bash
Provided cores: 7
Rules claiming more threads will be scaled down.
Job stats:
job                        count
-----------------------  -------
all                            1
case_study_sims                3
plot_case_study_sims           3
plot_psweep_strain             8
process_case_study_sims        3
total                         18

Select jobs to execute...
Execute 7 jobs...
[Wed Feb 18 17:11:53 2026]
localrule plot_psweep_strain:
    input: input_data/strain_phenotypes.csv, src/plot_psweep_strain.R, results/parameter_sweeps/pHFC_S.pB10/pHFC_S.pB10_inv_change_plot.rds
    output: results/parameter_sweeps/pHFC_S.pB10/pHFC_S.pB10_inv_change_strain_plot.pdf, results/parameter_sweeps/pHFC_S.pB10/pHFC_S.pB10_inv_change_strain_plotr.pdf
    jobid: 42
    reason: Updated input files: input_data/strain_phenotypes.csv
    wildcards: psweep=pHFC_S.pB10
    resources: tmpdir=/var/folders/dw/d0fxdqy942jc3trrhg2gvbnm0000gn/T

[Wed Feb 18 17:11:53 2026]
localrule plot_psweep_strain:
    input: input_data/strain_phenotypes.csv, src/plot_psweep_strain.R, results/parameter_sweeps/pHFC_S.pB10-A/pHFC_S.pB10-A_inv_change_plot.rds
    output: results/parameter_sweeps/pHFC_S.pB10-A/pHFC_S.pB10-A_inv_change_strain_plot.pdf, results/parameter_sweeps/pHFC_S.pB10-A/pHFC_S.pB10-A_inv_change_strain_plotr.pdf
    jobid: 48
    reason: Updated input files: input_data/strain_phenotypes.csv
    wildcards: psweep=pHFC_S.pB10-A
    resources: tmpdir=/var/folders/dw/d0fxdqy942jc3trrhg2gvbnm0000gn/T

[Wed Feb 18 17:11:53 2026]
localrule plot_psweep_strain:
    input: input_data/strain_phenotypes.csv, src/plot_psweep_strain.R, results/parameter_sweeps/pDim90_E.RP4/pDim90_E.RP4_inv_change_plot.rds
    output: results/parameter_sweeps/pDim90_E.RP4/pDim90_E.RP4_inv_change_strain_plot.pdf, results/parameter_sweeps/pDim90_E.RP4/pDim90_E.RP4_inv_change_strain_plotr.pdf
    jobid: 45
    reason: Updated input files: input_data/strain_phenotypes.csv
    wildcards: psweep=pDim90_E.RP4
    resources: tmpdir=/var/folders/dw/d0fxdqy942jc3trrhg2gvbnm0000gn/T

[Wed Feb 18 17:11:53 2026]
localrule plot_psweep_strain:
    input: input_data/strain_phenotypes.csv, src/plot_psweep_strain.R, results/parameter_sweeps/pLFC_S.pB10-A/pLFC_S.pB10-A_inv_change_plot.rds
    output: results/parameter_sweeps/pLFC_S.pB10-A/pLFC_S.pB10-A_inv_change_strain_plot.pdf, results/parameter_sweeps/pLFC_S.pB10-A/pLFC_S.pB10-A_inv_change_strain_plotr.pdf
    jobid: 49
    reason: Updated input files: input_data/strain_phenotypes.csv
    wildcards: psweep=pLFC_S.pB10-A
    resources: tmpdir=/var/folders/dw/d0fxdqy942jc3trrhg2gvbnm0000gn/T

[Wed Feb 18 17:11:53 2026]
localrule plot_psweep_strain:
    input: input_data/strain_phenotypes.csv, src/plot_psweep_strain.R, results/parameter_sweeps/pLFC_S.pB10/pLFC_S.pB10_inv_change_plot.rds
    output: results/parameter_sweeps/pLFC_S.pB10/pLFC_S.pB10_inv_change_strain_plot.pdf, results/parameter_sweeps/pLFC_S.pB10/pLFC_S.pB10_inv_change_strain_plotr.pdf
    jobid: 43
    reason: Updated input files: input_data/strain_phenotypes.csv
    wildcards: psweep=pLFC_S.pB10
    resources: tmpdir=/var/folders/dw/d0fxdqy942jc3trrhg2gvbnm0000gn/T

[Wed Feb 18 17:11:53 2026]
localrule plot_psweep_strain:
    input: input_data/strain_phenotypes.csv, src/plot_psweep_strain.R, results/parameter_sweeps/pDim90_E.R1/pDim90_E.R1_inv_change_plot.rds
    output: results/parameter_sweeps/pDim90_E.R1/pDim90_E.R1_inv_change_strain_plot.pdf, results/parameter_sweeps/pDim90_E.R1/pDim90_E.R1_inv_change_strain_plotr.pdf
    jobid: 44
    reason: Updated input files: input_data/strain_phenotypes.csv
    wildcards: psweep=pDim90_E.R1
    resources: tmpdir=/var/folders/dw/d0fxdqy942jc3trrhg2gvbnm0000gn/T

[Wed Feb 18 17:11:53 2026]
localrule case_study_sims:
    input: src/simrun_case_study.R, input_data/case_study_sims/LFC_pB10-A_inv_settings.csv
    output: results/case_study_sims/LFC_pB10-A/LFC_pB10-A_data.csv, results/case_study_sims/LFC_pB10-A/LFC_pB10-A_data_long.csv, results/case_study_sims/LFC_pB10-A/LFC_pB10-A_sim_plot.pdf
    jobid: 9
    reason: Missing output files: results/case_study_sims/LFC_pB10-A/LFC_pB10-A_data.csv, results/case_study_sims/LFC_pB10-A/LFC_pB10-A_data_long.csv
    wildcards: treatment=LFC_pB10-A
    resources: tmpdir=/var/folders/dw/d0fxdqy942jc3trrhg2gvbnm0000gn/T

Select jobs to execute...
[Wed Feb 18 17:12:03 2026]
Finished jobid: 48 (Rule: plot_psweep_strain)
1 of 18 steps (6%) done
Execute 1 jobs...
[Wed Feb 18 17:12:03 2026]
localrule plot_psweep_strain:
    input: input_data/strain_phenotypes.csv, src/plot_psweep_strain.R, results/parameter_sweeps/pHFCi_S.pB10/pHFCi_S.pB10_inv_change_plot.rds
    output: results/parameter_sweeps/pHFCi_S.pB10/pHFCi_S.pB10_inv_change_strain_plot.pdf, results/parameter_sweeps/pHFCi_S.pB10/pHFCi_S.pB10_inv_change_strain_plotr.pdf
    jobid: 46
    reason: Updated input files: input_data/strain_phenotypes.csv
    wildcards: psweep=pHFCi_S.pB10
    resources: tmpdir=/var/folders/dw/d0fxdqy942jc3trrhg2gvbnm0000gn/T

[Wed Feb 18 17:12:03 2026]
Finished jobid: 42 (Rule: plot_psweep_strain)
2 of 18 steps (11%) done
Select jobs to execute...
Execute 1 jobs...
[Wed Feb 18 17:12:03 2026]
localrule case_study_sims:
    input: src/simrun_case_study.R, input_data/case_study_sims/DG_pB10_inv_settings.csv
    output: results/case_study_sims/DG_pB10/DG_pB10_data.csv, results/case_study_sims/DG_pB10/DG_pB10_data_long.csv, results/case_study_sims/DG_pB10/DG_pB10_sim_plot.pdf
    jobid: 3
    reason: Missing output files: results/case_study_sims/DG_pB10/DG_pB10_data_long.csv, results/case_study_sims/DG_pB10/DG_pB10_data.csv
    wildcards: treatment=DG_pB10
    resources: tmpdir=/var/folders/dw/d0fxdqy942jc3trrhg2gvbnm0000gn/T

Select jobs to execute...
[Wed Feb 18 17:12:05 2026]
Finished jobid: 43 (Rule: plot_psweep_strain)
3 of 18 steps (17%) done
Execute 1 jobs...
[Wed Feb 18 17:12:05 2026]
localrule plot_psweep_strain:
    input: input_data/strain_phenotypes.csv, src/plot_psweep_strain.R, results/parameter_sweeps/pLFCi_S.pB10/pLFCi_S.pB10_inv_change_plot.rds
    output: results/parameter_sweeps/pLFCi_S.pB10/pLFCi_S.pB10_inv_change_strain_plot.pdf, results/parameter_sweeps/pLFCi_S.pB10/pLFCi_S.pB10_inv_change_strain_plotr.pdf
    jobid: 47
    reason: Updated input files: input_data/strain_phenotypes.csv
    wildcards: psweep=pLFCi_S.pB10
    resources: tmpdir=/var/folders/dw/d0fxdqy942jc3trrhg2gvbnm0000gn/T

[Wed Feb 18 17:12:05 2026]
Finished jobid: 45 (Rule: plot_psweep_strain)
4 of 18 steps (22%) done
[Wed Feb 18 17:12:05 2026]
Finished jobid: 49 (Rule: plot_psweep_strain)
5 of 18 steps (28%) done
[Wed Feb 18 17:12:05 2026]
Finished jobid: 44 (Rule: plot_psweep_strain)
6 of 18 steps (33%) done
Select jobs to execute...
Execute 1 jobs...
[Wed Feb 18 17:12:06 2026]
localrule case_study_sims:
    input: src/simrun_case_study.R, input_data/case_study_sims/HFC_pB10_inv_settings.csv
    output: results/case_study_sims/HFC_pB10/HFC_pB10_data.csv, results/case_study_sims/HFC_pB10/HFC_pB10_data_long.csv, results/case_study_sims/HFC_pB10/HFC_pB10_sim_plot.pdf
    jobid: 6
    reason: Updated input files: src/simrun_case_study.R
    wildcards: treatment=HFC_pB10
    resources: tmpdir=/var/folders/dw/d0fxdqy942jc3trrhg2gvbnm0000gn/T

[Wed Feb 18 17:12:08 2026]
Finished jobid: 9 (Rule: case_study_sims)
7 of 18 steps (39%) done
Select jobs to execute...
Execute 1 jobs...
[Wed Feb 18 17:12:09 2026]
localrule process_case_study_sims:
    input: src/process_simrun.R, results/case_study_sims/LFC_pB10-A/LFC_pB10-A_data.csv, results/case_study_sims/LFC_pB10-A/LFC_pB10-A_data_long.csv
    output: results/case_study_sims/LFC_pB10-A/LFC_pB10-A_density_plot_df.csv, results/case_study_sims/LFC_pB10-A/LFC_pB10-A_frequency_plot_df.csv, results/case_study_sims/LFC_pB10-A/LFC_pB10-A_phases_plot_df.csv
    jobid: 8
    reason: Missing output files: results/case_study_sims/LFC_pB10-A/LFC_pB10-A_frequency_plot_df.csv, results/case_study_sims/LFC_pB10-A/LFC_pB10-A_density_plot_df.csv, results/case_study_sims/LFC_pB10-A/LFC_pB10-A_phases_plot_df.csv; Input files updated by another job: results/case_study_sims/LFC_pB10-A/LFC_pB10-A_data.csv, results/case_study_sims/LFC_pB10-A/LFC_pB10-A_data_long.csv
    wildcards: treatment=LFC_pB10-A
    resources: tmpdir=/var/folders/dw/d0fxdqy942jc3trrhg2gvbnm0000gn/T

[Wed Feb 18 17:12:11 2026]
Finished jobid: 47 (Rule: plot_psweep_strain)
8 of 18 steps (44%) done
[Wed Feb 18 17:12:12 2026]
Finished jobid: 46 (Rule: plot_psweep_strain)
9 of 18 steps (50%) done
[Wed Feb 18 17:12:12 2026]
Finished jobid: 6 (Rule: case_study_sims)
10 of 18 steps (56%) done
Select jobs to execute...
Execute 1 jobs...
[Wed Feb 18 17:12:12 2026]
localrule process_case_study_sims:
    input: src/process_simrun.R, results/case_study_sims/HFC_pB10/HFC_pB10_data.csv, results/case_study_sims/HFC_pB10/HFC_pB10_data_long.csv
    output: results/case_study_sims/HFC_pB10/HFC_pB10_density_plot_df.csv, results/case_study_sims/HFC_pB10/HFC_pB10_frequency_plot_df.csv, results/case_study_sims/HFC_pB10/HFC_pB10_phases_plot_df.csv
    jobid: 5
    reason: Input files updated by another job: results/case_study_sims/HFC_pB10/HFC_pB10_data.csv, results/case_study_sims/HFC_pB10/HFC_pB10_data_long.csv
    wildcards: treatment=HFC_pB10
    resources: tmpdir=/var/folders/dw/d0fxdqy942jc3trrhg2gvbnm0000gn/T

[Wed Feb 18 17:12:15 2026]
Finished jobid: 8 (Rule: process_case_study_sims)
11 of 18 steps (61%) done
Select jobs to execute...
Execute 1 jobs...
[Wed Feb 18 17:12:15 2026]
localrule plot_case_study_sims:
    input: src/plot_simrun.R, results/case_study_sims/LFC_pB10-A/LFC_pB10-A_density_plot_df.csv, results/case_study_sims/LFC_pB10-A/LFC_pB10-A_frequency_plot_df.csv, results/case_study_sims/LFC_pB10-A/LFC_pB10-A_phases_plot_df.csv
    output: results/case_study_sims/LFC_pB10-A/LFC_pB10-A_density_plot.pdf, results/case_study_sims/LFC_pB10-A/LFC_pB10-A_frequency_plot.pdf
    jobid: 7
    reason: Missing output files: results/case_study_sims/LFC_pB10-A/LFC_pB10-A_density_plot.pdf, results/case_study_sims/LFC_pB10-A/LFC_pB10-A_frequency_plot.pdf; Input files updated by another job: results/case_study_sims/LFC_pB10-A/LFC_pB10-A_frequency_plot_df.csv, results/case_study_sims/LFC_pB10-A/LFC_pB10-A_phases_plot_df.csv, results/case_study_sims/LFC_pB10-A/LFC_pB10-A_density_plot_df.csv
    wildcards: treatment=LFC_pB10-A
    resources: tmpdir=/var/folders/dw/d0fxdqy942jc3trrhg2gvbnm0000gn/T

[Wed Feb 18 17:12:17 2026]
Finished jobid: 5 (Rule: process_case_study_sims)
12 of 18 steps (67%) done
Select jobs to execute...
Execute 1 jobs...
[Wed Feb 18 17:12:18 2026]
localrule plot_case_study_sims:
    input: src/plot_simrun.R, results/case_study_sims/HFC_pB10/HFC_pB10_density_plot_df.csv, results/case_study_sims/HFC_pB10/HFC_pB10_frequency_plot_df.csv, results/case_study_sims/HFC_pB10/HFC_pB10_phases_plot_df.csv
    output: results/case_study_sims/HFC_pB10/HFC_pB10_density_plot.pdf, results/case_study_sims/HFC_pB10/HFC_pB10_frequency_plot.pdf
    jobid: 4
    reason: Missing output files: results/case_study_sims/HFC_pB10/HFC_pB10_frequency_plot.pdf, results/case_study_sims/HFC_pB10/HFC_pB10_density_plot.pdf; Input files updated by another job: results/case_study_sims/HFC_pB10/HFC_pB10_phases_plot_df.csv, results/case_study_sims/HFC_pB10/HFC_pB10_frequency_plot_df.csv, results/case_study_sims/HFC_pB10/HFC_pB10_density_plot_df.csv
    wildcards: treatment=HFC_pB10
    resources: tmpdir=/var/folders/dw/d0fxdqy942jc3trrhg2gvbnm0000gn/T

[Wed Feb 18 17:12:21 2026]
Finished jobid: 7 (Rule: plot_case_study_sims)
13 of 18 steps (72%) done
[Wed Feb 18 17:12:22 2026]
Finished jobid: 3 (Rule: case_study_sims)
14 of 18 steps (78%) done
Select jobs to execute...
Execute 1 jobs...
[Wed Feb 18 17:12:22 2026]
localrule process_case_study_sims:
    input: src/process_simrun.R, results/case_study_sims/DG_pB10/DG_pB10_data.csv, results/case_study_sims/DG_pB10/DG_pB10_data_long.csv
    output: results/case_study_sims/DG_pB10/DG_pB10_density_plot_df.csv, results/case_study_sims/DG_pB10/DG_pB10_frequency_plot_df.csv, results/case_study_sims/DG_pB10/DG_pB10_phases_plot_df.csv
    jobid: 2
    reason: Missing output files: results/case_study_sims/DG_pB10/DG_pB10_density_plot_df.csv, results/case_study_sims/DG_pB10/DG_pB10_frequency_plot_df.csv, results/case_study_sims/DG_pB10/DG_pB10_phases_plot_df.csv; Input files updated by another job: results/case_study_sims/DG_pB10/DG_pB10_data_long.csv, results/case_study_sims/DG_pB10/DG_pB10_data.csv
    wildcards: treatment=DG_pB10
    resources: tmpdir=/var/folders/dw/d0fxdqy942jc3trrhg2gvbnm0000gn/T

[Wed Feb 18 17:12:23 2026]
Finished jobid: 4 (Rule: plot_case_study_sims)
15 of 18 steps (83%) done
[Wed Feb 18 17:12:27 2026]
Finished jobid: 2 (Rule: process_case_study_sims)
16 of 18 steps (89%) done
Select jobs to execute...
Execute 1 jobs...
[Wed Feb 18 17:12:27 2026]
localrule plot_case_study_sims:
    input: src/plot_simrun.R, results/case_study_sims/DG_pB10/DG_pB10_density_plot_df.csv, results/case_study_sims/DG_pB10/DG_pB10_frequency_plot_df.csv, results/case_study_sims/DG_pB10/DG_pB10_phases_plot_df.csv
    output: results/case_study_sims/DG_pB10/DG_pB10_density_plot.pdf, results/case_study_sims/DG_pB10/DG_pB10_frequency_plot.pdf
    jobid: 1
    reason: Missing output files: results/case_study_sims/DG_pB10/DG_pB10_frequency_plot.pdf, results/case_study_sims/DG_pB10/DG_pB10_density_plot.pdf; Input files updated by another job: results/case_study_sims/DG_pB10/DG_pB10_density_plot_df.csv, results/case_study_sims/DG_pB10/DG_pB10_frequency_plot_df.csv, results/case_study_sims/DG_pB10/DG_pB10_phases_plot_df.csv
    wildcards: treatment=DG_pB10
    resources: tmpdir=/var/folders/dw/d0fxdqy942jc3trrhg2gvbnm0000gn/T

[Wed Feb 18 17:12:33 2026]
Finished jobid: 1 (Rule: plot_case_study_sims)
17 of 18 steps (94%) done
Select jobs to execute...
Execute 1 jobs...
[Wed Feb 18 17:12:33 2026]
localrule all:
    input: results/case_study_sims/DG_pB10/DG_pB10_density_plot.pdf, results/case_study_sims/HFC_pB10/HFC_pB10_density_plot.pdf, results/case_study_sims/LFC_pB10-A/LFC_pB10-A_density_plot.pdf, results/case_study_sims/DG_pB10/DG_pB10_frequency_plot.pdf, results/case_study_sims/HFC_pB10/HFC_pB10_frequency_plot.pdf, results/case_study_sims/LFC_pB10-A/LFC_pB10-A_frequency_plot.pdf, results/parameter_sweeps/pHFC_S.pB10/pHFC_S.pB10_change_plot.pdf, results/parameter_sweeps/pLFC_S.pB10/pLFC_S.pB10_change_plot.pdf, results/parameter_sweeps/pDim90_E.R1/pDim90_E.R1_change_plot.pdf, results/parameter_sweeps/pDim90_E.RP4/pDim90_E.RP4_change_plot.pdf, results/parameter_sweeps/pHFCi_S.pB10/pHFCi_S.pB10_change_plot.pdf, results/parameter_sweeps/pLFCi_S.pB10/pLFCi_S.pB10_change_plot.pdf, results/parameter_sweeps/pHFC_S.pB10-A/pHFC_S.pB10-A_change_plot.pdf, results/parameter_sweeps/pLFC_S.pB10-A/pLFC_S.pB10-A_change_plot.pdf, results/parameter_sweeps/pHFC_S.pB10/pHFC_S.pB10_inv_change_plot.pdf, results/parameter_sweeps/pLFC_S.pB10/pLFC_S.pB10_inv_change_plot.pdf, results/parameter_sweeps/pDim90_E.R1/pDim90_E.R1_inv_change_plot.pdf, results/parameter_sweeps/pDim90_E.RP4/pDim90_E.RP4_inv_change_plot.pdf, results/parameter_sweeps/pHFCi_S.pB10/pHFCi_S.pB10_inv_change_plot.pdf, results/parameter_sweeps/pLFCi_S.pB10/pLFCi_S.pB10_inv_change_plot.pdf, results/parameter_sweeps/pHFC_S.pB10-A/pHFC_S.pB10-A_inv_change_plot.pdf, results/parameter_sweeps/pLFC_S.pB10-A/pLFC_S.pB10-A_inv_change_plot.pdf, results/parameter_sweeps/pHFC_S.pB10/pHFC_S.pB10_inv_change_strain_plot.pdf, results/parameter_sweeps/pLFC_S.pB10/pLFC_S.pB10_inv_change_strain_plot.pdf, results/parameter_sweeps/pDim90_E.R1/pDim90_E.R1_inv_change_strain_plot.pdf, results/parameter_sweeps/pDim90_E.RP4/pDim90_E.RP4_inv_change_strain_plot.pdf, results/parameter_sweeps/pHFCi_S.pB10/pHFCi_S.pB10_inv_change_strain_plot.pdf, results/parameter_sweeps/pLFCi_S.pB10/pLFCi_S.pB10_inv_change_strain_plot.pdf, results/parameter_sweeps/pHFC_S.pB10-A/pHFC_S.pB10-A_inv_change_strain_plot.pdf, results/parameter_sweeps/pLFC_S.pB10-A/pLFC_S.pB10-A_inv_change_strain_plot.pdf, results/parameter_sweeps/pHFC_S.pB10/pHFC_S.pB10_inv_change_strain_plotr.pdf, results/parameter_sweeps/pLFC_S.pB10/pLFC_S.pB10_inv_change_strain_plotr.pdf, results/parameter_sweeps/pDim90_E.R1/pDim90_E.R1_inv_change_strain_plotr.pdf, results/parameter_sweeps/pDim90_E.RP4/pDim90_E.RP4_inv_change_strain_plotr.pdf, results/parameter_sweeps/pHFCi_S.pB10/pHFCi_S.pB10_inv_change_strain_plotr.pdf, results/parameter_sweeps/pLFCi_S.pB10/pLFCi_S.pB10_inv_change_strain_plotr.pdf, results/parameter_sweeps/pHFC_S.pB10-A/pHFC_S.pB10-A_inv_change_strain_plotr.pdf, results/parameter_sweeps/pLFC_S.pB10-A/pLFC_S.pB10-A_inv_change_strain_plotr.pdf
    jobid: 0
    reason: Input files updated by another job: results/case_study_sims/LFC_pB10-A/LFC_pB10-A_density_plot.pdf, results/parameter_sweeps/pDim90_E.RP4/pDim90_E.RP4_inv_change_strain_plot.pdf, results/parameter_sweeps/pHFC_S.pB10-A/pHFC_S.pB10-A_inv_change_strain_plot.pdf, results/parameter_sweeps/pHFC_S.pB10/pHFC_S.pB10_inv_change_strain_plotr.pdf, results/parameter_sweeps/pLFC_S.pB10/pLFC_S.pB10_inv_change_strain_plotr.pdf, results/parameter_sweeps/pDim90_E.RP4/pDim90_E.RP4_inv_change_strain_plotr.pdf, results/case_study_sims/HFC_pB10/HFC_pB10_frequency_plot.pdf, results/parameter_sweeps/pHFCi_S.pB10/pHFCi_S.pB10_inv_change_strain_plot.pdf, results/parameter_sweeps/pLFCi_S.pB10/pLFCi_S.pB10_inv_change_strain_plotr.pdf, results/case_study_sims/DG_pB10/DG_pB10_frequency_plot.pdf, results/parameter_sweeps/pDim90_E.R1/pDim90_E.R1_inv_change_strain_plot.pdf, results/parameter_sweeps/pLFC_S.pB10-A/pLFC_S.pB10-A_inv_change_strain_plotr.pdf, results/parameter_sweeps/pLFC_S.pB10-A/pLFC_S.pB10-A_inv_change_strain_plot.pdf, results/parameter_sweeps/pHFC_S.pB10-A/pHFC_S.pB10-A_inv_change_strain_plotr.pdf, results/parameter_sweeps/pHFC_S.pB10/pHFC_S.pB10_inv_change_strain_plot.pdf, results/case_study_sims/DG_pB10/DG_pB10_density_plot.pdf, results/parameter_sweeps/pHFCi_S.pB10/pHFCi_S.pB10_inv_change_strain_plotr.pdf, results/parameter_sweeps/pDim90_E.R1/pDim90_E.R1_inv_change_strain_plotr.pdf, results/parameter_sweeps/pLFCi_S.pB10/pLFCi_S.pB10_inv_change_strain_plot.pdf, results/parameter_sweeps/pLFC_S.pB10/pLFC_S.pB10_inv_change_strain_plot.pdf, results/case_study_sims/LFC_pB10-A/LFC_pB10-A_frequency_plot.pdf, results/case_study_sims/HFC_pB10/HFC_pB10_density_plot.pdf
    resources: tmpdir=/var/folders/dw/d0fxdqy942jc3trrhg2gvbnm0000gn/T

[Wed Feb 18 17:12:33 2026]
Finished jobid: 0 (Rule: all)
18 of 18 steps (100%) done
Complete log(s): /Users/liz/Documents/UW_Bio_PhD/Kerr_Lab/Plasmid_evolution/PETRI/.snakemake/log/2026-02-18T171152.922973.snakemake.log
