Assuming unrestricted shared filesystem usage.
None
host: Lizs-MacBook-Air-9.local
Building DAG of jobs...
Using shell: /bin/bash
Provided cores: 3
Rules claiming more threads will be scaled down.
Conda environments: ignored
Job stats:
job                    count
-------------------  -------
all                        1
fig5                       1
plot_phenotyping           1
process_growth             1
process_phenotyping        1
total                      5

Select jobs to execute...
Execute 1 jobs...
[Mon May 11 13:17:40 2026]
localrule process_growth:
    input: src/process_growth.R, input_data/experimental_data/2026-04-16_OD_growth_curve.xlsx
    output: results/phenotyping/growth_rate/growthratemax_av.csv, results/phenotyping/growth_rate/growthcurve_allrep.pdf, results/phenotyping/growth_rate/growthcurve_av.pdf, results/phenotyping/growth_rate/growthcurve_av.rds, results/phenotyping/growth_rate/growthrate_av.pdf, results/phenotyping/growth_rate/growthrate_av.rdsresults/phenotyping/growth_rate/growthratemax_av.pdf, results/phenotyping/growth_rate/growthratemax_av.rds
    jobid: 48
    reason: Updated input files: src/process_growth.R
    resources: tmpdir=/var/folders/dw/d0fxdqy942jc3trrhg2gvbnm0000gn/T

Waiting at most 5 seconds for missing files:
results/phenotyping/growth_rate/growthrate_av.rdsresults/phenotyping/growth_rate/growthratemax_av.pdf (missing locally)
MissingOutputException in rule process_growth in file "/Users/liz/Documents/UW_Bio_PhD/Kerr_Lab/Plasmid_evolution/PETRI/Snakefile", line 270:
Job 48  completed successfully, but some output files are missing. Missing files after 5 seconds. This might be due to filesystem latency. If that is the case, consider to increase the wait time with --latency-wait:
results/phenotyping/growth_rate/growthrate_av.rdsresults/phenotyping/growth_rate/growthratemax_av.pdf (missing locally, parent dir contents: )
Removing output files of failed job process_growth since they might be corrupted:
results/phenotyping/growth_rate/growthratemax_av.csv, results/phenotyping/growth_rate/growthcurve_allrep.pdf, results/phenotyping/growth_rate/growthcurve_av.pdf, results/phenotyping/growth_rate/growthcurve_av.rds, results/phenotyping/growth_rate/growthrate_av.pdf, results/phenotyping/growth_rate/growthratemax_av.rds
Shutting down, this might take some time.
Exiting because a job execution failed. Look below for error messages
[Mon May 11 13:17:50 2026]
Error in rule process_growth:
    message: None
    jobid: 48
    input: src/process_growth.R, input_data/experimental_data/2026-04-16_OD_growth_curve.xlsx
    output: results/phenotyping/growth_rate/growthratemax_av.csv, results/phenotyping/growth_rate/growthcurve_allrep.pdf, results/phenotyping/growth_rate/growthcurve_av.pdf, results/phenotyping/growth_rate/growthcurve_av.rds, results/phenotyping/growth_rate/growthrate_av.pdf, results/phenotyping/growth_rate/growthrate_av.rdsresults/phenotyping/growth_rate/growthratemax_av.pdf, results/phenotyping/growth_rate/growthratemax_av.rds
    shell:
        
    Rscript src/process_growth.R       --colors '{"p_Anc": "#8A407A", "p_Mut": "#8394F6", "p_F": "gray40", "p_growth": "#e7e9fd", "p_conj": "#d8aace", "p_tselect": "#c4bbeb", "p_imm": "#d0ffeb", "p_hc": "#e7e9fd", "p_syn": "#A69AE0", "p_par": "#d8aace"}'
    
        (command exited with non-zero exit code)
Complete log(s): /Users/liz/Documents/UW_Bio_PhD/Kerr_Lab/Plasmid_evolution/PETRI/.snakemake/log/2026-05-11T131740.027274.snakemake.log
WorkflowError:
At least one job did not complete successfully.
