Assuming unrestricted shared filesystem usage.
None
host: Lizs-MacBook-Air-9.local
Building DAG of jobs...
Using shell: /bin/bash
Provided cores: 7
Rules claiming more threads will be scaled down.
Job stats:
job               count
--------------  -------
all                   1
plot_psweep           1
process_psweep        1
psweep_sims           1
total                 4

Select jobs to execute...
Execute 1 jobs...
[Thu Feb  5 13:09:07 2026]
localrule psweep_sims:
    input: src/simrun_psweep.R, input_data/Treatments_parameter_sweep.csv
    output: results/parameter_sweeps/pE_DimR1/pE_DimR1_out.csv
    jobid: 10
    reason: Missing output files: results/parameter_sweeps/pE_DimR1/pE_DimR1_out.csv; Updated input files: input_data/Treatments_parameter_sweep.csv
    wildcards: psweep=pE_DimR1
    threads: 5
    resources: tmpdir=/var/folders/dw/d0fxdqy942jc3trrhg2gvbnm0000gn/T

[Thu Feb  5 13:09:39 2026]
Finished jobid: 10 (Rule: psweep_sims)
1 of 4 steps (25%) done
Select jobs to execute...
Execute 1 jobs...
[Thu Feb  5 13:09:39 2026]
localrule process_psweep:
    input: src/process_psweep.R, results/parameter_sweeps/pE_DimR1/pE_DimR1_out.csv
    output: results/parameter_sweeps/pE_DimR1/pE_DimR1_plot.csv
    jobid: 9
    reason: Input files updated by another job: results/parameter_sweeps/pE_DimR1/pE_DimR1_out.csv
    wildcards: psweep=pE_DimR1
    resources: tmpdir=/var/folders/dw/d0fxdqy942jc3trrhg2gvbnm0000gn/T

[Thu Feb  5 13:09:43 2026]
Finished jobid: 9 (Rule: process_psweep)
2 of 4 steps (50%) done
Select jobs to execute...
Execute 1 jobs...
[Thu Feb  5 13:09:43 2026]
localrule plot_psweep:
    input: src/plot_psweep.R, results/parameter_sweeps/pE_DimR1/pE_DimR1_plot.csv
    output: results/parameter_sweeps/pE_DimR1/pE_DimR1_change_plot.pdf, results/parameter_sweeps/pE_DimR1/pE_DimR1_inv_plot.pdf, results/parameter_sweeps/pE_DimR1/pE_DimR1_inv_time_plot.pdf
    jobid: 8
    reason: Input files updated by another job: results/parameter_sweeps/pE_DimR1/pE_DimR1_plot.csv
    wildcards: psweep=pE_DimR1
    resources: tmpdir=/var/folders/dw/d0fxdqy942jc3trrhg2gvbnm0000gn/T

[Thu Feb  5 13:09:48 2026]
Finished jobid: 8 (Rule: plot_psweep)
3 of 4 steps (75%) done
Select jobs to execute...
Execute 1 jobs...
[Thu Feb  5 13:09:48 2026]
localrule all:
    input: results/case_study_sims/E.R1/E.R1_density_plot.pdf, results/case_study_sims/E.R1/E.R1_frequency_plot.pdf, results/parameter_sets/test_sweep_param.csv, results/parameter_sets/testmut_sweep_param.csv, results/parameter_sets/DimR1_sweep_param.csv, results/parameter_sets/DimR1finO_sweep_param.csv, results/parameter_sweeps/pE_DimR1/pE_DimR1_change_plot.pdf, results/parameter_sweeps/pE_DimR1/pE_DimR1_inv_plot.pdf, results/parameter_sweeps/pE_DimR1/pE_DimR1_inv_time_plot.pdf
    jobid: 0
    reason: Input files updated by another job: results/parameter_sweeps/pE_DimR1/pE_DimR1_inv_time_plot.pdf, results/parameter_sweeps/pE_DimR1/pE_DimR1_change_plot.pdf, results/parameter_sweeps/pE_DimR1/pE_DimR1_inv_plot.pdf
    resources: tmpdir=/var/folders/dw/d0fxdqy942jc3trrhg2gvbnm0000gn/T

[Thu Feb  5 13:09:48 2026]
Finished jobid: 0 (Rule: all)
4 of 4 steps (100%) done
Complete log(s): /Users/liz/Documents/UW_Bio_PhD/Kerr_Lab/Plasmid_evolution/PETRI/.snakemake/log/2026-02-05T130906.460947.snakemake.log
