Assuming unrestricted shared filesystem usage.
None
host: Lizs-MacBook-Air-9.local
Building DAG of jobs...
Using shell: /bin/bash
Provided cores: 7
Rules claiming more threads will be scaled down.
Job stats:
job                   count
------------------  -------
all                       1
plot_psweep               1
plot_psweep_strain        1
process_psweep            1
psweep_sims               1
total                     5

Select jobs to execute...
Execute 1 jobs...
[Tue Feb 24 10:10:15 2026]
localrule psweep_sims:
    input: src/simrun_psweep.R, results/parameter_sweeps/pHFC5_S.pB10/pHFC5_S.pB10_params.csv, results/parameter_sweeps/pHFC5_S.pB10/pHFC5_S.pB10_settings.rds
    output: results/parameter_sweeps/pHFC5_S.pB10/pHFC5_S.pB10_out.csv
    jobid: 12
    reason: Missing output files: results/parameter_sweeps/pHFC5_S.pB10/pHFC5_S.pB10_out.csv
    wildcards: psweep=pHFC5_S.pB10
    threads: 6
    resources: tmpdir=/var/folders/dw/d0fxdqy942jc3trrhg2gvbnm0000gn/T

[Tue Feb 24 10:19:06 2026]
Finished jobid: 12 (Rule: psweep_sims)
1 of 5 steps (20%) done
Select jobs to execute...
Execute 1 jobs...
[Tue Feb 24 10:19:06 2026]
localrule process_psweep:
    input: src/process_psweep.R, results/parameter_sweeps/pHFC5_S.pB10/pHFC5_S.pB10_out.csv, results/parameter_sweeps/pHFC5_S.pB10/pHFC5_S.pB10_settings.rds
    output: results/parameter_sweeps/pHFC5_S.pB10/pHFC5_S.pB10_plot.csv
    jobid: 11
    reason: Missing output files: results/parameter_sweeps/pHFC5_S.pB10/pHFC5_S.pB10_plot.csv; Input files updated by another job: results/parameter_sweeps/pHFC5_S.pB10/pHFC5_S.pB10_out.csv
    wildcards: psweep=pHFC5_S.pB10
    resources: tmpdir=/var/folders/dw/d0fxdqy942jc3trrhg2gvbnm0000gn/T

[Tue Feb 24 10:19:10 2026]
Finished jobid: 11 (Rule: process_psweep)
2 of 5 steps (40%) done
Select jobs to execute...
Execute 1 jobs...
[Tue Feb 24 10:19:10 2026]
localrule plot_psweep:
    input: src/plot_psweep.R, results/parameter_sweeps/pHFC5_S.pB10/pHFC5_S.pB10_plot.csv
    output: results/parameter_sweeps/pHFC5_S.pB10/pHFC5_S.pB10_change_plot.pdf, results/parameter_sweeps/pHFC5_S.pB10/pHFC5_S.pB10_inv_change_plot.pdf, results/parameter_sweeps/pHFC5_S.pB10/pHFC5_S.pB10_inv_change_plot.rds
    jobid: 10
    reason: Missing output files: results/parameter_sweeps/pHFC5_S.pB10/pHFC5_S.pB10_change_plot.pdf, results/parameter_sweeps/pHFC5_S.pB10/pHFC5_S.pB10_inv_change_plot.rds, results/parameter_sweeps/pHFC5_S.pB10/pHFC5_S.pB10_inv_change_plot.pdf; Input files updated by another job: results/parameter_sweeps/pHFC5_S.pB10/pHFC5_S.pB10_plot.csv
    wildcards: psweep=pHFC5_S.pB10
    resources: tmpdir=/var/folders/dw/d0fxdqy942jc3trrhg2gvbnm0000gn/T

[Tue Feb 24 10:19:14 2026]
Finished jobid: 10 (Rule: plot_psweep)
3 of 5 steps (60%) done
Select jobs to execute...
Execute 1 jobs...
[Tue Feb 24 10:19:14 2026]
localrule plot_psweep_strain:
    input: input_data/strain_phenotypes.csv, src/plot_psweep_strain.R, results/parameter_sweeps/pHFC5_S.pB10/pHFC5_S.pB10_inv_change_plot.rds
    output: results/parameter_sweeps/pHFC5_S.pB10/pHFC5_S.pB10_inv_change_strain_plot.pdf
    jobid: 46
    reason: Missing output files: results/parameter_sweeps/pHFC5_S.pB10/pHFC5_S.pB10_inv_change_strain_plot.pdf; Input files updated by another job: results/parameter_sweeps/pHFC5_S.pB10/pHFC5_S.pB10_inv_change_plot.rds
    wildcards: psweep=pHFC5_S.pB10
    resources: tmpdir=/var/folders/dw/d0fxdqy942jc3trrhg2gvbnm0000gn/T

[Tue Feb 24 10:19:18 2026]
Finished jobid: 46 (Rule: plot_psweep_strain)
4 of 5 steps (80%) done
Select jobs to execute...
Execute 1 jobs...
[Tue Feb 24 10:19:18 2026]
localrule all:
    input: results/case_study_sims/DG_S.pB10/DG_S.pB10_density_plot.pdf, results/case_study_sims/HFC_S.pB10/HFC_S.pB10_density_plot.pdf, results/case_study_sims/LFC_S.pB10-A/LFC_S.pB10-A_density_plot.pdf, results/case_study_sims/DG_S.pB10/DG_S.pB10_frequency_plot.pdf, results/case_study_sims/HFC_S.pB10/HFC_S.pB10_frequency_plot.pdf, results/case_study_sims/LFC_S.pB10-A/LFC_S.pB10-A_frequency_plot.pdf, results/parameter_sweeps/pHFC5_S.pB10/pHFC5_S.pB10_change_plot.pdf, results/parameter_sweeps/pHFC_S.pB10/pHFC_S.pB10_change_plot.pdf, results/parameter_sweeps/pLFC_S.pB10/pLFC_S.pB10_change_plot.pdf, results/parameter_sweeps/pDim90_E.R1/pDim90_E.R1_change_plot.pdf, results/parameter_sweeps/pDim90_E.RP4/pDim90_E.RP4_change_plot.pdf, results/parameter_sweeps/pHFCi_S.pB10/pHFCi_S.pB10_change_plot.pdf, results/parameter_sweeps/pLFCi_S.pB10/pLFCi_S.pB10_change_plot.pdf, results/parameter_sweeps/pHFC_S.pB10-A/pHFC_S.pB10-A_change_plot.pdf, results/parameter_sweeps/pLFC_S.pB10-A/pLFC_S.pB10-A_change_plot.pdf, results/parameter_sweeps/pHFC5_S.pB10/pHFC5_S.pB10_inv_change_plot.pdf, results/parameter_sweeps/pHFC_S.pB10/pHFC_S.pB10_inv_change_plot.pdf, results/parameter_sweeps/pLFC_S.pB10/pLFC_S.pB10_inv_change_plot.pdf, results/parameter_sweeps/pDim90_E.R1/pDim90_E.R1_inv_change_plot.pdf, results/parameter_sweeps/pDim90_E.RP4/pDim90_E.RP4_inv_change_plot.pdf, results/parameter_sweeps/pHFCi_S.pB10/pHFCi_S.pB10_inv_change_plot.pdf, results/parameter_sweeps/pLFCi_S.pB10/pLFCi_S.pB10_inv_change_plot.pdf, results/parameter_sweeps/pHFC_S.pB10-A/pHFC_S.pB10-A_inv_change_plot.pdf, results/parameter_sweeps/pLFC_S.pB10-A/pLFC_S.pB10-A_inv_change_plot.pdf, results/parameter_sweeps/pHFC5_S.pB10/pHFC5_S.pB10_inv_change_strain_plot.pdf, results/parameter_sweeps/pHFC_S.pB10/pHFC_S.pB10_inv_change_strain_plot.pdf, results/parameter_sweeps/pLFC_S.pB10/pLFC_S.pB10_inv_change_strain_plot.pdf, results/parameter_sweeps/pDim90_E.R1/pDim90_E.R1_inv_change_strain_plot.pdf, results/parameter_sweeps/pDim90_E.RP4/pDim90_E.RP4_inv_change_strain_plot.pdf, results/parameter_sweeps/pHFCi_S.pB10/pHFCi_S.pB10_inv_change_strain_plot.pdf, results/parameter_sweeps/pLFCi_S.pB10/pLFCi_S.pB10_inv_change_strain_plot.pdf, results/parameter_sweeps/pHFC_S.pB10-A/pHFC_S.pB10-A_inv_change_strain_plot.pdf, results/parameter_sweeps/pLFC_S.pB10-A/pLFC_S.pB10-A_inv_change_strain_plot.pdf
    jobid: 0
    reason: Input files updated by another job: results/parameter_sweeps/pHFC5_S.pB10/pHFC5_S.pB10_inv_change_strain_plot.pdf, results/parameter_sweeps/pHFC5_S.pB10/pHFC5_S.pB10_change_plot.pdf, results/parameter_sweeps/pHFC5_S.pB10/pHFC5_S.pB10_inv_change_plot.pdf
    resources: tmpdir=/var/folders/dw/d0fxdqy942jc3trrhg2gvbnm0000gn/T

[Tue Feb 24 10:19:18 2026]
Finished jobid: 0 (Rule: all)
5 of 5 steps (100%) done
Complete log(s): /Users/liz/Documents/UW_Bio_PhD/Kerr_Lab/Plasmid_evolution/PETRI/.snakemake/log/2026-02-24T101014.696421.snakemake.log
