Assuming unrestricted shared filesystem usage.
None
host: Lizs-MacBook-Air-9.local
Building DAG of jobs...
Using shell: /bin/bash
Provided cores: 7
Rules claiming more threads will be scaled down.
Conda environments: ignored
Job stats:
job                        count
-----------------------  -------
all                            1
case_study_sims                4
fig1a                          1
fig3b                          1
fig4                           1
fig5                           1
fig5bd                         1
fig6                           1
fig7                           1
plot_case_study_sims           5
plot_experiments               1
plot_phenotyping               1
process_case_study_sims        4
process_conjugation            1
process_experiments            1
process_extinction             1
process_growth_OD              1
process_growth_plating         1
process_phenotyping            1
total                         29

Select jobs to execute...
Execute 7 jobs...
[Wed May 27 13:54:22 2026]
localrule process_growth_plating:
    input: src/process_growth_plating.R, input_data/experimental_data/2026-04-02_growth_rate_plating.csv
    output: results/phenotyping/growth_rate/plating/growth_density_av.pdf, results/phenotyping/growth_rate/plating/growth_rate_av.pdf, results/phenotyping/growth_rate/plating/growthrate_tt.csv, results/phenotyping/growth_rate/plating/growthrate0-4_av.csv
    jobid: 82
    reason: Params have changed since last execution: Union of exclusive params before and now across all output: before: '{"p_Anc": "#8A407A", "p_Mut": "#8394F6", "p_F": "gray40", "p_growth": "#e7e9fd", "p_conj": "#d8aace", "p_tselect": "#c4bbeb", "p_imm": "#d0ffeb", "p_hc": "#e7e9fd", "p_syn": "#A69AE0", "p_par": "#d8aace"}' now: '{"p_Anc": "#8A407A", "p_Mut": "#8394F6", "p_F": "gray40", "p_growth": "#e7e9fd", "p_conj": "#d8aace", "p_tselect": "#c4bbeb", "p_imm": "#d0ffeb", "p_hc": "#ffecbe", "p_syn": "#3ba9a5", "p_par": "#ffa55a"}' 
    resources: tmpdir=/var/folders/dw/d0fxdqy942jc3trrhg2gvbnm0000gn/T

[Wed May 27 13:54:22 2026]
localrule fig6:
    input: src/fig_psweep.R, results/parameter_sweeps/pHFC_S.pB10/pHFC_S.pB10_inv_change_plot2.rds, results/parameter_sweeps/pLFC_S.pB10/pLFC_S.pB10_inv_change_plot2.rds, results/parameter_sweeps/pHFC_S.pB10-A/pHFC_S.pB10-A_inv_change_plot2.rds, results/parameter_sweeps/pLFC_S.pB10-A/pLFC_S.pB10-A_inv_change_plot2.rds, input_data/strain_phenotypes.csv
    output: figures/fig6_psweep.pdf
    jobid: 90
    reason: Params have changed since last execution: Union of exclusive params before and now across all output: before: '{"p_Anc": "#8A407A", "p_Mut": "#8394F6", "p_F": "gray40", "p_growth": "#e7e9fd", "p_conj": "#d8aace", "p_tselect": "#c4bbeb", "p_imm": "#d0ffeb", "p_hc": "#e7e9fd", "p_syn": "#A69AE0", "p_par": "#d8aace"}' now: '{"p_Anc": "#8A407A", "p_Mut": "#8394F6", "p_F": "gray40", "p_growth": "#e7e9fd", "p_conj": "#d8aace", "p_tselect": "#c4bbeb", "p_imm": "#d0ffeb", "p_hc": "#ffecbe", "p_syn": "#3ba9a5", "p_par": "#ffa55a"}' 
    resources: tmpdir=/var/folders/dw/d0fxdqy942jc3trrhg2gvbnm0000gn/T

[Wed May 27 13:54:22 2026]
localrule case_study_sims:
    input: src/simrun_case_study.R, input_data/case_study_sims/DG_S.pB10_inv_settings.csv
    output: results/case_study_sims/DG_S.pB10/DG_S.pB10_data.csv, results/case_study_sims/DG_S.pB10/DG_S.pB10_data_long.csv, results/case_study_sims/DG_S.pB10/DG_S.pB10_sim_plot.pdf
    jobid: 3
    reason: Params have changed since last execution: Union of exclusive params before and now across all output: before: '{"p_Anc": "#8A407A", "p_Mut": "#8394F6", "p_F": "gray40", "p_growth": "#e7e9fd", "p_conj": "#d8aace", "p_tselect": "#c4bbeb", "p_imm": "#d0ffeb", "p_hc": "#e7e9fd", "p_syn": "#A69AE0", "p_par": "#d8aace"}' now: '{"p_Anc": "#8A407A", "p_Mut": "#8394F6", "p_F": "gray40", "p_growth": "#e7e9fd", "p_conj": "#d8aace", "p_tselect": "#c4bbeb", "p_imm": "#d0ffeb", "p_hc": "#ffecbe", "p_syn": "#3ba9a5", "p_par": "#ffa55a"}' 
    wildcards: treatment=DG_S.pB10
    resources: tmpdir=/var/folders/dw/d0fxdqy942jc3trrhg2gvbnm0000gn/T

[Wed May 27 13:54:22 2026]
localrule plot_case_study_sims:
    input: src/plot_simrun.R, results/case_study_sims/LFC_S.pB10-A_full/LFC_S.pB10-A_full_density_plot_df.csv, results/case_study_sims/LFC_S.pB10-A_full/LFC_S.pB10-A_full_frequency_plot_df.csv, results/case_study_sims/LFC_S.pB10-A_full/LFC_S.pB10-A_full_phases_plot_df.csv
    output: results/case_study_sims/LFC_S.pB10-A_full/LFC_S.pB10-A_full_density_plot.pdf, results/case_study_sims/LFC_S.pB10-A_full/LFC_S.pB10-A_full_frequency_plot.pdf, results/case_study_sims/LFC_S.pB10-A_full/LFC_S.pB10-A_full_density_plot.rds, results/case_study_sims/LFC_S.pB10-A_full/LFC_S.pB10-A_full_frequency_plot.rds
    jobid: 13
    reason: Params have changed since last execution: Union of exclusive params before and now across all output: before: '{"p_Anc": "#8A407A", "p_Mut": "#8394F6", "p_F": "gray40", "p_growth": "#e7e9fd", "p_conj": "#d8aace", "p_tselect": "#c4bbeb", "p_imm": "#d0ffeb", "p_hc": "#e7e9fd", "p_syn": "#A69AE0", "p_par": "#d8aace"}' now: '{"p_Anc": "#8A407A", "p_Mut": "#8394F6", "p_F": "gray40", "p_growth": "#e7e9fd", "p_conj": "#d8aace", "p_tselect": "#c4bbeb", "p_imm": "#d0ffeb", "p_hc": "#ffecbe", "p_syn": "#3ba9a5", "p_par": "#ffa55a"}' 
    wildcards: treatment=LFC_S.pB10-A_full
    resources: tmpdir=/var/folders/dw/d0fxdqy942jc3trrhg2gvbnm0000gn/T

[Wed May 27 13:54:22 2026]
localrule process_extinction:
    input: src/process_extinction.R, input_data/experimental_data/2026-01-27_T_extinction_plating.csv, input_data/experimental_data/2026-01-27_DR_extinction_plating.csv
    output: results/experimental_validation/extinction_cell_counts/extinction_size_av.csv, results/experimental_validation/extinction_cell_counts/colony_size_T_out.pdf, results/experimental_validation/extinction_cell_counts/extinction_all_out.pdf
    jobid: 88
    reason: Params have changed since last execution: Union of exclusive params before and now across all output: before: '{"p_Anc": "#8A407A", "p_Mut": "#8394F6", "p_F": "gray40", "p_growth": "#e7e9fd", "p_conj": "#d8aace", "p_tselect": "#c4bbeb", "p_imm": "#d0ffeb", "p_hc": "#e7e9fd", "p_syn": "#A69AE0", "p_par": "#d8aace"}' now: '{"p_Anc": "#8A407A", "p_Mut": "#8394F6", "p_F": "gray40", "p_growth": "#e7e9fd", "p_conj": "#d8aace", "p_tselect": "#c4bbeb", "p_imm": "#d0ffeb", "p_hc": "#ffecbe", "p_syn": "#3ba9a5", "p_par": "#ffa55a"}' 
    resources: tmpdir=/var/folders/dw/d0fxdqy942jc3trrhg2gvbnm0000gn/T

[Wed May 27 13:54:22 2026]
localrule case_study_sims:
    input: src/simrun_case_study.R, input_data/case_study_sims/HFC_S.pB10_full_inv_settings.csv
    output: results/case_study_sims/HFC_S.pB10_full/HFC_S.pB10_full_data.csv, results/case_study_sims/HFC_S.pB10_full/HFC_S.pB10_full_data_long.csv, results/case_study_sims/HFC_S.pB10_full/HFC_S.pB10_full_sim_plot.pdf
    jobid: 12
    reason: Params have changed since last execution: Union of exclusive params before and now across all output: before: '{"p_Anc": "#8A407A", "p_Mut": "#8394F6", "p_F": "gray40", "p_growth": "#e7e9fd", "p_conj": "#d8aace", "p_tselect": "#c4bbeb", "p_imm": "#d0ffeb", "p_hc": "#e7e9fd", "p_syn": "#A69AE0", "p_par": "#d8aace"}' now: '{"p_Anc": "#8A407A", "p_Mut": "#8394F6", "p_F": "gray40", "p_growth": "#e7e9fd", "p_conj": "#d8aace", "p_tselect": "#c4bbeb", "p_imm": "#d0ffeb", "p_hc": "#ffecbe", "p_syn": "#3ba9a5", "p_par": "#ffa55a"}' 
    wildcards: treatment=HFC_S.pB10_full
    resources: tmpdir=/var/folders/dw/d0fxdqy942jc3trrhg2gvbnm0000gn/T

[Wed May 27 13:54:22 2026]
localrule process_conjugation:
    input: src/process_LDM.R, input_data/experimental_data/2026-02-18_compiled_LDM_plating.xlsx
    output: results/phenotyping/LDM_conjugation/LDM_conj_rates.pdf, results/phenotyping/LDM_conjugation/LDM_conjugation_av.csv, results/phenotyping/LDM_conjugation/LDM_conjugation_tt.csv, results/phenotyping/LDM_conjugation/LDM_density.pdf
    jobid: 83
    reason: Params have changed since last execution: Union of exclusive params before and now across all output: before: '{"p_Anc": "#8A407A", "p_Mut": "#8394F6", "p_F": "gray40", "p_growth": "#e7e9fd", "p_conj": "#d8aace", "p_tselect": "#c4bbeb", "p_imm": "#d0ffeb", "p_hc": "#e7e9fd", "p_syn": "#A69AE0", "p_par": "#d8aace"}' now: '{"p_Anc": "#8A407A", "p_Mut": "#8394F6", "p_F": "gray40", "p_growth": "#e7e9fd", "p_conj": "#d8aace", "p_tselect": "#c4bbeb", "p_imm": "#d0ffeb", "p_hc": "#ffecbe", "p_syn": "#3ba9a5", "p_par": "#ffa55a"}' 
    resources: tmpdir=/var/folders/dw/d0fxdqy942jc3trrhg2gvbnm0000gn/T

Select jobs to execute...
[Wed May 27 13:54:30 2026]
Finished jobid: 82 (Rule: process_growth_plating)
1 of 29 steps (3%) done
Execute 1 jobs...
[Wed May 27 13:54:30 2026]
localrule fig1a:
    input: src/fig_axes.R, results/.r_setup_complete.flag
    output: figures/panels/fig1a_axes.pdf, figures/panels/fig1a_axes.rds
    jobid: 77
    reason: Params have changed since last execution: Union of exclusive params before and now across all output: before: '{"p_Anc": "#8A407A", "p_Mut": "#8394F6", "p_F": "gray40", "p_growth": "#e7e9fd", "p_conj": "#d8aace", "p_tselect": "#c4bbeb", "p_imm": "#d0ffeb", "p_hc": "#e7e9fd", "p_syn": "#A69AE0", "p_par": "#d8aace"}' now: '{"p_Anc": "#8A407A", "p_Mut": "#8394F6", "p_F": "gray40", "p_growth": "#e7e9fd", "p_conj": "#d8aace", "p_tselect": "#c4bbeb", "p_imm": "#d0ffeb", "p_hc": "#ffecbe", "p_syn": "#3ba9a5", "p_par": "#ffa55a"}' 
    resources: tmpdir=/var/folders/dw/d0fxdqy942jc3trrhg2gvbnm0000gn/T

[Wed May 27 13:54:30 2026]
Finished jobid: 83 (Rule: process_conjugation)
2 of 29 steps (7%) done
Select jobs to execute...
Execute 1 jobs...
[Wed May 27 13:54:31 2026]
localrule case_study_sims:
    input: src/simrun_case_study.R, input_data/case_study_sims/LFC_S.pB10-A_inv_settings.csv
    output: results/case_study_sims/LFC_S.pB10-A/LFC_S.pB10-A_data.csv, results/case_study_sims/LFC_S.pB10-A/LFC_S.pB10-A_data_long.csv, results/case_study_sims/LFC_S.pB10-A/LFC_S.pB10-A_sim_plot.pdf
    jobid: 9
    reason: Params have changed since last execution: Union of exclusive params before and now across all output: before: '{"p_Anc": "#8A407A", "p_Mut": "#8394F6", "p_F": "gray40", "p_growth": "#e7e9fd", "p_conj": "#d8aace", "p_tselect": "#c4bbeb", "p_imm": "#d0ffeb", "p_hc": "#e7e9fd", "p_syn": "#A69AE0", "p_par": "#d8aace"}' now: '{"p_Anc": "#8A407A", "p_Mut": "#8394F6", "p_F": "gray40", "p_growth": "#e7e9fd", "p_conj": "#d8aace", "p_tselect": "#c4bbeb", "p_imm": "#d0ffeb", "p_hc": "#ffecbe", "p_syn": "#3ba9a5", "p_par": "#ffa55a"}' 
    wildcards: treatment=LFC_S.pB10-A
    resources: tmpdir=/var/folders/dw/d0fxdqy942jc3trrhg2gvbnm0000gn/T

Select jobs to execute...
[Wed May 27 13:54:31 2026]
Finished jobid: 12 (Rule: case_study_sims)
3 of 29 steps (10%) done
Execute 1 jobs...
[Wed May 27 13:54:31 2026]
localrule process_case_study_sims:
    input: src/process_simrun.R, results/case_study_sims/HFC_S.pB10_full/HFC_S.pB10_full_data.csv, results/case_study_sims/HFC_S.pB10_full/HFC_S.pB10_full_data_long.csv
    output: results/case_study_sims/HFC_S.pB10_full/HFC_S.pB10_full_density_plot_df.csv, results/case_study_sims/HFC_S.pB10_full/HFC_S.pB10_full_frequency_plot_df.csv, results/case_study_sims/HFC_S.pB10_full/HFC_S.pB10_full_phases_plot_df.csv
    jobid: 11
    reason: Input files updated by another job: results/case_study_sims/HFC_S.pB10_full/HFC_S.pB10_full_data.csv, results/case_study_sims/HFC_S.pB10_full/HFC_S.pB10_full_data_long.csv
    wildcards: treatment=HFC_S.pB10_full
    resources: tmpdir=/var/folders/dw/d0fxdqy942jc3trrhg2gvbnm0000gn/T

[Wed May 27 13:54:31 2026]
Finished jobid: 13 (Rule: plot_case_study_sims)
4 of 29 steps (14%) done
Select jobs to execute...
Execute 1 jobs...
[Wed May 27 13:54:31 2026]
localrule fig7:
    input: src/fig_Dim_psweep.R, input_data/strain_phenotypes.csv, results/parameter_sweeps/pDim90_E.R1/pDim90_E.R1_inv_change_plot.rds
    output: figures/fig7_Dim_psweep.pdf
    jobid: 91
    reason: Params have changed since last execution: Union of exclusive params before and now across all output: before: '{"p_Anc": "#8A407A", "p_Mut": "#8394F6", "p_F": "gray40", "p_growth": "#e7e9fd", "p_conj": "#d8aace", "p_tselect": "#c4bbeb", "p_imm": "#d0ffeb", "p_hc": "#e7e9fd", "p_syn": "#A69AE0", "p_par": "#d8aace"}' now: '{"p_Anc": "#8A407A", "p_Mut": "#8394F6", "p_F": "gray40", "p_growth": "#e7e9fd", "p_conj": "#d8aace", "p_tselect": "#c4bbeb", "p_imm": "#d0ffeb", "p_hc": "#ffecbe", "p_syn": "#3ba9a5", "p_par": "#ffa55a"}' 
    resources: tmpdir=/var/folders/dw/d0fxdqy942jc3trrhg2gvbnm0000gn/T

[Wed May 27 13:54:31 2026]
Finished jobid: 88 (Rule: process_extinction)
5 of 29 steps (17%) done
Select jobs to execute...
Execute 1 jobs...
[Wed May 27 13:54:31 2026]
localrule process_growth_OD:
    input: src/process_growth_OD.R, input_data/experimental_data/2026-04-16_OD_growth_curve.xlsx
    output: results/phenotyping/growth_rate/OD/growthratemax_av.csv, results/phenotyping/growth_rate/OD/growthcurve_allrep.pdf, results/phenotyping/growth_rate/OD/growthcurve_av.pdf, results/phenotyping/growth_rate/OD/growthcurve_av.rds, results/phenotyping/growth_rate/OD/growthrate_av.pdf, results/phenotyping/growth_rate/OD/growthrate_av.rds, results/phenotyping/growth_rate/OD/growthratemax_av.pdf, results/phenotyping/growth_rate/OD/growthratemax_av.rds
    jobid: 76
    reason: Params have changed since last execution: Union of exclusive params before and now across all output: before: '{"p_Anc": "#8A407A", "p_Mut": "#8394F6", "p_F": "gray40", "p_growth": "#e7e9fd", "p_conj": "#d8aace", "p_tselect": "#c4bbeb", "p_imm": "#d0ffeb", "p_hc": "#e7e9fd", "p_syn": "#A69AE0", "p_par": "#d8aace"}' now: '{"p_Anc": "#8A407A", "p_Mut": "#8394F6", "p_F": "gray40", "p_growth": "#e7e9fd", "p_conj": "#d8aace", "p_tselect": "#c4bbeb", "p_imm": "#d0ffeb", "p_hc": "#ffecbe", "p_syn": "#3ba9a5", "p_par": "#ffa55a"}' 
    resources: tmpdir=/var/folders/dw/d0fxdqy942jc3trrhg2gvbnm0000gn/T

Select jobs to execute...
[Wed May 27 13:54:32 2026]
Finished jobid: 90 (Rule: fig6)
6 of 29 steps (21%) done
Execute 1 jobs...
[Wed May 27 13:54:32 2026]
localrule case_study_sims:
    input: src/simrun_case_study.R, input_data/case_study_sims/HFC_S.pB10_inv_settings.csv
    output: results/case_study_sims/HFC_S.pB10/HFC_S.pB10_data.csv, results/case_study_sims/HFC_S.pB10/HFC_S.pB10_data_long.csv, results/case_study_sims/HFC_S.pB10/HFC_S.pB10_sim_plot.pdf
    jobid: 6
    reason: Params have changed since last execution: Union of exclusive params before and now across all output: before: '{"p_Anc": "#8A407A", "p_Mut": "#8394F6", "p_F": "gray40", "p_growth": "#e7e9fd", "p_conj": "#d8aace", "p_tselect": "#c4bbeb", "p_imm": "#d0ffeb", "p_hc": "#e7e9fd", "p_syn": "#A69AE0", "p_par": "#d8aace"}' now: '{"p_Anc": "#8A407A", "p_Mut": "#8394F6", "p_F": "gray40", "p_growth": "#e7e9fd", "p_conj": "#d8aace", "p_tselect": "#c4bbeb", "p_imm": "#d0ffeb", "p_hc": "#ffecbe", "p_syn": "#3ba9a5", "p_par": "#ffa55a"}' 
    wildcards: treatment=HFC_S.pB10
    resources: tmpdir=/var/folders/dw/d0fxdqy942jc3trrhg2gvbnm0000gn/T

Select jobs to execute...
[Wed May 27 13:54:37 2026]
Finished jobid: 3 (Rule: case_study_sims)
7 of 29 steps (24%) done
Execute 1 jobs...
[Wed May 27 13:54:37 2026]
localrule process_case_study_sims:
    input: src/process_simrun.R, results/case_study_sims/DG_S.pB10/DG_S.pB10_data.csv, results/case_study_sims/DG_S.pB10/DG_S.pB10_data_long.csv
    output: results/case_study_sims/DG_S.pB10/DG_S.pB10_density_plot_df.csv, results/case_study_sims/DG_S.pB10/DG_S.pB10_frequency_plot_df.csv, results/case_study_sims/DG_S.pB10/DG_S.pB10_phases_plot_df.csv
    jobid: 2
    reason: Input files updated by another job: results/case_study_sims/DG_S.pB10/DG_S.pB10_data.csv, results/case_study_sims/DG_S.pB10/DG_S.pB10_data_long.csv
    wildcards: treatment=DG_S.pB10
    resources: tmpdir=/var/folders/dw/d0fxdqy942jc3trrhg2gvbnm0000gn/T

Select jobs to execute...
[Wed May 27 13:54:37 2026]
Finished jobid: 77 (Rule: fig1a)
8 of 29 steps (28%) done
Execute 1 jobs...
[Wed May 27 13:54:38 2026]
localrule process_phenotyping:
    input: src/process_phenotyping.R, results/phenotyping/growth_rate/plating/growthrate0-4_av.csv, results/phenotyping/LDM_conjugation/LDM_conjugation_av.csv
    output: results/phenotyping/phenotyping_av.csv
    jobid: 81
    reason: Input files updated by another job: results/phenotyping/growth_rate/plating/growthrate0-4_av.csv, results/phenotyping/LDM_conjugation/LDM_conjugation_av.csv
    resources: tmpdir=/var/folders/dw/d0fxdqy942jc3trrhg2gvbnm0000gn/T

Select jobs to execute...
[Wed May 27 13:54:38 2026]
Finished jobid: 11 (Rule: process_case_study_sims)
9 of 29 steps (31%) done
Execute 1 jobs...
[Wed May 27 13:54:38 2026]
localrule process_experiments:
    input: src/process_experiments.R, results/experimental_validation/extinction_cell_counts/extinction_size_av.csv, input_data/experimental_data/2026-01-27_HFC_plating.csv, input_data/experimental_data/2026-01-27_LFC_plating.csv
    output: results/experimental_validation/HFC/HFC_plating_processed_av.csv, results/experimental_validation/HFC/HFC_frequency_processed_av.csv, results/experimental_validation/HFC/HFC_ttest.csv, results/experimental_validation/LFC/LFC_plating_processed_av.csv, results/experimental_validation/LFC/LFC_frequency_processed_av.csv, results/experimental_validation/LFC/LFC_ttest.csv
    jobid: 87
    reason: Input files updated by another job: results/experimental_validation/extinction_cell_counts/extinction_size_av.csv
    resources: tmpdir=/var/folders/dw/d0fxdqy942jc3trrhg2gvbnm0000gn/T

Select jobs to execute...
[Wed May 27 13:54:39 2026]
Finished jobid: 91 (Rule: fig7)
10 of 29 steps (34%) done
Execute 1 jobs...
[Wed May 27 13:54:39 2026]
localrule plot_case_study_sims:
    input: src/plot_simrun.R, results/case_study_sims/HFC_S.pB10_full/HFC_S.pB10_full_density_plot_df.csv, results/case_study_sims/HFC_S.pB10_full/HFC_S.pB10_full_frequency_plot_df.csv, results/case_study_sims/HFC_S.pB10_full/HFC_S.pB10_full_phases_plot_df.csv
    output: results/case_study_sims/HFC_S.pB10_full/HFC_S.pB10_full_density_plot.pdf, results/case_study_sims/HFC_S.pB10_full/HFC_S.pB10_full_frequency_plot.pdf, results/case_study_sims/HFC_S.pB10_full/HFC_S.pB10_full_density_plot.rds, results/case_study_sims/HFC_S.pB10_full/HFC_S.pB10_full_frequency_plot.rds
    jobid: 10
    reason: Input files updated by another job: results/case_study_sims/HFC_S.pB10_full/HFC_S.pB10_full_frequency_plot_df.csv, results/case_study_sims/HFC_S.pB10_full/HFC_S.pB10_full_phases_plot_df.csv, results/case_study_sims/HFC_S.pB10_full/HFC_S.pB10_full_density_plot_df.csv
    wildcards: treatment=HFC_S.pB10_full
    resources: tmpdir=/var/folders/dw/d0fxdqy942jc3trrhg2gvbnm0000gn/T

[Wed May 27 13:54:40 2026]
Finished jobid: 81 (Rule: process_phenotyping)
11 of 29 steps (38%) done
Select jobs to execute...
Execute 1 jobs...
[Wed May 27 13:54:40 2026]
localrule plot_phenotyping:
    input: src/plot_phenotyping.R, results/phenotyping/phenotyping_av.csv
    output: results/phenotyping/pB10_phenotyping.pdf, results/phenotyping/pB10_phenotyping.rds, results/phenotyping/pB10_mut_inv.pdf, results/phenotyping/pB10_mut_inv.rds, results/phenotyping/pB10_anc_inv.pdf, results/phenotyping/pB10_anc_inv.rds
    jobid: 80
    reason: Input files updated by another job: results/phenotyping/phenotyping_av.csv
    resources: tmpdir=/var/folders/dw/d0fxdqy942jc3trrhg2gvbnm0000gn/T

[Wed May 27 13:54:41 2026]
Finished jobid: 6 (Rule: case_study_sims)
12 of 29 steps (41%) done
Select jobs to execute...
Execute 1 jobs...
[Wed May 27 13:54:41 2026]
localrule process_case_study_sims:
    input: src/process_simrun.R, results/case_study_sims/HFC_S.pB10/HFC_S.pB10_data.csv, results/case_study_sims/HFC_S.pB10/HFC_S.pB10_data_long.csv
    output: results/case_study_sims/HFC_S.pB10/HFC_S.pB10_density_plot_df.csv, results/case_study_sims/HFC_S.pB10/HFC_S.pB10_frequency_plot_df.csv, results/case_study_sims/HFC_S.pB10/HFC_S.pB10_phases_plot_df.csv
    jobid: 5
    reason: Input files updated by another job: results/case_study_sims/HFC_S.pB10/HFC_S.pB10_data_long.csv, results/case_study_sims/HFC_S.pB10/HFC_S.pB10_data.csv
    wildcards: treatment=HFC_S.pB10
    resources: tmpdir=/var/folders/dw/d0fxdqy942jc3trrhg2gvbnm0000gn/T

[Wed May 27 13:54:41 2026]
Finished jobid: 76 (Rule: process_growth_OD)
13 of 29 steps (45%) done
[Wed May 27 13:54:42 2026]
Finished jobid: 87 (Rule: process_experiments)
14 of 29 steps (48%) done
Select jobs to execute...
Execute 1 jobs...
[Wed May 27 13:54:42 2026]
localrule plot_experiments:
    input: src/plot_experiments.R, results/experimental_validation/HFC/HFC_plating_processed_av.csv, results/experimental_validation/HFC/HFC_frequency_processed_av.csv, results/experimental_validation/LFC/LFC_plating_processed_av.csv, results/experimental_validation/LFC/LFC_frequency_processed_av.csv
    output: results/experimental_validation/HFC/HFC_density_plot.pdf, results/experimental_validation/HFC/HFC_density_plot.rds, results/experimental_validation/HFC/HFC_frequency_plot.pdf, results/experimental_validation/HFC/HFC_frequency_plot.rds, results/experimental_validation/LFC/LFC_density_plot.pdf, results/experimental_validation/LFC/LFC_density_plot.rds, results/experimental_validation/LFC/LFC_frequency_plot.pdf, results/experimental_validation/LFC/LFC_frequency_plot.rds
    jobid: 86
    reason: Input files updated by another job: results/experimental_validation/LFC/LFC_plating_processed_av.csv, results/experimental_validation/HFC/HFC_frequency_processed_av.csv, results/experimental_validation/LFC/LFC_frequency_processed_av.csv, results/experimental_validation/HFC/HFC_plating_processed_av.csv
    resources: tmpdir=/var/folders/dw/d0fxdqy942jc3trrhg2gvbnm0000gn/T

[Wed May 27 13:54:42 2026]
Finished jobid: 9 (Rule: case_study_sims)
15 of 29 steps (52%) done
Select jobs to execute...
Execute 1 jobs...
[Wed May 27 13:54:42 2026]
localrule process_case_study_sims:
    input: src/process_simrun.R, results/case_study_sims/LFC_S.pB10-A/LFC_S.pB10-A_data.csv, results/case_study_sims/LFC_S.pB10-A/LFC_S.pB10-A_data_long.csv
    output: results/case_study_sims/LFC_S.pB10-A/LFC_S.pB10-A_density_plot_df.csv, results/case_study_sims/LFC_S.pB10-A/LFC_S.pB10-A_frequency_plot_df.csv, results/case_study_sims/LFC_S.pB10-A/LFC_S.pB10-A_phases_plot_df.csv
    jobid: 8
    reason: Input files updated by another job: results/case_study_sims/LFC_S.pB10-A/LFC_S.pB10-A_data.csv, results/case_study_sims/LFC_S.pB10-A/LFC_S.pB10-A_data_long.csv
    wildcards: treatment=LFC_S.pB10-A
    resources: tmpdir=/var/folders/dw/d0fxdqy942jc3trrhg2gvbnm0000gn/T

[Wed May 27 13:54:45 2026]
Finished jobid: 2 (Rule: process_case_study_sims)
16 of 29 steps (55%) done
Select jobs to execute...
Execute 1 jobs...
[Wed May 27 13:54:45 2026]
localrule plot_case_study_sims:
    input: src/plot_simrun.R, results/case_study_sims/DG_S.pB10/DG_S.pB10_density_plot_df.csv, results/case_study_sims/DG_S.pB10/DG_S.pB10_frequency_plot_df.csv, results/case_study_sims/DG_S.pB10/DG_S.pB10_phases_plot_df.csv
    output: results/case_study_sims/DG_S.pB10/DG_S.pB10_density_plot.pdf, results/case_study_sims/DG_S.pB10/DG_S.pB10_frequency_plot.pdf, results/case_study_sims/DG_S.pB10/DG_S.pB10_density_plot.rds, results/case_study_sims/DG_S.pB10/DG_S.pB10_frequency_plot.rds
    jobid: 1
    reason: Input files updated by another job: results/case_study_sims/DG_S.pB10/DG_S.pB10_density_plot_df.csv, results/case_study_sims/DG_S.pB10/DG_S.pB10_frequency_plot_df.csv, results/case_study_sims/DG_S.pB10/DG_S.pB10_phases_plot_df.csv
    wildcards: treatment=DG_S.pB10
    resources: tmpdir=/var/folders/dw/d0fxdqy942jc3trrhg2gvbnm0000gn/T

[Wed May 27 13:54:47 2026]
Finished jobid: 5 (Rule: process_case_study_sims)
17 of 29 steps (59%) done
Select jobs to execute...
Execute 1 jobs...
[Wed May 27 13:54:47 2026]
localrule plot_case_study_sims:
    input: src/plot_simrun.R, results/case_study_sims/HFC_S.pB10/HFC_S.pB10_density_plot_df.csv, results/case_study_sims/HFC_S.pB10/HFC_S.pB10_frequency_plot_df.csv, results/case_study_sims/HFC_S.pB10/HFC_S.pB10_phases_plot_df.csv
    output: results/case_study_sims/HFC_S.pB10/HFC_S.pB10_density_plot.pdf, results/case_study_sims/HFC_S.pB10/HFC_S.pB10_frequency_plot.pdf, results/case_study_sims/HFC_S.pB10/HFC_S.pB10_density_plot.rds, results/case_study_sims/HFC_S.pB10/HFC_S.pB10_frequency_plot.rds
    jobid: 4
    reason: Input files updated by another job: results/case_study_sims/HFC_S.pB10/HFC_S.pB10_density_plot_df.csv, results/case_study_sims/HFC_S.pB10/HFC_S.pB10_frequency_plot_df.csv, results/case_study_sims/HFC_S.pB10/HFC_S.pB10_phases_plot_df.csv
    wildcards: treatment=HFC_S.pB10
    resources: tmpdir=/var/folders/dw/d0fxdqy942jc3trrhg2gvbnm0000gn/T

[Wed May 27 13:54:47 2026]
Finished jobid: 10 (Rule: plot_case_study_sims)
18 of 29 steps (62%) done
[Wed May 27 13:54:48 2026]
Finished jobid: 80 (Rule: plot_phenotyping)
19 of 29 steps (66%) done
Select jobs to execute...
Execute 1 jobs...
[Wed May 27 13:54:48 2026]
localrule fig3b:
    input: src/fig_phenotyping_labeled.R, results/phenotyping/pB10_phenotyping.rds, results/phenotyping/phenotyping_av.csv, results/phenotyping/growth_rate/plating/growthrate_tt.csv, results/phenotyping/LDM_conjugation/LDM_conjugation_tt.csv
    output: figures/panels/fig3b_phenotyping.pdf, figures/panels/fig3b_phenotyping.rds
    jobid: 79
    reason: Input files updated by another job: results/phenotyping/LDM_conjugation/LDM_conjugation_tt.csv, results/phenotyping/pB10_phenotyping.rds, results/phenotyping/phenotyping_av.csv, results/phenotyping/growth_rate/plating/growthrate_tt.csv
    resources: tmpdir=/var/folders/dw/d0fxdqy942jc3trrhg2gvbnm0000gn/T

[Wed May 27 13:54:48 2026]
Finished jobid: 8 (Rule: process_case_study_sims)
20 of 29 steps (69%) done
Select jobs to execute...
Execute 2 jobs...
[Wed May 27 13:54:48 2026]
localrule plot_case_study_sims:
    input: src/plot_simrun.R, results/case_study_sims/LFC_S.pB10-A/LFC_S.pB10-A_density_plot_df.csv, results/case_study_sims/LFC_S.pB10-A/LFC_S.pB10-A_frequency_plot_df.csv, results/case_study_sims/LFC_S.pB10-A/LFC_S.pB10-A_phases_plot_df.csv
    output: results/case_study_sims/LFC_S.pB10-A/LFC_S.pB10-A_density_plot.pdf, results/case_study_sims/LFC_S.pB10-A/LFC_S.pB10-A_frequency_plot.pdf, results/case_study_sims/LFC_S.pB10-A/LFC_S.pB10-A_density_plot.rds, results/case_study_sims/LFC_S.pB10-A/LFC_S.pB10-A_frequency_plot.rds
    jobid: 7
    reason: Input files updated by another job: results/case_study_sims/LFC_S.pB10-A/LFC_S.pB10-A_phases_plot_df.csv, results/case_study_sims/LFC_S.pB10-A/LFC_S.pB10-A_frequency_plot_df.csv, results/case_study_sims/LFC_S.pB10-A/LFC_S.pB10-A_density_plot_df.csv
    wildcards: treatment=LFC_S.pB10-A
    resources: tmpdir=/var/folders/dw/d0fxdqy942jc3trrhg2gvbnm0000gn/T

[Wed May 27 13:54:48 2026]
localrule fig5bd:
    input: src/fig_exp_sim.R, src/ggplot_theme.R, results/experimental_validation/HFC/HFC_frequency_processed_av.csv, results/experimental_validation/LFC/LFC_frequency_processed_av.csv, results/case_study_sims/HFC_S.pB10/HFC_S.pB10_frequency_plot_df.csv, results/case_study_sims/LFC_S.pB10-A/LFC_S.pB10-A_frequency_plot_df.csv
    output: figures/panels/fig5d_HFC.pdf, figures/panels/fig5d_HFC.rds, figures/panels/fig5b_LFC.pdf, figures/panels/fig5b_LFC.rds
    jobid: 89
    reason: Input files updated by another job: results/experimental_validation/HFC/HFC_frequency_processed_av.csv, results/experimental_validation/LFC/LFC_frequency_processed_av.csv, results/case_study_sims/HFC_S.pB10/HFC_S.pB10_frequency_plot_df.csv, results/case_study_sims/LFC_S.pB10-A/LFC_S.pB10-A_frequency_plot_df.csv
    resources: tmpdir=/var/folders/dw/d0fxdqy942jc3trrhg2gvbnm0000gn/T

[Wed May 27 13:54:50 2026]
Finished jobid: 86 (Rule: plot_experiments)
21 of 29 steps (72%) done
[Wed May 27 13:54:52 2026]
Finished jobid: 1 (Rule: plot_case_study_sims)
22 of 29 steps (76%) done
Select jobs to execute...
Execute 1 jobs...
[Wed May 27 13:54:52 2026]
localrule fig4:
    input: src/fig_DG.R, results/case_study_sims/DG_S.pB10/DG_S.pB10_density_plot.rds, results/case_study_sims/DG_S.pB10/DG_S.pB10_frequency_plot.rds
    output: figures/fig4_DG_invasion.pdf
    jobid: 84
    reason: Input files updated by another job: results/case_study_sims/DG_S.pB10/DG_S.pB10_density_plot.rds, results/case_study_sims/DG_S.pB10/DG_S.pB10_frequency_plot.rds
    resources: tmpdir=/var/folders/dw/d0fxdqy942jc3trrhg2gvbnm0000gn/T

[Wed May 27 13:54:54 2026]
Finished jobid: 84 (Rule: fig4)
23 of 29 steps (79%) done
[Wed May 27 13:54:54 2026]
Finished jobid: 4 (Rule: plot_case_study_sims)
24 of 29 steps (83%) done
[Wed May 27 13:54:54 2026]
Finished jobid: 79 (Rule: fig3b)
25 of 29 steps (86%) done
[Wed May 27 13:54:55 2026]
Finished jobid: 7 (Rule: plot_case_study_sims)
26 of 29 steps (90%) done
[Wed May 27 13:54:56 2026]
Finished jobid: 89 (Rule: fig5bd)
27 of 29 steps (93%) done
Select jobs to execute...
Execute 1 jobs...
[Wed May 27 13:54:56 2026]
localrule fig5:
    input: src/fig_validation.R, results/case_study_sims/HFC_S.pB10/HFC_S.pB10_frequency_plot.rds, results/case_study_sims/LFC_S.pB10-A/LFC_S.pB10-A_frequency_plot.rds, results/experimental_validation/HFC/HFC_frequency_plot.rds, results/experimental_validation/LFC/LFC_frequency_plot.rds, results/phenotyping/phenotyping_av.csv, results/phenotyping/pB10_anc_inv.rds, results/phenotyping/pB10_mut_inv.rds, figures/panels/fig5d_HFC.rds, figures/panels/fig5b_LFC.rds
    output: figures/fig5_validation.pdf, figures/fig5_validation2.pdf, figures/fig5_validation3.pdf
    jobid: 85
    reason: Input files updated by another job: figures/panels/fig5d_HFC.rds, figures/panels/fig5b_LFC.rds, results/phenotyping/pB10_mut_inv.rds, results/experimental_validation/HFC/HFC_frequency_plot.rds, results/case_study_sims/LFC_S.pB10-A/LFC_S.pB10-A_frequency_plot.rds, results/experimental_validation/LFC/LFC_frequency_plot.rds, results/case_study_sims/HFC_S.pB10/HFC_S.pB10_frequency_plot.rds, results/phenotyping/phenotyping_av.csv, results/phenotyping/pB10_anc_inv.rds
    resources: tmpdir=/var/folders/dw/d0fxdqy942jc3trrhg2gvbnm0000gn/T

[Wed May 27 13:54:59 2026]
Finished jobid: 85 (Rule: fig5)
28 of 29 steps (97%) done
Select jobs to execute...
Execute 1 jobs...
[Wed May 27 13:55:00 2026]
localrule all:
    input: results/case_study_sims/DG_S.pB10/DG_S.pB10_frequency_plot.pdf, results/case_study_sims/HFC_S.pB10/HFC_S.pB10_frequency_plot.pdf, results/case_study_sims/LFC_S.pB10-A/LFC_S.pB10-A_frequency_plot.pdf, results/case_study_sims/HFC_S.pB10_full/HFC_S.pB10_full_frequency_plot.pdf, results/case_study_sims/LFC_S.pB10-A_full/LFC_S.pB10-A_full_frequency_plot.pdf, results/parameter_sweeps/pHFC_S.pB10/pHFC_S.pB10_change_plot.pdf, results/parameter_sweeps/pLFC_S.pB10/pLFC_S.pB10_change_plot.pdf, results/parameter_sweeps/pDim90_E.R1/pDim90_E.R1_change_plot.pdf, results/parameter_sweeps/pDim90_E.RP4/pDim90_E.RP4_change_plot.pdf, results/parameter_sweeps/pHFC_S.pB10-A/pHFC_S.pB10-A_change_plot.pdf, results/parameter_sweeps/pLFC_S.pB10-A/pLFC_S.pB10-A_change_plot.pdf, results/parameter_sweeps/pHFCi_S.pB10/pHFCi_S.pB10_change_plot.pdf, results/parameter_sweeps/pLFCi_S.pB10/pLFCi_S.pB10_change_plot.pdf, results/parameter_sweeps/pHFCi2_S.pB10/pHFCi2_S.pB10_change_plot.pdf, results/parameter_sweeps/pLFCi2_S.pB10/pLFCi2_S.pB10_change_plot.pdf, results/parameter_sweeps/pDG_S.pB10/pDG_S.pB10_change_plot.pdf, results/parameter_sweeps/pDGs_S.pB10/pDGs_S.pB10_change_plot.pdf, results/parameter_sweeps/pHFC_S.pB10/pHFC_S.pB10_inv_change_plot.pdf, results/parameter_sweeps/pLFC_S.pB10/pLFC_S.pB10_inv_change_plot.pdf, results/parameter_sweeps/pDim90_E.R1/pDim90_E.R1_inv_change_plot.pdf, results/parameter_sweeps/pDim90_E.RP4/pDim90_E.RP4_inv_change_plot.pdf, results/parameter_sweeps/pHFC_S.pB10-A/pHFC_S.pB10-A_inv_change_plot.pdf, results/parameter_sweeps/pLFC_S.pB10-A/pLFC_S.pB10-A_inv_change_plot.pdf, results/parameter_sweeps/pHFCi_S.pB10/pHFCi_S.pB10_inv_change_plot.pdf, results/parameter_sweeps/pLFCi_S.pB10/pLFCi_S.pB10_inv_change_plot.pdf, results/parameter_sweeps/pHFCi2_S.pB10/pHFCi2_S.pB10_inv_change_plot.pdf, results/parameter_sweeps/pLFCi2_S.pB10/pLFCi2_S.pB10_inv_change_plot.pdf, results/parameter_sweeps/pDG_S.pB10/pDG_S.pB10_inv_change_plot.pdf, results/parameter_sweeps/pDGs_S.pB10/pDGs_S.pB10_inv_change_plot.pdf, results/parameter_sweeps/pHFC_S.pB10/pHFC_S.pB10_inv_change_strain_plot.pdf, results/parameter_sweeps/pLFC_S.pB10/pLFC_S.pB10_inv_change_strain_plot.pdf, results/parameter_sweeps/pDim90_E.R1/pDim90_E.R1_inv_change_strain_plot.pdf, results/parameter_sweeps/pDim90_E.RP4/pDim90_E.RP4_inv_change_strain_plot.pdf, results/parameter_sweeps/pHFC_S.pB10-A/pHFC_S.pB10-A_inv_change_strain_plot.pdf, results/parameter_sweeps/pLFC_S.pB10-A/pLFC_S.pB10-A_inv_change_strain_plot.pdf, results/parameter_sweeps/pHFCi_S.pB10/pHFCi_S.pB10_inv_change_strain_plot.pdf, results/parameter_sweeps/pLFCi_S.pB10/pLFCi_S.pB10_inv_change_strain_plot.pdf, results/parameter_sweeps/pHFCi2_S.pB10/pHFCi2_S.pB10_inv_change_strain_plot.pdf, results/parameter_sweeps/pLFCi2_S.pB10/pLFCi2_S.pB10_inv_change_strain_plot.pdf, results/parameter_sweeps/pDG_S.pB10/pDG_S.pB10_inv_change_strain_plot.pdf, results/parameter_sweeps/pDGs_S.pB10/pDGs_S.pB10_inv_change_strain_plot.pdf, results/phenotyping/growth_rate/OD/growthrate_av.pdf, figures/panels/fig1a_axes.pdf, figures/panels/fig3b_phenotyping.pdf, figures/fig4_DG_invasion.pdf, figures/fig5_validation2.pdf, figures/fig5_validation3.pdf, figures/fig6_psweep.pdf, figures/fig7_Dim_psweep.pdf
    jobid: 0
    reason: Input files updated by another job: results/case_study_sims/LFC_S.pB10-A/LFC_S.pB10-A_frequency_plot.pdf, results/case_study_sims/DG_S.pB10/DG_S.pB10_frequency_plot.pdf, figures/panels/fig1a_axes.pdf, figures/fig6_psweep.pdf, figures/fig5_validation2.pdf, figures/fig5_validation3.pdf, results/case_study_sims/LFC_S.pB10-A_full/LFC_S.pB10-A_full_frequency_plot.pdf, results/case_study_sims/HFC_S.pB10/HFC_S.pB10_frequency_plot.pdf, results/phenotyping/growth_rate/OD/growthrate_av.pdf, figures/fig7_Dim_psweep.pdf, figures/panels/fig3b_phenotyping.pdf, results/case_study_sims/HFC_S.pB10_full/HFC_S.pB10_full_frequency_plot.pdf, figures/fig4_DG_invasion.pdf
    resources: tmpdir=/var/folders/dw/d0fxdqy942jc3trrhg2gvbnm0000gn/T

[Wed May 27 13:55:00 2026]
Finished jobid: 0 (Rule: all)
29 of 29 steps (100%) done
Complete log(s): /Users/liz/Documents/UW_Bio_PhD/Kerr_Lab/Plasmid_evolution/PETRI/.snakemake/log/2026-05-27T135421.761001.snakemake.log
