Assuming unrestricted shared filesystem usage.
None
host: Lizs-MacBook-Air-9.local
Building DAG of jobs...
Using shell: /bin/bash
Provided cores: 7
Rules claiming more threads will be scaled down.
Job stats:
job               count
--------------  -------
all                   1
plot_psweep           1
process_psweep        1
psweep_sims           1
total                 4

Select jobs to execute...
Execute 1 jobs...
[Fri Jan 30 15:44:22 2026]
localrule psweep_sims:
    input: src/simrun_psweep.R, input_data/Treatments_parameter_sweep.csv
    output: results/parameter_sweeps/pHFC.1_DimR1finO/pHFC.1_DimR1finO_out.csv
    jobid: 13
    reason: Missing output files: results/parameter_sweeps/pHFC.1_DimR1finO/pHFC.1_DimR1finO_out.csv
    wildcards: psweep=pHFC.1_DimR1finO
    threads: 5
    resources: tmpdir=/var/folders/dw/d0fxdqy942jc3trrhg2gvbnm0000gn/T

RuleException:
CalledProcessError in file "/Users/liz/Documents/UW_Bio_PhD/Kerr_Lab/Plasmid_evolution/PETRI/Snakefile", line 127:
Command 'set -euo pipefail;  
    Rscript src/simrun_psweep.R       --psweepsetting pHFC.1_DimR1finO       --threads 5' returned non-zero exit status 1.
[Fri Jan 30 15:44:29 2026]
Error in rule psweep_sims:
    message: None
    jobid: 13
    input: src/simrun_psweep.R, input_data/Treatments_parameter_sweep.csv
    output: results/parameter_sweeps/pHFC.1_DimR1finO/pHFC.1_DimR1finO_out.csv
    shell:
        
    Rscript src/simrun_psweep.R       --psweepsetting pHFC.1_DimR1finO       --threads 5
    
        (command exited with non-zero exit code)
Shutting down, this might take some time.
Exiting because a job execution failed. Look below for error messages
[Fri Jan 30 15:44:29 2026]
Error in rule psweep_sims:
    message: None
    jobid: 13
    input: src/simrun_psweep.R, input_data/Treatments_parameter_sweep.csv
    output: results/parameter_sweeps/pHFC.1_DimR1finO/pHFC.1_DimR1finO_out.csv
    shell:
        
    Rscript src/simrun_psweep.R       --psweepsetting pHFC.1_DimR1finO       --threads 5
    
        (command exited with non-zero exit code)
Complete log(s): /Users/liz/Documents/UW_Bio_PhD/Kerr_Lab/Plasmid_evolution/PETRI/.snakemake/log/2026-01-30T154421.520165.snakemake.log
WorkflowError:
At least one job did not complete successfully.
